[0.194s] DEBUG:colcon:Command line arguments: ['/usr/bin/colcon', 'build']
[0.194s] DEBUG:colcon:Parsed command line arguments: Namespace(log_base=None, log_level=None, verb_name='build', build_base='build', install_base='install', merge_install=False, symlink_install=False, test_result_base=None, continue_on_error=False, executor='parallel', parallel_workers=8, event_handlers=None, ignore_user_meta=False, metas=['./colcon.meta'], base_paths=['.'], packages_ignore=None, packages_ignore_regex=None, paths=None, packages_up_to=None, packages_up_to_regex=None, packages_above=None, packages_above_and_dependencies=None, packages_above_depth=None, packages_select_by_dep=None, packages_skip_by_dep=None, packages_skip_up_to=None, packages_select_build_failed=False, packages_skip_build_finished=False, packages_select_test_failures=False, packages_skip_test_passed=False, packages_select=None, packages_skip=None, packages_select_regex=None, packages_skip_regex=None, packages_start=None, packages_end=None, allow_overriding=[], cmake_args=None, cmake_target=None, cmake_target_skip_unavailable=False, cmake_clean_cache=False, cmake_clean_first=False, cmake_force_configure=False, ament_cmake_args=None, catkin_cmake_args=None, catkin_skip_building_tests=False, mixin_files=None, mixin=None, verb_parser=<colcon_mixin.mixin.mixin_argument.MixinArgumentDecorator object at 0x7c413e74b5b0>, verb_extension=<colcon_core.verb.build.BuildVerb object at 0x7c413e74afe0>, main=<bound method BuildVerb.main of <colcon_core.verb.build.BuildVerb object at 0x7c413e74afe0>>, mixin_verb=('build',))
[0.490s] Level 1:colcon.colcon_core.package_discovery:discover_packages(colcon_meta) check parameters
[0.490s] Level 1:colcon.colcon_core.package_discovery:discover_packages(recursive) check parameters
[0.490s] Level 1:colcon.colcon_core.package_discovery:discover_packages(ignore) check parameters
[0.490s] Level 1:colcon.colcon_core.package_discovery:discover_packages(path) check parameters
[0.490s] Level 1:colcon.colcon_core.package_discovery:discover_packages(colcon_meta) discover
[0.490s] Level 1:colcon.colcon_core.package_discovery:discover_packages(recursive) discover
[0.490s] INFO:colcon.colcon_core.package_discovery:Crawling recursively for packages in '/home/badri/ros2_ws'
[0.490s] Level 1:colcon.colcon_core.package_identification:_identify(.) by extensions ['ignore', 'ignore_ament_install']
[0.490s] Level 1:colcon.colcon_core.package_identification:_identify(.) by extension 'ignore'
[0.490s] Level 1:colcon.colcon_core.package_identification:_identify(.) by extension 'ignore_ament_install'
[0.491s] Level 1:colcon.colcon_core.package_identification:_identify(.) by extensions ['colcon_pkg']
[0.491s] Level 1:colcon.colcon_core.package_identification:_identify(.) by extension 'colcon_pkg'
[0.491s] Level 1:colcon.colcon_core.package_identification:_identify(.) by extensions ['colcon_meta']
[0.491s] Level 1:colcon.colcon_core.package_identification:_identify(.) by extension 'colcon_meta'
[0.491s] Level 1:colcon.colcon_core.package_identification:_identify(.) by extensions ['ros']
[0.491s] Level 1:colcon.colcon_core.package_identification:_identify(.) by extension 'ros'
[0.509s] Level 1:colcon.colcon_core.package_identification:_identify(.) by extensions ['cmake', 'python']
[0.509s] Level 1:colcon.colcon_core.package_identification:_identify(.) by extension 'cmake'
[0.509s] Level 1:colcon.colcon_core.package_identification:_identify(.) by extension 'python'
[0.509s] Level 1:colcon.colcon_core.package_identification:_identify(.) by extensions ['python_setup_py']
[0.509s] Level 1:colcon.colcon_core.package_identification:_identify(.) by extension 'python_setup_py'
[0.509s] Level 1:colcon.colcon_core.package_identification:_identify(build) by extensions ['ignore', 'ignore_ament_install']
[0.509s] Level 1:colcon.colcon_core.package_identification:_identify(build) by extension 'ignore'
[0.509s] Level 1:colcon.colcon_core.package_identification:_identify(build) ignored
[0.510s] Level 1:colcon.colcon_core.package_identification:_identify(install) by extensions ['ignore', 'ignore_ament_install']
[0.510s] Level 1:colcon.colcon_core.package_identification:_identify(install) by extension 'ignore'
[0.510s] Level 1:colcon.colcon_core.package_identification:_identify(install) ignored
[0.510s] Level 1:colcon.colcon_core.package_identification:_identify(log) by extensions ['ignore', 'ignore_ament_install']
[0.510s] Level 1:colcon.colcon_core.package_identification:_identify(log) by extension 'ignore'
[0.510s] Level 1:colcon.colcon_core.package_identification:_identify(log) ignored
[0.510s] Level 1:colcon.colcon_core.package_identification:_identify(src) by extensions ['ignore', 'ignore_ament_install']
[0.510s] Level 1:colcon.colcon_core.package_identification:_identify(src) by extension 'ignore'
[0.511s] Level 1:colcon.colcon_core.package_identification:_identify(src) by extension 'ignore_ament_install'
[0.511s] Level 1:colcon.colcon_core.package_identification:_identify(src) by extensions ['colcon_pkg']
[0.511s] Level 1:colcon.colcon_core.package_identification:_identify(src) by extension 'colcon_pkg'
[0.511s] Level 1:colcon.colcon_core.package_identification:_identify(src) by extensions ['colcon_meta']
[0.511s] Level 1:colcon.colcon_core.package_identification:_identify(src) by extension 'colcon_meta'
[0.511s] Level 1:colcon.colcon_core.package_identification:_identify(src) by extensions ['ros']
[0.511s] Level 1:colcon.colcon_core.package_identification:_identify(src) by extension 'ros'
[0.511s] Level 1:colcon.colcon_core.package_identification:_identify(src) by extensions ['cmake', 'python']
[0.511s] Level 1:colcon.colcon_core.package_identification:_identify(src) by extension 'cmake'
[0.511s] Level 1:colcon.colcon_core.package_identification:_identify(src) by extension 'python'
[0.511s] Level 1:colcon.colcon_core.package_identification:_identify(src) by extensions ['python_setup_py']
[0.511s] Level 1:colcon.colcon_core.package_identification:_identify(src) by extension 'python_setup_py'
[0.511s] Level 1:colcon.colcon_core.package_identification:_identify(src/casadi_mpc) by extensions ['ignore', 'ignore_ament_install']
[0.511s] Level 1:colcon.colcon_core.package_identification:_identify(src/casadi_mpc) by extension 'ignore'
[0.511s] Level 1:colcon.colcon_core.package_identification:_identify(src/casadi_mpc) by extension 'ignore_ament_install'
[0.512s] Level 1:colcon.colcon_core.package_identification:_identify(src/casadi_mpc) by extensions ['colcon_pkg']
[0.512s] Level 1:colcon.colcon_core.package_identification:_identify(src/casadi_mpc) by extension 'colcon_pkg'
[0.512s] Level 1:colcon.colcon_core.package_identification:_identify(src/casadi_mpc) by extensions ['colcon_meta']
[0.512s] Level 1:colcon.colcon_core.package_identification:_identify(src/casadi_mpc) by extension 'colcon_meta'
[0.512s] Level 1:colcon.colcon_core.package_identification:_identify(src/casadi_mpc) by extensions ['ros']
[0.512s] Level 1:colcon.colcon_core.package_identification:_identify(src/casadi_mpc) by extension 'ros'
[0.515s] DEBUG:colcon.colcon_core.package_identification:Package 'src/casadi_mpc' with type 'ros.ament_python' and name 'casadi_mpc'
[0.516s] Level 1:colcon.colcon_core.package_identification:_identify(src/gain_sch) by extensions ['ignore', 'ignore_ament_install']
[0.516s] Level 1:colcon.colcon_core.package_identification:_identify(src/gain_sch) by extension 'ignore'
[0.516s] Level 1:colcon.colcon_core.package_identification:_identify(src/gain_sch) by extension 'ignore_ament_install'
[0.516s] Level 1:colcon.colcon_core.package_identification:_identify(src/gain_sch) by extensions ['colcon_pkg']
[0.516s] Level 1:colcon.colcon_core.package_identification:_identify(src/gain_sch) by extension 'colcon_pkg'
[0.516s] Level 1:colcon.colcon_core.package_identification:_identify(src/gain_sch) by extensions ['colcon_meta']
[0.516s] Level 1:colcon.colcon_core.package_identification:_identify(src/gain_sch) by extension 'colcon_meta'
[0.516s] Level 1:colcon.colcon_core.package_identification:_identify(src/gain_sch) by extensions ['ros']
[0.516s] Level 1:colcon.colcon_core.package_identification:_identify(src/gain_sch) by extension 'ros'
[0.517s] DEBUG:colcon.colcon_core.package_identification:Package 'src/gain_sch' with type 'ros.ament_cmake' and name 'gain_sch'
[0.517s] Level 1:colcon.colcon_core.package_identification:_identify(src/tb3_robot) by extensions ['ignore', 'ignore_ament_install']
[0.517s] Level 1:colcon.colcon_core.package_identification:_identify(src/tb3_robot) by extension 'ignore'
[0.518s] Level 1:colcon.colcon_core.package_identification:_identify(src/tb3_robot) by extension 'ignore_ament_install'
[0.518s] Level 1:colcon.colcon_core.package_identification:_identify(src/tb3_robot) by extensions ['colcon_pkg']
[0.518s] Level 1:colcon.colcon_core.package_identification:_identify(src/tb3_robot) by extension 'colcon_pkg'
[0.518s] Level 1:colcon.colcon_core.package_identification:_identify(src/tb3_robot) by extensions ['colcon_meta']
[0.518s] Level 1:colcon.colcon_core.package_identification:_identify(src/tb3_robot) by extension 'colcon_meta'
[0.518s] Level 1:colcon.colcon_core.package_identification:_identify(src/tb3_robot) by extensions ['ros']
[0.518s] Level 1:colcon.colcon_core.package_identification:_identify(src/tb3_robot) by extension 'ros'
[0.520s] DEBUG:colcon.colcon_core.package_identification:Package 'src/tb3_robot' with type 'ros.ament_cmake' and name 'tb3_robot'
[0.520s] Level 1:colcon.colcon_core.package_identification:_identify(src/tb3_robot_bringup) by extensions ['ignore', 'ignore_ament_install']
[0.521s] Level 1:colcon.colcon_core.package_identification:_identify(src/tb3_robot_bringup) by extension 'ignore'
[0.521s] Level 1:colcon.colcon_core.package_identification:_identify(src/tb3_robot_bringup) by extension 'ignore_ament_install'
[0.521s] Level 1:colcon.colcon_core.package_identification:_identify(src/tb3_robot_bringup) by extensions ['colcon_pkg']
[0.521s] Level 1:colcon.colcon_core.package_identification:_identify(src/tb3_robot_bringup) by extension 'colcon_pkg'
[0.521s] Level 1:colcon.colcon_core.package_identification:_identify(src/tb3_robot_bringup) by extensions ['colcon_meta']
[0.521s] Level 1:colcon.colcon_core.package_identification:_identify(src/tb3_robot_bringup) by extension 'colcon_meta'
[0.521s] Level 1:colcon.colcon_core.package_identification:_identify(src/tb3_robot_bringup) by extensions ['ros']
[0.521s] Level 1:colcon.colcon_core.package_identification:_identify(src/tb3_robot_bringup) by extension 'ros'
[0.523s] DEBUG:colcon.colcon_core.package_identification:Package 'src/tb3_robot_bringup' with type 'ros.ament_cmake' and name 'tb3_robot_bringup'
[0.523s] Level 1:colcon.colcon_core.package_discovery:discover_packages(recursive) using defaults
[0.523s] Level 1:colcon.colcon_core.package_discovery:discover_packages(ignore) discover
[0.523s] Level 1:colcon.colcon_core.package_discovery:discover_packages(ignore) using defaults
[0.523s] Level 1:colcon.colcon_core.package_discovery:discover_packages(path) discover
[0.523s] Level 1:colcon.colcon_core.package_discovery:discover_packages(path) using defaults
[0.575s] Level 1:colcon.colcon_core.package_discovery:discover_packages(prefix_path) check parameters
[0.576s] Level 1:colcon.colcon_core.package_discovery:discover_packages(prefix_path) discover
[0.580s] DEBUG:colcon.colcon_installed_package_information.package_discovery:Found 5 installed packages in /home/badri/ros2_ws/install
[0.584s] DEBUG:colcon.colcon_installed_package_information.package_discovery:Found 395 installed packages in /opt/ros/humble
[0.588s] Level 1:colcon.colcon_core.package_discovery:discover_packages(prefix_path) using defaults
[0.668s] Level 5:colcon.colcon_core.verb:set package 'casadi_mpc' build argument 'cmake_args' from command line to 'None'
[0.668s] Level 5:colcon.colcon_core.verb:set package 'casadi_mpc' build argument 'cmake_target' from command line to 'None'
[0.668s] Level 5:colcon.colcon_core.verb:set package 'casadi_mpc' build argument 'cmake_target_skip_unavailable' from command line to 'False'
[0.668s] Level 5:colcon.colcon_core.verb:set package 'casadi_mpc' build argument 'cmake_clean_cache' from command line to 'False'
[0.668s] Level 5:colcon.colcon_core.verb:set package 'casadi_mpc' build argument 'cmake_clean_first' from command line to 'False'
[0.668s] Level 5:colcon.colcon_core.verb:set package 'casadi_mpc' build argument 'cmake_force_configure' from command line to 'False'
[0.668s] Level 5:colcon.colcon_core.verb:set package 'casadi_mpc' build argument 'ament_cmake_args' from command line to 'None'
[0.668s] Level 5:colcon.colcon_core.verb:set package 'casadi_mpc' build argument 'catkin_cmake_args' from command line to 'None'
[0.668s] Level 5:colcon.colcon_core.verb:set package 'casadi_mpc' build argument 'catkin_skip_building_tests' from command line to 'False'
[0.669s] DEBUG:colcon.colcon_core.verb:Building package 'casadi_mpc' with the following arguments: {'ament_cmake_args': None, 'build_base': '/home/badri/ros2_ws/build/casadi_mpc', 'catkin_cmake_args': None, 'catkin_skip_building_tests': False, 'cmake_args': None, 'cmake_clean_cache': False, 'cmake_clean_first': False, 'cmake_force_configure': False, 'cmake_target': None, 'cmake_target_skip_unavailable': False, 'install_base': '/home/badri/ros2_ws/install/casadi_mpc', 'merge_install': False, 'path': '/home/badri/ros2_ws/src/casadi_mpc', 'symlink_install': False, 'test_result_base': None}
[0.669s] Level 5:colcon.colcon_core.verb:set package 'gain_sch' build argument 'cmake_args' from command line to 'None'
[0.669s] Level 5:colcon.colcon_core.verb:set package 'gain_sch' build argument 'cmake_target' from command line to 'None'
[0.669s] Level 5:colcon.colcon_core.verb:set package 'gain_sch' build argument 'cmake_target_skip_unavailable' from command line to 'False'
[0.669s] Level 5:colcon.colcon_core.verb:set package 'gain_sch' build argument 'cmake_clean_cache' from command line to 'False'
[0.669s] Level 5:colcon.colcon_core.verb:set package 'gain_sch' build argument 'cmake_clean_first' from command line to 'False'
[0.670s] Level 5:colcon.colcon_core.verb:set package 'gain_sch' build argument 'cmake_force_configure' from command line to 'False'
[0.670s] Level 5:colcon.colcon_core.verb:set package 'gain_sch' build argument 'ament_cmake_args' from command line to 'None'
[0.670s] Level 5:colcon.colcon_core.verb:set package 'gain_sch' build argument 'catkin_cmake_args' from command line to 'None'
[0.670s] Level 5:colcon.colcon_core.verb:set package 'gain_sch' build argument 'catkin_skip_building_tests' from command line to 'False'
[0.670s] DEBUG:colcon.colcon_core.verb:Building package 'gain_sch' with the following arguments: {'ament_cmake_args': None, 'build_base': '/home/badri/ros2_ws/build/gain_sch', 'catkin_cmake_args': None, 'catkin_skip_building_tests': False, 'cmake_args': None, 'cmake_clean_cache': False, 'cmake_clean_first': False, 'cmake_force_configure': False, 'cmake_target': None, 'cmake_target_skip_unavailable': False, 'install_base': '/home/badri/ros2_ws/install/gain_sch', 'merge_install': False, 'path': '/home/badri/ros2_ws/src/gain_sch', 'symlink_install': False, 'test_result_base': None}
[0.671s] Level 5:colcon.colcon_core.verb:set package 'tb3_robot' build argument 'cmake_args' from command line to 'None'
[0.671s] Level 5:colcon.colcon_core.verb:set package 'tb3_robot' build argument 'cmake_target' from command line to 'None'
[0.671s] Level 5:colcon.colcon_core.verb:set package 'tb3_robot' build argument 'cmake_target_skip_unavailable' from command line to 'False'
[0.671s] Level 5:colcon.colcon_core.verb:set package 'tb3_robot' build argument 'cmake_clean_cache' from command line to 'False'
[0.671s] Level 5:colcon.colcon_core.verb:set package 'tb3_robot' build argument 'cmake_clean_first' from command line to 'False'
[0.671s] Level 5:colcon.colcon_core.verb:set package 'tb3_robot' build argument 'cmake_force_configure' from command line to 'False'
[0.671s] Level 5:colcon.colcon_core.verb:set package 'tb3_robot' build argument 'ament_cmake_args' from command line to 'None'
[0.671s] Level 5:colcon.colcon_core.verb:set package 'tb3_robot' build argument 'catkin_cmake_args' from command line to 'None'
[0.671s] Level 5:colcon.colcon_core.verb:set package 'tb3_robot' build argument 'catkin_skip_building_tests' from command line to 'False'
[0.671s] DEBUG:colcon.colcon_core.verb:Building package 'tb3_robot' with the following arguments: {'ament_cmake_args': None, 'build_base': '/home/badri/ros2_ws/build/tb3_robot', 'catkin_cmake_args': None, 'catkin_skip_building_tests': False, 'cmake_args': None, 'cmake_clean_cache': False, 'cmake_clean_first': False, 'cmake_force_configure': False, 'cmake_target': None, 'cmake_target_skip_unavailable': False, 'install_base': '/home/badri/ros2_ws/install/tb3_robot', 'merge_install': False, 'path': '/home/badri/ros2_ws/src/tb3_robot', 'symlink_install': False, 'test_result_base': None}
[0.672s] Level 5:colcon.colcon_core.verb:set package 'tb3_robot_bringup' build argument 'cmake_args' from command line to 'None'
[0.672s] Level 5:colcon.colcon_core.verb:set package 'tb3_robot_bringup' build argument 'cmake_target' from command line to 'None'
[0.672s] Level 5:colcon.colcon_core.verb:set package 'tb3_robot_bringup' build argument 'cmake_target_skip_unavailable' from command line to 'False'
[0.672s] Level 5:colcon.colcon_core.verb:set package 'tb3_robot_bringup' build argument 'cmake_clean_cache' from command line to 'False'
[0.672s] Level 5:colcon.colcon_core.verb:set package 'tb3_robot_bringup' build argument 'cmake_clean_first' from command line to 'False'
[0.672s] Level 5:colcon.colcon_core.verb:set package 'tb3_robot_bringup' build argument 'cmake_force_configure' from command line to 'False'
[0.672s] Level 5:colcon.colcon_core.verb:set package 'tb3_robot_bringup' build argument 'ament_cmake_args' from command line to 'None'
[0.672s] Level 5:colcon.colcon_core.verb:set package 'tb3_robot_bringup' build argument 'catkin_cmake_args' from command line to 'None'
[0.672s] Level 5:colcon.colcon_core.verb:set package 'tb3_robot_bringup' build argument 'catkin_skip_building_tests' from command line to 'False'
[0.672s] DEBUG:colcon.colcon_core.verb:Building package 'tb3_robot_bringup' with the following arguments: {'ament_cmake_args': None, 'build_base': '/home/badri/ros2_ws/build/tb3_robot_bringup', 'catkin_cmake_args': None, 'catkin_skip_building_tests': False, 'cmake_args': None, 'cmake_clean_cache': False, 'cmake_clean_first': False, 'cmake_force_configure': False, 'cmake_target': None, 'cmake_target_skip_unavailable': False, 'install_base': '/home/badri/ros2_ws/install/tb3_robot_bringup', 'merge_install': False, 'path': '/home/badri/ros2_ws/src/tb3_robot_bringup', 'symlink_install': False, 'test_result_base': None}
[0.673s] INFO:colcon.colcon_core.executor:Executing jobs using 'parallel' executor
[0.674s] DEBUG:colcon.colcon_parallel_executor.executor.parallel:run_until_complete
[0.674s] INFO:colcon.colcon_ros.task.ament_python.build:Building ROS package in '/home/badri/ros2_ws/src/casadi_mpc' with build type 'ament_python'
[0.674s] Level 1:colcon.colcon_core.shell:create_environment_hook('casadi_mpc', 'ament_prefix_path')
[0.677s] INFO:colcon.colcon_core.plugin_system:Skipping extension 'colcon_core.shell.bat': Not used on non-Windows systems
[0.678s] INFO:colcon.colcon_core.shell:Creating environment hook '/home/badri/ros2_ws/install/casadi_mpc/share/casadi_mpc/hook/ament_prefix_path.ps1'
[0.679s] INFO:colcon.colcon_core.shell:Creating environment descriptor '/home/badri/ros2_ws/install/casadi_mpc/share/casadi_mpc/hook/ament_prefix_path.dsv'
[0.679s] INFO:colcon.colcon_core.shell:Creating environment hook '/home/badri/ros2_ws/install/casadi_mpc/share/casadi_mpc/hook/ament_prefix_path.sh'
[0.680s] INFO:colcon.colcon_core.shell:Skip shell extension 'powershell' for command environment: Not usable outside of PowerShell
[0.680s] DEBUG:colcon.colcon_core.shell:Skip shell extension 'dsv' for command environment
[0.688s] INFO:colcon.colcon_ros.task.ament_cmake.build:Building ROS package in '/home/badri/ros2_ws/src/gain_sch' with build type 'ament_cmake'
[0.688s] INFO:colcon.colcon_cmake.task.cmake.build:Building CMake package in '/home/badri/ros2_ws/src/gain_sch'
[0.688s] INFO:colcon.colcon_core.shell:Skip shell extension 'powershell' for command environment: Not usable outside of PowerShell
[0.689s] DEBUG:colcon.colcon_core.shell:Skip shell extension 'dsv' for command environment
[0.694s] INFO:colcon.colcon_ros.task.ament_cmake.build:Building ROS package in '/home/badri/ros2_ws/src/tb3_robot' with build type 'ament_cmake'
[0.694s] INFO:colcon.colcon_cmake.task.cmake.build:Building CMake package in '/home/badri/ros2_ws/src/tb3_robot'
[0.695s] INFO:colcon.colcon_core.shell:Skip shell extension 'powershell' for command environment: Not usable outside of PowerShell
[0.695s] DEBUG:colcon.colcon_core.shell:Skip shell extension 'dsv' for command environment
[0.701s] INFO:colcon.colcon_ros.task.ament_cmake.build:Building ROS package in '/home/badri/ros2_ws/src/tb3_robot_bringup' with build type 'ament_cmake'
[0.702s] INFO:colcon.colcon_cmake.task.cmake.build:Building CMake package in '/home/badri/ros2_ws/src/tb3_robot_bringup'
[0.702s] INFO:colcon.colcon_core.shell:Skip shell extension 'powershell' for command environment: Not usable outside of PowerShell
[0.702s] DEBUG:colcon.colcon_core.shell:Skip shell extension 'dsv' for command environment
[1.183s] INFO:colcon.colcon_core.task.python.build:Building Python package in '/home/badri/ros2_ws/src/casadi_mpc'
[1.183s] INFO:colcon.colcon_core.shell:Skip shell extension 'powershell' for command environment: Not usable outside of PowerShell
[1.184s] DEBUG:colcon.colcon_core.shell:Skip shell extension 'dsv' for command environment
[1.194s] DEBUG:colcon.colcon_core.event_handler.log_command:Invoking command in '/home/badri/ros2_ws/build/gain_sch': CMAKE_PREFIX_PATH=${CMAKE_PREFIX_PATH}:/home/badri/ros2_ws/install/casadi_mpc:/opt/ros/humble /usr/bin/cmake --build /home/badri/ros2_ws/build/gain_sch -- -j8 -l8
[1.202s] DEBUG:colcon.colcon_core.event_handler.log_command:Invoking command in '/home/badri/ros2_ws/build/tb3_robot': CMAKE_PREFIX_PATH=${CMAKE_PREFIX_PATH}:/home/badri/ros2_ws/install/casadi_mpc:/opt/ros/humble /usr/bin/cmake --build /home/badri/ros2_ws/build/tb3_robot -- -j8 -l8
[1.211s] DEBUG:colcon.colcon_core.event_handler.log_command:Invoking command in '/home/badri/ros2_ws/build/tb3_robot_bringup': CMAKE_PREFIX_PATH=${CMAKE_PREFIX_PATH}:/home/badri/ros2_ws/install/casadi_mpc:/opt/ros/humble /usr/bin/cmake --build /home/badri/ros2_ws/build/tb3_robot_bringup -- -j8 -l8
[1.272s] DEBUG:colcon.colcon_core.event_handler.log_command:Invoked command in '/home/badri/ros2_ws/build/tb3_robot_bringup' returned '0': CMAKE_PREFIX_PATH=${CMAKE_PREFIX_PATH}:/home/badri/ros2_ws/install/casadi_mpc:/opt/ros/humble /usr/bin/cmake --build /home/badri/ros2_ws/build/tb3_robot_bringup -- -j8 -l8
[1.324s] DEBUG:colcon.colcon_core.event_handler.log_command:Invoking command in '/home/badri/ros2_ws/build/tb3_robot_bringup': CMAKE_PREFIX_PATH=${CMAKE_PREFIX_PATH}:/home/badri/ros2_ws/install/casadi_mpc:/opt/ros/humble /usr/bin/cmake --install /home/badri/ros2_ws/build/tb3_robot_bringup
[1.325s] DEBUG:colcon.colcon_core.event_handler.log_command:Invoked command in '/home/badri/ros2_ws/build/tb3_robot' returned '0': CMAKE_PREFIX_PATH=${CMAKE_PREFIX_PATH}:/home/badri/ros2_ws/install/casadi_mpc:/opt/ros/humble /usr/bin/cmake --build /home/badri/ros2_ws/build/tb3_robot -- -j8 -l8
[1.341s] Level 1:colcon.colcon_core.environment:create_environment_scripts_only(tb3_robot_bringup)
[1.342s] DEBUG:colcon.colcon_core.event_handler.log_command:Invoked command in '/home/badri/ros2_ws/build/tb3_robot_bringup' returned '0': CMAKE_PREFIX_PATH=${CMAKE_PREFIX_PATH}:/home/badri/ros2_ws/install/casadi_mpc:/opt/ros/humble /usr/bin/cmake --install /home/badri/ros2_ws/build/tb3_robot_bringup
[1.347s] Level 1:colcon.colcon_core.environment:checking '/home/badri/ros2_ws/install/tb3_robot_bringup' for CMake module files
[1.348s] Level 1:colcon.colcon_core.environment:checking '/home/badri/ros2_ws/install/tb3_robot_bringup' for CMake config files
[1.349s] Level 1:colcon.colcon_core.shell:create_environment_hook('tb3_robot_bringup', 'cmake_prefix_path')
[1.349s] INFO:colcon.colcon_core.shell:Creating environment hook '/home/badri/ros2_ws/install/tb3_robot_bringup/share/tb3_robot_bringup/hook/cmake_prefix_path.ps1'
[1.350s] INFO:colcon.colcon_core.shell:Creating environment descriptor '/home/badri/ros2_ws/install/tb3_robot_bringup/share/tb3_robot_bringup/hook/cmake_prefix_path.dsv'
[1.350s] INFO:colcon.colcon_core.shell:Creating environment hook '/home/badri/ros2_ws/install/tb3_robot_bringup/share/tb3_robot_bringup/hook/cmake_prefix_path.sh'
[1.352s] Level 1:colcon.colcon_core.environment:checking '/home/badri/ros2_ws/install/tb3_robot_bringup/bin'
[1.352s] Level 1:colcon.colcon_core.environment:checking '/home/badri/ros2_ws/install/tb3_robot_bringup/lib/pkgconfig/tb3_robot_bringup.pc'
[1.352s] Level 1:colcon.colcon_core.environment:checking '/home/badri/ros2_ws/install/tb3_robot_bringup/lib/python3.10/site-packages'
[1.353s] Level 1:colcon.colcon_core.environment:checking '/home/badri/ros2_ws/install/tb3_robot_bringup/bin'
[1.353s] INFO:colcon.colcon_core.shell:Creating package script '/home/badri/ros2_ws/install/tb3_robot_bringup/share/tb3_robot_bringup/package.ps1'
[1.355s] INFO:colcon.colcon_core.shell:Creating package descriptor '/home/badri/ros2_ws/install/tb3_robot_bringup/share/tb3_robot_bringup/package.dsv'
[1.356s] INFO:colcon.colcon_core.shell:Creating package script '/home/badri/ros2_ws/install/tb3_robot_bringup/share/tb3_robot_bringup/package.sh'
[1.359s] INFO:colcon.colcon_core.shell:Creating package script '/home/badri/ros2_ws/install/tb3_robot_bringup/share/tb3_robot_bringup/package.bash'
[1.361s] INFO:colcon.colcon_core.shell:Creating package script '/home/badri/ros2_ws/install/tb3_robot_bringup/share/tb3_robot_bringup/package.zsh'
[1.363s] Level 1:colcon.colcon_core.environment:create_file_with_runtime_dependencies(/home/badri/ros2_ws/install/tb3_robot_bringup/share/colcon-core/packages/tb3_robot_bringup)
[1.384s] DEBUG:colcon.colcon_core.event_handler.log_command:Invoking command in '/home/badri/ros2_ws/build/tb3_robot': CMAKE_PREFIX_PATH=${CMAKE_PREFIX_PATH}:/home/badri/ros2_ws/install/casadi_mpc:/opt/ros/humble /usr/bin/cmake --install /home/badri/ros2_ws/build/tb3_robot
[1.401s] Level 1:colcon.colcon_core.environment:create_environment_scripts_only(tb3_robot_bringup)
[1.402s] Level 1:colcon.colcon_core.environment:checking '/home/badri/ros2_ws/install/tb3_robot_bringup' for CMake module files
[1.405s] Level 1:colcon.colcon_core.environment:checking '/home/badri/ros2_ws/install/tb3_robot_bringup' for CMake config files
[1.406s] Level 1:colcon.colcon_core.shell:create_environment_hook('tb3_robot_bringup', 'cmake_prefix_path')
[1.406s] INFO:colcon.colcon_core.shell:Creating environment hook '/home/badri/ros2_ws/install/tb3_robot_bringup/share/tb3_robot_bringup/hook/cmake_prefix_path.ps1'
[1.408s] INFO:colcon.colcon_core.shell:Creating environment descriptor '/home/badri/ros2_ws/install/tb3_robot_bringup/share/tb3_robot_bringup/hook/cmake_prefix_path.dsv'
[1.408s] INFO:colcon.colcon_core.shell:Creating environment hook '/home/badri/ros2_ws/install/tb3_robot_bringup/share/tb3_robot_bringup/hook/cmake_prefix_path.sh'
[1.409s] Level 1:colcon.colcon_core.environment:checking '/home/badri/ros2_ws/install/tb3_robot_bringup/bin'
[1.409s] Level 1:colcon.colcon_core.environment:checking '/home/badri/ros2_ws/install/tb3_robot_bringup/lib/pkgconfig/tb3_robot_bringup.pc'
[1.410s] Level 1:colcon.colcon_core.environment:checking '/home/badri/ros2_ws/install/tb3_robot_bringup/lib/python3.10/site-packages'
[1.410s] Level 1:colcon.colcon_core.environment:checking '/home/badri/ros2_ws/install/tb3_robot_bringup/bin'
[1.411s] INFO:colcon.colcon_core.shell:Creating package script '/home/badri/ros2_ws/install/tb3_robot_bringup/share/tb3_robot_bringup/package.ps1'
[1.412s] INFO:colcon.colcon_core.shell:Creating package descriptor '/home/badri/ros2_ws/install/tb3_robot_bringup/share/tb3_robot_bringup/package.dsv'
[1.413s] INFO:colcon.colcon_core.shell:Creating package script '/home/badri/ros2_ws/install/tb3_robot_bringup/share/tb3_robot_bringup/package.sh'
[1.414s] INFO:colcon.colcon_core.shell:Creating package script '/home/badri/ros2_ws/install/tb3_robot_bringup/share/tb3_robot_bringup/package.bash'
[1.415s] INFO:colcon.colcon_core.shell:Creating package script '/home/badri/ros2_ws/install/tb3_robot_bringup/share/tb3_robot_bringup/package.zsh'
[1.415s] Level 1:colcon.colcon_core.environment:create_file_with_runtime_dependencies(/home/badri/ros2_ws/install/tb3_robot_bringup/share/colcon-core/packages/tb3_robot_bringup)
[1.417s] Level 1:colcon.colcon_core.environment:create_environment_scripts_only(tb3_robot)
[1.418s] Level 1:colcon.colcon_core.environment:checking '/home/badri/ros2_ws/install/tb3_robot' for CMake module files
[1.419s] DEBUG:colcon.colcon_core.event_handler.log_command:Invoked command in '/home/badri/ros2_ws/build/tb3_robot' returned '0': CMAKE_PREFIX_PATH=${CMAKE_PREFIX_PATH}:/home/badri/ros2_ws/install/casadi_mpc:/opt/ros/humble /usr/bin/cmake --install /home/badri/ros2_ws/build/tb3_robot
[1.419s] Level 1:colcon.colcon_core.environment:checking '/home/badri/ros2_ws/install/tb3_robot' for CMake config files
[1.420s] Level 1:colcon.colcon_core.shell:create_environment_hook('tb3_robot', 'cmake_prefix_path')
[1.421s] INFO:colcon.colcon_core.shell:Creating environment hook '/home/badri/ros2_ws/install/tb3_robot/share/tb3_robot/hook/cmake_prefix_path.ps1'
[1.422s] INFO:colcon.colcon_core.shell:Creating environment descriptor '/home/badri/ros2_ws/install/tb3_robot/share/tb3_robot/hook/cmake_prefix_path.dsv'
[1.422s] INFO:colcon.colcon_core.shell:Creating environment hook '/home/badri/ros2_ws/install/tb3_robot/share/tb3_robot/hook/cmake_prefix_path.sh'
[1.423s] Level 1:colcon.colcon_core.environment:checking '/home/badri/ros2_ws/install/tb3_robot/lib'
[1.424s] Level 1:colcon.colcon_core.environment:checking '/home/badri/ros2_ws/install/tb3_robot/bin'
[1.424s] Level 1:colcon.colcon_core.environment:checking '/home/badri/ros2_ws/install/tb3_robot/lib/pkgconfig/tb3_robot.pc'
[1.425s] Level 1:colcon.colcon_core.environment:checking '/home/badri/ros2_ws/install/tb3_robot/lib/python3.10/site-packages'
[1.425s] Level 1:colcon.colcon_core.environment:checking '/home/badri/ros2_ws/install/tb3_robot/bin'
[1.426s] INFO:colcon.colcon_core.shell:Creating package script '/home/badri/ros2_ws/install/tb3_robot/share/tb3_robot/package.ps1'
[1.427s] INFO:colcon.colcon_core.shell:Creating package descriptor '/home/badri/ros2_ws/install/tb3_robot/share/tb3_robot/package.dsv'
[1.427s] INFO:colcon.colcon_core.shell:Creating package script '/home/badri/ros2_ws/install/tb3_robot/share/tb3_robot/package.sh'
[1.428s] INFO:colcon.colcon_core.shell:Creating package script '/home/badri/ros2_ws/install/tb3_robot/share/tb3_robot/package.bash'
[1.429s] INFO:colcon.colcon_core.shell:Creating package script '/home/badri/ros2_ws/install/tb3_robot/share/tb3_robot/package.zsh'
[1.430s] Level 1:colcon.colcon_core.environment:create_file_with_runtime_dependencies(/home/badri/ros2_ws/install/tb3_robot/share/colcon-core/packages/tb3_robot)
[1.481s] Level 1:colcon.colcon_core.environment:create_environment_scripts_only(tb3_robot)
[1.482s] Level 1:colcon.colcon_core.environment:checking '/home/badri/ros2_ws/install/tb3_robot' for CMake module files
[1.483s] Level 1:colcon.colcon_core.environment:checking '/home/badri/ros2_ws/install/tb3_robot' for CMake config files
[1.483s] Level 1:colcon.colcon_core.shell:create_environment_hook('tb3_robot', 'cmake_prefix_path')
[1.484s] INFO:colcon.colcon_core.shell:Creating environment hook '/home/badri/ros2_ws/install/tb3_robot/share/tb3_robot/hook/cmake_prefix_path.ps1'
[1.484s] INFO:colcon.colcon_core.shell:Creating environment descriptor '/home/badri/ros2_ws/install/tb3_robot/share/tb3_robot/hook/cmake_prefix_path.dsv'
[1.485s] INFO:colcon.colcon_core.shell:Creating environment hook '/home/badri/ros2_ws/install/tb3_robot/share/tb3_robot/hook/cmake_prefix_path.sh'
[1.486s] Level 1:colcon.colcon_core.environment:checking '/home/badri/ros2_ws/install/tb3_robot/lib'
[1.486s] Level 1:colcon.colcon_core.environment:checking '/home/badri/ros2_ws/install/tb3_robot/bin'
[1.486s] Level 1:colcon.colcon_core.environment:checking '/home/badri/ros2_ws/install/tb3_robot/lib/pkgconfig/tb3_robot.pc'
[1.487s] Level 1:colcon.colcon_core.environment:checking '/home/badri/ros2_ws/install/tb3_robot/lib/python3.10/site-packages'
[1.487s] Level 1:colcon.colcon_core.environment:checking '/home/badri/ros2_ws/install/tb3_robot/bin'
[1.488s] INFO:colcon.colcon_core.shell:Creating package script '/home/badri/ros2_ws/install/tb3_robot/share/tb3_robot/package.ps1'
[1.489s] INFO:colcon.colcon_core.shell:Creating package descriptor '/home/badri/ros2_ws/install/tb3_robot/share/tb3_robot/package.dsv'
[1.490s] INFO:colcon.colcon_core.shell:Creating package script '/home/badri/ros2_ws/install/tb3_robot/share/tb3_robot/package.sh'
[1.491s] INFO:colcon.colcon_core.shell:Creating package script '/home/badri/ros2_ws/install/tb3_robot/share/tb3_robot/package.bash'
[1.491s] INFO:colcon.colcon_core.shell:Creating package script '/home/badri/ros2_ws/install/tb3_robot/share/tb3_robot/package.zsh'
[1.492s] Level 1:colcon.colcon_core.environment:create_file_with_runtime_dependencies(/home/badri/ros2_ws/install/tb3_robot/share/colcon-core/packages/tb3_robot)
[1.898s] DEBUG:colcon.colcon_core.event_handler.log_command:Invoking command in '/home/badri/ros2_ws/src/casadi_mpc': PYTHONPATH=/home/badri/ros2_ws/build/casadi_mpc/prefix_override:/usr/lib/python3/dist-packages/colcon_core/task/python/colcon_distutils_commands:/home/badri/ros2_ws/install/casadi_mpc/lib/python3.10/site-packages:${PYTHONPATH} /usr/bin/python3 -W ignore:setup.py install is deprecated setup.py egg_info --egg-base ../../build/casadi_mpc build --build-base /home/badri/ros2_ws/build/casadi_mpc/build install --record /home/badri/ros2_ws/build/casadi_mpc/install.log --single-version-externally-managed install_data
[2.458s] Level 1:colcon.colcon_core.environment:checking '/home/badri/ros2_ws/install/casadi_mpc' for CMake module files
[2.459s] DEBUG:colcon.colcon_core.event_handler.log_command:Invoked command in '/home/badri/ros2_ws/src/casadi_mpc' returned '0': PYTHONPATH=/home/badri/ros2_ws/build/casadi_mpc/prefix_override:/usr/lib/python3/dist-packages/colcon_core/task/python/colcon_distutils_commands:/home/badri/ros2_ws/install/casadi_mpc/lib/python3.10/site-packages:${PYTHONPATH} /usr/bin/python3 -W ignore:setup.py install is deprecated setup.py egg_info --egg-base ../../build/casadi_mpc build --build-base /home/badri/ros2_ws/build/casadi_mpc/build install --record /home/badri/ros2_ws/build/casadi_mpc/install.log --single-version-externally-managed install_data
[2.459s] Level 1:colcon.colcon_core.environment:checking '/home/badri/ros2_ws/install/casadi_mpc' for CMake config files
[2.460s] Level 1:colcon.colcon_core.environment:checking '/home/badri/ros2_ws/install/casadi_mpc/lib'
[2.460s] Level 1:colcon.colcon_core.environment:checking '/home/badri/ros2_ws/install/casadi_mpc/bin'
[2.460s] Level 1:colcon.colcon_core.environment:checking '/home/badri/ros2_ws/install/casadi_mpc/lib/pkgconfig/casadi_mpc.pc'
[2.461s] Level 1:colcon.colcon_core.environment:checking '/home/badri/ros2_ws/install/casadi_mpc/lib/python3.10/site-packages'
[2.461s] Level 1:colcon.colcon_core.shell:create_environment_hook('casadi_mpc', 'pythonpath')
[2.461s] INFO:colcon.colcon_core.shell:Creating environment hook '/home/badri/ros2_ws/install/casadi_mpc/share/casadi_mpc/hook/pythonpath.ps1'
[2.462s] INFO:colcon.colcon_core.shell:Creating environment descriptor '/home/badri/ros2_ws/install/casadi_mpc/share/casadi_mpc/hook/pythonpath.dsv'
[2.462s] INFO:colcon.colcon_core.shell:Creating environment hook '/home/badri/ros2_ws/install/casadi_mpc/share/casadi_mpc/hook/pythonpath.sh'
[2.463s] Level 1:colcon.colcon_core.environment:checking '/home/badri/ros2_ws/install/casadi_mpc/bin'
[2.463s] Level 1:colcon.colcon_core.environment:create_environment_scripts_only(casadi_mpc)
[2.464s] INFO:colcon.colcon_core.shell:Creating package script '/home/badri/ros2_ws/install/casadi_mpc/share/casadi_mpc/package.ps1'
[2.465s] INFO:colcon.colcon_core.shell:Creating package descriptor '/home/badri/ros2_ws/install/casadi_mpc/share/casadi_mpc/package.dsv'
[2.466s] INFO:colcon.colcon_core.shell:Creating package script '/home/badri/ros2_ws/install/casadi_mpc/share/casadi_mpc/package.sh'
[2.467s] INFO:colcon.colcon_core.shell:Creating package script '/home/badri/ros2_ws/install/casadi_mpc/share/casadi_mpc/package.bash'
[2.467s] INFO:colcon.colcon_core.shell:Creating package script '/home/badri/ros2_ws/install/casadi_mpc/share/casadi_mpc/package.zsh'
[2.468s] Level 1:colcon.colcon_core.environment:create_file_with_runtime_dependencies(/home/badri/ros2_ws/install/casadi_mpc/share/colcon-core/packages/casadi_mpc)
[14.790s] DEBUG:colcon.colcon_core.event_handler.log_command:Invoked command in '/home/badri/ros2_ws/build/gain_sch' returned '0': CMAKE_PREFIX_PATH=${CMAKE_PREFIX_PATH}:/home/badri/ros2_ws/install/casadi_mpc:/opt/ros/humble /usr/bin/cmake --build /home/badri/ros2_ws/build/gain_sch -- -j8 -l8
[14.906s] DEBUG:colcon.colcon_core.event_handler.log_command:Invoking command in '/home/badri/ros2_ws/build/gain_sch': CMAKE_PREFIX_PATH=${CMAKE_PREFIX_PATH}:/home/badri/ros2_ws/install/casadi_mpc:/opt/ros/humble /usr/bin/cmake --install /home/badri/ros2_ws/build/gain_sch
[14.991s] Level 1:colcon.colcon_core.environment:create_environment_scripts_only(gain_sch)
[14.992s] Level 1:colcon.colcon_core.environment:checking '/home/badri/ros2_ws/install/gain_sch' for CMake module files
[14.996s] DEBUG:colcon.colcon_core.event_handler.log_command:Invoked command in '/home/badri/ros2_ws/build/gain_sch' returned '0': CMAKE_PREFIX_PATH=${CMAKE_PREFIX_PATH}:/home/badri/ros2_ws/install/casadi_mpc:/opt/ros/humble /usr/bin/cmake --install /home/badri/ros2_ws/build/gain_sch
[14.998s] Level 1:colcon.colcon_core.environment:checking '/home/badri/ros2_ws/install/gain_sch' for CMake config files
[14.999s] Level 1:colcon.colcon_core.shell:create_environment_hook('gain_sch', 'cmake_prefix_path')
[15.001s] INFO:colcon.colcon_core.shell:Creating environment hook '/home/badri/ros2_ws/install/gain_sch/share/gain_sch/hook/cmake_prefix_path.ps1'
[15.004s] INFO:colcon.colcon_core.shell:Creating environment descriptor '/home/badri/ros2_ws/install/gain_sch/share/gain_sch/hook/cmake_prefix_path.dsv'
[15.006s] INFO:colcon.colcon_core.shell:Creating environment hook '/home/badri/ros2_ws/install/gain_sch/share/gain_sch/hook/cmake_prefix_path.sh'
[15.009s] Level 1:colcon.colcon_core.environment:checking '/home/badri/ros2_ws/install/gain_sch/lib'
[15.009s] Level 1:colcon.colcon_core.environment:checking '/home/badri/ros2_ws/install/gain_sch/bin'
[15.010s] Level 1:colcon.colcon_core.environment:checking '/home/badri/ros2_ws/install/gain_sch/lib/pkgconfig/gain_sch.pc'
[15.011s] Level 1:colcon.colcon_core.environment:checking '/home/badri/ros2_ws/install/gain_sch/lib/python3.10/site-packages'
[15.013s] Level 1:colcon.colcon_core.environment:checking '/home/badri/ros2_ws/install/gain_sch/bin'
[15.014s] INFO:colcon.colcon_core.shell:Creating package script '/home/badri/ros2_ws/install/gain_sch/share/gain_sch/package.ps1'
[15.017s] INFO:colcon.colcon_core.shell:Creating package descriptor '/home/badri/ros2_ws/install/gain_sch/share/gain_sch/package.dsv'
[15.020s] INFO:colcon.colcon_core.shell:Creating package script '/home/badri/ros2_ws/install/gain_sch/share/gain_sch/package.sh'
[15.022s] INFO:colcon.colcon_core.shell:Creating package script '/home/badri/ros2_ws/install/gain_sch/share/gain_sch/package.bash'
[15.025s] INFO:colcon.colcon_core.shell:Creating package script '/home/badri/ros2_ws/install/gain_sch/share/gain_sch/package.zsh'
[15.027s] Level 1:colcon.colcon_core.environment:create_file_with_runtime_dependencies(/home/badri/ros2_ws/install/gain_sch/share/colcon-core/packages/gain_sch)
[15.102s] Level 1:colcon.colcon_core.environment:create_environment_scripts_only(gain_sch)
[15.103s] Level 1:colcon.colcon_core.environment:checking '/home/badri/ros2_ws/install/gain_sch' for CMake module files
[15.103s] Level 1:colcon.colcon_core.environment:checking '/home/badri/ros2_ws/install/gain_sch' for CMake config files
[15.104s] Level 1:colcon.colcon_core.shell:create_environment_hook('gain_sch', 'cmake_prefix_path')
[15.104s] INFO:colcon.colcon_core.shell:Creating environment hook '/home/badri/ros2_ws/install/gain_sch/share/gain_sch/hook/cmake_prefix_path.ps1'
[15.105s] INFO:colcon.colcon_core.shell:Creating environment descriptor '/home/badri/ros2_ws/install/gain_sch/share/gain_sch/hook/cmake_prefix_path.dsv'
[15.106s] INFO:colcon.colcon_core.shell:Creating environment hook '/home/badri/ros2_ws/install/gain_sch/share/gain_sch/hook/cmake_prefix_path.sh'
[15.107s] Level 1:colcon.colcon_core.environment:checking '/home/badri/ros2_ws/install/gain_sch/lib'
[15.107s] Level 1:colcon.colcon_core.environment:checking '/home/badri/ros2_ws/install/gain_sch/bin'
[15.108s] Level 1:colcon.colcon_core.environment:checking '/home/badri/ros2_ws/install/gain_sch/lib/pkgconfig/gain_sch.pc'
[15.108s] Level 1:colcon.colcon_core.environment:checking '/home/badri/ros2_ws/install/gain_sch/lib/python3.10/site-packages'
[15.109s] Level 1:colcon.colcon_core.environment:checking '/home/badri/ros2_ws/install/gain_sch/bin'
[15.109s] INFO:colcon.colcon_core.shell:Creating package script '/home/badri/ros2_ws/install/gain_sch/share/gain_sch/package.ps1'
[15.110s] INFO:colcon.colcon_core.shell:Creating package descriptor '/home/badri/ros2_ws/install/gain_sch/share/gain_sch/package.dsv'
[15.111s] INFO:colcon.colcon_core.shell:Creating package script '/home/badri/ros2_ws/install/gain_sch/share/gain_sch/package.sh'
[15.113s] INFO:colcon.colcon_core.shell:Creating package script '/home/badri/ros2_ws/install/gain_sch/share/gain_sch/package.bash'
[15.113s] INFO:colcon.colcon_core.shell:Creating package script '/home/badri/ros2_ws/install/gain_sch/share/gain_sch/package.zsh'
[15.114s] Level 1:colcon.colcon_core.environment:create_file_with_runtime_dependencies(/home/badri/ros2_ws/install/gain_sch/share/colcon-core/packages/gain_sch)
[15.115s] DEBUG:colcon.colcon_parallel_executor.executor.parallel:closing loop
[15.116s] DEBUG:colcon.colcon_parallel_executor.executor.parallel:loop closed
[15.116s] DEBUG:colcon.colcon_parallel_executor.executor.parallel:run_until_complete finished with '0'
[15.116s] DEBUG:colcon.colcon_core.event_reactor:joining thread
[15.126s] INFO:colcon.colcon_core.plugin_system:Skipping extension 'colcon_notification.desktop_notification.terminal_notifier': Not used on non-Darwin systems
[15.126s] INFO:colcon.colcon_core.plugin_system:Skipping extension 'colcon_notification.desktop_notification.win32': Not used on non-Windows systems
[15.126s] INFO:colcon.colcon_notification.desktop_notification:Sending desktop notification using 'notify2'
[15.149s] DEBUG:colcon.colcon_core.event_reactor:joined thread
[15.150s] INFO:colcon.colcon_core.shell:Creating prefix script '/home/badri/ros2_ws/install/local_setup.ps1'
[15.152s] INFO:colcon.colcon_core.shell:Creating prefix util module '/home/badri/ros2_ws/install/_local_setup_util_ps1.py'
[15.156s] INFO:colcon.colcon_core.shell:Creating prefix chain script '/home/badri/ros2_ws/install/setup.ps1'
[15.158s] INFO:colcon.colcon_core.shell:Creating prefix script '/home/badri/ros2_ws/install/local_setup.sh'
[15.160s] INFO:colcon.colcon_core.shell:Creating prefix util module '/home/badri/ros2_ws/install/_local_setup_util_sh.py'
[15.161s] INFO:colcon.colcon_core.shell:Creating prefix chain script '/home/badri/ros2_ws/install/setup.sh'
[15.164s] INFO:colcon.colcon_core.shell:Creating prefix script '/home/badri/ros2_ws/install/local_setup.bash'
[15.165s] INFO:colcon.colcon_core.shell:Creating prefix chain script '/home/badri/ros2_ws/install/setup.bash'
[15.168s] INFO:colcon.colcon_core.shell:Creating prefix script '/home/badri/ros2_ws/install/local_setup.zsh'
[15.169s] INFO:colcon.colcon_core.shell:Creating prefix chain script '/home/badri/ros2_ws/install/setup.zsh'
