[35m[1mConsolidate compiler generated dependencies of target binary_search[0m
[ 50%] Built target gain_schedulling
[ 75%] [32mBuilding CXX object CMakeFiles/binary_search.dir/src/binary_search.cpp.o[0m
[100%] [32m[1mLinking CXX executable binary_search[0m
[100%] Built target binary_search
-- Install configuration: ""
-- Up-to-date: /home/badri/ros2_ws/install/gain_sch/lib/gain_sch/gain_schedulling
-- Installing: /home/badri/ros2_ws/install/gain_sch/lib/gain_sch/binary_search
-- Set runtime path of "/home/badri/ros2_ws/install/gain_sch/lib/gain_sch/binary_search" to ""
-- Up-to-date: /home/badri/ros2_ws/install/gain_sch/share/ament_index/resource_index/package_run_dependencies/gain_sch
-- Up-to-date: /home/badri/ros2_ws/install/gain_sch/share/ament_index/resource_index/parent_prefix_path/gain_sch
-- Up-to-date: /home/badri/ros2_ws/install/gain_sch/share/gain_sch/environment/ament_prefix_path.sh
-- Up-to-date: /home/badri/ros2_ws/install/gain_sch/share/gain_sch/environment/ament_prefix_path.dsv
-- Up-to-date: /home/badri/ros2_ws/install/gain_sch/share/gain_sch/environment/path.sh
-- Up-to-date: /home/badri/ros2_ws/install/gain_sch/share/gain_sch/environment/path.dsv
-- Up-to-date: /home/badri/ros2_ws/install/gain_sch/share/gain_sch/local_setup.bash
-- Up-to-date: /home/badri/ros2_ws/install/gain_sch/share/gain_sch/local_setup.sh
-- Up-to-date: /home/badri/ros2_ws/install/gain_sch/share/gain_sch/local_setup.zsh
-- Up-to-date: /home/badri/ros2_ws/install/gain_sch/share/gain_sch/local_setup.dsv
-- Installing: /home/badri/ros2_ws/install/gain_sch/share/gain_sch/package.dsv
-- Up-to-date: /home/badri/ros2_ws/install/gain_sch/share/ament_index/resource_index/packages/gain_sch
-- Up-to-date: /home/badri/ros2_ws/install/gain_sch/share/gain_sch/cmake/gain_schConfig.cmake
-- Up-to-date: /home/badri/ros2_ws/install/gain_sch/share/gain_sch/cmake/gain_schConfig-version.cmake
-- Up-to-date: /home/badri/ros2_ws/install/gain_sch/share/gain_sch/package.xml
