[0.138s] DEBUG:colcon:Command line arguments: ['/usr/bin/colcon', 'build', '--packages-select', 'mpc_package']
[0.138s] DEBUG:colcon:Parsed command line arguments: Namespace(log_base=None, log_level=None, verb_name='build', build_base='build', install_base='install', merge_install=False, symlink_install=False, test_result_base=None, continue_on_error=False, executor='parallel', parallel_workers=8, event_handlers=None, ignore_user_meta=False, metas=['./colcon.meta'], base_paths=['.'], packages_ignore=None, packages_ignore_regex=None, paths=None, packages_up_to=None, packages_up_to_regex=None, packages_above=None, packages_above_and_dependencies=None, packages_above_depth=None, packages_select_by_dep=None, packages_skip_by_dep=None, packages_skip_up_to=None, packages_select_build_failed=False, packages_skip_build_finished=False, packages_select_test_failures=False, packages_skip_test_passed=False, packages_select=['mpc_package'], packages_skip=None, packages_select_regex=None, packages_skip_regex=None, packages_start=None, packages_end=None, allow_overriding=[], cmake_args=None, cmake_target=None, cmake_target_skip_unavailable=False, cmake_clean_cache=False, cmake_clean_first=False, cmake_force_configure=False, ament_cmake_args=None, catkin_cmake_args=None, catkin_skip_building_tests=False, mixin_files=None, mixin=None, verb_parser=<colcon_mixin.mixin.mixin_argument.MixinArgumentDecorator object at 0x76b7f7c532e0>, verb_extension=<colcon_core.verb.build.BuildVerb object at 0x76b7f7c52d10>, main=<bound method BuildVerb.main of <colcon_core.verb.build.BuildVerb object at 0x76b7f7c52d10>>, mixin_verb=('build',))
[0.375s] Level 1:colcon.colcon_core.package_discovery:discover_packages(colcon_meta) check parameters
[0.375s] Level 1:colcon.colcon_core.package_discovery:discover_packages(recursive) check parameters
[0.375s] Level 1:colcon.colcon_core.package_discovery:discover_packages(ignore) check parameters
[0.375s] Level 1:colcon.colcon_core.package_discovery:discover_packages(path) check parameters
[0.375s] Level 1:colcon.colcon_core.package_discovery:discover_packages(colcon_meta) discover
[0.375s] Level 1:colcon.colcon_core.package_discovery:discover_packages(recursive) discover
[0.375s] INFO:colcon.colcon_core.package_discovery:Crawling recursively for packages in '/home/badri/ros2_ws'
[0.376s] Level 1:colcon.colcon_core.package_identification:_identify(.) by extensions ['ignore', 'ignore_ament_install']
[0.376s] Level 1:colcon.colcon_core.package_identification:_identify(.) by extension 'ignore'
[0.376s] Level 1:colcon.colcon_core.package_identification:_identify(.) by extension 'ignore_ament_install'
[0.376s] Level 1:colcon.colcon_core.package_identification:_identify(.) by extensions ['colcon_pkg']
[0.376s] Level 1:colcon.colcon_core.package_identification:_identify(.) by extension 'colcon_pkg'
[0.376s] Level 1:colcon.colcon_core.package_identification:_identify(.) by extensions ['colcon_meta']
[0.376s] Level 1:colcon.colcon_core.package_identification:_identify(.) by extension 'colcon_meta'
[0.376s] Level 1:colcon.colcon_core.package_identification:_identify(.) by extensions ['ros']
[0.376s] Level 1:colcon.colcon_core.package_identification:_identify(.) by extension 'ros'
[0.392s] Level 1:colcon.colcon_core.package_identification:_identify(.) by extensions ['cmake', 'python']
[0.392s] Level 1:colcon.colcon_core.package_identification:_identify(.) by extension 'cmake'
[0.392s] Level 1:colcon.colcon_core.package_identification:_identify(.) by extension 'python'
[0.392s] Level 1:colcon.colcon_core.package_identification:_identify(.) by extensions ['python_setup_py']
[0.392s] Level 1:colcon.colcon_core.package_identification:_identify(.) by extension 'python_setup_py'
[0.393s] Level 1:colcon.colcon_core.package_identification:_identify(build) by extensions ['ignore', 'ignore_ament_install']
[0.393s] Level 1:colcon.colcon_core.package_identification:_identify(build) by extension 'ignore'
[0.393s] Level 1:colcon.colcon_core.package_identification:_identify(build) ignored
[0.393s] Level 1:colcon.colcon_core.package_identification:_identify(install) by extensions ['ignore', 'ignore_ament_install']
[0.393s] Level 1:colcon.colcon_core.package_identification:_identify(install) by extension 'ignore'
[0.393s] Level 1:colcon.colcon_core.package_identification:_identify(install) ignored
[0.393s] Level 1:colcon.colcon_core.package_identification:_identify(log) by extensions ['ignore', 'ignore_ament_install']
[0.393s] Level 1:colcon.colcon_core.package_identification:_identify(log) by extension 'ignore'
[0.393s] Level 1:colcon.colcon_core.package_identification:_identify(log) ignored
[0.394s] Level 1:colcon.colcon_core.package_identification:_identify(src) by extensions ['ignore', 'ignore_ament_install']
[0.394s] Level 1:colcon.colcon_core.package_identification:_identify(src) by extension 'ignore'
[0.394s] Level 1:colcon.colcon_core.package_identification:_identify(src) by extension 'ignore_ament_install'
[0.394s] Level 1:colcon.colcon_core.package_identification:_identify(src) by extensions ['colcon_pkg']
[0.394s] Level 1:colcon.colcon_core.package_identification:_identify(src) by extension 'colcon_pkg'
[0.394s] Level 1:colcon.colcon_core.package_identification:_identify(src) by extensions ['colcon_meta']
[0.394s] Level 1:colcon.colcon_core.package_identification:_identify(src) by extension 'colcon_meta'
[0.394s] Level 1:colcon.colcon_core.package_identification:_identify(src) by extensions ['ros']
[0.394s] Level 1:colcon.colcon_core.package_identification:_identify(src) by extension 'ros'
[0.394s] Level 1:colcon.colcon_core.package_identification:_identify(src) by extensions ['cmake', 'python']
[0.394s] Level 1:colcon.colcon_core.package_identification:_identify(src) by extension 'cmake'
[0.394s] Level 1:colcon.colcon_core.package_identification:_identify(src) by extension 'python'
[0.394s] Level 1:colcon.colcon_core.package_identification:_identify(src) by extensions ['python_setup_py']
[0.394s] Level 1:colcon.colcon_core.package_identification:_identify(src) by extension 'python_setup_py'
[0.395s] Level 1:colcon.colcon_core.package_identification:_identify(src/mpc_package) by extensions ['ignore', 'ignore_ament_install']
[0.395s] Level 1:colcon.colcon_core.package_identification:_identify(src/mpc_package) by extension 'ignore'
[0.395s] Level 1:colcon.colcon_core.package_identification:_identify(src/mpc_package) by extension 'ignore_ament_install'
[0.395s] Level 1:colcon.colcon_core.package_identification:_identify(src/mpc_package) by extensions ['colcon_pkg']
[0.395s] Level 1:colcon.colcon_core.package_identification:_identify(src/mpc_package) by extension 'colcon_pkg'
[0.395s] Level 1:colcon.colcon_core.package_identification:_identify(src/mpc_package) by extensions ['colcon_meta']
[0.395s] Level 1:colcon.colcon_core.package_identification:_identify(src/mpc_package) by extension 'colcon_meta'
[0.395s] Level 1:colcon.colcon_core.package_identification:_identify(src/mpc_package) by extensions ['ros']
[0.395s] Level 1:colcon.colcon_core.package_identification:_identify(src/mpc_package) by extension 'ros'
[0.399s] DEBUG:colcon.colcon_core.package_identification:Package 'src/mpc_package' with type 'ros.ament_cmake' and name 'mpc_package'
[0.399s] Level 1:colcon.colcon_core.package_identification:_identify(src/tb3_robot) by extensions ['ignore', 'ignore_ament_install']
[0.399s] Level 1:colcon.colcon_core.package_identification:_identify(src/tb3_robot) by extension 'ignore'
[0.399s] Level 1:colcon.colcon_core.package_identification:_identify(src/tb3_robot) by extension 'ignore_ament_install'
[0.399s] Level 1:colcon.colcon_core.package_identification:_identify(src/tb3_robot) by extensions ['colcon_pkg']
[0.399s] Level 1:colcon.colcon_core.package_identification:_identify(src/tb3_robot) by extension 'colcon_pkg'
[0.399s] Level 1:colcon.colcon_core.package_identification:_identify(src/tb3_robot) by extensions ['colcon_meta']
[0.399s] Level 1:colcon.colcon_core.package_identification:_identify(src/tb3_robot) by extension 'colcon_meta'
[0.399s] Level 1:colcon.colcon_core.package_identification:_identify(src/tb3_robot) by extensions ['ros']
[0.399s] Level 1:colcon.colcon_core.package_identification:_identify(src/tb3_robot) by extension 'ros'
[0.401s] DEBUG:colcon.colcon_core.package_identification:Package 'src/tb3_robot' with type 'ros.ament_cmake' and name 'tb3_robot'
[0.401s] Level 1:colcon.colcon_core.package_identification:_identify(src/tb3_robot_bringup) by extensions ['ignore', 'ignore_ament_install']
[0.401s] Level 1:colcon.colcon_core.package_identification:_identify(src/tb3_robot_bringup) by extension 'ignore'
[0.401s] Level 1:colcon.colcon_core.package_identification:_identify(src/tb3_robot_bringup) by extension 'ignore_ament_install'
[0.401s] Level 1:colcon.colcon_core.package_identification:_identify(src/tb3_robot_bringup) by extensions ['colcon_pkg']
[0.401s] Level 1:colcon.colcon_core.package_identification:_identify(src/tb3_robot_bringup) by extension 'colcon_pkg'
[0.401s] Level 1:colcon.colcon_core.package_identification:_identify(src/tb3_robot_bringup) by extensions ['colcon_meta']
[0.401s] Level 1:colcon.colcon_core.package_identification:_identify(src/tb3_robot_bringup) by extension 'colcon_meta'
[0.401s] Level 1:colcon.colcon_core.package_identification:_identify(src/tb3_robot_bringup) by extensions ['ros']
[0.401s] Level 1:colcon.colcon_core.package_identification:_identify(src/tb3_robot_bringup) by extension 'ros'
[0.402s] DEBUG:colcon.colcon_core.package_identification:Package 'src/tb3_robot_bringup' with type 'ros.ament_cmake' and name 'tb3_robot_bringup'
[0.402s] Level 1:colcon.colcon_core.package_discovery:discover_packages(recursive) using defaults
[0.402s] Level 1:colcon.colcon_core.package_discovery:discover_packages(ignore) discover
[0.402s] Level 1:colcon.colcon_core.package_discovery:discover_packages(ignore) using defaults
[0.402s] Level 1:colcon.colcon_core.package_discovery:discover_packages(path) discover
[0.402s] Level 1:colcon.colcon_core.package_discovery:discover_packages(path) using defaults
[0.445s] INFO:colcon.colcon_core.package_selection:Skipping not selected package 'tb3_robot' in 'src/tb3_robot'
[0.445s] INFO:colcon.colcon_core.package_selection:Skipping not selected package 'tb3_robot_bringup' in 'src/tb3_robot_bringup'
[0.445s] Level 1:colcon.colcon_core.package_discovery:discover_packages(prefix_path) check parameters
[0.445s] Level 1:colcon.colcon_core.package_discovery:discover_packages(prefix_path) discover
[0.448s] DEBUG:colcon.colcon_installed_package_information.package_discovery:Found 3 installed packages in /home/badri/ros2_ws/install
[0.450s] DEBUG:colcon.colcon_installed_package_information.package_discovery:Found 395 installed packages in /opt/ros/humble
[0.453s] Level 1:colcon.colcon_core.package_discovery:discover_packages(prefix_path) using defaults
[0.533s] Level 5:colcon.colcon_core.verb:set package 'mpc_package' build argument 'cmake_args' from command line to 'None'
[0.533s] Level 5:colcon.colcon_core.verb:set package 'mpc_package' build argument 'cmake_target' from command line to 'None'
[0.533s] Level 5:colcon.colcon_core.verb:set package 'mpc_package' build argument 'cmake_target_skip_unavailable' from command line to 'False'
[0.533s] Level 5:colcon.colcon_core.verb:set package 'mpc_package' build argument 'cmake_clean_cache' from command line to 'False'
[0.533s] Level 5:colcon.colcon_core.verb:set package 'mpc_package' build argument 'cmake_clean_first' from command line to 'False'
[0.533s] Level 5:colcon.colcon_core.verb:set package 'mpc_package' build argument 'cmake_force_configure' from command line to 'False'
[0.533s] Level 5:colcon.colcon_core.verb:set package 'mpc_package' build argument 'ament_cmake_args' from command line to 'None'
[0.533s] Level 5:colcon.colcon_core.verb:set package 'mpc_package' build argument 'catkin_cmake_args' from command line to 'None'
[0.533s] Level 5:colcon.colcon_core.verb:set package 'mpc_package' build argument 'catkin_skip_building_tests' from command line to 'False'
[0.533s] DEBUG:colcon.colcon_core.verb:Building package 'mpc_package' with the following arguments: {'ament_cmake_args': None, 'build_base': '/home/badri/ros2_ws/build/mpc_package', 'catkin_cmake_args': None, 'catkin_skip_building_tests': False, 'cmake_args': None, 'cmake_clean_cache': False, 'cmake_clean_first': False, 'cmake_force_configure': False, 'cmake_target': None, 'cmake_target_skip_unavailable': False, 'install_base': '/home/badri/ros2_ws/install/mpc_package', 'merge_install': False, 'path': '/home/badri/ros2_ws/src/mpc_package', 'symlink_install': False, 'test_result_base': None}
[0.534s] INFO:colcon.colcon_core.executor:Executing jobs using 'parallel' executor
[0.535s] DEBUG:colcon.colcon_parallel_executor.executor.parallel:run_until_complete
[0.535s] INFO:colcon.colcon_ros.task.ament_cmake.build:Building ROS package in '/home/badri/ros2_ws/src/mpc_package' with build type 'ament_cmake'
[0.535s] INFO:colcon.colcon_cmake.task.cmake.build:Building CMake package in '/home/badri/ros2_ws/src/mpc_package'
[0.538s] INFO:colcon.colcon_core.plugin_system:Skipping extension 'colcon_core.shell.bat': Not used on non-Windows systems
[0.538s] INFO:colcon.colcon_core.shell:Skip shell extension 'powershell' for command environment: Not usable outside of PowerShell
[0.538s] DEBUG:colcon.colcon_core.shell:Skip shell extension 'dsv' for command environment
[0.552s] DEBUG:colcon.colcon_core.event_handler.log_command:Invoking command in '/home/badri/ros2_ws/build/mpc_package': CMAKE_PREFIX_PATH=${CMAKE_PREFIX_PATH}:/opt/ros/humble /usr/bin/cmake --build /home/badri/ros2_ws/build/mpc_package -- -j8 -l8
[2.602s] DEBUG:colcon.colcon_core.event_handler.log_command:Invoked command in '/home/badri/ros2_ws/build/mpc_package' returned '2': CMAKE_PREFIX_PATH=${CMAKE_PREFIX_PATH}:/opt/ros/humble /usr/bin/cmake --build /home/badri/ros2_ws/build/mpc_package -- -j8 -l8
[2.636s] Level 1:colcon.colcon_core.environment:create_environment_scripts_only(mpc_package)
[2.639s] Level 1:colcon.colcon_core.environment:checking '/home/badri/ros2_ws/install/mpc_package' for CMake module files
[2.639s] Level 1:colcon.colcon_core.environment:checking '/home/badri/ros2_ws/install/mpc_package' for CMake config files
[2.640s] Level 1:colcon.colcon_core.shell:create_environment_hook('mpc_package', 'cmake_prefix_path')
[2.640s] INFO:colcon.colcon_core.shell:Creating environment hook '/home/badri/ros2_ws/install/mpc_package/share/mpc_package/hook/cmake_prefix_path.ps1'
[2.641s] INFO:colcon.colcon_core.shell:Creating environment descriptor '/home/badri/ros2_ws/install/mpc_package/share/mpc_package/hook/cmake_prefix_path.dsv'
[2.642s] INFO:colcon.colcon_core.shell:Creating environment hook '/home/badri/ros2_ws/install/mpc_package/share/mpc_package/hook/cmake_prefix_path.sh'
[2.643s] Level 1:colcon.colcon_core.environment:checking '/home/badri/ros2_ws/install/mpc_package/bin'
[2.644s] Level 1:colcon.colcon_core.environment:checking '/home/badri/ros2_ws/install/mpc_package/lib/pkgconfig/mpc_package.pc'
[2.644s] Level 1:colcon.colcon_core.environment:checking '/home/badri/ros2_ws/install/mpc_package/lib/python3.10/site-packages'
[2.644s] Level 1:colcon.colcon_core.environment:checking '/home/badri/ros2_ws/install/mpc_package/bin'
[2.644s] INFO:colcon.colcon_core.shell:Creating package script '/home/badri/ros2_ws/install/mpc_package/share/mpc_package/package.ps1'
[2.646s] INFO:colcon.colcon_core.shell:Creating package descriptor '/home/badri/ros2_ws/install/mpc_package/share/mpc_package/package.dsv'
[2.646s] INFO:colcon.colcon_core.shell:Creating package script '/home/badri/ros2_ws/install/mpc_package/share/mpc_package/package.sh'
[2.647s] INFO:colcon.colcon_core.shell:Creating package script '/home/badri/ros2_ws/install/mpc_package/share/mpc_package/package.bash'
[2.648s] INFO:colcon.colcon_core.shell:Creating package script '/home/badri/ros2_ws/install/mpc_package/share/mpc_package/package.zsh'
[2.649s] Level 1:colcon.colcon_core.environment:create_file_with_runtime_dependencies(/home/badri/ros2_ws/install/mpc_package/share/colcon-core/packages/mpc_package)
[2.660s] DEBUG:colcon.colcon_parallel_executor.executor.parallel:closing loop
[2.660s] DEBUG:colcon.colcon_parallel_executor.executor.parallel:loop closed
[2.660s] DEBUG:colcon.colcon_parallel_executor.executor.parallel:run_until_complete finished with '2'
[2.660s] DEBUG:colcon.colcon_core.event_reactor:joining thread
[2.670s] INFO:colcon.colcon_core.plugin_system:Skipping extension 'colcon_notification.desktop_notification.terminal_notifier': Not used on non-Darwin systems
[2.670s] INFO:colcon.colcon_core.plugin_system:Skipping extension 'colcon_notification.desktop_notification.win32': Not used on non-Windows systems
[2.670s] INFO:colcon.colcon_notification.desktop_notification:Sending desktop notification using 'notify2'
[2.694s] DEBUG:colcon.colcon_core.event_reactor:joined thread
[2.695s] INFO:colcon.colcon_core.shell:Creating prefix script '/home/badri/ros2_ws/install/local_setup.ps1'
[2.698s] INFO:colcon.colcon_core.shell:Creating prefix util module '/home/badri/ros2_ws/install/_local_setup_util_ps1.py'
[2.704s] INFO:colcon.colcon_core.shell:Creating prefix chain script '/home/badri/ros2_ws/install/setup.ps1'
[2.707s] INFO:colcon.colcon_core.shell:Creating prefix script '/home/badri/ros2_ws/install/local_setup.sh'
[2.709s] INFO:colcon.colcon_core.shell:Creating prefix util module '/home/badri/ros2_ws/install/_local_setup_util_sh.py'
[2.710s] INFO:colcon.colcon_core.shell:Creating prefix chain script '/home/badri/ros2_ws/install/setup.sh'
[2.713s] INFO:colcon.colcon_core.shell:Creating prefix script '/home/badri/ros2_ws/install/local_setup.bash'
[2.714s] INFO:colcon.colcon_core.shell:Creating prefix chain script '/home/badri/ros2_ws/install/setup.bash'
[2.716s] INFO:colcon.colcon_core.shell:Creating prefix script '/home/badri/ros2_ws/install/local_setup.zsh'
[2.717s] INFO:colcon.colcon_core.shell:Creating prefix chain script '/home/badri/ros2_ws/install/setup.zsh'
