/usr/bin/ld: CMakeFiles/mpc_node.dir/src/mpc_node.cpp.o: in function `casadi::GenericType::~GenericType()':
mpc_node.cpp:(.text._ZN6casadi11GenericTypeD2Ev[_ZN6casadi11GenericTypeD5Ev]+0x18): undefined reference to `casadi::SharedObject::~SharedObject()'
/usr/bin/ld: CMakeFiles/mpc_node.dir/src/mpc_node.cpp.o: in function `casadi::Sparsity::~Sparsity()':
mpc_node.cpp:(.text._ZN6casadi8SparsityD2Ev[_ZN6casadi8SparsityD5Ev]+0x18): undefined reference to `casadi::SharedObject::~SharedObject()'
/usr/bin/ld: CMakeFiles/mpc_node.dir/src/mpc_node.cpp.o: in function `MPCControllerNode::MPCControllerNode()':
mpc_node.cpp:(.text._ZN17MPCControllerNodeC2Ev[_ZN17MPCControllerNodeC5Ev]+0x147): undefined reference to `casadi::Matrix<casadi::SXElem>::Matrix()'
/usr/bin/ld: mpc_node.cpp:(.text._ZN17MPCControllerNodeC2Ev[_ZN17MPCControllerNodeC5Ev]+0x15c): undefined reference to `casadi::Matrix<casadi::SXElem>::Matrix()'
/usr/bin/ld: mpc_node.cpp:(.text._ZN17MPCControllerNodeC2Ev[_ZN17MPCControllerNodeC5Ev]+0x171): undefined reference to `casadi::Matrix<casadi::SXElem>::Matrix()'
/usr/bin/ld: mpc_node.cpp:(.text._ZN17MPCControllerNodeC2Ev[_ZN17MPCControllerNodeC5Ev]+0x186): undefined reference to `casadi::Matrix<casadi::SXElem>::Matrix()'
/usr/bin/ld: mpc_node.cpp:(.text._ZN17MPCControllerNodeC2Ev[_ZN17MPCControllerNodeC5Ev]+0x19b): undefined reference to `casadi::Matrix<casadi::SXElem>::Matrix()'
/usr/bin/ld: mpc_node.cpp:(.text._ZN17MPCControllerNodeC2Ev[_ZN17MPCControllerNodeC5Ev]+0x1b0): undefined reference to `casadi::Function::Function()'
/usr/bin/ld: mpc_node.cpp:(.text._ZN17MPCControllerNodeC2Ev[_ZN17MPCControllerNodeC5Ev]+0x1c5): undefined reference to `casadi::Matrix<casadi::SXElem>::Matrix()'
/usr/bin/ld: mpc_node.cpp:(.text._ZN17MPCControllerNodeC2Ev[_ZN17MPCControllerNodeC5Ev]+0x1da): undefined reference to `casadi::Matrix<casadi::SXElem>::Matrix()'
/usr/bin/ld: mpc_node.cpp:(.text._ZN17MPCControllerNodeC2Ev[_ZN17MPCControllerNodeC5Ev]+0x6e5): undefined reference to `casadi::Function::~Function()'
/usr/bin/ld: CMakeFiles/mpc_node.dir/src/mpc_node.cpp.o: in function `casadi::Function::operator=(casadi::Function const&)':
mpc_node.cpp:(.text._ZN6casadi8FunctionaSERKS0_[_ZN6casadi8FunctionaSERKS0_]+0x23): undefined reference to `casadi::SharedObject::operator=(casadi::SharedObject const&)'
/usr/bin/ld: CMakeFiles/mpc_node.dir/src/mpc_node.cpp.o: in function `MPCControllerNode::initializeMPC()':
mpc_node.cpp:(.text._ZN17MPCControllerNode13initializeMPCEv[_ZN17MPCControllerNode13initializeMPCEv]+0x99): undefined reference to `casadi::Matrix<casadi::SXElem>::operator=(casadi::Matrix<casadi::SXElem> const&)'
/usr/bin/ld: mpc_node.cpp:(.text._ZN17MPCControllerNode13initializeMPCEv[_ZN17MPCControllerNode13initializeMPCEv]+0x135): undefined reference to `casadi::Matrix<casadi::SXElem>::operator=(casadi::Matrix<casadi::SXElem> const&)'
/usr/bin/ld: mpc_node.cpp:(.text._ZN17MPCControllerNode13initializeMPCEv[_ZN17MPCControllerNode13initializeMPCEv]+0x1d1): undefined reference to `casadi::Matrix<casadi::SXElem>::operator=(casadi::Matrix<casadi::SXElem> const&)'
/usr/bin/ld: mpc_node.cpp:(.text._ZN17MPCControllerNode13initializeMPCEv[_ZN17MPCControllerNode13initializeMPCEv]+0x26d): undefined reference to `casadi::Matrix<casadi::SXElem>::operator=(casadi::Matrix<casadi::SXElem> const&)'
/usr/bin/ld: mpc_node.cpp:(.text._ZN17MPCControllerNode13initializeMPCEv[_ZN17MPCControllerNode13initializeMPCEv]+0x309): undefined reference to `casadi::Matrix<casadi::SXElem>::operator=(casadi::Matrix<casadi::SXElem> const&)'
/usr/bin/ld: mpc_node.cpp:(.text._ZN17MPCControllerNode13initializeMPCEv[_ZN17MPCControllerNode13initializeMPCEv]+0x358): undefined reference to `casadi::Matrix<casadi::SXElem>::Matrix(double)'
/usr/bin/ld: mpc_node.cpp:(.text._ZN17MPCControllerNode13initializeMPCEv[_ZN17MPCControllerNode13initializeMPCEv]+0x408): undefined reference to `casadi::Matrix<casadi::SXElem>::Matrix(double)'
/usr/bin/ld: mpc_node.cpp:(.text._ZN17MPCControllerNode13initializeMPCEv[_ZN17MPCControllerNode13initializeMPCEv]+0x4b8): undefined reference to `casadi::Matrix<casadi::SXElem>::Matrix(double)'
/usr/bin/ld: mpc_node.cpp:(.text._ZN17MPCControllerNode13initializeMPCEv[_ZN17MPCControllerNode13initializeMPCEv]+0x57a): undefined reference to `casadi::Matrix<casadi::SXElem>::vertcat(std::vector<casadi::Matrix<casadi::SXElem>, std::allocator<casadi::Matrix<casadi::SXElem> > > const&)'
/usr/bin/ld: mpc_node.cpp:(.text._ZN17MPCControllerNode13initializeMPCEv[_ZN17MPCControllerNode13initializeMPCEv]+0x6bd): undefined reference to `casadi::Matrix<casadi::SXElem>::Matrix(casadi::Matrix<casadi::SXElem> const&)'
/usr/bin/ld: mpc_node.cpp:(.text._ZN17MPCControllerNode13initializeMPCEv[_ZN17MPCControllerNode13initializeMPCEv]+0x6f6): undefined reference to `casadi::Matrix<casadi::SXElem>::Matrix(casadi::Matrix<casadi::SXElem> const&)'
/usr/bin/ld: mpc_node.cpp:(.text._ZN17MPCControllerNode13initializeMPCEv[_ZN17MPCControllerNode13initializeMPCEv]+0x71a): undefined reference to `casadi::Matrix<casadi::SXElem>::Matrix(casadi::Matrix<casadi::SXElem> const&)'
/usr/bin/ld: mpc_node.cpp:(.text._ZN17MPCControllerNode13initializeMPCEv[_ZN17MPCControllerNode13initializeMPCEv]+0x73e): undefined reference to `casadi::Matrix<casadi::SXElem>::Matrix(casadi::Matrix<casadi::SXElem> const&)'
/usr/bin/ld: mpc_node.cpp:(.text._ZN17MPCControllerNode13initializeMPCEv[_ZN17MPCControllerNode13initializeMPCEv]+0x762): undefined reference to `casadi::Matrix<casadi::SXElem>::Matrix(casadi::Matrix<casadi::SXElem> const&)'
/usr/bin/ld: CMakeFiles/mpc_node.dir/src/mpc_node.cpp.o:mpc_node.cpp:(.text._ZN17MPCControllerNode13initializeMPCEv[_ZN17MPCControllerNode13initializeMPCEv]+0x788): more undefined references to `casadi::Matrix<casadi::SXElem>::Matrix(casadi::Matrix<casadi::SXElem> const&)' follow
/usr/bin/ld: CMakeFiles/mpc_node.dir/src/mpc_node.cpp.o: in function `MPCControllerNode::initializeMPC()':
mpc_node.cpp:(.text._ZN17MPCControllerNode13initializeMPCEv[_ZN17MPCControllerNode13initializeMPCEv]+0x80e): undefined reference to `casadi::Function::Function(std::__cxx11::basic_string<char, std::char_traits<char>, std::allocator<char> > const&, std::initializer_list<casadi::Matrix<casadi::SXElem> >, std::initializer_list<casadi::Matrix<casadi::SXElem> >, std::map<std::__cxx11::basic_string<char, std::char_traits<char>, std::allocator<char> >, casadi::GenericType, std::less<std::__cxx11::basic_string<char, std::char_traits<char>, std::allocator<char> > >, std::allocator<std::pair<std::__cxx11::basic_string<char, std::char_traits<char>, std::allocator<char> > const, casadi::GenericType> > > const&)'
/usr/bin/ld: mpc_node.cpp:(.text._ZN17MPCControllerNode13initializeMPCEv[_ZN17MPCControllerNode13initializeMPCEv]+0x841): undefined reference to `casadi::Function::~Function()'
/usr/bin/ld: mpc_node.cpp:(.text._ZN17MPCControllerNode13initializeMPCEv[_ZN17MPCControllerNode13initializeMPCEv]+0x8d6): undefined reference to `casadi::SXElem::SXElem(double)'
/usr/bin/ld: mpc_node.cpp:(.text._ZN17MPCControllerNode13initializeMPCEv[_ZN17MPCControllerNode13initializeMPCEv]+0x8f5): undefined reference to `casadi::SXElem::SXElem(double)'
/usr/bin/ld: mpc_node.cpp:(.text._ZN17MPCControllerNode13initializeMPCEv[_ZN17MPCControllerNode13initializeMPCEv]+0x914): undefined reference to `casadi::SXElem::SXElem(double)'
/usr/bin/ld: mpc_node.cpp:(.text._ZN17MPCControllerNode13initializeMPCEv[_ZN17MPCControllerNode13initializeMPCEv]+0x942): undefined reference to `casadi::Matrix<casadi::SXElem>::Matrix(std::initializer_list<casadi::SXElem>)'
/usr/bin/ld: mpc_node.cpp:(.text._ZN17MPCControllerNode13initializeMPCEv[_ZN17MPCControllerNode13initializeMPCEv]+0x95b): undefined reference to `casadi::Matrix<casadi::SXElem>::diag(casadi::Matrix<casadi::SXElem> const&)'
/usr/bin/ld: mpc_node.cpp:(.text._ZN17MPCControllerNode13initializeMPCEv[_ZN17MPCControllerNode13initializeMPCEv]+0x97b): undefined reference to `casadi::Matrix<casadi::SXElem>::operator=(casadi::Matrix<casadi::SXElem> const&)'
/usr/bin/ld: mpc_node.cpp:(.text._ZN17MPCControllerNode13initializeMPCEv[_ZN17MPCControllerNode13initializeMPCEv]+0x9bc): undefined reference to `casadi::SXElem::~SXElem()'
/usr/bin/ld: mpc_node.cpp:(.text._ZN17MPCControllerNode13initializeMPCEv[_ZN17MPCControllerNode13initializeMPCEv]+0x9d9): undefined reference to `casadi::SXElem::SXElem(double)'
/usr/bin/ld: mpc_node.cpp:(.text._ZN17MPCControllerNode13initializeMPCEv[_ZN17MPCControllerNode13initializeMPCEv]+0x9f8): undefined reference to `casadi::SXElem::SXElem(double)'
/usr/bin/ld: mpc_node.cpp:(.text._ZN17MPCControllerNode13initializeMPCEv[_ZN17MPCControllerNode13initializeMPCEv]+0xa26): undefined reference to `casadi::Matrix<casadi::SXElem>::Matrix(std::initializer_list<casadi::SXElem>)'
/usr/bin/ld: mpc_node.cpp:(.text._ZN17MPCControllerNode13initializeMPCEv[_ZN17MPCControllerNode13initializeMPCEv]+0xa3f): undefined reference to `casadi::Matrix<casadi::SXElem>::diag(casadi::Matrix<casadi::SXElem> const&)'
/usr/bin/ld: mpc_node.cpp:(.text._ZN17MPCControllerNode13initializeMPCEv[_ZN17MPCControllerNode13initializeMPCEv]+0xa5f): undefined reference to `casadi::Matrix<casadi::SXElem>::operator=(casadi::Matrix<casadi::SXElem> const&)'
/usr/bin/ld: mpc_node.cpp:(.text._ZN17MPCControllerNode13initializeMPCEv[_ZN17MPCControllerNode13initializeMPCEv]+0xaa0): undefined reference to `casadi::SXElem::~SXElem()'
/usr/bin/ld: mpc_node.cpp:(.text._ZN17MPCControllerNode13initializeMPCEv[_ZN17MPCControllerNode13initializeMPCEv]+0xdc8): undefined reference to `casadi::Function::~Function()'
/usr/bin/ld: mpc_node.cpp:(.text._ZN17MPCControllerNode13initializeMPCEv[_ZN17MPCControllerNode13initializeMPCEv]+0xecc): undefined reference to `casadi::SXElem::~SXElem()'
/usr/bin/ld: mpc_node.cpp:(.text._ZN17MPCControllerNode13initializeMPCEv[_ZN17MPCControllerNode13initializeMPCEv]+0xf30): undefined reference to `casadi::SXElem::~SXElem()'
/usr/bin/ld: CMakeFiles/mpc_node.dir/src/mpc_node.cpp.o: in function `std::pair<std::__cxx11::basic_string<char, std::char_traits<char>, std::allocator<char> > const, casadi::Matrix<casadi::SXElem> >::pair<char const (&) [2], casadi::Matrix<casadi::SXElem>&, true>(char const (&) [2], casadi::Matrix<casadi::SXElem>&)':
mpc_node.cpp:(.text._ZNSt4pairIKNSt7__cxx1112basic_stringIcSt11char_traitsIcESaIcEEEN6casadi6MatrixINS7_6SXElemEEEEC1IRA2_KcRSA_Lb1EEEOT_OT0_[_ZNSt4pairIKNSt7__cxx1112basic_stringIcSt11char_traitsIcESaIcEEEN6casadi6MatrixINS7_6SXElemEEEEC1IRA2_KcRSA_Lb1EEEOT_OT0_]+0x80): undefined reference to `casadi::Matrix<casadi::SXElem>::Matrix(casadi::Matrix<casadi::SXElem> const&)'
/usr/bin/ld: CMakeFiles/mpc_node.dir/src/mpc_node.cpp.o: in function `MPCControllerNode::computeMPC[abi:cxx11](double, double, double)':
mpc_node.cpp:(.text._ZN17MPCControllerNode10computeMPCB5cxx11Eddd[_ZN17MPCControllerNode10computeMPCB5cxx11Eddd]+0x15d): undefined reference to `casadi::Matrix<casadi::SXElem>::Matrix(double)'
/usr/bin/ld: mpc_node.cpp:(.text._ZN17MPCControllerNode10computeMPCB5cxx11Eddd[_ZN17MPCControllerNode10computeMPCB5cxx11Eddd]+0x187): undefined reference to `casadi::Matrix<casadi::SXElem>::Matrix(double)'
/usr/bin/ld: mpc_node.cpp:(.text._ZN17MPCControllerNode10computeMPCB5cxx11Eddd[_ZN17MPCControllerNode10computeMPCB5cxx11Eddd]+0x1a6): undefined reference to `casadi::Matrix<casadi::SXElem>::Matrix(double)'
/usr/bin/ld: mpc_node.cpp:(.text._ZN17MPCControllerNode10computeMPCB5cxx11Eddd[_ZN17MPCControllerNode10computeMPCB5cxx11Eddd]+0x1c5): undefined reference to `casadi::Matrix<casadi::SXElem>::Matrix(double)'
/usr/bin/ld: mpc_node.cpp:(.text._ZN17MPCControllerNode10computeMPCB5cxx11Eddd[_ZN17MPCControllerNode10computeMPCB5cxx11Eddd]+0x239): undefined reference to `casadi::Matrix<casadi::SXElem>::vertcat(std::vector<casadi::Matrix<casadi::SXElem>, std::allocator<casadi::Matrix<casadi::SXElem> > > const&)'
/usr/bin/ld: mpc_node.cpp:(.text._ZN17MPCControllerNode10computeMPCB5cxx11Eddd[_ZN17MPCControllerNode10computeMPCB5cxx11Eddd]+0x252): undefined reference to `casadi::Slice::Slice()'
/usr/bin/ld: mpc_node.cpp:(.text._ZN17MPCControllerNode10computeMPCB5cxx11Eddd[_ZN17MPCControllerNode10computeMPCB5cxx11Eddd]+0x350): undefined reference to `casadi::Matrix<casadi::SXElem>::Matrix(double)'
/usr/bin/ld: mpc_node.cpp:(.text._ZN17MPCControllerNode10computeMPCB5cxx11Eddd[_ZN17MPCControllerNode10computeMPCB5cxx11Eddd]+0x376): undefined reference to `casadi::Matrix<casadi::SXElem>::Matrix(double)'
/usr/bin/ld: mpc_node.cpp:(.text._ZN17MPCControllerNode10computeMPCB5cxx11Eddd[_ZN17MPCControllerNode10computeMPCB5cxx11Eddd]+0x39c): undefined reference to `casadi::Matrix<casadi::SXElem>::Matrix(double)'
/usr/bin/ld: mpc_node.cpp:(.text._ZN17MPCControllerNode10computeMPCB5cxx11Eddd[_ZN17MPCControllerNode10computeMPCB5cxx11Eddd]+0x410): undefined reference to `casadi::Matrix<casadi::SXElem>::vertcat(std::vector<casadi::Matrix<casadi::SXElem>, std::allocator<casadi::Matrix<casadi::SXElem> > > const&)'
/usr/bin/ld: mpc_node.cpp:(.text._ZN17MPCControllerNode10computeMPCB5cxx11Eddd[_ZN17MPCControllerNode10computeMPCB5cxx11Eddd]+0x41f): undefined reference to `casadi::Slice::Slice()'
/usr/bin/ld: mpc_node.cpp:(.text._ZN17MPCControllerNode10computeMPCB5cxx11Eddd[_ZN17MPCControllerNode10computeMPCB5cxx11Eddd]+0x4d3): undefined reference to `casadi::Slice::Slice()'
/usr/bin/ld: mpc_node.cpp:(.text._ZN17MPCControllerNode10computeMPCB5cxx11Eddd[_ZN17MPCControllerNode10computeMPCB5cxx11Eddd]+0x510): undefined reference to `casadi::Matrix<casadi::SXElem>::Matrix(casadi::Matrix<casadi::SXElem> const&)'
/usr/bin/ld: mpc_node.cpp:(.text._ZN17MPCControllerNode10computeMPCB5cxx11Eddd[_ZN17MPCControllerNode10computeMPCB5cxx11Eddd]+0x566): undefined reference to `casadi::Matrix<casadi::SXElem>::dot(casadi::Matrix<casadi::SXElem> const&, casadi::Matrix<casadi::SXElem> const&)'
/usr/bin/ld: mpc_node.cpp:(.text._ZN17MPCControllerNode10computeMPCB5cxx11Eddd[_ZN17MPCControllerNode10computeMPCB5cxx11Eddd]+0x5ad): undefined reference to `casadi::Matrix<casadi::SXElem>::dot(casadi::Matrix<casadi::SXElem> const&, casadi::Matrix<casadi::SXElem> const&)'
/usr/bin/ld: mpc_node.cpp:(.text._ZN17MPCControllerNode10computeMPCB5cxx11Eddd[_ZN17MPCControllerNode10computeMPCB5cxx11Eddd]+0x686): undefined reference to `casadi::Matrix<casadi::SXElem>::Matrix(casadi::Matrix<casadi::SXElem> const&)'
/usr/bin/ld: mpc_node.cpp:(.text._ZN17MPCControllerNode10computeMPCB5cxx11Eddd[_ZN17MPCControllerNode10computeMPCB5cxx11Eddd]+0x6d1): undefined reference to `casadi::Matrix<casadi::SXElem>::Matrix(casadi::Matrix<casadi::SXElem> const&)'
/usr/bin/ld: mpc_node.cpp:(.text._ZN17MPCControllerNode10computeMPCB5cxx11Eddd[_ZN17MPCControllerNode10computeMPCB5cxx11Eddd]+0x71c): undefined reference to `casadi::Matrix<casadi::SXElem>::Matrix(casadi::Matrix<casadi::SXElem> const&)'
/usr/bin/ld: mpc_node.cpp:(.text._ZN17MPCControllerNode10computeMPCB5cxx11Eddd[_ZN17MPCControllerNode10computeMPCB5cxx11Eddd]+0x767): undefined reference to `casadi::Matrix<casadi::SXElem>::Matrix(casadi::Matrix<casadi::SXElem> const&)'
/usr/bin/ld: mpc_node.cpp:(.text._ZN17MPCControllerNode10computeMPCB5cxx11Eddd[_ZN17MPCControllerNode10computeMPCB5cxx11Eddd]+0x7b5): undefined reference to `casadi::Matrix<casadi::SXElem>::Matrix(casadi::Matrix<casadi::SXElem> const&)'
/usr/bin/ld: mpc_node.cpp:(.text._ZN17MPCControllerNode10computeMPCB5cxx11Eddd[_ZN17MPCControllerNode10computeMPCB5cxx11Eddd]+0x818): undefined reference to `casadi::Function::operator()(std::vector<casadi::Matrix<casadi::SXElem>, std::allocator<casadi::Matrix<casadi::SXElem> > > const&) const'
/usr/bin/ld: mpc_node.cpp:(.text._ZN17MPCControllerNode10computeMPCB5cxx11Eddd[_ZN17MPCControllerNode10computeMPCB5cxx11Eddd]+0x841): undefined reference to `casadi::Matrix<casadi::SXElem>::Matrix(casadi::Matrix<casadi::SXElem> const&)'
/usr/bin/ld: mpc_node.cpp:(.text._ZN17MPCControllerNode10computeMPCB5cxx11Eddd[_ZN17MPCControllerNode10computeMPCB5cxx11Eddd]+0x8ff): undefined reference to `casadi::Slice::Slice()'
/usr/bin/ld: mpc_node.cpp:(.text._ZN17MPCControllerNode10computeMPCB5cxx11Eddd[_ZN17MPCControllerNode10computeMPCB5cxx11Eddd]+0xbfe): undefined reference to `casadi::nlpsol(std::__cxx11::basic_string<char, std::char_traits<char>, std::allocator<char> > const&, std::__cxx11::basic_string<char, std::char_traits<char>, std::allocator<char> > const&, std::map<std::__cxx11::basic_string<char, std::char_traits<char>, std::allocator<char> >, casadi::Matrix<casadi::SXElem>, std::less<std::__cxx11::basic_string<char, std::char_traits<char>, std::allocator<char> > >, std::allocator<std::pair<std::__cxx11::basic_string<char, std::char_traits<char>, std::allocator<char> > const, casadi::Matrix<casadi::SXElem> > > > const&, std::map<std::__cxx11::basic_string<char, std::char_traits<char>, std::allocator<char> >, casadi::GenericType, std::less<std::__cxx11::basic_string<char, std::char_traits<char>, std::allocator<char> > >, std::allocator<std::pair<std::__cxx11::basic_string<char, std::char_traits<char>, std::allocator<char> > const, casadi::GenericType> > > const&)'
/usr/bin/ld: mpc_node.cpp:(.text._ZN17MPCControllerNode10computeMPCB5cxx11Eddd[_ZN17MPCControllerNode10computeMPCB5cxx11Eddd]+0xd20): undefined reference to `casadi::Matrix<double>::operator=(casadi::Matrix<double> const&)'
/usr/bin/ld: mpc_node.cpp:(.text._ZN17MPCControllerNode10computeMPCB5cxx11Eddd[_ZN17MPCControllerNode10computeMPCB5cxx11Eddd]+0xd74): undefined reference to `casadi::Matrix<double>::inf(long long, long long)'
/usr/bin/ld: mpc_node.cpp:(.text._ZN17MPCControllerNode10computeMPCB5cxx11Eddd[_ZN17MPCControllerNode10computeMPCB5cxx11Eddd]+0xd8d): undefined reference to `casadi::Matrix<double>::operator-() const'
/usr/bin/ld: mpc_node.cpp:(.text._ZN17MPCControllerNode10computeMPCB5cxx11Eddd[_ZN17MPCControllerNode10computeMPCB5cxx11Eddd]+0xdea): undefined reference to `casadi::Matrix<double>::operator=(casadi::Matrix<double> const&)'
/usr/bin/ld: mpc_node.cpp:(.text._ZN17MPCControllerNode10computeMPCB5cxx11Eddd[_ZN17MPCControllerNode10computeMPCB5cxx11Eddd]+0xe4d): undefined reference to `casadi::Matrix<double>::inf(long long, long long)'
/usr/bin/ld: mpc_node.cpp:(.text._ZN17MPCControllerNode10computeMPCB5cxx11Eddd[_ZN17MPCControllerNode10computeMPCB5cxx11Eddd]+0xeaa): undefined reference to `casadi::Matrix<double>::operator=(casadi::Matrix<double> const&)'
/usr/bin/ld: mpc_node.cpp:(.text._ZN17MPCControllerNode10computeMPCB5cxx11Eddd[_ZN17MPCControllerNode10computeMPCB5cxx11Eddd]+0xf64): undefined reference to `casadi::Matrix<double>::operator=(casadi::Matrix<double> const&)'
/usr/bin/ld: mpc_node.cpp:(.text._ZN17MPCControllerNode10computeMPCB5cxx11Eddd[_ZN17MPCControllerNode10computeMPCB5cxx11Eddd]+0x101e): undefined reference to `casadi::Matrix<double>::operator=(casadi::Matrix<double> const&)'
/usr/bin/ld: mpc_node.cpp:(.text._ZN17MPCControllerNode10computeMPCB5cxx11Eddd[_ZN17MPCControllerNode10computeMPCB5cxx11Eddd]+0x106b): undefined reference to `casadi::Function::operator()(std::map<std::__cxx11::basic_string<char, std::char_traits<char>, std::allocator<char> >, casadi::Matrix<double>, std::less<std::__cxx11::basic_string<char, std::char_traits<char>, std::allocator<char> > >, std::allocator<std::pair<std::__cxx11::basic_string<char, std::char_traits<char>, std::allocator<char> > const, casadi::Matrix<double> > > > const&) const'
/usr/bin/ld: mpc_node.cpp:(.text._ZN17MPCControllerNode10computeMPCB5cxx11Eddd[_ZN17MPCControllerNode10computeMPCB5cxx11Eddd]+0x1109): undefined reference to `casadi::Matrix<double>::operator double() const'
/usr/bin/ld: mpc_node.cpp:(.text._ZN17MPCControllerNode10computeMPCB5cxx11Eddd[_ZN17MPCControllerNode10computeMPCB5cxx11Eddd]+0x1236): undefined reference to `casadi::Matrix<double>::operator double() const'
/usr/bin/ld: mpc_node.cpp:(.text._ZN17MPCControllerNode10computeMPCB5cxx11Eddd[_ZN17MPCControllerNode10computeMPCB5cxx11Eddd]+0x131d): undefined reference to `casadi::Function::~Function()'
/usr/bin/ld: mpc_node.cpp:(.text._ZN17MPCControllerNode10computeMPCB5cxx11Eddd[_ZN17MPCControllerNode10computeMPCB5cxx11Eddd]+0x1ac7): undefined reference to `casadi::Function::~Function()'
/usr/bin/ld: CMakeFiles/mpc_node.dir/src/mpc_node.cpp.o: in function `casadi::GenericMatrix<casadi::Matrix<casadi::SXElem> >::sym(std::__cxx11::basic_string<char, std::char_traits<char>, std::allocator<char> > const&, long long, long long)':
mpc_node.cpp:(.text._ZN6casadi13GenericMatrixINS_6MatrixINS_6SXElemEEEE3symERKNSt7__cxx1112basic_stringIcSt11char_traitsIcESaIcEEExx[_ZN6casadi13GenericMatrixINS_6MatrixINS_6SXElemEEEE3symERKNSt7__cxx1112basic_stringIcSt11char_traitsIcESaIcEEExx]+0x3f): undefined reference to `casadi::Sparsity::dense(long long, long long)'
/usr/bin/ld: CMakeFiles/mpc_node.dir/src/mpc_node.cpp.o: in function `casadi::GenericExpression<casadi::Matrix<casadi::SXElem> >::operator+=(casadi::Matrix<casadi::SXElem> const&)':
mpc_node.cpp:(.text._ZN6casadi17GenericExpressionINS_6MatrixINS_6SXElemEEEEpLERKS3_[_ZN6casadi17GenericExpressionINS_6MatrixINS_6SXElemEEEEpLERKS3_]+0x60): undefined reference to `casadi::Matrix<casadi::SXElem>::operator=(casadi::Matrix<casadi::SXElem> const&)'
/usr/bin/ld: CMakeFiles/mpc_node.dir/src/mpc_node.cpp.o: in function `casadi::vertcat(casadi::Matrix<casadi::SXElem> const&, casadi::Matrix<casadi::SXElem> const&)':
mpc_node.cpp:(.text._ZN6casadi7vertcatERKNS_6MatrixINS_6SXElemEEES4_[_ZN6casadi7vertcatERKNS_6MatrixINS_6SXElemEEES4_]+0x4a): undefined reference to `casadi::Matrix<casadi::SXElem>::Matrix(casadi::Matrix<casadi::SXElem> const&)'
/usr/bin/ld: mpc_node.cpp:(.text._ZN6casadi7vertcatERKNS_6MatrixINS_6SXElemEEES4_[_ZN6casadi7vertcatERKNS_6MatrixINS_6SXElemEEES4_]+0x64): undefined reference to `casadi::Matrix<casadi::SXElem>::Matrix(casadi::Matrix<casadi::SXElem> const&)'
/usr/bin/ld: CMakeFiles/mpc_node.dir/src/mpc_node.cpp.o: in function `casadi::vertcat(std::vector<casadi::Matrix<casadi::SXElem>, std::allocator<casadi::Matrix<casadi::SXElem> > > const&)':
mpc_node.cpp:(.text._ZN6casadi7vertcatERKSt6vectorINS_6MatrixINS_6SXElemEEESaIS3_EE[_ZN6casadi7vertcatERKSt6vectorINS_6MatrixINS_6SXElemEEESaIS3_EE]+0x32): undefined reference to `casadi::Matrix<casadi::SXElem>::vertcat(std::vector<casadi::Matrix<casadi::SXElem>, std::allocator<casadi::Matrix<casadi::SXElem> > > const&)'
/usr/bin/ld: CMakeFiles/mpc_node.dir/src/mpc_node.cpp.o: in function `std::pair<std::__cxx11::basic_string<char, std::char_traits<char>, std::allocator<char> > const, casadi::Matrix<casadi::SXElem> >::pair<char const (&) [2], casadi::Matrix<casadi::SXElem>, true>(char const (&) [2], casadi::Matrix<casadi::SXElem>&&)':
mpc_node.cpp:(.text._ZNSt4pairIKNSt7__cxx1112basic_stringIcSt11char_traitsIcESaIcEEEN6casadi6MatrixINS7_6SXElemEEEEC2IRA2_KcSA_Lb1EEEOT_OT0_[_ZNSt4pairIKNSt7__cxx1112basic_stringIcSt11char_traitsIcESaIcEEEN6casadi6MatrixINS7_6SXElemEEEEC5IRA2_KcSA_Lb1EEEOT_OT0_]+0x80): undefined reference to `casadi::Matrix<casadi::SXElem>::Matrix(casadi::Matrix<casadi::SXElem> const&)'
/usr/bin/ld: CMakeFiles/mpc_node.dir/src/mpc_node.cpp.o: in function `casadi::GenericMatrix<casadi::Matrix<double> >::zeros(long long, long long)':
mpc_node.cpp:(.text._ZN6casadi13GenericMatrixINS_6MatrixIdEEE5zerosExx[_ZN6casadi13GenericMatrixINS_6MatrixIdEEE5zerosExx]+0x3b): undefined reference to `casadi::Sparsity::dense(long long, long long)'
/usr/bin/ld: CMakeFiles/mpc_node.dir/src/mpc_node.cpp.o: in function `casadi::vertcat(casadi::Matrix<double> const&, casadi::Matrix<double> const&)':
mpc_node.cpp:(.text._ZN6casadi7vertcatERKNS_6MatrixIdEES3_[_ZN6casadi7vertcatERKNS_6MatrixIdEES3_]+0x4a): undefined reference to `casadi::Matrix<double>::Matrix(casadi::Matrix<double> const&)'
/usr/bin/ld: mpc_node.cpp:(.text._ZN6casadi7vertcatERKNS_6MatrixIdEES3_[_ZN6casadi7vertcatERKNS_6MatrixIdEES3_]+0x64): undefined reference to `casadi::Matrix<double>::Matrix(casadi::Matrix<double> const&)'
/usr/bin/ld: CMakeFiles/mpc_node.dir/src/mpc_node.cpp.o: in function `casadi::GenericMatrix<casadi::Matrix<casadi::SXElem> >::sym(std::__cxx11::basic_string<char, std::char_traits<char>, std::allocator<char> > const&, casadi::Sparsity const&)':
mpc_node.cpp:(.text._ZN6casadi13GenericMatrixINS_6MatrixINS_6SXElemEEEE3symERKNSt7__cxx1112basic_stringIcSt11char_traitsIcESaIcEEERKNS_8SparsityE[_ZN6casadi13GenericMatrixINS_6MatrixINS_6SXElemEEEE3symERKNSt7__cxx1112basic_stringIcSt11char_traitsIcESaIcEEERKNS_8SparsityE]+0x3a): undefined reference to `casadi::Matrix<casadi::SXElem>::_sym(std::__cxx11::basic_string<char, std::char_traits<char>, std::allocator<char> > const&, casadi::Sparsity const&)'
/usr/bin/ld: CMakeFiles/mpc_node.dir/src/mpc_node.cpp.o: in function `casadi::GenericExpression<casadi::Matrix<casadi::SXElem> >::cos(casadi::Matrix<casadi::SXElem> const&)':
mpc_node.cpp:(.text._ZN6casadi17GenericExpressionINS_6MatrixINS_6SXElemEEEE3cosERKS3_[_ZN6casadi17GenericExpressionINS_6MatrixINS_6SXElemEEEE3cosERKS3_]+0x34): undefined reference to `casadi::Matrix<casadi::SXElem>::unary(long long, casadi::Matrix<casadi::SXElem> const&)'
/usr/bin/ld: CMakeFiles/mpc_node.dir/src/mpc_node.cpp.o: in function `casadi::GenericExpression<casadi::Matrix<casadi::SXElem> >::times(casadi::Matrix<casadi::SXElem> const&, casadi::Matrix<casadi::SXElem> const&)':
mpc_node.cpp:(.text._ZN6casadi17GenericExpressionINS_6MatrixINS_6SXElemEEEE5timesERKS3_S6_[_ZN6casadi17GenericExpressionINS_6MatrixINS_6SXElemEEEE5timesERKS3_S6_]+0x3c): undefined reference to `casadi::Matrix<casadi::SXElem>::binary(long long, casadi::Matrix<casadi::SXElem> const&, casadi::Matrix<casadi::SXElem> const&)'
/usr/bin/ld: CMakeFiles/mpc_node.dir/src/mpc_node.cpp.o: in function `casadi::GenericExpression<casadi::Matrix<casadi::SXElem> >::plus(casadi::Matrix<casadi::SXElem> const&, casadi::Matrix<casadi::SXElem> const&)':
mpc_node.cpp:(.text._ZN6casadi17GenericExpressionINS_6MatrixINS_6SXElemEEEE4plusERKS3_S6_[_ZN6casadi17GenericExpressionINS_6MatrixINS_6SXElemEEEE4plusERKS3_S6_]+0x3c): undefined reference to `casadi::Matrix<casadi::SXElem>::binary(long long, casadi::Matrix<casadi::SXElem> const&, casadi::Matrix<casadi::SXElem> const&)'
/usr/bin/ld: CMakeFiles/mpc_node.dir/src/mpc_node.cpp.o: in function `casadi::GenericExpression<casadi::Matrix<casadi::SXElem> >::sin(casadi::Matrix<casadi::SXElem> const&)':
mpc_node.cpp:(.text._ZN6casadi17GenericExpressionINS_6MatrixINS_6SXElemEEEE3sinERKS3_[_ZN6casadi17GenericExpressionINS_6MatrixINS_6SXElemEEEE3sinERKS3_]+0x34): undefined reference to `casadi::Matrix<casadi::SXElem>::unary(long long, casadi::Matrix<casadi::SXElem> const&)'
/usr/bin/ld: CMakeFiles/mpc_node.dir/src/mpc_node.cpp.o: in function `casadi::SubMatrix<casadi::Matrix<casadi::SXElem>, casadi::Slice, int>::SubMatrix(casadi::Matrix<casadi::SXElem>&, casadi::Slice const&, int const&)':
mpc_node.cpp:(.text._ZN6casadi9SubMatrixINS_6MatrixINS_6SXElemEEENS_5SliceEiEC2ERS3_RKS4_RKi[_ZN6casadi9SubMatrixINS_6MatrixINS_6SXElemEEENS_5SliceEiEC5ERS3_RKS4_RKi]+0x34): undefined reference to `casadi::Matrix<casadi::SXElem>::Matrix()'
/usr/bin/ld: mpc_node.cpp:(.text._ZN6casadi9SubMatrixINS_6MatrixINS_6SXElemEEENS_5SliceEiEC2ERS3_RKS4_RKi[_ZN6casadi9SubMatrixINS_6MatrixINS_6SXElemEEENS_5SliceEiEC5ERS3_RKS4_RKi]+0x90): undefined reference to `casadi::Matrix<long long>::Matrix(double)'
/usr/bin/ld: mpc_node.cpp:(.text._ZN6casadi9SubMatrixINS_6MatrixINS_6SXElemEEENS_5SliceEiEC2ERS3_RKS4_RKi[_ZN6casadi9SubMatrixINS_6MatrixINS_6SXElemEEENS_5SliceEiEC5ERS3_RKS4_RKi]+0xb3): undefined reference to `casadi::Matrix<casadi::SXElem>::get(casadi::Matrix<casadi::SXElem>&, bool, casadi::Slice const&, casadi::Matrix<long long> const&) const'
/usr/bin/ld: CMakeFiles/mpc_node.dir/src/mpc_node.cpp.o: in function `casadi::GenericExpression<casadi::Matrix<casadi::SXElem> >::minus(casadi::Matrix<casadi::SXElem> const&, casadi::Matrix<casadi::SXElem> const&)':
mpc_node.cpp:(.text._ZN6casadi17GenericExpressionINS_6MatrixINS_6SXElemEEEE5minusERKS3_S6_[_ZN6casadi17GenericExpressionINS_6MatrixINS_6SXElemEEEE5minusERKS3_S6_]+0x3c): undefined reference to `casadi::Matrix<casadi::SXElem>::binary(long long, casadi::Matrix<casadi::SXElem> const&, casadi::Matrix<casadi::SXElem> const&)'
/usr/bin/ld: CMakeFiles/mpc_node.dir/src/mpc_node.cpp.o: in function `casadi::SubMatrix<casadi::Matrix<casadi::SXElem>, int, int>::SubMatrix(casadi::Matrix<casadi::SXElem>&, int const&, int const&)':
mpc_node.cpp:(.text._ZN6casadi9SubMatrixINS_6MatrixINS_6SXElemEEEiiEC2ERS3_RKiS7_[_ZN6casadi9SubMatrixINS_6MatrixINS_6SXElemEEEiiEC5ERS3_RKiS7_]+0x3d): undefined reference to `casadi::Matrix<casadi::SXElem>::Matrix()'
/usr/bin/ld: mpc_node.cpp:(.text._ZN6casadi9SubMatrixINS_6MatrixINS_6SXElemEEEiiEC2ERS3_RKiS7_[_ZN6casadi9SubMatrixINS_6MatrixINS_6SXElemEEEiiEC5ERS3_RKiS7_]+0x90): undefined reference to `casadi::Matrix<long long>::Matrix(double)'
/usr/bin/ld: mpc_node.cpp:(.text._ZN6casadi9SubMatrixINS_6MatrixINS_6SXElemEEEiiEC2ERS3_RKiS7_[_ZN6casadi9SubMatrixINS_6MatrixINS_6SXElemEEEiiEC5ERS3_RKiS7_]+0xb7): undefined reference to `casadi::Matrix<long long>::Matrix(double)'
/usr/bin/ld: mpc_node.cpp:(.text._ZN6casadi9SubMatrixINS_6MatrixINS_6SXElemEEEiiEC2ERS3_RKiS7_[_ZN6casadi9SubMatrixINS_6MatrixINS_6SXElemEEEiiEC5ERS3_RKiS7_]+0xda): undefined reference to `casadi::Matrix<casadi::SXElem>::get(casadi::Matrix<casadi::SXElem>&, bool, casadi::Matrix<long long> const&, casadi::Matrix<long long> const&) const'
/usr/bin/ld: CMakeFiles/mpc_node.dir/src/mpc_node.cpp.o: in function `casadi::GenericMatrix<casadi::Matrix<double> >::zeros(casadi::Sparsity const&)':
mpc_node.cpp:(.text._ZN6casadi13GenericMatrixINS_6MatrixIdEEE5zerosERKNS_8SparsityE[_ZN6casadi13GenericMatrixINS_6MatrixIdEEE5zerosERKNS_8SparsityE]+0x41): undefined reference to `casadi::Matrix<double>::Matrix(casadi::Sparsity const&, double const&, bool)'
/usr/bin/ld: CMakeFiles/mpc_node.dir/src/mpc_node.cpp.o: in function `casadi::vertcat(std::vector<casadi::Matrix<double>, std::allocator<casadi::Matrix<double> > > const&)':
mpc_node.cpp:(.text._ZN6casadi7vertcatERKSt6vectorINS_6MatrixIdEESaIS2_EE[_ZN6casadi7vertcatERKSt6vectorINS_6MatrixIdEESaIS2_EE]+0x32): undefined reference to `casadi::Matrix<double>::vertcat(std::vector<casadi::Matrix<double>, std::allocator<casadi::Matrix<double> > > const&)'
/usr/bin/ld: CMakeFiles/mpc_node.dir/src/mpc_node.cpp.o: in function `casadi::SubIndex<casadi::Matrix<double>, int>::SubIndex(casadi::Matrix<double>&, int const&)':
mpc_node.cpp:(.text._ZN6casadi8SubIndexINS_6MatrixIdEEiEC2ERS2_RKi[_ZN6casadi8SubIndexINS_6MatrixIdEEiEC5ERS2_RKi]+0x30): undefined reference to `casadi::Matrix<double>::Matrix()'
/usr/bin/ld: mpc_node.cpp:(.text._ZN6casadi8SubIndexINS_6MatrixIdEEiEC2ERS2_RKi[_ZN6casadi8SubIndexINS_6MatrixIdEEiEC5ERS2_RKi]+0x6d): undefined reference to `casadi::Matrix<long long>::Matrix(double)'
/usr/bin/ld: mpc_node.cpp:(.text._ZN6casadi8SubIndexINS_6MatrixIdEEiEC2ERS2_RKi[_ZN6casadi8SubIndexINS_6MatrixIdEEiEC5ERS2_RKi]+0x89): undefined reference to `casadi::Matrix<double>::get(casadi::Matrix<double>&, bool, casadi::Matrix<long long> const&) const'
/usr/bin/ld: CMakeFiles/mpc_node.dir/src/mpc_node.cpp.o: in function `void __gnu_cxx::new_allocator<casadi::Matrix<casadi::SXElem> >::construct<casadi::Matrix<casadi::SXElem>, casadi::Matrix<casadi::SXElem> >(casadi::Matrix<casadi::SXElem>*, casadi::Matrix<casadi::SXElem>&&)':
mpc_node.cpp:(.text._ZN9__gnu_cxx13new_allocatorIN6casadi6MatrixINS1_6SXElemEEEE9constructIS4_JS4_EEEvPT_DpOT0_[_ZN9__gnu_cxx13new_allocatorIN6casadi6MatrixINS1_6SXElemEEEE9constructIS4_JS4_EEEvPT_DpOT0_]+0x47): undefined reference to `casadi::Matrix<casadi::SXElem>::Matrix(casadi::Matrix<casadi::SXElem> const&)'
/usr/bin/ld: CMakeFiles/mpc_node.dir/src/mpc_node.cpp.o: in function `void std::_Destroy<casadi::SXElem>(casadi::SXElem*)':
mpc_node.cpp:(.text._ZSt8_DestroyIN6casadi6SXElemEEvPT_[_ZSt8_DestroyIN6casadi6SXElemEEvPT_]+0x18): undefined reference to `casadi::SXElem::~SXElem()'
/usr/bin/ld: CMakeFiles/mpc_node.dir/src/mpc_node.cpp.o: in function `void std::_Construct<casadi::Matrix<double>, casadi::Matrix<double> const&>(casadi::Matrix<double>*, casadi::Matrix<double> const&)':
mpc_node.cpp:(.text._ZSt10_ConstructIN6casadi6MatrixIdEEJRKS2_EEvPT_DpOT0_[_ZSt10_ConstructIN6casadi6MatrixIdEEJRKS2_EEvPT_DpOT0_]+0x43): undefined reference to `casadi::Matrix<double>::Matrix(casadi::Matrix<double> const&)'
/usr/bin/ld: CMakeFiles/mpc_node.dir/src/mpc_node.cpp.o: in function `void std::_Construct<casadi::Matrix<casadi::SXElem>, casadi::Matrix<casadi::SXElem> const&>(casadi::Matrix<casadi::SXElem>*, casadi::Matrix<casadi::SXElem> const&)':
mpc_node.cpp:(.text._ZSt10_ConstructIN6casadi6MatrixINS0_6SXElemEEEJRKS3_EEvPT_DpOT0_[_ZSt10_ConstructIN6casadi6MatrixINS0_6SXElemEEEJRKS3_EEvPT_DpOT0_]+0x43): undefined reference to `casadi::Matrix<casadi::SXElem>::Matrix(casadi::Matrix<casadi::SXElem> const&)'
/usr/bin/ld: CMakeFiles/mpc_node.dir/src/mpc_node.cpp.o: in function `std::pair<std::__cxx11::basic_string<char, std::char_traits<char>, std::allocator<char> > const, casadi::Matrix<double> >::pair<std::__cxx11::basic_string<char, std::char_traits<char>, std::allocator<char> >&&, 0ul>(std::tuple<std::__cxx11::basic_string<char, std::char_traits<char>, std::allocator<char> >&&>&, std::tuple<>&, std::_Index_tuple<0ul>, std::_Index_tuple<>)':
mpc_node.cpp:(.text._ZNSt4pairIKNSt7__cxx1112basic_stringIcSt11char_traitsIcESaIcEEEN6casadi6MatrixIdEEEC2IJOS5_EJLm0EEJEJEEERSt5tupleIJDpT_EERSD_IJDpT1_EESt12_Index_tupleIJXspT0_EEESM_IJXspT2_EEE[_ZNSt4pairIKNSt7__cxx1112basic_stringIcSt11char_traitsIcESaIcEEEN6casadi6MatrixIdEEEC5IJOS5_EJLm0EEJEJEEERSt5tupleIJDpT_EERSD_IJDpT1_EESt12_Index_tupleIJXspT0_EEESM_IJXspT2_EEE]+0x48): undefined reference to `casadi::Matrix<double>::Matrix()'
/usr/bin/ld: CMakeFiles/mpc_node.dir/src/mpc_node.cpp.o: in function `std::pair<std::__cxx11::basic_string<char, std::char_traits<char>, std::allocator<char> > const, casadi::Matrix<casadi::SXElem> >::pair(std::pair<std::__cxx11::basic_string<char, std::char_traits<char>, std::allocator<char> > const, casadi::Matrix<casadi::SXElem> > const&)':
mpc_node.cpp:(.text._ZNSt4pairIKNSt7__cxx1112basic_stringIcSt11char_traitsIcESaIcEEEN6casadi6MatrixINS7_6SXElemEEEEC2ERKSB_[_ZNSt4pairIKNSt7__cxx1112basic_stringIcSt11char_traitsIcESaIcEEEN6casadi6MatrixINS7_6SXElemEEEEC5ERKSB_]+0x3f): undefined reference to `casadi::Matrix<casadi::SXElem>::Matrix(casadi::Matrix<casadi::SXElem> const&)'
/usr/bin/ld: CMakeFiles/mpc_node.dir/src/mpc_node.cpp.o: in function `MPCControllerNode::~MPCControllerNode()':
mpc_node.cpp:(.text._ZN17MPCControllerNodeD2Ev[_ZN17MPCControllerNodeD5Ev]+0x50): undefined reference to `casadi::Function::~Function()'
collect2: error: ld returned 1 exit status
gmake[2]: *** [CMakeFiles/mpc_node.dir/build.make:205: mpc_node] Error 1
gmake[1]: *** [CMakeFiles/Makefile2:137: CMakeFiles/mpc_node.dir/all] Error 2
gmake: *** [Makefile:146: all] Error 2
