[0.170s] DEBUG:colcon:Command line arguments: ['/usr/bin/colcon', 'build']
[0.170s] DEBUG:colcon:Parsed command line arguments: Namespace(log_base=None, log_level=None, verb_name='build', build_base='build', install_base='install', merge_install=False, symlink_install=False, test_result_base=None, continue_on_error=False, executor='parallel', parallel_workers=8, event_handlers=None, ignore_user_meta=False, metas=['./colcon.meta'], base_paths=['.'], packages_ignore=None, packages_ignore_regex=None, paths=None, packages_up_to=None, packages_up_to_regex=None, packages_above=None, packages_above_and_dependencies=None, packages_above_depth=None, packages_select_by_dep=None, packages_skip_by_dep=None, packages_skip_up_to=None, packages_select_build_failed=False, packages_skip_build_finished=False, packages_select_test_failures=False, packages_skip_test_passed=False, packages_select=None, packages_skip=None, packages_select_regex=None, packages_skip_regex=None, packages_start=None, packages_end=None, allow_overriding=[], cmake_args=None, cmake_target=None, cmake_target_skip_unavailable=False, cmake_clean_cache=False, cmake_clean_first=False, cmake_force_configure=False, ament_cmake_args=None, catkin_cmake_args=None, catkin_skip_building_tests=False, mixin_files=None, mixin=None, verb_parser=<colcon_mixin.mixin.mixin_argument.MixinArgumentDecorator object at 0x7c8cff4435b0>, verb_extension=<colcon_core.verb.build.BuildVerb object at 0x7c8cff442fe0>, main=<bound method BuildVerb.main of <colcon_core.verb.build.BuildVerb object at 0x7c8cff442fe0>>, mixin_verb=('build',))
[0.466s] Level 1:colcon.colcon_core.package_discovery:discover_packages(colcon_meta) check parameters
[0.466s] Level 1:colcon.colcon_core.package_discovery:discover_packages(recursive) check parameters
[0.466s] Level 1:colcon.colcon_core.package_discovery:discover_packages(ignore) check parameters
[0.466s] Level 1:colcon.colcon_core.package_discovery:discover_packages(path) check parameters
[0.466s] Level 1:colcon.colcon_core.package_discovery:discover_packages(colcon_meta) discover
[0.466s] Level 1:colcon.colcon_core.package_discovery:discover_packages(recursive) discover
[0.466s] INFO:colcon.colcon_core.package_discovery:Crawling recursively for packages in '/home/badri/ros2_ws'
[0.466s] Level 1:colcon.colcon_core.package_identification:_identify(.) by extensions ['ignore', 'ignore_ament_install']
[0.466s] Level 1:colcon.colcon_core.package_identification:_identify(.) by extension 'ignore'
[0.467s] Level 1:colcon.colcon_core.package_identification:_identify(.) by extension 'ignore_ament_install'
[0.467s] Level 1:colcon.colcon_core.package_identification:_identify(.) by extensions ['colcon_pkg']
[0.467s] Level 1:colcon.colcon_core.package_identification:_identify(.) by extension 'colcon_pkg'
[0.467s] Level 1:colcon.colcon_core.package_identification:_identify(.) by extensions ['colcon_meta']
[0.467s] Level 1:colcon.colcon_core.package_identification:_identify(.) by extension 'colcon_meta'
[0.467s] Level 1:colcon.colcon_core.package_identification:_identify(.) by extensions ['ros']
[0.467s] Level 1:colcon.colcon_core.package_identification:_identify(.) by extension 'ros'
[0.483s] Level 1:colcon.colcon_core.package_identification:_identify(.) by extensions ['cmake', 'python']
[0.484s] Level 1:colcon.colcon_core.package_identification:_identify(.) by extension 'cmake'
[0.484s] Level 1:colcon.colcon_core.package_identification:_identify(.) by extension 'python'
[0.484s] Level 1:colcon.colcon_core.package_identification:_identify(.) by extensions ['python_setup_py']
[0.484s] Level 1:colcon.colcon_core.package_identification:_identify(.) by extension 'python_setup_py'
[0.484s] Level 1:colcon.colcon_core.package_identification:_identify(build) by extensions ['ignore', 'ignore_ament_install']
[0.484s] Level 1:colcon.colcon_core.package_identification:_identify(build) by extension 'ignore'
[0.484s] Level 1:colcon.colcon_core.package_identification:_identify(build) ignored
[0.484s] Level 1:colcon.colcon_core.package_identification:_identify(install) by extensions ['ignore', 'ignore_ament_install']
[0.484s] Level 1:colcon.colcon_core.package_identification:_identify(install) by extension 'ignore'
[0.484s] Level 1:colcon.colcon_core.package_identification:_identify(install) ignored
[0.485s] Level 1:colcon.colcon_core.package_identification:_identify(log) by extensions ['ignore', 'ignore_ament_install']
[0.485s] Level 1:colcon.colcon_core.package_identification:_identify(log) by extension 'ignore'
[0.485s] Level 1:colcon.colcon_core.package_identification:_identify(log) ignored
[0.485s] Level 1:colcon.colcon_core.package_identification:_identify(src) by extensions ['ignore', 'ignore_ament_install']
[0.485s] Level 1:colcon.colcon_core.package_identification:_identify(src) by extension 'ignore'
[0.485s] Level 1:colcon.colcon_core.package_identification:_identify(src) by extension 'ignore_ament_install'
[0.486s] Level 1:colcon.colcon_core.package_identification:_identify(src) by extensions ['colcon_pkg']
[0.486s] Level 1:colcon.colcon_core.package_identification:_identify(src) by extension 'colcon_pkg'
[0.486s] Level 1:colcon.colcon_core.package_identification:_identify(src) by extensions ['colcon_meta']
[0.486s] Level 1:colcon.colcon_core.package_identification:_identify(src) by extension 'colcon_meta'
[0.486s] Level 1:colcon.colcon_core.package_identification:_identify(src) by extensions ['ros']
[0.486s] Level 1:colcon.colcon_core.package_identification:_identify(src) by extension 'ros'
[0.486s] Level 1:colcon.colcon_core.package_identification:_identify(src) by extensions ['cmake', 'python']
[0.486s] Level 1:colcon.colcon_core.package_identification:_identify(src) by extension 'cmake'
[0.486s] Level 1:colcon.colcon_core.package_identification:_identify(src) by extension 'python'
[0.486s] Level 1:colcon.colcon_core.package_identification:_identify(src) by extensions ['python_setup_py']
[0.486s] Level 1:colcon.colcon_core.package_identification:_identify(src) by extension 'python_setup_py'
[0.487s] Level 1:colcon.colcon_core.package_identification:_identify(src/casadi_mpc) by extensions ['ignore', 'ignore_ament_install']
[0.487s] Level 1:colcon.colcon_core.package_identification:_identify(src/casadi_mpc) by extension 'ignore'
[0.487s] Level 1:colcon.colcon_core.package_identification:_identify(src/casadi_mpc) by extension 'ignore_ament_install'
[0.487s] Level 1:colcon.colcon_core.package_identification:_identify(src/casadi_mpc) by extensions ['colcon_pkg']
[0.487s] Level 1:colcon.colcon_core.package_identification:_identify(src/casadi_mpc) by extension 'colcon_pkg'
[0.487s] Level 1:colcon.colcon_core.package_identification:_identify(src/casadi_mpc) by extensions ['colcon_meta']
[0.487s] Level 1:colcon.colcon_core.package_identification:_identify(src/casadi_mpc) by extension 'colcon_meta'
[0.487s] Level 1:colcon.colcon_core.package_identification:_identify(src/casadi_mpc) by extensions ['ros']
[0.487s] Level 1:colcon.colcon_core.package_identification:_identify(src/casadi_mpc) by extension 'ros'
[0.492s] DEBUG:colcon.colcon_core.package_identification:Package 'src/casadi_mpc' with type 'ros.ament_python' and name 'casadi_mpc'
[0.492s] Level 1:colcon.colcon_core.package_identification:_identify(src/gain_sch) by extensions ['ignore', 'ignore_ament_install']
[0.492s] Level 1:colcon.colcon_core.package_identification:_identify(src/gain_sch) by extension 'ignore'
[0.492s] Level 1:colcon.colcon_core.package_identification:_identify(src/gain_sch) by extension 'ignore_ament_install'
[0.492s] Level 1:colcon.colcon_core.package_identification:_identify(src/gain_sch) by extensions ['colcon_pkg']
[0.492s] Level 1:colcon.colcon_core.package_identification:_identify(src/gain_sch) by extension 'colcon_pkg'
[0.492s] Level 1:colcon.colcon_core.package_identification:_identify(src/gain_sch) by extensions ['colcon_meta']
[0.492s] Level 1:colcon.colcon_core.package_identification:_identify(src/gain_sch) by extension 'colcon_meta'
[0.492s] Level 1:colcon.colcon_core.package_identification:_identify(src/gain_sch) by extensions ['ros']
[0.492s] Level 1:colcon.colcon_core.package_identification:_identify(src/gain_sch) by extension 'ros'
[0.493s] DEBUG:colcon.colcon_core.package_identification:Package 'src/gain_sch' with type 'ros.ament_cmake' and name 'gain_sch'
[0.494s] Level 1:colcon.colcon_core.package_identification:_identify(src/tb3_robot) by extensions ['ignore', 'ignore_ament_install']
[0.494s] Level 1:colcon.colcon_core.package_identification:_identify(src/tb3_robot) by extension 'ignore'
[0.494s] Level 1:colcon.colcon_core.package_identification:_identify(src/tb3_robot) by extension 'ignore_ament_install'
[0.494s] Level 1:colcon.colcon_core.package_identification:_identify(src/tb3_robot) by extensions ['colcon_pkg']
[0.494s] Level 1:colcon.colcon_core.package_identification:_identify(src/tb3_robot) by extension 'colcon_pkg'
[0.494s] Level 1:colcon.colcon_core.package_identification:_identify(src/tb3_robot) by extensions ['colcon_meta']
[0.494s] Level 1:colcon.colcon_core.package_identification:_identify(src/tb3_robot) by extension 'colcon_meta'
[0.494s] Level 1:colcon.colcon_core.package_identification:_identify(src/tb3_robot) by extensions ['ros']
[0.494s] Level 1:colcon.colcon_core.package_identification:_identify(src/tb3_robot) by extension 'ros'
[0.496s] DEBUG:colcon.colcon_core.package_identification:Package 'src/tb3_robot' with type 'ros.ament_cmake' and name 'tb3_robot'
[0.497s] Level 1:colcon.colcon_core.package_identification:_identify(src/tb3_robot_bringup) by extensions ['ignore', 'ignore_ament_install']
[0.497s] Level 1:colcon.colcon_core.package_identification:_identify(src/tb3_robot_bringup) by extension 'ignore'
[0.497s] Level 1:colcon.colcon_core.package_identification:_identify(src/tb3_robot_bringup) by extension 'ignore_ament_install'
[0.497s] Level 1:colcon.colcon_core.package_identification:_identify(src/tb3_robot_bringup) by extensions ['colcon_pkg']
[0.497s] Level 1:colcon.colcon_core.package_identification:_identify(src/tb3_robot_bringup) by extension 'colcon_pkg'
[0.497s] Level 1:colcon.colcon_core.package_identification:_identify(src/tb3_robot_bringup) by extensions ['colcon_meta']
[0.497s] Level 1:colcon.colcon_core.package_identification:_identify(src/tb3_robot_bringup) by extension 'colcon_meta'
[0.497s] Level 1:colcon.colcon_core.package_identification:_identify(src/tb3_robot_bringup) by extensions ['ros']
[0.497s] Level 1:colcon.colcon_core.package_identification:_identify(src/tb3_robot_bringup) by extension 'ros'
[0.499s] DEBUG:colcon.colcon_core.package_identification:Package 'src/tb3_robot_bringup' with type 'ros.ament_cmake' and name 'tb3_robot_bringup'
[0.499s] Level 1:colcon.colcon_core.package_discovery:discover_packages(recursive) using defaults
[0.499s] Level 1:colcon.colcon_core.package_discovery:discover_packages(ignore) discover
[0.499s] Level 1:colcon.colcon_core.package_discovery:discover_packages(ignore) using defaults
[0.499s] Level 1:colcon.colcon_core.package_discovery:discover_packages(path) discover
[0.499s] Level 1:colcon.colcon_core.package_discovery:discover_packages(path) using defaults
[0.554s] Level 1:colcon.colcon_core.package_discovery:discover_packages(prefix_path) check parameters
[0.555s] Level 1:colcon.colcon_core.package_discovery:discover_packages(prefix_path) discover
[0.558s] DEBUG:colcon.colcon_installed_package_information.package_discovery:Found 5 installed packages in /home/badri/ros2_ws/install
[0.561s] DEBUG:colcon.colcon_installed_package_information.package_discovery:Found 395 installed packages in /opt/ros/humble
[0.564s] Level 1:colcon.colcon_core.package_discovery:discover_packages(prefix_path) using defaults
[0.646s] Level 5:colcon.colcon_core.verb:set package 'casadi_mpc' build argument 'cmake_args' from command line to 'None'
[0.646s] Level 5:colcon.colcon_core.verb:set package 'casadi_mpc' build argument 'cmake_target' from command line to 'None'
[0.646s] Level 5:colcon.colcon_core.verb:set package 'casadi_mpc' build argument 'cmake_target_skip_unavailable' from command line to 'False'
[0.646s] Level 5:colcon.colcon_core.verb:set package 'casadi_mpc' build argument 'cmake_clean_cache' from command line to 'False'
[0.646s] Level 5:colcon.colcon_core.verb:set package 'casadi_mpc' build argument 'cmake_clean_first' from command line to 'False'
[0.646s] Level 5:colcon.colcon_core.verb:set package 'casadi_mpc' build argument 'cmake_force_configure' from command line to 'False'
[0.646s] Level 5:colcon.colcon_core.verb:set package 'casadi_mpc' build argument 'ament_cmake_args' from command line to 'None'
[0.646s] Level 5:colcon.colcon_core.verb:set package 'casadi_mpc' build argument 'catkin_cmake_args' from command line to 'None'
[0.646s] Level 5:colcon.colcon_core.verb:set package 'casadi_mpc' build argument 'catkin_skip_building_tests' from command line to 'False'
[0.647s] DEBUG:colcon.colcon_core.verb:Building package 'casadi_mpc' with the following arguments: {'ament_cmake_args': None, 'build_base': '/home/badri/ros2_ws/build/casadi_mpc', 'catkin_cmake_args': None, 'catkin_skip_building_tests': False, 'cmake_args': None, 'cmake_clean_cache': False, 'cmake_clean_first': False, 'cmake_force_configure': False, 'cmake_target': None, 'cmake_target_skip_unavailable': False, 'install_base': '/home/badri/ros2_ws/install/casadi_mpc', 'merge_install': False, 'path': '/home/badri/ros2_ws/src/casadi_mpc', 'symlink_install': False, 'test_result_base': None}
[0.647s] Level 5:colcon.colcon_core.verb:set package 'gain_sch' build argument 'cmake_args' from command line to 'None'
[0.647s] Level 5:colcon.colcon_core.verb:set package 'gain_sch' build argument 'cmake_target' from command line to 'None'
[0.647s] Level 5:colcon.colcon_core.verb:set package 'gain_sch' build argument 'cmake_target_skip_unavailable' from command line to 'False'
[0.647s] Level 5:colcon.colcon_core.verb:set package 'gain_sch' build argument 'cmake_clean_cache' from command line to 'False'
[0.647s] Level 5:colcon.colcon_core.verb:set package 'gain_sch' build argument 'cmake_clean_first' from command line to 'False'
[0.647s] Level 5:colcon.colcon_core.verb:set package 'gain_sch' build argument 'cmake_force_configure' from command line to 'False'
[0.647s] Level 5:colcon.colcon_core.verb:set package 'gain_sch' build argument 'ament_cmake_args' from command line to 'None'
[0.647s] Level 5:colcon.colcon_core.verb:set package 'gain_sch' build argument 'catkin_cmake_args' from command line to 'None'
[0.647s] Level 5:colcon.colcon_core.verb:set package 'gain_sch' build argument 'catkin_skip_building_tests' from command line to 'False'
[0.647s] DEBUG:colcon.colcon_core.verb:Building package 'gain_sch' with the following arguments: {'ament_cmake_args': None, 'build_base': '/home/badri/ros2_ws/build/gain_sch', 'catkin_cmake_args': None, 'catkin_skip_building_tests': False, 'cmake_args': None, 'cmake_clean_cache': False, 'cmake_clean_first': False, 'cmake_force_configure': False, 'cmake_target': None, 'cmake_target_skip_unavailable': False, 'install_base': '/home/badri/ros2_ws/install/gain_sch', 'merge_install': False, 'path': '/home/badri/ros2_ws/src/gain_sch', 'symlink_install': False, 'test_result_base': None}
[0.648s] Level 5:colcon.colcon_core.verb:set package 'tb3_robot' build argument 'cmake_args' from command line to 'None'
[0.648s] Level 5:colcon.colcon_core.verb:set package 'tb3_robot' build argument 'cmake_target' from command line to 'None'
[0.648s] Level 5:colcon.colcon_core.verb:set package 'tb3_robot' build argument 'cmake_target_skip_unavailable' from command line to 'False'
[0.648s] Level 5:colcon.colcon_core.verb:set package 'tb3_robot' build argument 'cmake_clean_cache' from command line to 'False'
[0.648s] Level 5:colcon.colcon_core.verb:set package 'tb3_robot' build argument 'cmake_clean_first' from command line to 'False'
[0.648s] Level 5:colcon.colcon_core.verb:set package 'tb3_robot' build argument 'cmake_force_configure' from command line to 'False'
[0.648s] Level 5:colcon.colcon_core.verb:set package 'tb3_robot' build argument 'ament_cmake_args' from command line to 'None'
[0.648s] Level 5:colcon.colcon_core.verb:set package 'tb3_robot' build argument 'catkin_cmake_args' from command line to 'None'
[0.648s] Level 5:colcon.colcon_core.verb:set package 'tb3_robot' build argument 'catkin_skip_building_tests' from command line to 'False'
[0.648s] DEBUG:colcon.colcon_core.verb:Building package 'tb3_robot' with the following arguments: {'ament_cmake_args': None, 'build_base': '/home/badri/ros2_ws/build/tb3_robot', 'catkin_cmake_args': None, 'catkin_skip_building_tests': False, 'cmake_args': None, 'cmake_clean_cache': False, 'cmake_clean_first': False, 'cmake_force_configure': False, 'cmake_target': None, 'cmake_target_skip_unavailable': False, 'install_base': '/home/badri/ros2_ws/install/tb3_robot', 'merge_install': False, 'path': '/home/badri/ros2_ws/src/tb3_robot', 'symlink_install': False, 'test_result_base': None}
[0.649s] Level 5:colcon.colcon_core.verb:set package 'tb3_robot_bringup' build argument 'cmake_args' from command line to 'None'
[0.649s] Level 5:colcon.colcon_core.verb:set package 'tb3_robot_bringup' build argument 'cmake_target' from command line to 'None'
[0.649s] Level 5:colcon.colcon_core.verb:set package 'tb3_robot_bringup' build argument 'cmake_target_skip_unavailable' from command line to 'False'
[0.649s] Level 5:colcon.colcon_core.verb:set package 'tb3_robot_bringup' build argument 'cmake_clean_cache' from command line to 'False'
[0.649s] Level 5:colcon.colcon_core.verb:set package 'tb3_robot_bringup' build argument 'cmake_clean_first' from command line to 'False'
[0.649s] Level 5:colcon.colcon_core.verb:set package 'tb3_robot_bringup' build argument 'cmake_force_configure' from command line to 'False'
[0.649s] Level 5:colcon.colcon_core.verb:set package 'tb3_robot_bringup' build argument 'ament_cmake_args' from command line to 'None'
[0.649s] Level 5:colcon.colcon_core.verb:set package 'tb3_robot_bringup' build argument 'catkin_cmake_args' from command line to 'None'
[0.649s] Level 5:colcon.colcon_core.verb:set package 'tb3_robot_bringup' build argument 'catkin_skip_building_tests' from command line to 'False'
[0.649s] DEBUG:colcon.colcon_core.verb:Building package 'tb3_robot_bringup' with the following arguments: {'ament_cmake_args': None, 'build_base': '/home/badri/ros2_ws/build/tb3_robot_bringup', 'catkin_cmake_args': None, 'catkin_skip_building_tests': False, 'cmake_args': None, 'cmake_clean_cache': False, 'cmake_clean_first': False, 'cmake_force_configure': False, 'cmake_target': None, 'cmake_target_skip_unavailable': False, 'install_base': '/home/badri/ros2_ws/install/tb3_robot_bringup', 'merge_install': False, 'path': '/home/badri/ros2_ws/src/tb3_robot_bringup', 'symlink_install': False, 'test_result_base': None}
[0.649s] INFO:colcon.colcon_core.executor:Executing jobs using 'parallel' executor
[0.650s] DEBUG:colcon.colcon_parallel_executor.executor.parallel:run_until_complete
[0.651s] INFO:colcon.colcon_ros.task.ament_python.build:Building ROS package in '/home/badri/ros2_ws/src/casadi_mpc' with build type 'ament_python'
[0.651s] Level 1:colcon.colcon_core.shell:create_environment_hook('casadi_mpc', 'ament_prefix_path')
[0.655s] INFO:colcon.colcon_core.plugin_system:Skipping extension 'colcon_core.shell.bat': Not used on non-Windows systems
[0.655s] INFO:colcon.colcon_core.shell:Creating environment hook '/home/badri/ros2_ws/install/casadi_mpc/share/casadi_mpc/hook/ament_prefix_path.ps1'
[0.657s] INFO:colcon.colcon_core.shell:Creating environment descriptor '/home/badri/ros2_ws/install/casadi_mpc/share/casadi_mpc/hook/ament_prefix_path.dsv'
[0.657s] INFO:colcon.colcon_core.shell:Creating environment hook '/home/badri/ros2_ws/install/casadi_mpc/share/casadi_mpc/hook/ament_prefix_path.sh'
[0.659s] INFO:colcon.colcon_core.shell:Skip shell extension 'powershell' for command environment: Not usable outside of PowerShell
[0.659s] DEBUG:colcon.colcon_core.shell:Skip shell extension 'dsv' for command environment
[0.664s] INFO:colcon.colcon_ros.task.ament_cmake.build:Building ROS package in '/home/badri/ros2_ws/src/gain_sch' with build type 'ament_cmake'
[0.664s] INFO:colcon.colcon_cmake.task.cmake.build:Building CMake package in '/home/badri/ros2_ws/src/gain_sch'
[0.665s] INFO:colcon.colcon_core.shell:Skip shell extension 'powershell' for command environment: Not usable outside of PowerShell
[0.665s] DEBUG:colcon.colcon_core.shell:Skip shell extension 'dsv' for command environment
[0.670s] INFO:colcon.colcon_ros.task.ament_cmake.build:Building ROS package in '/home/badri/ros2_ws/src/tb3_robot' with build type 'ament_cmake'
[0.670s] INFO:colcon.colcon_cmake.task.cmake.build:Building CMake package in '/home/badri/ros2_ws/src/tb3_robot'
[0.671s] INFO:colcon.colcon_core.shell:Skip shell extension 'powershell' for command environment: Not usable outside of PowerShell
[0.671s] DEBUG:colcon.colcon_core.shell:Skip shell extension 'dsv' for command environment
[0.677s] INFO:colcon.colcon_ros.task.ament_cmake.build:Building ROS package in '/home/badri/ros2_ws/src/tb3_robot_bringup' with build type 'ament_cmake'
[0.677s] INFO:colcon.colcon_cmake.task.cmake.build:Building CMake package in '/home/badri/ros2_ws/src/tb3_robot_bringup'
[0.678s] INFO:colcon.colcon_core.shell:Skip shell extension 'powershell' for command environment: Not usable outside of PowerShell
[0.678s] DEBUG:colcon.colcon_core.shell:Skip shell extension 'dsv' for command environment
[1.199s] INFO:colcon.colcon_core.task.python.build:Building Python package in '/home/badri/ros2_ws/src/casadi_mpc'
[1.200s] INFO:colcon.colcon_core.shell:Skip shell extension 'powershell' for command environment: Not usable outside of PowerShell
[1.200s] DEBUG:colcon.colcon_core.shell:Skip shell extension 'dsv' for command environment
[1.214s] DEBUG:colcon.colcon_core.event_handler.log_command:Invoking command in '/home/badri/ros2_ws/build/gain_sch': CMAKE_PREFIX_PATH=${CMAKE_PREFIX_PATH}:/home/badri/ros2_ws/install/casadi_mpc:/opt/ros/humble /usr/bin/cmake --build /home/badri/ros2_ws/build/gain_sch -- -j8 -l8
[1.221s] DEBUG:colcon.colcon_core.event_handler.log_command:Invoking command in '/home/badri/ros2_ws/build/tb3_robot': CMAKE_PREFIX_PATH=${CMAKE_PREFIX_PATH}:/home/badri/ros2_ws/install/casadi_mpc:/opt/ros/humble /usr/bin/cmake --build /home/badri/ros2_ws/build/tb3_robot -- -j8 -l8
[1.229s] DEBUG:colcon.colcon_core.event_handler.log_command:Invoking command in '/home/badri/ros2_ws/build/tb3_robot_bringup': CMAKE_PREFIX_PATH=${CMAKE_PREFIX_PATH}:/home/badri/ros2_ws/install/casadi_mpc:/opt/ros/humble /usr/bin/cmake --build /home/badri/ros2_ws/build/tb3_robot_bringup -- -j8 -l8
[1.291s] DEBUG:colcon.colcon_core.event_handler.log_command:Invoked command in '/home/badri/ros2_ws/build/tb3_robot_bringup' returned '0': CMAKE_PREFIX_PATH=${CMAKE_PREFIX_PATH}:/home/badri/ros2_ws/install/casadi_mpc:/opt/ros/humble /usr/bin/cmake --build /home/badri/ros2_ws/build/tb3_robot_bringup -- -j8 -l8
[1.348s] DEBUG:colcon.colcon_core.event_handler.log_command:Invoking command in '/home/badri/ros2_ws/build/tb3_robot_bringup': CMAKE_PREFIX_PATH=${CMAKE_PREFIX_PATH}:/home/badri/ros2_ws/install/casadi_mpc:/opt/ros/humble /usr/bin/cmake --install /home/badri/ros2_ws/build/tb3_robot_bringup
[1.351s] DEBUG:colcon.colcon_core.event_handler.log_command:Invoked command in '/home/badri/ros2_ws/build/tb3_robot' returned '0': CMAKE_PREFIX_PATH=${CMAKE_PREFIX_PATH}:/home/badri/ros2_ws/install/casadi_mpc:/opt/ros/humble /usr/bin/cmake --build /home/badri/ros2_ws/build/tb3_robot -- -j8 -l8
[1.366s] Level 1:colcon.colcon_core.environment:create_environment_scripts_only(tb3_robot_bringup)
[1.371s] DEBUG:colcon.colcon_core.event_handler.log_command:Invoked command in '/home/badri/ros2_ws/build/tb3_robot_bringup' returned '0': CMAKE_PREFIX_PATH=${CMAKE_PREFIX_PATH}:/home/badri/ros2_ws/install/casadi_mpc:/opt/ros/humble /usr/bin/cmake --install /home/badri/ros2_ws/build/tb3_robot_bringup
[1.373s] Level 1:colcon.colcon_core.environment:checking '/home/badri/ros2_ws/install/tb3_robot_bringup' for CMake module files
[1.373s] Level 1:colcon.colcon_core.environment:checking '/home/badri/ros2_ws/install/tb3_robot_bringup' for CMake config files
[1.374s] Level 1:colcon.colcon_core.shell:create_environment_hook('tb3_robot_bringup', 'cmake_prefix_path')
[1.374s] INFO:colcon.colcon_core.shell:Creating environment hook '/home/badri/ros2_ws/install/tb3_robot_bringup/share/tb3_robot_bringup/hook/cmake_prefix_path.ps1'
[1.375s] INFO:colcon.colcon_core.shell:Creating environment descriptor '/home/badri/ros2_ws/install/tb3_robot_bringup/share/tb3_robot_bringup/hook/cmake_prefix_path.dsv'
[1.376s] INFO:colcon.colcon_core.shell:Creating environment hook '/home/badri/ros2_ws/install/tb3_robot_bringup/share/tb3_robot_bringup/hook/cmake_prefix_path.sh'
[1.377s] Level 1:colcon.colcon_core.environment:checking '/home/badri/ros2_ws/install/tb3_robot_bringup/bin'
[1.377s] Level 1:colcon.colcon_core.environment:checking '/home/badri/ros2_ws/install/tb3_robot_bringup/lib/pkgconfig/tb3_robot_bringup.pc'
[1.378s] Level 1:colcon.colcon_core.environment:checking '/home/badri/ros2_ws/install/tb3_robot_bringup/lib/python3.10/site-packages'
[1.378s] Level 1:colcon.colcon_core.environment:checking '/home/badri/ros2_ws/install/tb3_robot_bringup/bin'
[1.379s] INFO:colcon.colcon_core.shell:Creating package script '/home/badri/ros2_ws/install/tb3_robot_bringup/share/tb3_robot_bringup/package.ps1'
[1.380s] INFO:colcon.colcon_core.shell:Creating package descriptor '/home/badri/ros2_ws/install/tb3_robot_bringup/share/tb3_robot_bringup/package.dsv'
[1.382s] INFO:colcon.colcon_core.shell:Creating package script '/home/badri/ros2_ws/install/tb3_robot_bringup/share/tb3_robot_bringup/package.sh'
[1.384s] INFO:colcon.colcon_core.shell:Creating package script '/home/badri/ros2_ws/install/tb3_robot_bringup/share/tb3_robot_bringup/package.bash'
[1.385s] INFO:colcon.colcon_core.shell:Creating package script '/home/badri/ros2_ws/install/tb3_robot_bringup/share/tb3_robot_bringup/package.zsh'
[1.387s] Level 1:colcon.colcon_core.environment:create_file_with_runtime_dependencies(/home/badri/ros2_ws/install/tb3_robot_bringup/share/colcon-core/packages/tb3_robot_bringup)
[1.413s] DEBUG:colcon.colcon_core.event_handler.log_command:Invoking command in '/home/badri/ros2_ws/build/tb3_robot': CMAKE_PREFIX_PATH=${CMAKE_PREFIX_PATH}:/home/badri/ros2_ws/install/casadi_mpc:/opt/ros/humble /usr/bin/cmake --install /home/badri/ros2_ws/build/tb3_robot
[1.429s] Level 1:colcon.colcon_core.environment:create_environment_scripts_only(tb3_robot_bringup)
[1.430s] Level 1:colcon.colcon_core.environment:checking '/home/badri/ros2_ws/install/tb3_robot_bringup' for CMake module files
[1.432s] Level 1:colcon.colcon_core.environment:checking '/home/badri/ros2_ws/install/tb3_robot_bringup' for CMake config files
[1.434s] Level 1:colcon.colcon_core.shell:create_environment_hook('tb3_robot_bringup', 'cmake_prefix_path')
[1.435s] INFO:colcon.colcon_core.shell:Creating environment hook '/home/badri/ros2_ws/install/tb3_robot_bringup/share/tb3_robot_bringup/hook/cmake_prefix_path.ps1'
[1.436s] INFO:colcon.colcon_core.shell:Creating environment descriptor '/home/badri/ros2_ws/install/tb3_robot_bringup/share/tb3_robot_bringup/hook/cmake_prefix_path.dsv'
[1.436s] INFO:colcon.colcon_core.shell:Creating environment hook '/home/badri/ros2_ws/install/tb3_robot_bringup/share/tb3_robot_bringup/hook/cmake_prefix_path.sh'
[1.437s] Level 1:colcon.colcon_core.environment:checking '/home/badri/ros2_ws/install/tb3_robot_bringup/bin'
[1.437s] Level 1:colcon.colcon_core.environment:checking '/home/badri/ros2_ws/install/tb3_robot_bringup/lib/pkgconfig/tb3_robot_bringup.pc'
[1.438s] Level 1:colcon.colcon_core.environment:checking '/home/badri/ros2_ws/install/tb3_robot_bringup/lib/python3.10/site-packages'
[1.438s] Level 1:colcon.colcon_core.environment:checking '/home/badri/ros2_ws/install/tb3_robot_bringup/bin'
[1.439s] INFO:colcon.colcon_core.shell:Creating package script '/home/badri/ros2_ws/install/tb3_robot_bringup/share/tb3_robot_bringup/package.ps1'
[1.440s] INFO:colcon.colcon_core.shell:Creating package descriptor '/home/badri/ros2_ws/install/tb3_robot_bringup/share/tb3_robot_bringup/package.dsv'
[1.441s] INFO:colcon.colcon_core.shell:Creating package script '/home/badri/ros2_ws/install/tb3_robot_bringup/share/tb3_robot_bringup/package.sh'
[1.442s] INFO:colcon.colcon_core.shell:Creating package script '/home/badri/ros2_ws/install/tb3_robot_bringup/share/tb3_robot_bringup/package.bash'
[1.442s] INFO:colcon.colcon_core.shell:Creating package script '/home/badri/ros2_ws/install/tb3_robot_bringup/share/tb3_robot_bringup/package.zsh'
[1.443s] Level 1:colcon.colcon_core.environment:create_file_with_runtime_dependencies(/home/badri/ros2_ws/install/tb3_robot_bringup/share/colcon-core/packages/tb3_robot_bringup)
[1.444s] Level 1:colcon.colcon_core.environment:create_environment_scripts_only(tb3_robot)
[1.445s] Level 1:colcon.colcon_core.environment:checking '/home/badri/ros2_ws/install/tb3_robot' for CMake module files
[1.446s] DEBUG:colcon.colcon_core.event_handler.log_command:Invoked command in '/home/badri/ros2_ws/build/tb3_robot' returned '0': CMAKE_PREFIX_PATH=${CMAKE_PREFIX_PATH}:/home/badri/ros2_ws/install/casadi_mpc:/opt/ros/humble /usr/bin/cmake --install /home/badri/ros2_ws/build/tb3_robot
[1.447s] Level 1:colcon.colcon_core.environment:checking '/home/badri/ros2_ws/install/tb3_robot' for CMake config files
[1.447s] Level 1:colcon.colcon_core.shell:create_environment_hook('tb3_robot', 'cmake_prefix_path')
[1.448s] INFO:colcon.colcon_core.shell:Creating environment hook '/home/badri/ros2_ws/install/tb3_robot/share/tb3_robot/hook/cmake_prefix_path.ps1'
[1.449s] INFO:colcon.colcon_core.shell:Creating environment descriptor '/home/badri/ros2_ws/install/tb3_robot/share/tb3_robot/hook/cmake_prefix_path.dsv'
[1.449s] INFO:colcon.colcon_core.shell:Creating environment hook '/home/badri/ros2_ws/install/tb3_robot/share/tb3_robot/hook/cmake_prefix_path.sh'
[1.450s] Level 1:colcon.colcon_core.environment:checking '/home/badri/ros2_ws/install/tb3_robot/lib'
[1.450s] Level 1:colcon.colcon_core.environment:checking '/home/badri/ros2_ws/install/tb3_robot/bin'
[1.450s] Level 1:colcon.colcon_core.environment:checking '/home/badri/ros2_ws/install/tb3_robot/lib/pkgconfig/tb3_robot.pc'
[1.451s] Level 1:colcon.colcon_core.environment:checking '/home/badri/ros2_ws/install/tb3_robot/lib/python3.10/site-packages'
[1.451s] Level 1:colcon.colcon_core.environment:checking '/home/badri/ros2_ws/install/tb3_robot/bin'
[1.452s] INFO:colcon.colcon_core.shell:Creating package script '/home/badri/ros2_ws/install/tb3_robot/share/tb3_robot/package.ps1'
[1.453s] INFO:colcon.colcon_core.shell:Creating package descriptor '/home/badri/ros2_ws/install/tb3_robot/share/tb3_robot/package.dsv'
[1.454s] INFO:colcon.colcon_core.shell:Creating package script '/home/badri/ros2_ws/install/tb3_robot/share/tb3_robot/package.sh'
[1.455s] INFO:colcon.colcon_core.shell:Creating package script '/home/badri/ros2_ws/install/tb3_robot/share/tb3_robot/package.bash'
[1.455s] INFO:colcon.colcon_core.shell:Creating package script '/home/badri/ros2_ws/install/tb3_robot/share/tb3_robot/package.zsh'
[1.456s] Level 1:colcon.colcon_core.environment:create_file_with_runtime_dependencies(/home/badri/ros2_ws/install/tb3_robot/share/colcon-core/packages/tb3_robot)
[1.508s] Level 1:colcon.colcon_core.environment:create_environment_scripts_only(tb3_robot)
[1.509s] Level 1:colcon.colcon_core.environment:checking '/home/badri/ros2_ws/install/tb3_robot' for CMake module files
[1.510s] Level 1:colcon.colcon_core.environment:checking '/home/badri/ros2_ws/install/tb3_robot' for CMake config files
[1.510s] Level 1:colcon.colcon_core.shell:create_environment_hook('tb3_robot', 'cmake_prefix_path')
[1.510s] INFO:colcon.colcon_core.shell:Creating environment hook '/home/badri/ros2_ws/install/tb3_robot/share/tb3_robot/hook/cmake_prefix_path.ps1'
[1.511s] INFO:colcon.colcon_core.shell:Creating environment descriptor '/home/badri/ros2_ws/install/tb3_robot/share/tb3_robot/hook/cmake_prefix_path.dsv'
[1.511s] INFO:colcon.colcon_core.shell:Creating environment hook '/home/badri/ros2_ws/install/tb3_robot/share/tb3_robot/hook/cmake_prefix_path.sh'
[1.512s] Level 1:colcon.colcon_core.environment:checking '/home/badri/ros2_ws/install/tb3_robot/lib'
[1.512s] Level 1:colcon.colcon_core.environment:checking '/home/badri/ros2_ws/install/tb3_robot/bin'
[1.512s] Level 1:colcon.colcon_core.environment:checking '/home/badri/ros2_ws/install/tb3_robot/lib/pkgconfig/tb3_robot.pc'
[1.513s] Level 1:colcon.colcon_core.environment:checking '/home/badri/ros2_ws/install/tb3_robot/lib/python3.10/site-packages'
[1.513s] Level 1:colcon.colcon_core.environment:checking '/home/badri/ros2_ws/install/tb3_robot/bin'
[1.513s] INFO:colcon.colcon_core.shell:Creating package script '/home/badri/ros2_ws/install/tb3_robot/share/tb3_robot/package.ps1'
[1.514s] INFO:colcon.colcon_core.shell:Creating package descriptor '/home/badri/ros2_ws/install/tb3_robot/share/tb3_robot/package.dsv'
[1.515s] INFO:colcon.colcon_core.shell:Creating package script '/home/badri/ros2_ws/install/tb3_robot/share/tb3_robot/package.sh'
[1.515s] INFO:colcon.colcon_core.shell:Creating package script '/home/badri/ros2_ws/install/tb3_robot/share/tb3_robot/package.bash'
[1.516s] INFO:colcon.colcon_core.shell:Creating package script '/home/badri/ros2_ws/install/tb3_robot/share/tb3_robot/package.zsh'
[1.517s] Level 1:colcon.colcon_core.environment:create_file_with_runtime_dependencies(/home/badri/ros2_ws/install/tb3_robot/share/colcon-core/packages/tb3_robot)
[1.955s] DEBUG:colcon.colcon_core.event_handler.log_command:Invoking command in '/home/badri/ros2_ws/src/casadi_mpc': PYTHONPATH=/home/badri/ros2_ws/build/casadi_mpc/prefix_override:/usr/lib/python3/dist-packages/colcon_core/task/python/colcon_distutils_commands:/home/badri/ros2_ws/install/casadi_mpc/lib/python3.10/site-packages:${PYTHONPATH} /usr/bin/python3 -W ignore:setup.py install is deprecated setup.py egg_info --egg-base ../../build/casadi_mpc build --build-base /home/badri/ros2_ws/build/casadi_mpc/build install --record /home/badri/ros2_ws/build/casadi_mpc/install.log --single-version-externally-managed install_data
[2.528s] Level 1:colcon.colcon_core.environment:checking '/home/badri/ros2_ws/install/casadi_mpc' for CMake module files
[2.529s] DEBUG:colcon.colcon_core.event_handler.log_command:Invoked command in '/home/badri/ros2_ws/src/casadi_mpc' returned '0': PYTHONPATH=/home/badri/ros2_ws/build/casadi_mpc/prefix_override:/usr/lib/python3/dist-packages/colcon_core/task/python/colcon_distutils_commands:/home/badri/ros2_ws/install/casadi_mpc/lib/python3.10/site-packages:${PYTHONPATH} /usr/bin/python3 -W ignore:setup.py install is deprecated setup.py egg_info --egg-base ../../build/casadi_mpc build --build-base /home/badri/ros2_ws/build/casadi_mpc/build install --record /home/badri/ros2_ws/build/casadi_mpc/install.log --single-version-externally-managed install_data
[2.530s] Level 1:colcon.colcon_core.environment:checking '/home/badri/ros2_ws/install/casadi_mpc' for CMake config files
[2.531s] Level 1:colcon.colcon_core.environment:checking '/home/badri/ros2_ws/install/casadi_mpc/lib'
[2.531s] Level 1:colcon.colcon_core.environment:checking '/home/badri/ros2_ws/install/casadi_mpc/bin'
[2.531s] Level 1:colcon.colcon_core.environment:checking '/home/badri/ros2_ws/install/casadi_mpc/lib/pkgconfig/casadi_mpc.pc'
[2.531s] Level 1:colcon.colcon_core.environment:checking '/home/badri/ros2_ws/install/casadi_mpc/lib/python3.10/site-packages'
[2.531s] Level 1:colcon.colcon_core.shell:create_environment_hook('casadi_mpc', 'pythonpath')
[2.532s] INFO:colcon.colcon_core.shell:Creating environment hook '/home/badri/ros2_ws/install/casadi_mpc/share/casadi_mpc/hook/pythonpath.ps1'
[2.533s] INFO:colcon.colcon_core.shell:Creating environment descriptor '/home/badri/ros2_ws/install/casadi_mpc/share/casadi_mpc/hook/pythonpath.dsv'
[2.533s] INFO:colcon.colcon_core.shell:Creating environment hook '/home/badri/ros2_ws/install/casadi_mpc/share/casadi_mpc/hook/pythonpath.sh'
[2.534s] Level 1:colcon.colcon_core.environment:checking '/home/badri/ros2_ws/install/casadi_mpc/bin'
[2.534s] Level 1:colcon.colcon_core.environment:create_environment_scripts_only(casadi_mpc)
[2.535s] INFO:colcon.colcon_core.shell:Creating package script '/home/badri/ros2_ws/install/casadi_mpc/share/casadi_mpc/package.ps1'
[2.536s] INFO:colcon.colcon_core.shell:Creating package descriptor '/home/badri/ros2_ws/install/casadi_mpc/share/casadi_mpc/package.dsv'
[2.537s] INFO:colcon.colcon_core.shell:Creating package script '/home/badri/ros2_ws/install/casadi_mpc/share/casadi_mpc/package.sh'
[2.537s] INFO:colcon.colcon_core.shell:Creating package script '/home/badri/ros2_ws/install/casadi_mpc/share/casadi_mpc/package.bash'
[2.538s] INFO:colcon.colcon_core.shell:Creating package script '/home/badri/ros2_ws/install/casadi_mpc/share/casadi_mpc/package.zsh'
[2.539s] Level 1:colcon.colcon_core.environment:create_file_with_runtime_dependencies(/home/badri/ros2_ws/install/casadi_mpc/share/colcon-core/packages/casadi_mpc)
[14.648s] DEBUG:colcon.colcon_core.event_handler.log_command:Invoked command in '/home/badri/ros2_ws/build/gain_sch' returned '0': CMAKE_PREFIX_PATH=${CMAKE_PREFIX_PATH}:/home/badri/ros2_ws/install/casadi_mpc:/opt/ros/humble /usr/bin/cmake --build /home/badri/ros2_ws/build/gain_sch -- -j8 -l8
[14.738s] DEBUG:colcon.colcon_core.event_handler.log_command:Invoking command in '/home/badri/ros2_ws/build/gain_sch': CMAKE_PREFIX_PATH=${CMAKE_PREFIX_PATH}:/home/badri/ros2_ws/install/casadi_mpc:/opt/ros/humble /usr/bin/cmake --install /home/badri/ros2_ws/build/gain_sch
[14.812s] Level 1:colcon.colcon_core.environment:create_environment_scripts_only(gain_sch)
[14.815s] Level 1:colcon.colcon_core.environment:checking '/home/badri/ros2_ws/install/gain_sch' for CMake module files
[14.821s] DEBUG:colcon.colcon_core.event_handler.log_command:Invoked command in '/home/badri/ros2_ws/build/gain_sch' returned '0': CMAKE_PREFIX_PATH=${CMAKE_PREFIX_PATH}:/home/badri/ros2_ws/install/casadi_mpc:/opt/ros/humble /usr/bin/cmake --install /home/badri/ros2_ws/build/gain_sch
[14.822s] Level 1:colcon.colcon_core.environment:checking '/home/badri/ros2_ws/install/gain_sch' for CMake config files
[14.823s] Level 1:colcon.colcon_core.shell:create_environment_hook('gain_sch', 'cmake_prefix_path')
[14.825s] INFO:colcon.colcon_core.shell:Creating environment hook '/home/badri/ros2_ws/install/gain_sch/share/gain_sch/hook/cmake_prefix_path.ps1'
[14.828s] INFO:colcon.colcon_core.shell:Creating environment descriptor '/home/badri/ros2_ws/install/gain_sch/share/gain_sch/hook/cmake_prefix_path.dsv'
[14.830s] INFO:colcon.colcon_core.shell:Creating environment hook '/home/badri/ros2_ws/install/gain_sch/share/gain_sch/hook/cmake_prefix_path.sh'
[14.834s] Level 1:colcon.colcon_core.environment:checking '/home/badri/ros2_ws/install/gain_sch/lib'
[14.834s] Level 1:colcon.colcon_core.environment:checking '/home/badri/ros2_ws/install/gain_sch/bin'
[14.835s] Level 1:colcon.colcon_core.environment:checking '/home/badri/ros2_ws/install/gain_sch/lib/pkgconfig/gain_sch.pc'
[14.836s] Level 1:colcon.colcon_core.environment:checking '/home/badri/ros2_ws/install/gain_sch/lib/python3.10/site-packages'
[14.837s] Level 1:colcon.colcon_core.environment:checking '/home/badri/ros2_ws/install/gain_sch/bin'
[14.839s] INFO:colcon.colcon_core.shell:Creating package script '/home/badri/ros2_ws/install/gain_sch/share/gain_sch/package.ps1'
[14.842s] INFO:colcon.colcon_core.shell:Creating package descriptor '/home/badri/ros2_ws/install/gain_sch/share/gain_sch/package.dsv'
[14.845s] INFO:colcon.colcon_core.shell:Creating package script '/home/badri/ros2_ws/install/gain_sch/share/gain_sch/package.sh'
[14.847s] INFO:colcon.colcon_core.shell:Creating package script '/home/badri/ros2_ws/install/gain_sch/share/gain_sch/package.bash'
[14.850s] INFO:colcon.colcon_core.shell:Creating package script '/home/badri/ros2_ws/install/gain_sch/share/gain_sch/package.zsh'
[14.853s] Level 1:colcon.colcon_core.environment:create_file_with_runtime_dependencies(/home/badri/ros2_ws/install/gain_sch/share/colcon-core/packages/gain_sch)
[14.970s] Level 1:colcon.colcon_core.environment:create_environment_scripts_only(gain_sch)
[14.971s] Level 1:colcon.colcon_core.environment:checking '/home/badri/ros2_ws/install/gain_sch' for CMake module files
[14.972s] Level 1:colcon.colcon_core.environment:checking '/home/badri/ros2_ws/install/gain_sch' for CMake config files
[14.973s] Level 1:colcon.colcon_core.shell:create_environment_hook('gain_sch', 'cmake_prefix_path')
[14.974s] INFO:colcon.colcon_core.shell:Creating environment hook '/home/badri/ros2_ws/install/gain_sch/share/gain_sch/hook/cmake_prefix_path.ps1'
[14.976s] INFO:colcon.colcon_core.shell:Creating environment descriptor '/home/badri/ros2_ws/install/gain_sch/share/gain_sch/hook/cmake_prefix_path.dsv'
[14.978s] INFO:colcon.colcon_core.shell:Creating environment hook '/home/badri/ros2_ws/install/gain_sch/share/gain_sch/hook/cmake_prefix_path.sh'
[14.981s] Level 1:colcon.colcon_core.environment:checking '/home/badri/ros2_ws/install/gain_sch/lib'
[14.982s] Level 1:colcon.colcon_core.environment:checking '/home/badri/ros2_ws/install/gain_sch/bin'
[14.982s] Level 1:colcon.colcon_core.environment:checking '/home/badri/ros2_ws/install/gain_sch/lib/pkgconfig/gain_sch.pc'
[14.983s] Level 1:colcon.colcon_core.environment:checking '/home/badri/ros2_ws/install/gain_sch/lib/python3.10/site-packages'
[14.985s] Level 1:colcon.colcon_core.environment:checking '/home/badri/ros2_ws/install/gain_sch/bin'
[14.985s] INFO:colcon.colcon_core.shell:Creating package script '/home/badri/ros2_ws/install/gain_sch/share/gain_sch/package.ps1'
[14.987s] INFO:colcon.colcon_core.shell:Creating package descriptor '/home/badri/ros2_ws/install/gain_sch/share/gain_sch/package.dsv'
[14.989s] INFO:colcon.colcon_core.shell:Creating package script '/home/badri/ros2_ws/install/gain_sch/share/gain_sch/package.sh'
[14.992s] INFO:colcon.colcon_core.shell:Creating package script '/home/badri/ros2_ws/install/gain_sch/share/gain_sch/package.bash'
[14.993s] INFO:colcon.colcon_core.shell:Creating package script '/home/badri/ros2_ws/install/gain_sch/share/gain_sch/package.zsh'
[14.995s] Level 1:colcon.colcon_core.environment:create_file_with_runtime_dependencies(/home/badri/ros2_ws/install/gain_sch/share/colcon-core/packages/gain_sch)
[14.996s] DEBUG:colcon.colcon_parallel_executor.executor.parallel:closing loop
[14.997s] DEBUG:colcon.colcon_parallel_executor.executor.parallel:loop closed
[14.997s] DEBUG:colcon.colcon_parallel_executor.executor.parallel:run_until_complete finished with '0'
[14.998s] DEBUG:colcon.colcon_core.event_reactor:joining thread
[15.009s] INFO:colcon.colcon_core.plugin_system:Skipping extension 'colcon_notification.desktop_notification.terminal_notifier': Not used on non-Darwin systems
[15.009s] INFO:colcon.colcon_core.plugin_system:Skipping extension 'colcon_notification.desktop_notification.win32': Not used on non-Windows systems
[15.009s] INFO:colcon.colcon_notification.desktop_notification:Sending desktop notification using 'notify2'
[15.028s] DEBUG:colcon.colcon_core.event_reactor:joined thread
[15.029s] INFO:colcon.colcon_core.shell:Creating prefix script '/home/badri/ros2_ws/install/local_setup.ps1'
[15.031s] INFO:colcon.colcon_core.shell:Creating prefix util module '/home/badri/ros2_ws/install/_local_setup_util_ps1.py'
[15.034s] INFO:colcon.colcon_core.shell:Creating prefix chain script '/home/badri/ros2_ws/install/setup.ps1'
[15.036s] INFO:colcon.colcon_core.shell:Creating prefix script '/home/badri/ros2_ws/install/local_setup.sh'
[15.037s] INFO:colcon.colcon_core.shell:Creating prefix util module '/home/badri/ros2_ws/install/_local_setup_util_sh.py'
[15.039s] INFO:colcon.colcon_core.shell:Creating prefix chain script '/home/badri/ros2_ws/install/setup.sh'
[15.041s] INFO:colcon.colcon_core.shell:Creating prefix script '/home/badri/ros2_ws/install/local_setup.bash'
[15.042s] INFO:colcon.colcon_core.shell:Creating prefix chain script '/home/badri/ros2_ws/install/setup.bash'
[15.043s] INFO:colcon.colcon_core.shell:Creating prefix script '/home/badri/ros2_ws/install/local_setup.zsh'
[15.044s] INFO:colcon.colcon_core.shell:Creating prefix chain script '/home/badri/ros2_ws/install/setup.zsh'
