[0.015s] Invoking command in '/home/badri/ros2_ws/build/mpc_package': CMAKE_PREFIX_PATH=${CMAKE_PREFIX_PATH}:/opt/ros/humble /usr/bin/cmake --build /home/badri/ros2_ws/build/mpc_package -- -j8 -l8
[0.048s] -- Found ament_cmake: 1.3.10 (/opt/ros/humble/share/ament_cmake/cmake)
[0.451s] -- Found rclcpp: 16.0.10 (/opt/ros/humble/share/rclcpp/cmake)
[0.491s] -- Found rosidl_generator_c: 3.1.5 (/opt/ros/humble/share/rosidl_generator_c/cmake)
[0.494s] -- Found rosidl_adapter: 3.1.5 (/opt/ros/humble/share/rosidl_adapter/cmake)
[0.506s] -- Found rosidl_generator_cpp: 3.1.5 (/opt/ros/humble/share/rosidl_generator_cpp/cmake)
[0.531s] -- Using all available rosidl_typesupport_c: rosidl_typesupport_fastrtps_c;rosidl_typesupport_introspection_c
[0.565s] -- Using all available rosidl_typesupport_cpp: rosidl_typesupport_fastrtps_cpp;rosidl_typesupport_introspection_cpp
[0.650s] -- Found rmw_implementation_cmake: 6.1.2 (/opt/ros/humble/share/rmw_implementation_cmake/cmake)
[0.653s] -- Found rmw_fastrtps_cpp: 6.2.7 (/opt/ros/humble/share/rmw_fastrtps_cpp/cmake)
[0.827s] -- Using RMW implementation 'rmw_fastrtps_cpp' as default
[1.039s] -- Found geometry_msgs: 4.2.4 (/opt/ros/humble/share/geometry_msgs/cmake)
[1.079s] -- Found nav_msgs: 4.2.4 (/opt/ros/humble/share/nav_msgs/cmake)
[1.103s] -- Found tf2: 0.25.8 (/opt/ros/humble/share/tf2/cmake)
[1.108s] -- Found tf2_geometry_msgs: 0.25.8 (/opt/ros/humble/share/tf2_geometry_msgs/cmake)
[1.111s] -- Found eigen3_cmake_module: 0.1.1 (/opt/ros/humble/share/eigen3_cmake_module/cmake)
[1.112s] -- Ensuring Eigen3 include directory is part of orocos-kdl CMake target
[1.302s] -- Configuring done
[1.353s] -- Generating done
[1.360s] -- Build files have been written to: /home/badri/ros2_ws/build/mpc_package
[1.468s] [35m[1mConsolidate compiler generated dependencies of target mpc_node[0m
[1.546s] [ 50%] [32m[1mLinking CXX executable mpc_node[0m
[2.348s] [100%] Built target mpc_node
[2.362s] Invoked command in '/home/badri/ros2_ws/build/mpc_package' returned '0': CMAKE_PREFIX_PATH=${CMAKE_PREFIX_PATH}:/opt/ros/humble /usr/bin/cmake --build /home/badri/ros2_ws/build/mpc_package -- -j8 -l8
[2.406s] Invoking command in '/home/badri/ros2_ws/build/mpc_package': CMAKE_PREFIX_PATH=${CMAKE_PREFIX_PATH}:/opt/ros/humble /usr/bin/cmake --install /home/badri/ros2_ws/build/mpc_package
[2.418s] -- Install configuration: ""
[2.418s] -- Installing: /home/badri/ros2_ws/install/mpc_package/lib/mpc_package/mpc_node
[2.425s] -- Set runtime path of "/home/badri/ros2_ws/install/mpc_package/lib/mpc_package/mpc_node" to ""
[2.425s] -- Up-to-date: /home/badri/ros2_ws/install/mpc_package/share/ament_index/resource_index/package_run_dependencies/mpc_package
[2.425s] -- Installing: /home/badri/ros2_ws/install/mpc_package/share/ament_index/resource_index/parent_prefix_path/mpc_package
[2.425s] -- Up-to-date: /home/badri/ros2_ws/install/mpc_package/share/mpc_package/environment/ament_prefix_path.sh
[2.425s] -- Installing: /home/badri/ros2_ws/install/mpc_package/share/mpc_package/environment/ament_prefix_path.dsv
[2.426s] -- Up-to-date: /home/badri/ros2_ws/install/mpc_package/share/mpc_package/environment/path.sh
[2.426s] -- Installing: /home/badri/ros2_ws/install/mpc_package/share/mpc_package/environment/path.dsv
[2.426s] -- Up-to-date: /home/badri/ros2_ws/install/mpc_package/share/mpc_package/local_setup.bash
[2.426s] -- Up-to-date: /home/badri/ros2_ws/install/mpc_package/share/mpc_package/local_setup.sh
[2.426s] -- Up-to-date: /home/badri/ros2_ws/install/mpc_package/share/mpc_package/local_setup.zsh
[2.427s] -- Installing: /home/badri/ros2_ws/install/mpc_package/share/mpc_package/local_setup.dsv
[2.427s] -- Installing: /home/badri/ros2_ws/install/mpc_package/share/mpc_package/package.dsv
[2.427s] -- Up-to-date: /home/badri/ros2_ws/install/mpc_package/share/ament_index/resource_index/packages/mpc_package
[2.427s] -- Up-to-date: /home/badri/ros2_ws/install/mpc_package/share/mpc_package/cmake/mpc_packageConfig.cmake
[2.427s] -- Up-to-date: /home/badri/ros2_ws/install/mpc_package/share/mpc_package/cmake/mpc_packageConfig-version.cmake
[2.427s] -- Up-to-date: /home/badri/ros2_ws/install/mpc_package/share/mpc_package/package.xml
[2.430s] Invoked command in '/home/badri/ros2_ws/build/mpc_package' returned '0': CMAKE_PREFIX_PATH=${CMAKE_PREFIX_PATH}:/opt/ros/humble /usr/bin/cmake --install /home/badri/ros2_ws/build/mpc_package
