[0.014s] Invoking command in '/home/badri/ros2_ws/build/mpc_package': CMAKE_PREFIX_PATH=${CMAKE_PREFIX_PATH}:/opt/ros/humble /usr/bin/cmake --build /home/badri/ros2_ws/build/mpc_package -- -j8 -l8
[0.047s] -- Found ament_cmake: 1.3.10 (/opt/ros/humble/share/ament_cmake/cmake)
[0.492s] -- Found rclcpp: 16.0.10 (/opt/ros/humble/share/rclcpp/cmake)
[0.553s] -- Found rosidl_generator_c: 3.1.5 (/opt/ros/humble/share/rosidl_generator_c/cmake)
[0.563s] -- Found rosidl_adapter: 3.1.5 (/opt/ros/humble/share/rosidl_adapter/cmake)
[0.587s] -- Found rosidl_generator_cpp: 3.1.5 (/opt/ros/humble/share/rosidl_generator_cpp/cmake)
[0.627s] -- Using all available rosidl_typesupport_c: rosidl_typesupport_fastrtps_c;rosidl_typesupport_introspection_c
[0.679s] -- Using all available rosidl_typesupport_cpp: rosidl_typesupport_fastrtps_cpp;rosidl_typesupport_introspection_cpp
[0.772s] -- Found rmw_implementation_cmake: 6.1.2 (/opt/ros/humble/share/rmw_implementation_cmake/cmake)
[0.774s] -- Found rmw_fastrtps_cpp: 6.2.7 (/opt/ros/humble/share/rmw_fastrtps_cpp/cmake)
[0.901s] -- Using RMW implementation 'rmw_fastrtps_cpp' as default
[0.966s] -- Found geometry_msgs: 4.2.4 (/opt/ros/humble/share/geometry_msgs/cmake)
[0.982s] -- Found nav_msgs: 4.2.4 (/opt/ros/humble/share/nav_msgs/cmake)
[1.016s] [31mCMake Error at CMakeLists.txt:15 (find_package):
[1.016s]   By not providing "Findcasadi.cmake" in CMAKE_MODULE_PATH this project has
[1.016s]   asked CMake to find a package configuration file provided by "casadi", but
[1.016s]   CMake did not find one.
[1.016s] 
[1.016s]   Could not find a package configuration file provided by "casadi" with any
[1.016s]   of the following names:
[1.016s] 
[1.016s]     casadiConfig.cmake
[1.016s]     casadi-config.cmake
[1.016s] 
[1.016s]   Add the installation prefix of "casadi" to CMAKE_PREFIX_PATH or set
[1.016s]   "casadi_DIR" to a directory containing one of the above files.  If "casadi"
[1.016s]   provides a separate development package or SDK, be sure it has been
[1.016s]   installed.
[1.016s] 
[1.017s] [0m
[1.017s] -- Configuring incomplete, errors occurred!
[1.017s] See also "/home/badri/ros2_ws/build/mpc_package/CMakeFiles/CMakeOutput.log".
[1.022s] gmake: *** [Makefile:226: cmake_check_build_system] Error 1
[1.024s] Invoked command in '/home/badri/ros2_ws/build/mpc_package' returned '2': CMAKE_PREFIX_PATH=${CMAKE_PREFIX_PATH}:/opt/ros/humble /usr/bin/cmake --build /home/badri/ros2_ws/build/mpc_package -- -j8 -l8
