[0.582s] Invoking command in '/home/badri/ros2_ws/build/gain_sch': CMAKE_PREFIX_PATH=${CMAKE_PREFIX_PATH}:/home/badri/ros2_ws/install/casadi_mpc:/opt/ros/humble /usr/bin/cmake --build /home/badri/ros2_ws/build/gain_sch -- -j8 -l8
[0.646s] [35m[1mConsolidate compiler generated dependencies of target binary_search[0m
[0.675s] [ 25%] [32mBuilding CXX object CMakeFiles/binary_search.dir/src/binary_search.cpp.o[0m
[0.676s] [ 75%] Built target gain_schedulling
[11.261s] [100%] [32m[1mLinking CXX executable binary_search[0m
[11.937s] [100%] Built target binary_search
[11.953s] Invoked command in '/home/badri/ros2_ws/build/gain_sch' returned '0': CMAKE_PREFIX_PATH=${CMAKE_PREFIX_PATH}:/home/badri/ros2_ws/install/casadi_mpc:/opt/ros/humble /usr/bin/cmake --build /home/badri/ros2_ws/build/gain_sch -- -j8 -l8
[12.035s] Invoking command in '/home/badri/ros2_ws/build/gain_sch': CMAKE_PREFIX_PATH=${CMAKE_PREFIX_PATH}:/home/badri/ros2_ws/install/casadi_mpc:/opt/ros/humble /usr/bin/cmake --install /home/badri/ros2_ws/build/gain_sch
[12.064s] -- Install configuration: ""
[12.065s] -- Up-to-date: /home/badri/ros2_ws/install/gain_sch/lib/gain_sch/gain_schedulling
[12.067s] -- Installing: /home/badri/ros2_ws/install/gain_sch/lib/gain_sch/binary_search
[12.089s] -- Set runtime path of "/home/badri/ros2_ws/install/gain_sch/lib/gain_sch/binary_search" to ""
[12.090s] -- Up-to-date: /home/badri/ros2_ws/install/gain_sch/share/ament_index/resource_index/package_run_dependencies/gain_sch
[12.091s] -- Up-to-date: /home/badri/ros2_ws/install/gain_sch/share/ament_index/resource_index/parent_prefix_path/gain_sch
[12.092s] -- Up-to-date: /home/badri/ros2_ws/install/gain_sch/share/gain_sch/environment/ament_prefix_path.sh
[12.092s] -- Up-to-date: /home/badri/ros2_ws/install/gain_sch/share/gain_sch/environment/ament_prefix_path.dsv
[12.093s] -- Up-to-date: /home/badri/ros2_ws/install/gain_sch/share/gain_sch/environment/path.sh
[12.094s] -- Up-to-date: /home/badri/ros2_ws/install/gain_sch/share/gain_sch/environment/path.dsv
[12.094s] -- Up-to-date: /home/badri/ros2_ws/install/gain_sch/share/gain_sch/local_setup.bash
[12.095s] -- Up-to-date: /home/badri/ros2_ws/install/gain_sch/share/gain_sch/local_setup.sh
[12.095s] -- Up-to-date: /home/badri/ros2_ws/install/gain_sch/share/gain_sch/local_setup.zsh
[12.095s] -- Up-to-date: /home/badri/ros2_ws/install/gain_sch/share/gain_sch/local_setup.dsv
[12.096s] -- Installing: /home/badri/ros2_ws/install/gain_sch/share/gain_sch/package.dsv
[12.096s] -- Up-to-date: /home/badri/ros2_ws/install/gain_sch/share/ament_index/resource_index/packages/gain_sch
[12.097s] -- Up-to-date: /home/badri/ros2_ws/install/gain_sch/share/gain_sch/cmake/gain_schConfig.cmake
[12.097s] -- Up-to-date: /home/badri/ros2_ws/install/gain_sch/share/gain_sch/cmake/gain_schConfig-version.cmake
[12.098s] -- Up-to-date: /home/badri/ros2_ws/install/gain_sch/share/gain_sch/package.xml
[12.104s] Invoked command in '/home/badri/ros2_ws/build/gain_sch' returned '0': CMAKE_PREFIX_PATH=${CMAKE_PREFIX_PATH}:/home/badri/ros2_ws/install/casadi_mpc:/opt/ros/humble /usr/bin/cmake --install /home/badri/ros2_ws/build/gain_sch
