[0.107s] DEBUG:colcon:Command line arguments: ['/usr/bin/colcon', 'build']
[0.107s] DEBUG:colcon:Parsed command line arguments: Namespace(log_base=None, log_level=None, verb_name='build', build_base='build', install_base='install', merge_install=False, symlink_install=False, test_result_base=None, continue_on_error=False, executor='parallel', parallel_workers=8, event_handlers=None, ignore_user_meta=False, metas=['./colcon.meta'], base_paths=['.'], packages_ignore=None, packages_ignore_regex=None, paths=None, packages_up_to=None, packages_up_to_regex=None, packages_above=None, packages_above_and_dependencies=None, packages_above_depth=None, packages_select_by_dep=None, packages_skip_by_dep=None, packages_skip_up_to=None, packages_select_build_failed=False, packages_skip_build_finished=False, packages_select_test_failures=False, packages_skip_test_passed=False, packages_select=None, packages_skip=None, packages_select_regex=None, packages_skip_regex=None, packages_start=None, packages_end=None, allow_overriding=[], cmake_args=None, cmake_target=None, cmake_target_skip_unavailable=False, cmake_clean_cache=False, cmake_clean_first=False, cmake_force_configure=False, ament_cmake_args=None, catkin_cmake_args=None, catkin_skip_building_tests=False, mixin_files=None, mixin=None, verb_parser=<colcon_mixin.mixin.mixin_argument.MixinArgumentDecorator object at 0x7c33a8a2a2f0>, verb_extension=<colcon_core.verb.build.BuildVerb object at 0x7c33a8b21f30>, main=<bound method BuildVerb.main of <colcon_core.verb.build.BuildVerb object at 0x7c33a8b21f30>>, mixin_verb=('build',))
[0.270s] Level 1:colcon.colcon_core.package_discovery:discover_packages(colcon_meta) check parameters
[0.270s] Level 1:colcon.colcon_core.package_discovery:discover_packages(recursive) check parameters
[0.270s] Level 1:colcon.colcon_core.package_discovery:discover_packages(ignore) check parameters
[0.270s] Level 1:colcon.colcon_core.package_discovery:discover_packages(path) check parameters
[0.270s] Level 1:colcon.colcon_core.package_discovery:discover_packages(colcon_meta) discover
[0.270s] Level 1:colcon.colcon_core.package_discovery:discover_packages(recursive) discover
[0.270s] INFO:colcon.colcon_core.package_discovery:Crawling recursively for packages in '/home/badri/ros2_ws'
[0.270s] Level 1:colcon.colcon_core.package_identification:_identify(.) by extensions ['ignore', 'ignore_ament_install']
[0.270s] Level 1:colcon.colcon_core.package_identification:_identify(.) by extension 'ignore'
[0.270s] Level 1:colcon.colcon_core.package_identification:_identify(.) by extension 'ignore_ament_install'
[0.270s] Level 1:colcon.colcon_core.package_identification:_identify(.) by extensions ['colcon_pkg']
[0.270s] Level 1:colcon.colcon_core.package_identification:_identify(.) by extension 'colcon_pkg'
[0.270s] Level 1:colcon.colcon_core.package_identification:_identify(.) by extensions ['colcon_meta']
[0.270s] Level 1:colcon.colcon_core.package_identification:_identify(.) by extension 'colcon_meta'
[0.270s] Level 1:colcon.colcon_core.package_identification:_identify(.) by extensions ['ros']
[0.270s] Level 1:colcon.colcon_core.package_identification:_identify(.) by extension 'ros'
[0.281s] Level 1:colcon.colcon_core.package_identification:_identify(.) by extensions ['cmake', 'python']
[0.281s] Level 1:colcon.colcon_core.package_identification:_identify(.) by extension 'cmake'
[0.281s] Level 1:colcon.colcon_core.package_identification:_identify(.) by extension 'python'
[0.281s] Level 1:colcon.colcon_core.package_identification:_identify(.) by extensions ['python_setup_py']
[0.281s] Level 1:colcon.colcon_core.package_identification:_identify(.) by extension 'python_setup_py'
[0.281s] Level 1:colcon.colcon_core.package_identification:_identify(build) by extensions ['ignore', 'ignore_ament_install']
[0.281s] Level 1:colcon.colcon_core.package_identification:_identify(build) by extension 'ignore'
[0.282s] Level 1:colcon.colcon_core.package_identification:_identify(build) ignored
[0.282s] Level 1:colcon.colcon_core.package_identification:_identify(install) by extensions ['ignore', 'ignore_ament_install']
[0.282s] Level 1:colcon.colcon_core.package_identification:_identify(install) by extension 'ignore'
[0.282s] Level 1:colcon.colcon_core.package_identification:_identify(install) ignored
[0.282s] Level 1:colcon.colcon_core.package_identification:_identify(log) by extensions ['ignore', 'ignore_ament_install']
[0.282s] Level 1:colcon.colcon_core.package_identification:_identify(log) by extension 'ignore'
[0.282s] Level 1:colcon.colcon_core.package_identification:_identify(log) ignored
[0.282s] Level 1:colcon.colcon_core.package_identification:_identify(src) by extensions ['ignore', 'ignore_ament_install']
[0.282s] Level 1:colcon.colcon_core.package_identification:_identify(src) by extension 'ignore'
[0.282s] Level 1:colcon.colcon_core.package_identification:_identify(src) by extension 'ignore_ament_install'
[0.282s] Level 1:colcon.colcon_core.package_identification:_identify(src) by extensions ['colcon_pkg']
[0.282s] Level 1:colcon.colcon_core.package_identification:_identify(src) by extension 'colcon_pkg'
[0.282s] Level 1:colcon.colcon_core.package_identification:_identify(src) by extensions ['colcon_meta']
[0.282s] Level 1:colcon.colcon_core.package_identification:_identify(src) by extension 'colcon_meta'
[0.282s] Level 1:colcon.colcon_core.package_identification:_identify(src) by extensions ['ros']
[0.282s] Level 1:colcon.colcon_core.package_identification:_identify(src) by extension 'ros'
[0.283s] Level 1:colcon.colcon_core.package_identification:_identify(src) by extensions ['cmake', 'python']
[0.283s] Level 1:colcon.colcon_core.package_identification:_identify(src) by extension 'cmake'
[0.283s] Level 1:colcon.colcon_core.package_identification:_identify(src) by extension 'python'
[0.283s] Level 1:colcon.colcon_core.package_identification:_identify(src) by extensions ['python_setup_py']
[0.283s] Level 1:colcon.colcon_core.package_identification:_identify(src) by extension 'python_setup_py'
[0.283s] Level 1:colcon.colcon_core.package_identification:_identify(src/tb3_robot) by extensions ['ignore', 'ignore_ament_install']
[0.283s] Level 1:colcon.colcon_core.package_identification:_identify(src/tb3_robot) by extension 'ignore'
[0.283s] Level 1:colcon.colcon_core.package_identification:_identify(src/tb3_robot) by extension 'ignore_ament_install'
[0.283s] Level 1:colcon.colcon_core.package_identification:_identify(src/tb3_robot) by extensions ['colcon_pkg']
[0.283s] Level 1:colcon.colcon_core.package_identification:_identify(src/tb3_robot) by extension 'colcon_pkg'
[0.283s] Level 1:colcon.colcon_core.package_identification:_identify(src/tb3_robot) by extensions ['colcon_meta']
[0.283s] Level 1:colcon.colcon_core.package_identification:_identify(src/tb3_robot) by extension 'colcon_meta'
[0.283s] Level 1:colcon.colcon_core.package_identification:_identify(src/tb3_robot) by extensions ['ros']
[0.283s] Level 1:colcon.colcon_core.package_identification:_identify(src/tb3_robot) by extension 'ros'
[0.286s] DEBUG:colcon.colcon_core.package_identification:Package 'src/tb3_robot' with type 'ros.ament_cmake' and name 'tb3_robot'
[0.286s] Level 1:colcon.colcon_core.package_identification:_identify(src/tb3_robot_bringup) by extensions ['ignore', 'ignore_ament_install']
[0.286s] Level 1:colcon.colcon_core.package_identification:_identify(src/tb3_robot_bringup) by extension 'ignore'
[0.287s] Level 1:colcon.colcon_core.package_identification:_identify(src/tb3_robot_bringup) by extension 'ignore_ament_install'
[0.287s] Level 1:colcon.colcon_core.package_identification:_identify(src/tb3_robot_bringup) by extensions ['colcon_pkg']
[0.287s] Level 1:colcon.colcon_core.package_identification:_identify(src/tb3_robot_bringup) by extension 'colcon_pkg'
[0.287s] Level 1:colcon.colcon_core.package_identification:_identify(src/tb3_robot_bringup) by extensions ['colcon_meta']
[0.287s] Level 1:colcon.colcon_core.package_identification:_identify(src/tb3_robot_bringup) by extension 'colcon_meta'
[0.287s] Level 1:colcon.colcon_core.package_identification:_identify(src/tb3_robot_bringup) by extensions ['ros']
[0.287s] Level 1:colcon.colcon_core.package_identification:_identify(src/tb3_robot_bringup) by extension 'ros'
[0.287s] DEBUG:colcon.colcon_core.package_identification:Package 'src/tb3_robot_bringup' with type 'ros.ament_cmake' and name 'tb3_robot_bringup'
[0.287s] Level 1:colcon.colcon_core.package_discovery:discover_packages(recursive) using defaults
[0.288s] Level 1:colcon.colcon_core.package_discovery:discover_packages(ignore) discover
[0.288s] Level 1:colcon.colcon_core.package_discovery:discover_packages(ignore) using defaults
[0.288s] Level 1:colcon.colcon_core.package_discovery:discover_packages(path) discover
[0.288s] Level 1:colcon.colcon_core.package_discovery:discover_packages(path) using defaults
[0.318s] Level 1:colcon.colcon_core.package_discovery:discover_packages(prefix_path) check parameters
[0.318s] Level 1:colcon.colcon_core.package_discovery:discover_packages(prefix_path) discover
[0.319s] DEBUG:colcon.colcon_installed_package_information.package_discovery:Found 1 installed packages in /home/badri/ros2_ws/install
[0.320s] DEBUG:colcon.colcon_installed_package_information.package_discovery:Found 270 installed packages in /opt/ros/humble
[0.321s] Level 1:colcon.colcon_core.package_discovery:discover_packages(prefix_path) using defaults
[0.357s] Level 5:colcon.colcon_core.verb:set package 'tb3_robot' build argument 'cmake_args' from command line to 'None'
[0.358s] Level 5:colcon.colcon_core.verb:set package 'tb3_robot' build argument 'cmake_target' from command line to 'None'
[0.358s] Level 5:colcon.colcon_core.verb:set package 'tb3_robot' build argument 'cmake_target_skip_unavailable' from command line to 'False'
[0.358s] Level 5:colcon.colcon_core.verb:set package 'tb3_robot' build argument 'cmake_clean_cache' from command line to 'False'
[0.358s] Level 5:colcon.colcon_core.verb:set package 'tb3_robot' build argument 'cmake_clean_first' from command line to 'False'
[0.358s] Level 5:colcon.colcon_core.verb:set package 'tb3_robot' build argument 'cmake_force_configure' from command line to 'False'
[0.358s] Level 5:colcon.colcon_core.verb:set package 'tb3_robot' build argument 'ament_cmake_args' from command line to 'None'
[0.358s] Level 5:colcon.colcon_core.verb:set package 'tb3_robot' build argument 'catkin_cmake_args' from command line to 'None'
[0.358s] Level 5:colcon.colcon_core.verb:set package 'tb3_robot' build argument 'catkin_skip_building_tests' from command line to 'False'
[0.358s] DEBUG:colcon.colcon_core.verb:Building package 'tb3_robot' with the following arguments: {'ament_cmake_args': None, 'build_base': '/home/badri/ros2_ws/build/tb3_robot', 'catkin_cmake_args': None, 'catkin_skip_building_tests': False, 'cmake_args': None, 'cmake_clean_cache': False, 'cmake_clean_first': False, 'cmake_force_configure': False, 'cmake_target': None, 'cmake_target_skip_unavailable': False, 'install_base': '/home/badri/ros2_ws/install/tb3_robot', 'merge_install': False, 'path': '/home/badri/ros2_ws/src/tb3_robot', 'symlink_install': False, 'test_result_base': None}
[0.358s] Level 5:colcon.colcon_core.verb:set package 'tb3_robot_bringup' build argument 'cmake_args' from command line to 'None'
[0.358s] Level 5:colcon.colcon_core.verb:set package 'tb3_robot_bringup' build argument 'cmake_target' from command line to 'None'
[0.358s] Level 5:colcon.colcon_core.verb:set package 'tb3_robot_bringup' build argument 'cmake_target_skip_unavailable' from command line to 'False'
[0.358s] Level 5:colcon.colcon_core.verb:set package 'tb3_robot_bringup' build argument 'cmake_clean_cache' from command line to 'False'
[0.358s] Level 5:colcon.colcon_core.verb:set package 'tb3_robot_bringup' build argument 'cmake_clean_first' from command line to 'False'
[0.358s] Level 5:colcon.colcon_core.verb:set package 'tb3_robot_bringup' build argument 'cmake_force_configure' from command line to 'False'
[0.358s] Level 5:colcon.colcon_core.verb:set package 'tb3_robot_bringup' build argument 'ament_cmake_args' from command line to 'None'
[0.358s] Level 5:colcon.colcon_core.verb:set package 'tb3_robot_bringup' build argument 'catkin_cmake_args' from command line to 'None'
[0.358s] Level 5:colcon.colcon_core.verb:set package 'tb3_robot_bringup' build argument 'catkin_skip_building_tests' from command line to 'False'
[0.358s] DEBUG:colcon.colcon_core.verb:Building package 'tb3_robot_bringup' with the following arguments: {'ament_cmake_args': None, 'build_base': '/home/badri/ros2_ws/build/tb3_robot_bringup', 'catkin_cmake_args': None, 'catkin_skip_building_tests': False, 'cmake_args': None, 'cmake_clean_cache': False, 'cmake_clean_first': False, 'cmake_force_configure': False, 'cmake_target': None, 'cmake_target_skip_unavailable': False, 'install_base': '/home/badri/ros2_ws/install/tb3_robot_bringup', 'merge_install': False, 'path': '/home/badri/ros2_ws/src/tb3_robot_bringup', 'symlink_install': False, 'test_result_base': None}
[0.358s] INFO:colcon.colcon_core.executor:Executing jobs using 'parallel' executor
[0.360s] DEBUG:colcon.colcon_parallel_executor.executor.parallel:run_until_complete
[0.360s] INFO:colcon.colcon_ros.task.ament_cmake.build:Building ROS package in '/home/badri/ros2_ws/src/tb3_robot' with build type 'ament_cmake'
[0.360s] INFO:colcon.colcon_cmake.task.cmake.build:Building CMake package in '/home/badri/ros2_ws/src/tb3_robot'
[0.362s] INFO:colcon.colcon_core.plugin_system:Skipping extension 'colcon_core.shell.bat': Not used on non-Windows systems
[0.363s] INFO:colcon.colcon_core.shell:Skip shell extension 'powershell' for command environment: Not usable outside of PowerShell
[0.363s] DEBUG:colcon.colcon_core.shell:Skip shell extension 'dsv' for command environment
[0.366s] INFO:colcon.colcon_ros.task.ament_cmake.build:Building ROS package in '/home/badri/ros2_ws/src/tb3_robot_bringup' with build type 'ament_cmake'
[0.366s] INFO:colcon.colcon_cmake.task.cmake.build:Building CMake package in '/home/badri/ros2_ws/src/tb3_robot_bringup'
[0.366s] INFO:colcon.colcon_core.shell:Skip shell extension 'powershell' for command environment: Not usable outside of PowerShell
[0.366s] DEBUG:colcon.colcon_core.shell:Skip shell extension 'dsv' for command environment
[0.376s] DEBUG:colcon.colcon_core.event_handler.log_command:Invoking command in '/home/badri/ros2_ws/build/tb3_robot': CMAKE_PREFIX_PATH=${CMAKE_PREFIX_PATH}:/opt/ros/humble /usr/bin/cmake --build /home/badri/ros2_ws/build/tb3_robot -- -j8 -l8
[0.384s] DEBUG:colcon.colcon_core.event_handler.log_command:Invoking command in '/home/badri/ros2_ws/build/tb3_robot_bringup': CMAKE_PREFIX_PATH=${CMAKE_PREFIX_PATH}:/opt/ros/humble /usr/bin/cmake --build /home/badri/ros2_ws/build/tb3_robot_bringup -- -j8 -l8
[0.431s] DEBUG:colcon.colcon_core.event_handler.log_command:Invoked command in '/home/badri/ros2_ws/build/tb3_robot_bringup' returned '0': CMAKE_PREFIX_PATH=${CMAKE_PREFIX_PATH}:/opt/ros/humble /usr/bin/cmake --build /home/badri/ros2_ws/build/tb3_robot_bringup -- -j8 -l8
[0.470s] DEBUG:colcon.colcon_core.event_handler.log_command:Invoking command in '/home/badri/ros2_ws/build/tb3_robot_bringup': CMAKE_PREFIX_PATH=${CMAKE_PREFIX_PATH}:/opt/ros/humble /usr/bin/cmake --install /home/badri/ros2_ws/build/tb3_robot_bringup
[0.485s] Level 1:colcon.colcon_core.environment:create_environment_scripts_only(tb3_robot_bringup)
[0.486s] DEBUG:colcon.colcon_core.event_handler.log_command:Invoked command in '/home/badri/ros2_ws/build/tb3_robot_bringup' returned '0': CMAKE_PREFIX_PATH=${CMAKE_PREFIX_PATH}:/opt/ros/humble /usr/bin/cmake --install /home/badri/ros2_ws/build/tb3_robot_bringup
[0.489s] Level 1:colcon.colcon_core.environment:checking '/home/badri/ros2_ws/install/tb3_robot_bringup' for CMake module files
[0.489s] Level 1:colcon.colcon_core.environment:checking '/home/badri/ros2_ws/install/tb3_robot_bringup' for CMake config files
[0.490s] Level 1:colcon.colcon_core.shell:create_environment_hook('tb3_robot_bringup', 'cmake_prefix_path')
[0.490s] INFO:colcon.colcon_core.shell:Creating environment hook '/home/badri/ros2_ws/install/tb3_robot_bringup/share/tb3_robot_bringup/hook/cmake_prefix_path.ps1'
[0.491s] INFO:colcon.colcon_core.shell:Creating environment descriptor '/home/badri/ros2_ws/install/tb3_robot_bringup/share/tb3_robot_bringup/hook/cmake_prefix_path.dsv'
[0.492s] INFO:colcon.colcon_core.shell:Creating environment hook '/home/badri/ros2_ws/install/tb3_robot_bringup/share/tb3_robot_bringup/hook/cmake_prefix_path.sh'
[0.493s] Level 1:colcon.colcon_core.environment:checking '/home/badri/ros2_ws/install/tb3_robot_bringup/bin'
[0.493s] Level 1:colcon.colcon_core.environment:checking '/home/badri/ros2_ws/install/tb3_robot_bringup/lib/pkgconfig/tb3_robot_bringup.pc'
[0.494s] Level 1:colcon.colcon_core.environment:checking '/home/badri/ros2_ws/install/tb3_robot_bringup/lib/python3.10/site-packages'
[0.494s] Level 1:colcon.colcon_core.environment:checking '/home/badri/ros2_ws/install/tb3_robot_bringup/bin'
[0.494s] INFO:colcon.colcon_core.shell:Creating package script '/home/badri/ros2_ws/install/tb3_robot_bringup/share/tb3_robot_bringup/package.ps1'
[0.496s] INFO:colcon.colcon_core.shell:Creating package descriptor '/home/badri/ros2_ws/install/tb3_robot_bringup/share/tb3_robot_bringup/package.dsv'
[0.497s] INFO:colcon.colcon_core.shell:Creating package script '/home/badri/ros2_ws/install/tb3_robot_bringup/share/tb3_robot_bringup/package.sh'
[0.498s] INFO:colcon.colcon_core.shell:Creating package script '/home/badri/ros2_ws/install/tb3_robot_bringup/share/tb3_robot_bringup/package.bash'
[0.499s] INFO:colcon.colcon_core.shell:Creating package script '/home/badri/ros2_ws/install/tb3_robot_bringup/share/tb3_robot_bringup/package.zsh'
[0.500s] Level 1:colcon.colcon_core.environment:create_file_with_runtime_dependencies(/home/badri/ros2_ws/install/tb3_robot_bringup/share/colcon-core/packages/tb3_robot_bringup)
[0.526s] Level 1:colcon.colcon_core.environment:create_environment_scripts_only(tb3_robot_bringup)
[0.526s] Level 1:colcon.colcon_core.environment:checking '/home/badri/ros2_ws/install/tb3_robot_bringup' for CMake module files
[0.527s] Level 1:colcon.colcon_core.environment:checking '/home/badri/ros2_ws/install/tb3_robot_bringup' for CMake config files
[0.527s] Level 1:colcon.colcon_core.shell:create_environment_hook('tb3_robot_bringup', 'cmake_prefix_path')
[0.527s] INFO:colcon.colcon_core.shell:Creating environment hook '/home/badri/ros2_ws/install/tb3_robot_bringup/share/tb3_robot_bringup/hook/cmake_prefix_path.ps1'
[0.528s] INFO:colcon.colcon_core.shell:Creating environment descriptor '/home/badri/ros2_ws/install/tb3_robot_bringup/share/tb3_robot_bringup/hook/cmake_prefix_path.dsv'
[0.528s] INFO:colcon.colcon_core.shell:Creating environment hook '/home/badri/ros2_ws/install/tb3_robot_bringup/share/tb3_robot_bringup/hook/cmake_prefix_path.sh'
[0.529s] Level 1:colcon.colcon_core.environment:checking '/home/badri/ros2_ws/install/tb3_robot_bringup/bin'
[0.529s] Level 1:colcon.colcon_core.environment:checking '/home/badri/ros2_ws/install/tb3_robot_bringup/lib/pkgconfig/tb3_robot_bringup.pc'
[0.529s] Level 1:colcon.colcon_core.environment:checking '/home/badri/ros2_ws/install/tb3_robot_bringup/lib/python3.10/site-packages'
[0.530s] Level 1:colcon.colcon_core.environment:checking '/home/badri/ros2_ws/install/tb3_robot_bringup/bin'
[0.530s] INFO:colcon.colcon_core.shell:Creating package script '/home/badri/ros2_ws/install/tb3_robot_bringup/share/tb3_robot_bringup/package.ps1'
[0.530s] INFO:colcon.colcon_core.shell:Creating package descriptor '/home/badri/ros2_ws/install/tb3_robot_bringup/share/tb3_robot_bringup/package.dsv'
[0.531s] INFO:colcon.colcon_core.shell:Creating package script '/home/badri/ros2_ws/install/tb3_robot_bringup/share/tb3_robot_bringup/package.sh'
[0.531s] INFO:colcon.colcon_core.shell:Creating package script '/home/badri/ros2_ws/install/tb3_robot_bringup/share/tb3_robot_bringup/package.bash'
[0.532s] INFO:colcon.colcon_core.shell:Creating package script '/home/badri/ros2_ws/install/tb3_robot_bringup/share/tb3_robot_bringup/package.zsh'
[0.533s] Level 1:colcon.colcon_core.environment:create_file_with_runtime_dependencies(/home/badri/ros2_ws/install/tb3_robot_bringup/share/colcon-core/packages/tb3_robot_bringup)
[9.597s] DEBUG:colcon.colcon_core.event_handler.log_command:Invoked command in '/home/badri/ros2_ws/build/tb3_robot' returned '0': CMAKE_PREFIX_PATH=${CMAKE_PREFIX_PATH}:/opt/ros/humble /usr/bin/cmake --build /home/badri/ros2_ws/build/tb3_robot -- -j8 -l8
[9.636s] DEBUG:colcon.colcon_core.event_handler.log_command:Invoking command in '/home/badri/ros2_ws/build/tb3_robot': CMAKE_PREFIX_PATH=${CMAKE_PREFIX_PATH}:/opt/ros/humble /usr/bin/cmake --install /home/badri/ros2_ws/build/tb3_robot
[9.661s] Level 1:colcon.colcon_core.environment:create_environment_scripts_only(tb3_robot)
[9.661s] Level 1:colcon.colcon_core.environment:checking '/home/badri/ros2_ws/install/tb3_robot' for CMake module files
[9.662s] DEBUG:colcon.colcon_core.event_handler.log_command:Invoked command in '/home/badri/ros2_ws/build/tb3_robot' returned '0': CMAKE_PREFIX_PATH=${CMAKE_PREFIX_PATH}:/opt/ros/humble /usr/bin/cmake --install /home/badri/ros2_ws/build/tb3_robot
[9.662s] Level 1:colcon.colcon_core.environment:checking '/home/badri/ros2_ws/install/tb3_robot' for CMake config files
[9.663s] Level 1:colcon.colcon_core.shell:create_environment_hook('tb3_robot', 'cmake_prefix_path')
[9.663s] INFO:colcon.colcon_core.shell:Creating environment hook '/home/badri/ros2_ws/install/tb3_robot/share/tb3_robot/hook/cmake_prefix_path.ps1'
[9.663s] INFO:colcon.colcon_core.shell:Creating environment descriptor '/home/badri/ros2_ws/install/tb3_robot/share/tb3_robot/hook/cmake_prefix_path.dsv'
[9.664s] INFO:colcon.colcon_core.shell:Creating environment hook '/home/badri/ros2_ws/install/tb3_robot/share/tb3_robot/hook/cmake_prefix_path.sh'
[9.664s] Level 1:colcon.colcon_core.environment:checking '/home/badri/ros2_ws/install/tb3_robot/lib'
[9.664s] Level 1:colcon.colcon_core.environment:checking '/home/badri/ros2_ws/install/tb3_robot/bin'
[9.665s] Level 1:colcon.colcon_core.environment:checking '/home/badri/ros2_ws/install/tb3_robot/lib/pkgconfig/tb3_robot.pc'
[9.665s] Level 1:colcon.colcon_core.environment:checking '/home/badri/ros2_ws/install/tb3_robot/lib/python3.10/site-packages'
[9.665s] Level 1:colcon.colcon_core.environment:checking '/home/badri/ros2_ws/install/tb3_robot/bin'
[9.665s] INFO:colcon.colcon_core.shell:Creating package script '/home/badri/ros2_ws/install/tb3_robot/share/tb3_robot/package.ps1'
[9.666s] INFO:colcon.colcon_core.shell:Creating package descriptor '/home/badri/ros2_ws/install/tb3_robot/share/tb3_robot/package.dsv'
[9.666s] INFO:colcon.colcon_core.shell:Creating package script '/home/badri/ros2_ws/install/tb3_robot/share/tb3_robot/package.sh'
[9.666s] INFO:colcon.colcon_core.shell:Creating package script '/home/badri/ros2_ws/install/tb3_robot/share/tb3_robot/package.bash'
[9.667s] INFO:colcon.colcon_core.shell:Creating package script '/home/badri/ros2_ws/install/tb3_robot/share/tb3_robot/package.zsh'
[9.667s] Level 1:colcon.colcon_core.environment:create_file_with_runtime_dependencies(/home/badri/ros2_ws/install/tb3_robot/share/colcon-core/packages/tb3_robot)
[9.703s] Level 1:colcon.colcon_core.environment:create_environment_scripts_only(tb3_robot)
[9.704s] Level 1:colcon.colcon_core.environment:checking '/home/badri/ros2_ws/install/tb3_robot' for CMake module files
[9.705s] Level 1:colcon.colcon_core.environment:checking '/home/badri/ros2_ws/install/tb3_robot' for CMake config files
[9.706s] Level 1:colcon.colcon_core.shell:create_environment_hook('tb3_robot', 'cmake_prefix_path')
[9.706s] INFO:colcon.colcon_core.shell:Creating environment hook '/home/badri/ros2_ws/install/tb3_robot/share/tb3_robot/hook/cmake_prefix_path.ps1'
[9.707s] INFO:colcon.colcon_core.shell:Creating environment descriptor '/home/badri/ros2_ws/install/tb3_robot/share/tb3_robot/hook/cmake_prefix_path.dsv'
[9.707s] INFO:colcon.colcon_core.shell:Creating environment hook '/home/badri/ros2_ws/install/tb3_robot/share/tb3_robot/hook/cmake_prefix_path.sh'
[9.708s] Level 1:colcon.colcon_core.environment:checking '/home/badri/ros2_ws/install/tb3_robot/lib'
[9.708s] Level 1:colcon.colcon_core.environment:checking '/home/badri/ros2_ws/install/tb3_robot/bin'
[9.708s] Level 1:colcon.colcon_core.environment:checking '/home/badri/ros2_ws/install/tb3_robot/lib/pkgconfig/tb3_robot.pc'
[9.708s] Level 1:colcon.colcon_core.environment:checking '/home/badri/ros2_ws/install/tb3_robot/lib/python3.10/site-packages'
[9.708s] Level 1:colcon.colcon_core.environment:checking '/home/badri/ros2_ws/install/tb3_robot/bin'
[9.709s] INFO:colcon.colcon_core.shell:Creating package script '/home/badri/ros2_ws/install/tb3_robot/share/tb3_robot/package.ps1'
[9.709s] INFO:colcon.colcon_core.shell:Creating package descriptor '/home/badri/ros2_ws/install/tb3_robot/share/tb3_robot/package.dsv'
[9.710s] INFO:colcon.colcon_core.shell:Creating package script '/home/badri/ros2_ws/install/tb3_robot/share/tb3_robot/package.sh'
[9.710s] INFO:colcon.colcon_core.shell:Creating package script '/home/badri/ros2_ws/install/tb3_robot/share/tb3_robot/package.bash'
[9.710s] INFO:colcon.colcon_core.shell:Creating package script '/home/badri/ros2_ws/install/tb3_robot/share/tb3_robot/package.zsh'
[9.711s] Level 1:colcon.colcon_core.environment:create_file_with_runtime_dependencies(/home/badri/ros2_ws/install/tb3_robot/share/colcon-core/packages/tb3_robot)
[9.711s] DEBUG:colcon.colcon_parallel_executor.executor.parallel:closing loop
[9.712s] DEBUG:colcon.colcon_parallel_executor.executor.parallel:loop closed
[9.712s] DEBUG:colcon.colcon_parallel_executor.executor.parallel:run_until_complete finished with '0'
[9.712s] DEBUG:colcon.colcon_core.event_reactor:joining thread
[9.717s] INFO:colcon.colcon_core.plugin_system:Skipping extension 'colcon_notification.desktop_notification.terminal_notifier': Not used on non-Darwin systems
[9.717s] INFO:colcon.colcon_core.plugin_system:Skipping extension 'colcon_notification.desktop_notification.win32': Not used on non-Windows systems
[9.718s] INFO:colcon.colcon_notification.desktop_notification:Sending desktop notification using 'notify2'
[9.731s] DEBUG:colcon.colcon_core.event_reactor:joined thread
[9.732s] INFO:colcon.colcon_core.shell:Creating prefix script '/home/badri/ros2_ws/install/local_setup.ps1'
[9.733s] INFO:colcon.colcon_core.shell:Creating prefix util module '/home/badri/ros2_ws/install/_local_setup_util_ps1.py'
[9.735s] INFO:colcon.colcon_core.shell:Creating prefix chain script '/home/badri/ros2_ws/install/setup.ps1'
[9.736s] INFO:colcon.colcon_core.shell:Creating prefix script '/home/badri/ros2_ws/install/local_setup.sh'
[9.737s] INFO:colcon.colcon_core.shell:Creating prefix util module '/home/badri/ros2_ws/install/_local_setup_util_sh.py'
[9.738s] INFO:colcon.colcon_core.shell:Creating prefix chain script '/home/badri/ros2_ws/install/setup.sh'
[9.739s] INFO:colcon.colcon_core.shell:Creating prefix script '/home/badri/ros2_ws/install/local_setup.bash'
[9.740s] INFO:colcon.colcon_core.shell:Creating prefix chain script '/home/badri/ros2_ws/install/setup.bash'
[9.741s] INFO:colcon.colcon_core.shell:Creating prefix script '/home/badri/ros2_ws/install/local_setup.zsh'
[9.742s] INFO:colcon.colcon_core.shell:Creating prefix chain script '/home/badri/ros2_ws/install/setup.zsh'
