running egg_info
writing ../../build/casadi_mpc/casadi_mpc.egg-info/PKG-INFO
writing dependency_links to ../../build/casadi_mpc/casadi_mpc.egg-info/dependency_links.txt
writing entry points to ../../build/casadi_mpc/casadi_mpc.egg-info/entry_points.txt
writing requirements to ../../build/casadi_mpc/casadi_mpc.egg-info/requires.txt
writing top-level names to ../../build/casadi_mpc/casadi_mpc.egg-info/top_level.txt
reading manifest file '../../build/casadi_mpc/casadi_mpc.egg-info/SOURCES.txt'
adding license file 'LICENSE'
writing manifest file '../../build/casadi_mpc/casadi_mpc.egg-info/SOURCES.txt'
running build
running build_py
copying casadi_mpc/casadi_mpc.py -> /home/badri/ros2_ws/build/casadi_mpc/build/lib/casadi_mpc
running install
running install_lib
copying /home/badri/ros2_ws/build/casadi_mpc/build/lib/casadi_mpc/casadi_mpc.py -> /home/badri/ros2_ws/install/casadi_mpc/lib/python3.10/site-packages/casadi_mpc
byte-compiling /home/badri/ros2_ws/install/casadi_mpc/lib/python3.10/site-packages/casadi_mpc/casadi_mpc.py to casadi_mpc.cpython-310.pyc
running install_data
running install_egg_info
removing '/home/badri/ros2_ws/install/casadi_mpc/lib/python3.10/site-packages/casadi_mpc-0.0.0-py3.10.egg-info' (and everything under it)
Copying ../../build/casadi_mpc/casadi_mpc.egg-info to /home/badri/ros2_ws/install/casadi_mpc/lib/python3.10/site-packages/casadi_mpc-0.0.0-py3.10.egg-info
running install_scripts
Installing casadi_mpc script to /home/badri/ros2_ws/install/casadi_mpc/lib/casadi_mpc
writing list of installed files to '/home/badri/ros2_ws/build/casadi_mpc/install.log'
