[0.157s] DEBUG:colcon:Command line arguments: ['/usr/bin/colcon', 'build', '--allow-overriding', 'turtlebot3_gazebo']
[0.157s] DEBUG:colcon:Parsed command line arguments: Namespace(log_base=None, log_level=None, verb_name='build', build_base='build', install_base='install', merge_install=False, symlink_install=False, test_result_base=None, continue_on_error=False, executor='parallel', parallel_workers=8, event_handlers=None, ignore_user_meta=False, metas=['./colcon.meta'], base_paths=['.'], packages_ignore=None, packages_ignore_regex=None, paths=None, packages_up_to=None, packages_up_to_regex=None, packages_above=None, packages_above_and_dependencies=None, packages_above_depth=None, packages_select_by_dep=None, packages_skip_by_dep=None, packages_skip_up_to=None, packages_select_build_failed=False, packages_skip_build_finished=False, packages_select_test_failures=False, packages_skip_test_passed=False, packages_select=None, packages_skip=None, packages_select_regex=None, packages_skip_regex=None, packages_start=None, packages_end=None, allow_overriding=['turtlebot3_gazebo'], cmake_args=None, cmake_target=None, cmake_target_skip_unavailable=False, cmake_clean_cache=False, cmake_clean_first=False, cmake_force_configure=False, ament_cmake_args=None, catkin_cmake_args=None, catkin_skip_building_tests=False, mixin_files=None, mixin=None, verb_parser=<colcon_mixin.mixin.mixin_argument.MixinArgumentDecorator object at 0x7641fdc535b0>, verb_extension=<colcon_core.verb.build.BuildVerb object at 0x7641fdc52fe0>, main=<bound method BuildVerb.main of <colcon_core.verb.build.BuildVerb object at 0x7641fdc52fe0>>, mixin_verb=('build',))
[0.379s] Level 1:colcon.colcon_core.package_discovery:discover_packages(colcon_meta) check parameters
[0.379s] Level 1:colcon.colcon_core.package_discovery:discover_packages(recursive) check parameters
[0.379s] Level 1:colcon.colcon_core.package_discovery:discover_packages(ignore) check parameters
[0.379s] Level 1:colcon.colcon_core.package_discovery:discover_packages(path) check parameters
[0.379s] Level 1:colcon.colcon_core.package_discovery:discover_packages(colcon_meta) discover
[0.379s] Level 1:colcon.colcon_core.package_discovery:discover_packages(recursive) discover
[0.379s] INFO:colcon.colcon_core.package_discovery:Crawling recursively for packages in '/home/badri/ros2_ws/src'
[0.380s] Level 1:colcon.colcon_core.package_identification:_identify(.) by extensions ['ignore', 'ignore_ament_install']
[0.380s] Level 1:colcon.colcon_core.package_identification:_identify(.) by extension 'ignore'
[0.380s] Level 1:colcon.colcon_core.package_identification:_identify(.) by extension 'ignore_ament_install'
[0.380s] Level 1:colcon.colcon_core.package_identification:_identify(.) by extensions ['colcon_pkg']
[0.380s] Level 1:colcon.colcon_core.package_identification:_identify(.) by extension 'colcon_pkg'
[0.380s] Level 1:colcon.colcon_core.package_identification:_identify(.) by extensions ['colcon_meta']
[0.380s] Level 1:colcon.colcon_core.package_identification:_identify(.) by extension 'colcon_meta'
[0.380s] Level 1:colcon.colcon_core.package_identification:_identify(.) by extensions ['ros']
[0.380s] Level 1:colcon.colcon_core.package_identification:_identify(.) by extension 'ros'
[0.393s] Level 1:colcon.colcon_core.package_identification:_identify(.) by extensions ['cmake', 'python']
[0.394s] Level 1:colcon.colcon_core.package_identification:_identify(.) by extension 'cmake'
[0.394s] Level 1:colcon.colcon_core.package_identification:_identify(.) by extension 'python'
[0.394s] Level 1:colcon.colcon_core.package_identification:_identify(.) by extensions ['python_setup_py']
[0.394s] Level 1:colcon.colcon_core.package_identification:_identify(.) by extension 'python_setup_py'
[0.394s] Level 1:colcon.colcon_core.package_identification:_identify(build) by extensions ['ignore', 'ignore_ament_install']
[0.394s] Level 1:colcon.colcon_core.package_identification:_identify(build) by extension 'ignore'
[0.394s] Level 1:colcon.colcon_core.package_identification:_identify(build) ignored
[0.394s] Level 1:colcon.colcon_core.package_identification:_identify(casadi_mpc) by extensions ['ignore', 'ignore_ament_install']
[0.394s] Level 1:colcon.colcon_core.package_identification:_identify(casadi_mpc) by extension 'ignore'
[0.394s] Level 1:colcon.colcon_core.package_identification:_identify(casadi_mpc) by extension 'ignore_ament_install'
[0.395s] Level 1:colcon.colcon_core.package_identification:_identify(casadi_mpc) by extensions ['colcon_pkg']
[0.395s] Level 1:colcon.colcon_core.package_identification:_identify(casadi_mpc) by extension 'colcon_pkg'
[0.395s] Level 1:colcon.colcon_core.package_identification:_identify(casadi_mpc) by extensions ['colcon_meta']
[0.395s] Level 1:colcon.colcon_core.package_identification:_identify(casadi_mpc) by extension 'colcon_meta'
[0.395s] Level 1:colcon.colcon_core.package_identification:_identify(casadi_mpc) by extensions ['ros']
[0.395s] Level 1:colcon.colcon_core.package_identification:_identify(casadi_mpc) by extension 'ros'
[0.398s] DEBUG:colcon.colcon_core.package_identification:Package 'casadi_mpc' with type 'ros.ament_python' and name 'casadi_mpc'
[0.398s] Level 1:colcon.colcon_core.package_identification:_identify(gain_sch) by extensions ['ignore', 'ignore_ament_install']
[0.398s] Level 1:colcon.colcon_core.package_identification:_identify(gain_sch) by extension 'ignore'
[0.398s] Level 1:colcon.colcon_core.package_identification:_identify(gain_sch) by extension 'ignore_ament_install'
[0.398s] Level 1:colcon.colcon_core.package_identification:_identify(gain_sch) by extensions ['colcon_pkg']
[0.398s] Level 1:colcon.colcon_core.package_identification:_identify(gain_sch) by extension 'colcon_pkg'
[0.398s] Level 1:colcon.colcon_core.package_identification:_identify(gain_sch) by extensions ['colcon_meta']
[0.398s] Level 1:colcon.colcon_core.package_identification:_identify(gain_sch) by extension 'colcon_meta'
[0.398s] Level 1:colcon.colcon_core.package_identification:_identify(gain_sch) by extensions ['ros']
[0.399s] Level 1:colcon.colcon_core.package_identification:_identify(gain_sch) by extension 'ros'
[0.399s] DEBUG:colcon.colcon_core.package_identification:Package 'gain_sch' with type 'ros.ament_cmake' and name 'gain_sch'
[0.399s] Level 1:colcon.colcon_core.package_identification:_identify(install) by extensions ['ignore', 'ignore_ament_install']
[0.399s] Level 1:colcon.colcon_core.package_identification:_identify(install) by extension 'ignore'
[0.399s] Level 1:colcon.colcon_core.package_identification:_identify(install) ignored
[0.400s] Level 1:colcon.colcon_core.package_identification:_identify(log) by extensions ['ignore', 'ignore_ament_install']
[0.400s] Level 1:colcon.colcon_core.package_identification:_identify(log) by extension 'ignore'
[0.400s] Level 1:colcon.colcon_core.package_identification:_identify(log) ignored
[0.400s] Level 1:colcon.colcon_core.package_identification:_identify(maze) by extensions ['ignore', 'ignore_ament_install']
[0.400s] Level 1:colcon.colcon_core.package_identification:_identify(maze) by extension 'ignore'
[0.400s] Level 1:colcon.colcon_core.package_identification:_identify(maze) by extension 'ignore_ament_install'
[0.400s] Level 1:colcon.colcon_core.package_identification:_identify(maze) by extensions ['colcon_pkg']
[0.400s] Level 1:colcon.colcon_core.package_identification:_identify(maze) by extension 'colcon_pkg'
[0.400s] Level 1:colcon.colcon_core.package_identification:_identify(maze) by extensions ['colcon_meta']
[0.400s] Level 1:colcon.colcon_core.package_identification:_identify(maze) by extension 'colcon_meta'
[0.400s] Level 1:colcon.colcon_core.package_identification:_identify(maze) by extensions ['ros']
[0.400s] Level 1:colcon.colcon_core.package_identification:_identify(maze) by extension 'ros'
[0.400s] Level 1:colcon.colcon_core.package_identification:_identify(maze) by extensions ['cmake', 'python']
[0.400s] Level 1:colcon.colcon_core.package_identification:_identify(maze) by extension 'cmake'
[0.400s] Level 1:colcon.colcon_core.package_identification:_identify(maze) by extension 'python'
[0.400s] Level 1:colcon.colcon_core.package_identification:_identify(maze) by extensions ['python_setup_py']
[0.400s] Level 1:colcon.colcon_core.package_identification:_identify(maze) by extension 'python_setup_py'
[0.401s] Level 1:colcon.colcon_core.package_identification:_identify(maze/Maze1) by extensions ['ignore', 'ignore_ament_install']
[0.401s] Level 1:colcon.colcon_core.package_identification:_identify(maze/Maze1) by extension 'ignore'
[0.401s] Level 1:colcon.colcon_core.package_identification:_identify(maze/Maze1) by extension 'ignore_ament_install'
[0.401s] Level 1:colcon.colcon_core.package_identification:_identify(maze/Maze1) by extensions ['colcon_pkg']
[0.401s] Level 1:colcon.colcon_core.package_identification:_identify(maze/Maze1) by extension 'colcon_pkg'
[0.401s] Level 1:colcon.colcon_core.package_identification:_identify(maze/Maze1) by extensions ['colcon_meta']
[0.401s] Level 1:colcon.colcon_core.package_identification:_identify(maze/Maze1) by extension 'colcon_meta'
[0.401s] Level 1:colcon.colcon_core.package_identification:_identify(maze/Maze1) by extensions ['ros']
[0.401s] Level 1:colcon.colcon_core.package_identification:_identify(maze/Maze1) by extension 'ros'
[0.401s] Level 1:colcon.colcon_core.package_identification:_identify(maze/Maze1) by extensions ['cmake', 'python']
[0.401s] Level 1:colcon.colcon_core.package_identification:_identify(maze/Maze1) by extension 'cmake'
[0.401s] Level 1:colcon.colcon_core.package_identification:_identify(maze/Maze1) by extension 'python'
[0.401s] Level 1:colcon.colcon_core.package_identification:_identify(maze/Maze1) by extensions ['python_setup_py']
[0.401s] Level 1:colcon.colcon_core.package_identification:_identify(maze/Maze1) by extension 'python_setup_py'
[0.401s] Level 1:colcon.colcon_core.package_identification:_identify(tb3_robot) by extensions ['ignore', 'ignore_ament_install']
[0.402s] Level 1:colcon.colcon_core.package_identification:_identify(tb3_robot) by extension 'ignore'
[0.402s] Level 1:colcon.colcon_core.package_identification:_identify(tb3_robot) by extension 'ignore_ament_install'
[0.402s] Level 1:colcon.colcon_core.package_identification:_identify(tb3_robot) by extensions ['colcon_pkg']
[0.402s] Level 1:colcon.colcon_core.package_identification:_identify(tb3_robot) by extension 'colcon_pkg'
[0.402s] Level 1:colcon.colcon_core.package_identification:_identify(tb3_robot) by extensions ['colcon_meta']
[0.402s] Level 1:colcon.colcon_core.package_identification:_identify(tb3_robot) by extension 'colcon_meta'
[0.402s] Level 1:colcon.colcon_core.package_identification:_identify(tb3_robot) by extensions ['ros']
[0.402s] Level 1:colcon.colcon_core.package_identification:_identify(tb3_robot) by extension 'ros'
[0.403s] DEBUG:colcon.colcon_core.package_identification:Package 'tb3_robot' with type 'ros.ament_cmake' and name 'tb3_robot'
[0.403s] Level 1:colcon.colcon_core.package_identification:_identify(tb3_robot_bringup) by extensions ['ignore', 'ignore_ament_install']
[0.403s] Level 1:colcon.colcon_core.package_identification:_identify(tb3_robot_bringup) by extension 'ignore'
[0.403s] Level 1:colcon.colcon_core.package_identification:_identify(tb3_robot_bringup) by extension 'ignore_ament_install'
[0.403s] Level 1:colcon.colcon_core.package_identification:_identify(tb3_robot_bringup) by extensions ['colcon_pkg']
[0.403s] Level 1:colcon.colcon_core.package_identification:_identify(tb3_robot_bringup) by extension 'colcon_pkg'
[0.403s] Level 1:colcon.colcon_core.package_identification:_identify(tb3_robot_bringup) by extensions ['colcon_meta']
[0.403s] Level 1:colcon.colcon_core.package_identification:_identify(tb3_robot_bringup) by extension 'colcon_meta'
[0.403s] Level 1:colcon.colcon_core.package_identification:_identify(tb3_robot_bringup) by extensions ['ros']
[0.403s] Level 1:colcon.colcon_core.package_identification:_identify(tb3_robot_bringup) by extension 'ros'
[0.404s] DEBUG:colcon.colcon_core.package_identification:Package 'tb3_robot_bringup' with type 'ros.ament_cmake' and name 'tb3_robot_bringup'
[0.404s] Level 1:colcon.colcon_core.package_identification:_identify(turtlebot3_simulations) by extensions ['ignore', 'ignore_ament_install']
[0.404s] Level 1:colcon.colcon_core.package_identification:_identify(turtlebot3_simulations) by extension 'ignore'
[0.404s] Level 1:colcon.colcon_core.package_identification:_identify(turtlebot3_simulations) by extension 'ignore_ament_install'
[0.404s] Level 1:colcon.colcon_core.package_identification:_identify(turtlebot3_simulations) by extensions ['colcon_pkg']
[0.404s] Level 1:colcon.colcon_core.package_identification:_identify(turtlebot3_simulations) by extension 'colcon_pkg'
[0.404s] Level 1:colcon.colcon_core.package_identification:_identify(turtlebot3_simulations) by extensions ['colcon_meta']
[0.405s] Level 1:colcon.colcon_core.package_identification:_identify(turtlebot3_simulations) by extension 'colcon_meta'
[0.405s] Level 1:colcon.colcon_core.package_identification:_identify(turtlebot3_simulations) by extensions ['ros']
[0.405s] Level 1:colcon.colcon_core.package_identification:_identify(turtlebot3_simulations) by extension 'ros'
[0.405s] Level 1:colcon.colcon_core.package_identification:_identify(turtlebot3_simulations) by extensions ['cmake', 'python']
[0.405s] Level 1:colcon.colcon_core.package_identification:_identify(turtlebot3_simulations) by extension 'cmake'
[0.405s] Level 1:colcon.colcon_core.package_identification:_identify(turtlebot3_simulations) by extension 'python'
[0.405s] Level 1:colcon.colcon_core.package_identification:_identify(turtlebot3_simulations) by extensions ['python_setup_py']
[0.405s] Level 1:colcon.colcon_core.package_identification:_identify(turtlebot3_simulations) by extension 'python_setup_py'
[0.405s] Level 1:colcon.colcon_core.package_identification:_identify(turtlebot3_simulations/turtlebot3_fake_node) by extensions ['ignore', 'ignore_ament_install']
[0.405s] Level 1:colcon.colcon_core.package_identification:_identify(turtlebot3_simulations/turtlebot3_fake_node) by extension 'ignore'
[0.405s] Level 1:colcon.colcon_core.package_identification:_identify(turtlebot3_simulations/turtlebot3_fake_node) by extension 'ignore_ament_install'
[0.405s] Level 1:colcon.colcon_core.package_identification:_identify(turtlebot3_simulations/turtlebot3_fake_node) by extensions ['colcon_pkg']
[0.405s] Level 1:colcon.colcon_core.package_identification:_identify(turtlebot3_simulations/turtlebot3_fake_node) by extension 'colcon_pkg'
[0.405s] Level 1:colcon.colcon_core.package_identification:_identify(turtlebot3_simulations/turtlebot3_fake_node) by extensions ['colcon_meta']
[0.405s] Level 1:colcon.colcon_core.package_identification:_identify(turtlebot3_simulations/turtlebot3_fake_node) by extension 'colcon_meta'
[0.406s] Level 1:colcon.colcon_core.package_identification:_identify(turtlebot3_simulations/turtlebot3_fake_node) by extensions ['ros']
[0.406s] Level 1:colcon.colcon_core.package_identification:_identify(turtlebot3_simulations/turtlebot3_fake_node) by extension 'ros'
[0.407s] DEBUG:colcon.colcon_core.package_identification:Package 'turtlebot3_simulations/turtlebot3_fake_node' with type 'ros.ament_cmake' and name 'turtlebot3_fake_node'
[0.407s] Level 1:colcon.colcon_core.package_identification:_identify(turtlebot3_simulations/turtlebot3_gazebo) by extensions ['ignore', 'ignore_ament_install']
[0.407s] Level 1:colcon.colcon_core.package_identification:_identify(turtlebot3_simulations/turtlebot3_gazebo) by extension 'ignore'
[0.407s] Level 1:colcon.colcon_core.package_identification:_identify(turtlebot3_simulations/turtlebot3_gazebo) by extension 'ignore_ament_install'
[0.407s] Level 1:colcon.colcon_core.package_identification:_identify(turtlebot3_simulations/turtlebot3_gazebo) by extensions ['colcon_pkg']
[0.407s] Level 1:colcon.colcon_core.package_identification:_identify(turtlebot3_simulations/turtlebot3_gazebo) by extension 'colcon_pkg'
[0.407s] Level 1:colcon.colcon_core.package_identification:_identify(turtlebot3_simulations/turtlebot3_gazebo) by extensions ['colcon_meta']
[0.407s] Level 1:colcon.colcon_core.package_identification:_identify(turtlebot3_simulations/turtlebot3_gazebo) by extension 'colcon_meta'
[0.407s] Level 1:colcon.colcon_core.package_identification:_identify(turtlebot3_simulations/turtlebot3_gazebo) by extensions ['ros']
[0.407s] Level 1:colcon.colcon_core.package_identification:_identify(turtlebot3_simulations/turtlebot3_gazebo) by extension 'ros'
[0.408s] DEBUG:colcon.colcon_core.package_identification:Package 'turtlebot3_simulations/turtlebot3_gazebo' with type 'ros.ament_cmake' and name 'turtlebot3_gazebo'
[0.409s] Level 1:colcon.colcon_core.package_identification:_identify(turtlebot3_simulations/turtlebot3_simulations) by extensions ['ignore', 'ignore_ament_install']
[0.409s] Level 1:colcon.colcon_core.package_identification:_identify(turtlebot3_simulations/turtlebot3_simulations) by extension 'ignore'
[0.409s] Level 1:colcon.colcon_core.package_identification:_identify(turtlebot3_simulations/turtlebot3_simulations) by extension 'ignore_ament_install'
[0.409s] Level 1:colcon.colcon_core.package_identification:_identify(turtlebot3_simulations/turtlebot3_simulations) by extensions ['colcon_pkg']
[0.409s] Level 1:colcon.colcon_core.package_identification:_identify(turtlebot3_simulations/turtlebot3_simulations) by extension 'colcon_pkg'
[0.409s] Level 1:colcon.colcon_core.package_identification:_identify(turtlebot3_simulations/turtlebot3_simulations) by extensions ['colcon_meta']
[0.409s] Level 1:colcon.colcon_core.package_identification:_identify(turtlebot3_simulations/turtlebot3_simulations) by extension 'colcon_meta'
[0.409s] Level 1:colcon.colcon_core.package_identification:_identify(turtlebot3_simulations/turtlebot3_simulations) by extensions ['ros']
[0.409s] Level 1:colcon.colcon_core.package_identification:_identify(turtlebot3_simulations/turtlebot3_simulations) by extension 'ros'
[0.410s] DEBUG:colcon.colcon_core.package_identification:Package 'turtlebot3_simulations/turtlebot3_simulations' with type 'ros.ament_cmake' and name 'turtlebot3_simulations'
[0.410s] Level 1:colcon.colcon_core.package_discovery:discover_packages(recursive) using defaults
[0.410s] Level 1:colcon.colcon_core.package_discovery:discover_packages(ignore) discover
[0.410s] Level 1:colcon.colcon_core.package_discovery:discover_packages(ignore) using defaults
[0.410s] Level 1:colcon.colcon_core.package_discovery:discover_packages(path) discover
[0.410s] Level 1:colcon.colcon_core.package_discovery:discover_packages(path) using defaults
[0.443s] Level 1:colcon.colcon_core.package_discovery:discover_packages(prefix_path) check parameters
[0.443s] Level 1:colcon.colcon_core.package_discovery:discover_packages(prefix_path) discover
[0.445s] WARNING:colcon.colcon_ros.prefix_path.ament:The path '/home/badri/ros2_ws/install/mpc_package' in the environment variable AMENT_PREFIX_PATH doesn't exist
[0.445s] WARNING:colcon.colcon_ros.prefix_path.catkin:The path '/home/badri/ros2_ws/install/mpc_package' in the environment variable CMAKE_PREFIX_PATH doesn't exist
[0.446s] DEBUG:colcon.colcon_installed_package_information.package_discovery:Found 6 installed packages in /home/badri/ros2_ws/install
[0.447s] DEBUG:colcon.colcon_installed_package_information.package_discovery:Found 16 installed packages in /home/badri/RSE Project/install
[0.449s] DEBUG:colcon.colcon_installed_package_information.package_discovery:Found 395 installed packages in /opt/ros/humble
[0.451s] Level 1:colcon.colcon_core.package_discovery:discover_packages(prefix_path) using defaults
[0.520s] Level 5:colcon.colcon_core.verb:set package 'casadi_mpc' build argument 'cmake_args' from command line to 'None'
[0.520s] Level 5:colcon.colcon_core.verb:set package 'casadi_mpc' build argument 'cmake_target' from command line to 'None'
[0.520s] Level 5:colcon.colcon_core.verb:set package 'casadi_mpc' build argument 'cmake_target_skip_unavailable' from command line to 'False'
[0.520s] Level 5:colcon.colcon_core.verb:set package 'casadi_mpc' build argument 'cmake_clean_cache' from command line to 'False'
[0.520s] Level 5:colcon.colcon_core.verb:set package 'casadi_mpc' build argument 'cmake_clean_first' from command line to 'False'
[0.520s] Level 5:colcon.colcon_core.verb:set package 'casadi_mpc' build argument 'cmake_force_configure' from command line to 'False'
[0.520s] Level 5:colcon.colcon_core.verb:set package 'casadi_mpc' build argument 'ament_cmake_args' from command line to 'None'
[0.520s] Level 5:colcon.colcon_core.verb:set package 'casadi_mpc' build argument 'catkin_cmake_args' from command line to 'None'
[0.520s] Level 5:colcon.colcon_core.verb:set package 'casadi_mpc' build argument 'catkin_skip_building_tests' from command line to 'False'
[0.520s] DEBUG:colcon.colcon_core.verb:Building package 'casadi_mpc' with the following arguments: {'ament_cmake_args': None, 'build_base': '/home/badri/ros2_ws/src/build/casadi_mpc', 'catkin_cmake_args': None, 'catkin_skip_building_tests': False, 'cmake_args': None, 'cmake_clean_cache': False, 'cmake_clean_first': False, 'cmake_force_configure': False, 'cmake_target': None, 'cmake_target_skip_unavailable': False, 'install_base': '/home/badri/ros2_ws/src/install/casadi_mpc', 'merge_install': False, 'path': '/home/badri/ros2_ws/src/casadi_mpc', 'symlink_install': False, 'test_result_base': None}
[0.521s] Level 5:colcon.colcon_core.verb:set package 'gain_sch' build argument 'cmake_args' from command line to 'None'
[0.521s] Level 5:colcon.colcon_core.verb:set package 'gain_sch' build argument 'cmake_target' from command line to 'None'
[0.521s] Level 5:colcon.colcon_core.verb:set package 'gain_sch' build argument 'cmake_target_skip_unavailable' from command line to 'False'
[0.521s] Level 5:colcon.colcon_core.verb:set package 'gain_sch' build argument 'cmake_clean_cache' from command line to 'False'
[0.521s] Level 5:colcon.colcon_core.verb:set package 'gain_sch' build argument 'cmake_clean_first' from command line to 'False'
[0.521s] Level 5:colcon.colcon_core.verb:set package 'gain_sch' build argument 'cmake_force_configure' from command line to 'False'
[0.521s] Level 5:colcon.colcon_core.verb:set package 'gain_sch' build argument 'ament_cmake_args' from command line to 'None'
[0.521s] Level 5:colcon.colcon_core.verb:set package 'gain_sch' build argument 'catkin_cmake_args' from command line to 'None'
[0.521s] Level 5:colcon.colcon_core.verb:set package 'gain_sch' build argument 'catkin_skip_building_tests' from command line to 'False'
[0.521s] DEBUG:colcon.colcon_core.verb:Building package 'gain_sch' with the following arguments: {'ament_cmake_args': None, 'build_base': '/home/badri/ros2_ws/src/build/gain_sch', 'catkin_cmake_args': None, 'catkin_skip_building_tests': False, 'cmake_args': None, 'cmake_clean_cache': False, 'cmake_clean_first': False, 'cmake_force_configure': False, 'cmake_target': None, 'cmake_target_skip_unavailable': False, 'install_base': '/home/badri/ros2_ws/src/install/gain_sch', 'merge_install': False, 'path': '/home/badri/ros2_ws/src/gain_sch', 'symlink_install': False, 'test_result_base': None}
[0.521s] Level 5:colcon.colcon_core.verb:set package 'tb3_robot' build argument 'cmake_args' from command line to 'None'
[0.521s] Level 5:colcon.colcon_core.verb:set package 'tb3_robot' build argument 'cmake_target' from command line to 'None'
[0.521s] Level 5:colcon.colcon_core.verb:set package 'tb3_robot' build argument 'cmake_target_skip_unavailable' from command line to 'False'
[0.521s] Level 5:colcon.colcon_core.verb:set package 'tb3_robot' build argument 'cmake_clean_cache' from command line to 'False'
[0.522s] Level 5:colcon.colcon_core.verb:set package 'tb3_robot' build argument 'cmake_clean_first' from command line to 'False'
[0.522s] Level 5:colcon.colcon_core.verb:set package 'tb3_robot' build argument 'cmake_force_configure' from command line to 'False'
[0.522s] Level 5:colcon.colcon_core.verb:set package 'tb3_robot' build argument 'ament_cmake_args' from command line to 'None'
[0.522s] Level 5:colcon.colcon_core.verb:set package 'tb3_robot' build argument 'catkin_cmake_args' from command line to 'None'
[0.522s] Level 5:colcon.colcon_core.verb:set package 'tb3_robot' build argument 'catkin_skip_building_tests' from command line to 'False'
[0.522s] DEBUG:colcon.colcon_core.verb:Building package 'tb3_robot' with the following arguments: {'ament_cmake_args': None, 'build_base': '/home/badri/ros2_ws/src/build/tb3_robot', 'catkin_cmake_args': None, 'catkin_skip_building_tests': False, 'cmake_args': None, 'cmake_clean_cache': False, 'cmake_clean_first': False, 'cmake_force_configure': False, 'cmake_target': None, 'cmake_target_skip_unavailable': False, 'install_base': '/home/badri/ros2_ws/src/install/tb3_robot', 'merge_install': False, 'path': '/home/badri/ros2_ws/src/tb3_robot', 'symlink_install': False, 'test_result_base': None}
[0.522s] Level 5:colcon.colcon_core.verb:set package 'tb3_robot_bringup' build argument 'cmake_args' from command line to 'None'
[0.522s] Level 5:colcon.colcon_core.verb:set package 'tb3_robot_bringup' build argument 'cmake_target' from command line to 'None'
[0.522s] Level 5:colcon.colcon_core.verb:set package 'tb3_robot_bringup' build argument 'cmake_target_skip_unavailable' from command line to 'False'
[0.522s] Level 5:colcon.colcon_core.verb:set package 'tb3_robot_bringup' build argument 'cmake_clean_cache' from command line to 'False'
[0.522s] Level 5:colcon.colcon_core.verb:set package 'tb3_robot_bringup' build argument 'cmake_clean_first' from command line to 'False'
[0.522s] Level 5:colcon.colcon_core.verb:set package 'tb3_robot_bringup' build argument 'cmake_force_configure' from command line to 'False'
[0.522s] Level 5:colcon.colcon_core.verb:set package 'tb3_robot_bringup' build argument 'ament_cmake_args' from command line to 'None'
[0.522s] Level 5:colcon.colcon_core.verb:set package 'tb3_robot_bringup' build argument 'catkin_cmake_args' from command line to 'None'
[0.522s] Level 5:colcon.colcon_core.verb:set package 'tb3_robot_bringup' build argument 'catkin_skip_building_tests' from command line to 'False'
[0.523s] DEBUG:colcon.colcon_core.verb:Building package 'tb3_robot_bringup' with the following arguments: {'ament_cmake_args': None, 'build_base': '/home/badri/ros2_ws/src/build/tb3_robot_bringup', 'catkin_cmake_args': None, 'catkin_skip_building_tests': False, 'cmake_args': None, 'cmake_clean_cache': False, 'cmake_clean_first': False, 'cmake_force_configure': False, 'cmake_target': None, 'cmake_target_skip_unavailable': False, 'install_base': '/home/badri/ros2_ws/src/install/tb3_robot_bringup', 'merge_install': False, 'path': '/home/badri/ros2_ws/src/tb3_robot_bringup', 'symlink_install': False, 'test_result_base': None}
[0.523s] Level 5:colcon.colcon_core.verb:set package 'turtlebot3_fake_node' build argument 'cmake_args' from command line to 'None'
[0.523s] Level 5:colcon.colcon_core.verb:set package 'turtlebot3_fake_node' build argument 'cmake_target' from command line to 'None'
[0.523s] Level 5:colcon.colcon_core.verb:set package 'turtlebot3_fake_node' build argument 'cmake_target_skip_unavailable' from command line to 'False'
[0.523s] Level 5:colcon.colcon_core.verb:set package 'turtlebot3_fake_node' build argument 'cmake_clean_cache' from command line to 'False'
[0.523s] Level 5:colcon.colcon_core.verb:set package 'turtlebot3_fake_node' build argument 'cmake_clean_first' from command line to 'False'
[0.523s] Level 5:colcon.colcon_core.verb:set package 'turtlebot3_fake_node' build argument 'cmake_force_configure' from command line to 'False'
[0.523s] Level 5:colcon.colcon_core.verb:set package 'turtlebot3_fake_node' build argument 'ament_cmake_args' from command line to 'None'
[0.523s] Level 5:colcon.colcon_core.verb:set package 'turtlebot3_fake_node' build argument 'catkin_cmake_args' from command line to 'None'
[0.523s] Level 5:colcon.colcon_core.verb:set package 'turtlebot3_fake_node' build argument 'catkin_skip_building_tests' from command line to 'False'
[0.523s] DEBUG:colcon.colcon_core.verb:Building package 'turtlebot3_fake_node' with the following arguments: {'ament_cmake_args': None, 'build_base': '/home/badri/ros2_ws/src/build/turtlebot3_fake_node', 'catkin_cmake_args': None, 'catkin_skip_building_tests': False, 'cmake_args': None, 'cmake_clean_cache': False, 'cmake_clean_first': False, 'cmake_force_configure': False, 'cmake_target': None, 'cmake_target_skip_unavailable': False, 'install_base': '/home/badri/ros2_ws/src/install/turtlebot3_fake_node', 'merge_install': False, 'path': '/home/badri/ros2_ws/src/turtlebot3_simulations/turtlebot3_fake_node', 'symlink_install': False, 'test_result_base': None}
[0.524s] Level 5:colcon.colcon_core.verb:set package 'turtlebot3_gazebo' build argument 'cmake_args' from command line to 'None'
[0.524s] Level 5:colcon.colcon_core.verb:set package 'turtlebot3_gazebo' build argument 'cmake_target' from command line to 'None'
[0.524s] Level 5:colcon.colcon_core.verb:set package 'turtlebot3_gazebo' build argument 'cmake_target_skip_unavailable' from command line to 'False'
[0.524s] Level 5:colcon.colcon_core.verb:set package 'turtlebot3_gazebo' build argument 'cmake_clean_cache' from command line to 'False'
[0.524s] Level 5:colcon.colcon_core.verb:set package 'turtlebot3_gazebo' build argument 'cmake_clean_first' from command line to 'False'
[0.524s] Level 5:colcon.colcon_core.verb:set package 'turtlebot3_gazebo' build argument 'cmake_force_configure' from command line to 'False'
[0.524s] Level 5:colcon.colcon_core.verb:set package 'turtlebot3_gazebo' build argument 'ament_cmake_args' from command line to 'None'
[0.524s] Level 5:colcon.colcon_core.verb:set package 'turtlebot3_gazebo' build argument 'catkin_cmake_args' from command line to 'None'
[0.524s] Level 5:colcon.colcon_core.verb:set package 'turtlebot3_gazebo' build argument 'catkin_skip_building_tests' from command line to 'False'
[0.524s] DEBUG:colcon.colcon_core.verb:Building package 'turtlebot3_gazebo' with the following arguments: {'ament_cmake_args': None, 'build_base': '/home/badri/ros2_ws/src/build/turtlebot3_gazebo', 'catkin_cmake_args': None, 'catkin_skip_building_tests': False, 'cmake_args': None, 'cmake_clean_cache': False, 'cmake_clean_first': False, 'cmake_force_configure': False, 'cmake_target': None, 'cmake_target_skip_unavailable': False, 'install_base': '/home/badri/ros2_ws/src/install/turtlebot3_gazebo', 'merge_install': False, 'path': '/home/badri/ros2_ws/src/turtlebot3_simulations/turtlebot3_gazebo', 'symlink_install': False, 'test_result_base': None}
[0.524s] Level 5:colcon.colcon_core.verb:set package 'turtlebot3_simulations' build argument 'cmake_args' from command line to 'None'
[0.524s] Level 5:colcon.colcon_core.verb:set package 'turtlebot3_simulations' build argument 'cmake_target' from command line to 'None'
[0.524s] Level 5:colcon.colcon_core.verb:set package 'turtlebot3_simulations' build argument 'cmake_target_skip_unavailable' from command line to 'False'
[0.524s] Level 5:colcon.colcon_core.verb:set package 'turtlebot3_simulations' build argument 'cmake_clean_cache' from command line to 'False'
[0.524s] Level 5:colcon.colcon_core.verb:set package 'turtlebot3_simulations' build argument 'cmake_clean_first' from command line to 'False'
[0.525s] Level 5:colcon.colcon_core.verb:set package 'turtlebot3_simulations' build argument 'cmake_force_configure' from command line to 'False'
[0.525s] Level 5:colcon.colcon_core.verb:set package 'turtlebot3_simulations' build argument 'ament_cmake_args' from command line to 'None'
[0.525s] Level 5:colcon.colcon_core.verb:set package 'turtlebot3_simulations' build argument 'catkin_cmake_args' from command line to 'None'
[0.525s] Level 5:colcon.colcon_core.verb:set package 'turtlebot3_simulations' build argument 'catkin_skip_building_tests' from command line to 'False'
[0.525s] DEBUG:colcon.colcon_core.verb:Building package 'turtlebot3_simulations' with the following arguments: {'ament_cmake_args': None, 'build_base': '/home/badri/ros2_ws/src/build/turtlebot3_simulations', 'catkin_cmake_args': None, 'catkin_skip_building_tests': False, 'cmake_args': None, 'cmake_clean_cache': False, 'cmake_clean_first': False, 'cmake_force_configure': False, 'cmake_target': None, 'cmake_target_skip_unavailable': False, 'install_base': '/home/badri/ros2_ws/src/install/turtlebot3_simulations', 'merge_install': False, 'path': '/home/badri/ros2_ws/src/turtlebot3_simulations/turtlebot3_simulations', 'symlink_install': False, 'test_result_base': None}
[0.525s] INFO:colcon.colcon_core.executor:Executing jobs using 'parallel' executor
[0.526s] DEBUG:colcon.colcon_parallel_executor.executor.parallel:run_until_complete
[0.526s] INFO:colcon.colcon_ros.task.ament_cmake.build:Building ROS package in '/home/badri/ros2_ws/src/turtlebot3_simulations/turtlebot3_fake_node' with build type 'ament_cmake'
[0.526s] INFO:colcon.colcon_cmake.task.cmake.build:Building CMake package in '/home/badri/ros2_ws/src/turtlebot3_simulations/turtlebot3_fake_node'
[0.529s] INFO:colcon.colcon_core.plugin_system:Skipping extension 'colcon_core.shell.bat': Not used on non-Windows systems
[0.529s] INFO:colcon.colcon_core.shell:Skip shell extension 'powershell' for command environment: Not usable outside of PowerShell
[0.529s] DEBUG:colcon.colcon_core.shell:Skip shell extension 'dsv' for command environment
[0.536s] INFO:colcon.colcon_ros.task.ament_cmake.build:Building ROS package in '/home/badri/ros2_ws/src/turtlebot3_simulations/turtlebot3_gazebo' with build type 'ament_cmake'
[0.536s] INFO:colcon.colcon_cmake.task.cmake.build:Building CMake package in '/home/badri/ros2_ws/src/turtlebot3_simulations/turtlebot3_gazebo'
[0.537s] INFO:colcon.colcon_core.shell:Skip shell extension 'powershell' for command environment: Not usable outside of PowerShell
[0.537s] DEBUG:colcon.colcon_core.shell:Skip shell extension 'dsv' for command environment
[0.547s] INFO:colcon.colcon_ros.task.ament_python.build:Building ROS package in '/home/badri/ros2_ws/src/casadi_mpc' with build type 'ament_python'
[0.547s] Level 1:colcon.colcon_core.shell:create_environment_hook('casadi_mpc', 'ament_prefix_path')
[0.548s] INFO:colcon.colcon_core.shell:Creating environment hook '/home/badri/ros2_ws/src/install/casadi_mpc/share/casadi_mpc/hook/ament_prefix_path.ps1'
[0.549s] INFO:colcon.colcon_core.shell:Creating environment descriptor '/home/badri/ros2_ws/src/install/casadi_mpc/share/casadi_mpc/hook/ament_prefix_path.dsv'
[0.550s] INFO:colcon.colcon_core.shell:Creating environment hook '/home/badri/ros2_ws/src/install/casadi_mpc/share/casadi_mpc/hook/ament_prefix_path.sh'
[0.552s] INFO:colcon.colcon_core.shell:Skip shell extension 'powershell' for command environment: Not usable outside of PowerShell
[0.552s] DEBUG:colcon.colcon_core.shell:Skip shell extension 'dsv' for command environment
[0.561s] INFO:colcon.colcon_ros.task.ament_cmake.build:Building ROS package in '/home/badri/ros2_ws/src/gain_sch' with build type 'ament_cmake'
[0.562s] INFO:colcon.colcon_cmake.task.cmake.build:Building CMake package in '/home/badri/ros2_ws/src/gain_sch'
[0.562s] INFO:colcon.colcon_core.shell:Skip shell extension 'powershell' for command environment: Not usable outside of PowerShell
[0.562s] DEBUG:colcon.colcon_core.shell:Skip shell extension 'dsv' for command environment
[0.569s] INFO:colcon.colcon_ros.task.ament_cmake.build:Building ROS package in '/home/badri/ros2_ws/src/tb3_robot' with build type 'ament_cmake'
[0.569s] INFO:colcon.colcon_cmake.task.cmake.build:Building CMake package in '/home/badri/ros2_ws/src/tb3_robot'
[0.569s] INFO:colcon.colcon_core.shell:Skip shell extension 'powershell' for command environment: Not usable outside of PowerShell
[0.569s] DEBUG:colcon.colcon_core.shell:Skip shell extension 'dsv' for command environment
[0.576s] INFO:colcon.colcon_ros.task.ament_cmake.build:Building ROS package in '/home/badri/ros2_ws/src/tb3_robot_bringup' with build type 'ament_cmake'
[0.576s] INFO:colcon.colcon_cmake.task.cmake.build:Building CMake package in '/home/badri/ros2_ws/src/tb3_robot_bringup'
[0.576s] INFO:colcon.colcon_core.shell:Skip shell extension 'powershell' for command environment: Not usable outside of PowerShell
[0.577s] DEBUG:colcon.colcon_core.shell:Skip shell extension 'dsv' for command environment
[0.591s] DEBUG:colcon.colcon_core.event_handler.log_command:Invoking command in '/home/badri/ros2_ws/src/build/turtlebot3_fake_node': CMAKE_PREFIX_PATH=${CMAKE_PREFIX_PATH}:/home/badri/ros2_ws/install/casadi_mpc:/opt/ros/humble /usr/bin/cmake /home/badri/ros2_ws/src/turtlebot3_simulations/turtlebot3_fake_node -DCMAKE_INSTALL_PREFIX=/home/badri/ros2_ws/src/install/turtlebot3_fake_node
[0.598s] DEBUG:colcon.colcon_core.event_handler.log_command:Invoking command in '/home/badri/ros2_ws/src/build/turtlebot3_gazebo': CMAKE_PREFIX_PATH=${CMAKE_PREFIX_PATH}:/home/badri/ros2_ws/install/casadi_mpc:/opt/ros/humble /usr/bin/cmake --build /home/badri/ros2_ws/src/build/turtlebot3_gazebo -- -j8 -l8
[1.090s] INFO:colcon.colcon_core.task.python.build:Building Python package in '/home/badri/ros2_ws/src/casadi_mpc'
[1.090s] INFO:colcon.colcon_core.shell:Skip shell extension 'powershell' for command environment: Not usable outside of PowerShell
[1.090s] DEBUG:colcon.colcon_core.shell:Skip shell extension 'dsv' for command environment
[1.103s] DEBUG:colcon.colcon_core.event_handler.log_command:Invoking command in '/home/badri/ros2_ws/src/build/gain_sch': CMAKE_PREFIX_PATH=${CMAKE_PREFIX_PATH}:/home/badri/ros2_ws/install/casadi_mpc:/opt/ros/humble /usr/bin/cmake /home/badri/ros2_ws/src/gain_sch -DCMAKE_INSTALL_PREFIX=/home/badri/ros2_ws/src/install/gain_sch
[1.107s] DEBUG:colcon.colcon_core.event_handler.log_command:Invoking command in '/home/badri/ros2_ws/src/build/tb3_robot': CMAKE_PREFIX_PATH=${CMAKE_PREFIX_PATH}:/home/badri/ros2_ws/install/casadi_mpc:/opt/ros/humble /usr/bin/cmake /home/badri/ros2_ws/src/tb3_robot -DCMAKE_INSTALL_PREFIX=/home/badri/ros2_ws/src/install/tb3_robot
[1.121s] DEBUG:colcon.colcon_core.event_handler.log_command:Invoking command in '/home/badri/ros2_ws/src/build/tb3_robot_bringup': CMAKE_PREFIX_PATH=${CMAKE_PREFIX_PATH}:/home/badri/ros2_ws/install/casadi_mpc:/opt/ros/humble /usr/bin/cmake /home/badri/ros2_ws/src/tb3_robot_bringup -DCMAKE_INSTALL_PREFIX=/home/badri/ros2_ws/src/install/tb3_robot_bringup
[2.006s] DEBUG:colcon.colcon_core.event_handler.log_command:Invoking command in '/home/badri/ros2_ws/src/casadi_mpc': PYTHONPATH=/home/badri/ros2_ws/src/build/casadi_mpc/prefix_override:/usr/lib/python3/dist-packages/colcon_core/task/python/colcon_distutils_commands:/home/badri/ros2_ws/src/install/casadi_mpc/lib/python3.10/site-packages:${PYTHONPATH} /usr/bin/python3 -W ignore:setup.py install is deprecated setup.py egg_info --egg-base ../build/casadi_mpc build --build-base /home/badri/ros2_ws/src/build/casadi_mpc/build install --record /home/badri/ros2_ws/src/build/casadi_mpc/install.log --single-version-externally-managed install_data
[2.790s] DEBUG:colcon.colcon_core.event_handler.log_command:Invoked command in '/home/badri/ros2_ws/src/build/tb3_robot_bringup' returned '0': CMAKE_PREFIX_PATH=${CMAKE_PREFIX_PATH}:/home/badri/ros2_ws/install/casadi_mpc:/opt/ros/humble /usr/bin/cmake /home/badri/ros2_ws/src/tb3_robot_bringup -DCMAKE_INSTALL_PREFIX=/home/badri/ros2_ws/src/install/tb3_robot_bringup
[2.796s] DEBUG:colcon.colcon_core.event_handler.log_command:Invoking command in '/home/badri/ros2_ws/src/build/tb3_robot_bringup': CMAKE_PREFIX_PATH=${CMAKE_PREFIX_PATH}:/home/badri/ros2_ws/install/casadi_mpc:/opt/ros/humble /usr/bin/cmake --build /home/badri/ros2_ws/src/build/tb3_robot_bringup -- -j8 -l8
[2.958s] DEBUG:colcon.colcon_core.event_handler.log_command:Invoked command in '/home/badri/ros2_ws/src/build/tb3_robot_bringup' returned '0': CMAKE_PREFIX_PATH=${CMAKE_PREFIX_PATH}:/home/badri/ros2_ws/install/casadi_mpc:/opt/ros/humble /usr/bin/cmake --build /home/badri/ros2_ws/src/build/tb3_robot_bringup -- -j8 -l8
[3.088s] Level 1:colcon.colcon_core.environment:create_environment_scripts_only(tb3_robot_bringup)
[3.101s] Level 1:colcon.colcon_core.environment:checking '/home/badri/ros2_ws/src/install/tb3_robot_bringup' for CMake module files
[3.105s] Level 1:colcon.colcon_core.environment:checking '/home/badri/ros2_ws/src/install/tb3_robot_bringup' for CMake config files
[3.106s] Level 1:colcon.colcon_core.shell:create_environment_hook('tb3_robot_bringup', 'cmake_prefix_path')
[3.106s] INFO:colcon.colcon_core.shell:Creating environment hook '/home/badri/ros2_ws/src/install/tb3_robot_bringup/share/tb3_robot_bringup/hook/cmake_prefix_path.ps1'
[3.113s] INFO:colcon.colcon_core.shell:Creating environment descriptor '/home/badri/ros2_ws/src/install/tb3_robot_bringup/share/tb3_robot_bringup/hook/cmake_prefix_path.dsv'
[3.115s] INFO:colcon.colcon_core.shell:Creating environment hook '/home/badri/ros2_ws/src/install/tb3_robot_bringup/share/tb3_robot_bringup/hook/cmake_prefix_path.sh'
[3.117s] Level 1:colcon.colcon_core.environment:checking '/home/badri/ros2_ws/src/install/tb3_robot_bringup/bin'
[3.117s] Level 1:colcon.colcon_core.environment:checking '/home/badri/ros2_ws/src/install/tb3_robot_bringup/lib/pkgconfig/tb3_robot_bringup.pc'
[3.117s] Level 1:colcon.colcon_core.environment:checking '/home/badri/ros2_ws/src/install/tb3_robot_bringup/lib/python3.10/site-packages'
[3.118s] Level 1:colcon.colcon_core.environment:checking '/home/badri/ros2_ws/src/install/tb3_robot_bringup/bin'
[3.124s] INFO:colcon.colcon_core.shell:Creating package script '/home/badri/ros2_ws/src/install/tb3_robot_bringup/share/tb3_robot_bringup/package.ps1'
[3.127s] INFO:colcon.colcon_core.shell:Creating package descriptor '/home/badri/ros2_ws/src/install/tb3_robot_bringup/share/tb3_robot_bringup/package.dsv'
[3.129s] INFO:colcon.colcon_core.shell:Creating package script '/home/badri/ros2_ws/src/install/tb3_robot_bringup/share/tb3_robot_bringup/package.sh'
[3.135s] INFO:colcon.colcon_core.shell:Creating package script '/home/badri/ros2_ws/src/install/tb3_robot_bringup/share/tb3_robot_bringup/package.bash'
[3.142s] INFO:colcon.colcon_core.shell:Creating package script '/home/badri/ros2_ws/src/install/tb3_robot_bringup/share/tb3_robot_bringup/package.zsh'
[3.143s] Level 1:colcon.colcon_core.environment:create_file_with_runtime_dependencies(/home/badri/ros2_ws/src/install/tb3_robot_bringup/share/colcon-core/packages/tb3_robot_bringup)
[3.168s] Level 1:colcon.colcon_core.environment:checking '/home/badri/ros2_ws/src/install/casadi_mpc' for CMake module files
[3.176s] Level 1:colcon.colcon_core.environment:checking '/home/badri/ros2_ws/src/install/casadi_mpc' for CMake config files
[3.177s] Level 1:colcon.colcon_core.environment:checking '/home/badri/ros2_ws/src/install/casadi_mpc/lib'
[3.177s] Level 1:colcon.colcon_core.environment:checking '/home/badri/ros2_ws/src/install/casadi_mpc/bin'
[3.177s] Level 1:colcon.colcon_core.environment:checking '/home/badri/ros2_ws/src/install/casadi_mpc/lib/pkgconfig/casadi_mpc.pc'
[3.178s] Level 1:colcon.colcon_core.environment:checking '/home/badri/ros2_ws/src/install/casadi_mpc/lib/python3.10/site-packages'
[3.180s] Level 1:colcon.colcon_core.shell:create_environment_hook('casadi_mpc', 'pythonpath')
[3.181s] INFO:colcon.colcon_core.shell:Creating environment hook '/home/badri/ros2_ws/src/install/casadi_mpc/share/casadi_mpc/hook/pythonpath.ps1'
[3.182s] DEBUG:colcon.colcon_core.event_handler.log_command:Invoking command in '/home/badri/ros2_ws/src/build/tb3_robot_bringup': CMAKE_PREFIX_PATH=${CMAKE_PREFIX_PATH}:/home/badri/ros2_ws/install/casadi_mpc:/opt/ros/humble /usr/bin/cmake --install /home/badri/ros2_ws/src/build/tb3_robot_bringup
[3.183s] INFO:colcon.colcon_core.shell:Creating environment descriptor '/home/badri/ros2_ws/src/install/casadi_mpc/share/casadi_mpc/hook/pythonpath.dsv'
[3.184s] INFO:colcon.colcon_core.shell:Creating environment hook '/home/badri/ros2_ws/src/install/casadi_mpc/share/casadi_mpc/hook/pythonpath.sh'
[3.188s] Level 1:colcon.colcon_core.environment:checking '/home/badri/ros2_ws/src/install/casadi_mpc/bin'
[3.188s] Level 1:colcon.colcon_core.environment:create_environment_scripts_only(casadi_mpc)
[3.189s] INFO:colcon.colcon_core.shell:Creating package script '/home/badri/ros2_ws/src/install/casadi_mpc/share/casadi_mpc/package.ps1'
[3.193s] INFO:colcon.colcon_core.shell:Creating package descriptor '/home/badri/ros2_ws/src/install/casadi_mpc/share/casadi_mpc/package.dsv'
[3.196s] INFO:colcon.colcon_core.shell:Creating package script '/home/badri/ros2_ws/src/install/casadi_mpc/share/casadi_mpc/package.sh'
[3.201s] INFO:colcon.colcon_core.shell:Creating package script '/home/badri/ros2_ws/src/install/casadi_mpc/share/casadi_mpc/package.bash'
[3.202s] INFO:colcon.colcon_core.shell:Creating package script '/home/badri/ros2_ws/src/install/casadi_mpc/share/casadi_mpc/package.zsh'
[3.202s] Level 1:colcon.colcon_core.environment:create_file_with_runtime_dependencies(/home/badri/ros2_ws/src/install/casadi_mpc/share/colcon-core/packages/casadi_mpc)
[3.220s] DEBUG:colcon.colcon_core.event_handler.log_command:Invoked command in '/home/badri/ros2_ws/src/build/tb3_robot_bringup' returned '0': CMAKE_PREFIX_PATH=${CMAKE_PREFIX_PATH}:/home/badri/ros2_ws/install/casadi_mpc:/opt/ros/humble /usr/bin/cmake --install /home/badri/ros2_ws/src/build/tb3_robot_bringup
[3.226s] Level 1:colcon.colcon_core.environment:create_environment_scripts_only(tb3_robot_bringup)
[3.228s] Level 1:colcon.colcon_core.environment:checking '/home/badri/ros2_ws/src/install/tb3_robot_bringup' for CMake module files
[3.233s] Level 1:colcon.colcon_core.environment:checking '/home/badri/ros2_ws/src/install/tb3_robot_bringup' for CMake config files
[3.234s] Level 1:colcon.colcon_core.shell:create_environment_hook('tb3_robot_bringup', 'cmake_prefix_path')
[3.234s] INFO:colcon.colcon_core.shell:Creating environment hook '/home/badri/ros2_ws/src/install/tb3_robot_bringup/share/tb3_robot_bringup/hook/cmake_prefix_path.ps1'
[3.235s] INFO:colcon.colcon_core.shell:Creating environment descriptor '/home/badri/ros2_ws/src/install/tb3_robot_bringup/share/tb3_robot_bringup/hook/cmake_prefix_path.dsv'
[3.236s] INFO:colcon.colcon_core.shell:Creating environment hook '/home/badri/ros2_ws/src/install/tb3_robot_bringup/share/tb3_robot_bringup/hook/cmake_prefix_path.sh'
[3.241s] Level 1:colcon.colcon_core.environment:checking '/home/badri/ros2_ws/src/install/tb3_robot_bringup/bin'
[3.241s] Level 1:colcon.colcon_core.environment:checking '/home/badri/ros2_ws/src/install/tb3_robot_bringup/lib/pkgconfig/tb3_robot_bringup.pc'
[3.242s] Level 1:colcon.colcon_core.environment:checking '/home/badri/ros2_ws/src/install/tb3_robot_bringup/lib/python3.10/site-packages'
[3.242s] Level 1:colcon.colcon_core.environment:checking '/home/badri/ros2_ws/src/install/tb3_robot_bringup/bin'
[3.243s] INFO:colcon.colcon_core.shell:Creating package script '/home/badri/ros2_ws/src/install/tb3_robot_bringup/share/tb3_robot_bringup/package.ps1'
[3.245s] INFO:colcon.colcon_core.shell:Creating package descriptor '/home/badri/ros2_ws/src/install/tb3_robot_bringup/share/tb3_robot_bringup/package.dsv'
[3.248s] INFO:colcon.colcon_core.shell:Creating package script '/home/badri/ros2_ws/src/install/tb3_robot_bringup/share/tb3_robot_bringup/package.sh'
[3.252s] INFO:colcon.colcon_core.shell:Creating package script '/home/badri/ros2_ws/src/install/tb3_robot_bringup/share/tb3_robot_bringup/package.bash'
[3.253s] INFO:colcon.colcon_core.shell:Creating package script '/home/badri/ros2_ws/src/install/tb3_robot_bringup/share/tb3_robot_bringup/package.zsh'
[3.254s] Level 1:colcon.colcon_core.environment:create_file_with_runtime_dependencies(/home/badri/ros2_ws/src/install/tb3_robot_bringup/share/colcon-core/packages/tb3_robot_bringup)
[3.291s] DEBUG:colcon.colcon_core.event_handler.log_command:Invoked command in '/home/badri/ros2_ws/src/casadi_mpc' returned '0': PYTHONPATH=/home/badri/ros2_ws/src/build/casadi_mpc/prefix_override:/usr/lib/python3/dist-packages/colcon_core/task/python/colcon_distutils_commands:/home/badri/ros2_ws/src/install/casadi_mpc/lib/python3.10/site-packages:${PYTHONPATH} /usr/bin/python3 -W ignore:setup.py install is deprecated setup.py egg_info --egg-base ../build/casadi_mpc build --build-base /home/badri/ros2_ws/src/build/casadi_mpc/build install --record /home/badri/ros2_ws/src/build/casadi_mpc/install.log --single-version-externally-managed install_data
[3.918s] DEBUG:colcon.colcon_core.event_handler.log_command:Invoked command in '/home/badri/ros2_ws/src/build/turtlebot3_fake_node' returned '0': CMAKE_PREFIX_PATH=${CMAKE_PREFIX_PATH}:/home/badri/ros2_ws/install/casadi_mpc:/opt/ros/humble /usr/bin/cmake /home/badri/ros2_ws/src/turtlebot3_simulations/turtlebot3_fake_node -DCMAKE_INSTALL_PREFIX=/home/badri/ros2_ws/src/install/turtlebot3_fake_node
[3.919s] DEBUG:colcon.colcon_core.event_handler.log_command:Invoking command in '/home/badri/ros2_ws/src/build/turtlebot3_fake_node': CMAKE_PREFIX_PATH=${CMAKE_PREFIX_PATH}:/home/badri/ros2_ws/install/casadi_mpc:/opt/ros/humble /usr/bin/cmake --build /home/badri/ros2_ws/src/build/turtlebot3_fake_node -- -j8 -l8
[4.800s] DEBUG:colcon.colcon_core.event_handler.log_command:Invoked command in '/home/badri/ros2_ws/src/build/gain_sch' returned '0': CMAKE_PREFIX_PATH=${CMAKE_PREFIX_PATH}:/home/badri/ros2_ws/install/casadi_mpc:/opt/ros/humble /usr/bin/cmake /home/badri/ros2_ws/src/gain_sch -DCMAKE_INSTALL_PREFIX=/home/badri/ros2_ws/src/install/gain_sch
[4.803s] DEBUG:colcon.colcon_core.event_handler.log_command:Invoking command in '/home/badri/ros2_ws/src/build/gain_sch': CMAKE_PREFIX_PATH=${CMAKE_PREFIX_PATH}:/home/badri/ros2_ws/install/casadi_mpc:/opt/ros/humble /usr/bin/cmake --build /home/badri/ros2_ws/src/build/gain_sch -- -j8 -l8
[5.084s] DEBUG:colcon.colcon_core.event_handler.log_command:Invoked command in '/home/badri/ros2_ws/src/build/tb3_robot' returned '0': CMAKE_PREFIX_PATH=${CMAKE_PREFIX_PATH}:/home/badri/ros2_ws/install/casadi_mpc:/opt/ros/humble /usr/bin/cmake /home/badri/ros2_ws/src/tb3_robot -DCMAKE_INSTALL_PREFIX=/home/badri/ros2_ws/src/install/tb3_robot
[5.085s] DEBUG:colcon.colcon_core.event_handler.log_command:Invoking command in '/home/badri/ros2_ws/src/build/tb3_robot': CMAKE_PREFIX_PATH=${CMAKE_PREFIX_PATH}:/home/badri/ros2_ws/install/casadi_mpc:/opt/ros/humble /usr/bin/cmake --build /home/badri/ros2_ws/src/build/tb3_robot -- -j8 -l8
[41.414s] Level 1:colcon.colcon_core.environment:create_environment_scripts_only(tb3_robot)
[41.418s] Level 1:colcon.colcon_core.environment:checking '/home/badri/ros2_ws/src/install/tb3_robot' for CMake module files
[41.437s] Level 1:colcon.colcon_core.environment:checking '/home/badri/ros2_ws/src/install/tb3_robot' for CMake config files
[41.446s] Level 1:colcon.colcon_core.shell:create_environment_hook('tb3_robot', 'cmake_prefix_path')
[41.447s] INFO:colcon.colcon_core.shell:Creating environment hook '/home/badri/ros2_ws/src/install/tb3_robot/share/tb3_robot/hook/cmake_prefix_path.ps1'
[41.460s] INFO:colcon.colcon_core.shell:Creating environment descriptor '/home/badri/ros2_ws/src/install/tb3_robot/share/tb3_robot/hook/cmake_prefix_path.dsv'
[41.461s] INFO:colcon.colcon_core.shell:Creating environment hook '/home/badri/ros2_ws/src/install/tb3_robot/share/tb3_robot/hook/cmake_prefix_path.sh'
[41.485s] Level 1:colcon.colcon_core.environment:checking '/home/badri/ros2_ws/src/install/tb3_robot/lib'
[41.486s] Level 1:colcon.colcon_core.environment:checking '/home/badri/ros2_ws/src/install/tb3_robot/bin'
[41.486s] Level 1:colcon.colcon_core.environment:checking '/home/badri/ros2_ws/src/install/tb3_robot/lib/pkgconfig/tb3_robot.pc'
[41.487s] Level 1:colcon.colcon_core.environment:checking '/home/badri/ros2_ws/src/install/tb3_robot/lib/python3.10/site-packages'
[41.488s] Level 1:colcon.colcon_core.environment:checking '/home/badri/ros2_ws/src/install/tb3_robot/bin'
[41.489s] INFO:colcon.colcon_core.shell:Creating package script '/home/badri/ros2_ws/src/install/tb3_robot/share/tb3_robot/package.ps1'
[41.497s] INFO:colcon.colcon_core.shell:Creating package descriptor '/home/badri/ros2_ws/src/install/tb3_robot/share/tb3_robot/package.dsv'
[41.498s] INFO:colcon.colcon_core.shell:Creating package script '/home/badri/ros2_ws/src/install/tb3_robot/share/tb3_robot/package.sh'
[41.510s] INFO:colcon.colcon_core.shell:Creating package script '/home/badri/ros2_ws/src/install/tb3_robot/share/tb3_robot/package.bash'
[41.516s] INFO:colcon.colcon_core.shell:Creating package script '/home/badri/ros2_ws/src/install/tb3_robot/share/tb3_robot/package.zsh'
[41.521s] Level 1:colcon.colcon_core.environment:create_file_with_runtime_dependencies(/home/badri/ros2_ws/src/install/tb3_robot/share/colcon-core/packages/tb3_robot)
[41.812s] Level 1:colcon.colcon_core.environment:create_environment_scripts_only(tb3_robot)
[41.814s] Level 1:colcon.colcon_core.environment:checking '/home/badri/ros2_ws/src/install/tb3_robot' for CMake module files
[41.822s] Level 1:colcon.colcon_core.environment:checking '/home/badri/ros2_ws/src/install/tb3_robot' for CMake config files
[41.823s] Level 1:colcon.colcon_core.shell:create_environment_hook('tb3_robot', 'cmake_prefix_path')
[41.825s] INFO:colcon.colcon_core.shell:Creating environment hook '/home/badri/ros2_ws/src/install/tb3_robot/share/tb3_robot/hook/cmake_prefix_path.ps1'
[41.837s] INFO:colcon.colcon_core.shell:Creating environment descriptor '/home/badri/ros2_ws/src/install/tb3_robot/share/tb3_robot/hook/cmake_prefix_path.dsv'
[41.843s] INFO:colcon.colcon_core.shell:Creating environment hook '/home/badri/ros2_ws/src/install/tb3_robot/share/tb3_robot/hook/cmake_prefix_path.sh'
[41.865s] Level 1:colcon.colcon_core.environment:checking '/home/badri/ros2_ws/src/install/tb3_robot/lib'
[41.866s] Level 1:colcon.colcon_core.environment:checking '/home/badri/ros2_ws/src/install/tb3_robot/bin'
[41.867s] Level 1:colcon.colcon_core.environment:checking '/home/badri/ros2_ws/src/install/tb3_robot/lib/pkgconfig/tb3_robot.pc'
[41.868s] Level 1:colcon.colcon_core.environment:checking '/home/badri/ros2_ws/src/install/tb3_robot/lib/python3.10/site-packages'
[41.873s] Level 1:colcon.colcon_core.environment:checking '/home/badri/ros2_ws/src/install/tb3_robot/bin'
[41.875s] INFO:colcon.colcon_core.shell:Creating package script '/home/badri/ros2_ws/src/install/tb3_robot/share/tb3_robot/package.ps1'
[41.883s] INFO:colcon.colcon_core.shell:Creating package descriptor '/home/badri/ros2_ws/src/install/tb3_robot/share/tb3_robot/package.dsv'
[41.888s] INFO:colcon.colcon_core.shell:Creating package script '/home/badri/ros2_ws/src/install/tb3_robot/share/tb3_robot/package.sh'
[41.896s] INFO:colcon.colcon_core.shell:Creating package script '/home/badri/ros2_ws/src/install/tb3_robot/share/tb3_robot/package.bash'
[41.908s] INFO:colcon.colcon_core.shell:Creating package script '/home/badri/ros2_ws/src/install/tb3_robot/share/tb3_robot/package.zsh'
[41.914s] Level 1:colcon.colcon_core.environment:create_file_with_runtime_dependencies(/home/badri/ros2_ws/src/install/tb3_robot/share/colcon-core/packages/tb3_robot)
[45.783s] Level 1:colcon.colcon_core.environment:create_environment_scripts_only(gain_sch)
[45.784s] Level 1:colcon.colcon_core.environment:checking '/home/badri/ros2_ws/src/install/gain_sch' for CMake module files
[45.792s] Level 1:colcon.colcon_core.environment:checking '/home/badri/ros2_ws/src/install/gain_sch' for CMake config files
[45.798s] Level 1:colcon.colcon_core.shell:create_environment_hook('gain_sch', 'cmake_prefix_path')
[45.799s] INFO:colcon.colcon_core.shell:Creating environment hook '/home/badri/ros2_ws/src/install/gain_sch/share/gain_sch/hook/cmake_prefix_path.ps1'
[45.802s] INFO:colcon.colcon_core.shell:Creating environment descriptor '/home/badri/ros2_ws/src/install/gain_sch/share/gain_sch/hook/cmake_prefix_path.dsv'
[45.805s] INFO:colcon.colcon_core.shell:Creating environment hook '/home/badri/ros2_ws/src/install/gain_sch/share/gain_sch/hook/cmake_prefix_path.sh'
[45.808s] Level 1:colcon.colcon_core.environment:checking '/home/badri/ros2_ws/src/install/gain_sch/lib'
[45.809s] Level 1:colcon.colcon_core.environment:checking '/home/badri/ros2_ws/src/install/gain_sch/bin'
[45.810s] Level 1:colcon.colcon_core.environment:checking '/home/badri/ros2_ws/src/install/gain_sch/lib/pkgconfig/gain_sch.pc'
[45.810s] Level 1:colcon.colcon_core.environment:checking '/home/badri/ros2_ws/src/install/gain_sch/lib/python3.10/site-packages'
[45.811s] Level 1:colcon.colcon_core.environment:checking '/home/badri/ros2_ws/src/install/gain_sch/bin'
[45.812s] INFO:colcon.colcon_core.shell:Creating package script '/home/badri/ros2_ws/src/install/gain_sch/share/gain_sch/package.ps1'
[45.815s] INFO:colcon.colcon_core.shell:Creating package descriptor '/home/badri/ros2_ws/src/install/gain_sch/share/gain_sch/package.dsv'
[45.818s] INFO:colcon.colcon_core.shell:Creating package script '/home/badri/ros2_ws/src/install/gain_sch/share/gain_sch/package.sh'
[45.821s] INFO:colcon.colcon_core.shell:Creating package script '/home/badri/ros2_ws/src/install/gain_sch/share/gain_sch/package.bash'
[45.825s] INFO:colcon.colcon_core.shell:Creating package script '/home/badri/ros2_ws/src/install/gain_sch/share/gain_sch/package.zsh'
[45.828s] Level 1:colcon.colcon_core.environment:create_file_with_runtime_dependencies(/home/badri/ros2_ws/src/install/gain_sch/share/colcon-core/packages/gain_sch)
[45.921s] Level 1:colcon.colcon_core.environment:create_environment_scripts_only(gain_sch)
[45.922s] Level 1:colcon.colcon_core.environment:checking '/home/badri/ros2_ws/src/install/gain_sch' for CMake module files
[45.942s] Level 1:colcon.colcon_core.environment:checking '/home/badri/ros2_ws/src/install/gain_sch' for CMake config files
[45.948s] Level 1:colcon.colcon_core.shell:create_environment_hook('gain_sch', 'cmake_prefix_path')
[45.949s] INFO:colcon.colcon_core.shell:Creating environment hook '/home/badri/ros2_ws/src/install/gain_sch/share/gain_sch/hook/cmake_prefix_path.ps1'
[45.954s] INFO:colcon.colcon_core.shell:Creating environment descriptor '/home/badri/ros2_ws/src/install/gain_sch/share/gain_sch/hook/cmake_prefix_path.dsv'
[45.957s] INFO:colcon.colcon_core.shell:Creating environment hook '/home/badri/ros2_ws/src/install/gain_sch/share/gain_sch/hook/cmake_prefix_path.sh'
[45.969s] Level 1:colcon.colcon_core.environment:checking '/home/badri/ros2_ws/src/install/gain_sch/lib'
[45.972s] Level 1:colcon.colcon_core.environment:checking '/home/badri/ros2_ws/src/install/gain_sch/bin'
[45.972s] Level 1:colcon.colcon_core.environment:checking '/home/badri/ros2_ws/src/install/gain_sch/lib/pkgconfig/gain_sch.pc'
[45.974s] Level 1:colcon.colcon_core.environment:checking '/home/badri/ros2_ws/src/install/gain_sch/lib/python3.10/site-packages'
[45.975s] Level 1:colcon.colcon_core.environment:checking '/home/badri/ros2_ws/src/install/gain_sch/bin'
[45.976s] INFO:colcon.colcon_core.shell:Creating package script '/home/badri/ros2_ws/src/install/gain_sch/share/gain_sch/package.ps1'
[45.984s] INFO:colcon.colcon_core.shell:Creating package descriptor '/home/badri/ros2_ws/src/install/gain_sch/share/gain_sch/package.dsv'
[45.989s] INFO:colcon.colcon_core.shell:Creating package script '/home/badri/ros2_ws/src/install/gain_sch/share/gain_sch/package.sh'
[45.996s] INFO:colcon.colcon_core.shell:Creating package script '/home/badri/ros2_ws/src/install/gain_sch/share/gain_sch/package.bash'
[46.000s] INFO:colcon.colcon_core.shell:Creating package script '/home/badri/ros2_ws/src/install/gain_sch/share/gain_sch/package.zsh'
[46.005s] Level 1:colcon.colcon_core.environment:create_file_with_runtime_dependencies(/home/badri/ros2_ws/src/install/gain_sch/share/colcon-core/packages/gain_sch)
[46.934s] Level 1:colcon.colcon_core.environment:create_environment_scripts_only(turtlebot3_fake_node)
[46.934s] Level 1:colcon.colcon_core.environment:checking '/home/badri/ros2_ws/src/install/turtlebot3_fake_node' for CMake module files
[46.938s] Level 1:colcon.colcon_core.environment:checking '/home/badri/ros2_ws/src/install/turtlebot3_fake_node' for CMake config files
[46.947s] Level 1:colcon.colcon_core.shell:create_environment_hook('turtlebot3_fake_node', 'cmake_prefix_path')
[46.948s] INFO:colcon.colcon_core.shell:Creating environment hook '/home/badri/ros2_ws/src/install/turtlebot3_fake_node/share/turtlebot3_fake_node/hook/cmake_prefix_path.ps1'
[46.951s] INFO:colcon.colcon_core.shell:Creating environment descriptor '/home/badri/ros2_ws/src/install/turtlebot3_fake_node/share/turtlebot3_fake_node/hook/cmake_prefix_path.dsv'
[46.958s] INFO:colcon.colcon_core.shell:Creating environment hook '/home/badri/ros2_ws/src/install/turtlebot3_fake_node/share/turtlebot3_fake_node/hook/cmake_prefix_path.sh'
[46.964s] Level 1:colcon.colcon_core.environment:checking '/home/badri/ros2_ws/src/install/turtlebot3_fake_node/lib'
[46.965s] Level 1:colcon.colcon_core.environment:checking '/home/badri/ros2_ws/src/install/turtlebot3_fake_node/bin'
[46.965s] Level 1:colcon.colcon_core.environment:checking '/home/badri/ros2_ws/src/install/turtlebot3_fake_node/lib/pkgconfig/turtlebot3_fake_node.pc'
[46.966s] Level 1:colcon.colcon_core.environment:checking '/home/badri/ros2_ws/src/install/turtlebot3_fake_node/lib/python3.10/site-packages'
[46.968s] Level 1:colcon.colcon_core.environment:checking '/home/badri/ros2_ws/src/install/turtlebot3_fake_node/bin'
[46.969s] INFO:colcon.colcon_core.shell:Creating package script '/home/badri/ros2_ws/src/install/turtlebot3_fake_node/share/turtlebot3_fake_node/package.ps1'
[46.971s] INFO:colcon.colcon_core.shell:Creating package descriptor '/home/badri/ros2_ws/src/install/turtlebot3_fake_node/share/turtlebot3_fake_node/package.dsv'
[46.973s] INFO:colcon.colcon_core.shell:Creating package script '/home/badri/ros2_ws/src/install/turtlebot3_fake_node/share/turtlebot3_fake_node/package.sh'
[46.975s] INFO:colcon.colcon_core.shell:Creating package script '/home/badri/ros2_ws/src/install/turtlebot3_fake_node/share/turtlebot3_fake_node/package.bash'
[46.977s] INFO:colcon.colcon_core.shell:Creating package script '/home/badri/ros2_ws/src/install/turtlebot3_fake_node/share/turtlebot3_fake_node/package.zsh'
[46.979s] Level 1:colcon.colcon_core.environment:create_file_with_runtime_dependencies(/home/badri/ros2_ws/src/install/turtlebot3_fake_node/share/colcon-core/packages/turtlebot3_fake_node)
[47.056s] Level 1:colcon.colcon_core.environment:create_environment_scripts_only(turtlebot3_fake_node)
[47.057s] Level 1:colcon.colcon_core.environment:checking '/home/badri/ros2_ws/src/install/turtlebot3_fake_node' for CMake module files
[47.061s] Level 1:colcon.colcon_core.environment:checking '/home/badri/ros2_ws/src/install/turtlebot3_fake_node' for CMake config files
[47.066s] Level 1:colcon.colcon_core.shell:create_environment_hook('turtlebot3_fake_node', 'cmake_prefix_path')
[47.067s] INFO:colcon.colcon_core.shell:Creating environment hook '/home/badri/ros2_ws/src/install/turtlebot3_fake_node/share/turtlebot3_fake_node/hook/cmake_prefix_path.ps1'
[47.069s] INFO:colcon.colcon_core.shell:Creating environment descriptor '/home/badri/ros2_ws/src/install/turtlebot3_fake_node/share/turtlebot3_fake_node/hook/cmake_prefix_path.dsv'
[47.071s] INFO:colcon.colcon_core.shell:Creating environment hook '/home/badri/ros2_ws/src/install/turtlebot3_fake_node/share/turtlebot3_fake_node/hook/cmake_prefix_path.sh'
[47.074s] Level 1:colcon.colcon_core.environment:checking '/home/badri/ros2_ws/src/install/turtlebot3_fake_node/lib'
[47.075s] Level 1:colcon.colcon_core.environment:checking '/home/badri/ros2_ws/src/install/turtlebot3_fake_node/bin'
[47.075s] Level 1:colcon.colcon_core.environment:checking '/home/badri/ros2_ws/src/install/turtlebot3_fake_node/lib/pkgconfig/turtlebot3_fake_node.pc'
[47.076s] Level 1:colcon.colcon_core.environment:checking '/home/badri/ros2_ws/src/install/turtlebot3_fake_node/lib/python3.10/site-packages'
[47.076s] Level 1:colcon.colcon_core.environment:checking '/home/badri/ros2_ws/src/install/turtlebot3_fake_node/bin'
[47.077s] INFO:colcon.colcon_core.shell:Creating package script '/home/badri/ros2_ws/src/install/turtlebot3_fake_node/share/turtlebot3_fake_node/package.ps1'
[47.079s] INFO:colcon.colcon_core.shell:Creating package descriptor '/home/badri/ros2_ws/src/install/turtlebot3_fake_node/share/turtlebot3_fake_node/package.dsv'
[47.081s] INFO:colcon.colcon_core.shell:Creating package script '/home/badri/ros2_ws/src/install/turtlebot3_fake_node/share/turtlebot3_fake_node/package.sh'
[47.083s] INFO:colcon.colcon_core.shell:Creating package script '/home/badri/ros2_ws/src/install/turtlebot3_fake_node/share/turtlebot3_fake_node/package.bash'
[47.085s] INFO:colcon.colcon_core.shell:Creating package script '/home/badri/ros2_ws/src/install/turtlebot3_fake_node/share/turtlebot3_fake_node/package.zsh'
[47.087s] Level 1:colcon.colcon_core.environment:create_file_with_runtime_dependencies(/home/badri/ros2_ws/src/install/turtlebot3_fake_node/share/colcon-core/packages/turtlebot3_fake_node)
[54.418s] Level 1:colcon.colcon_core.environment:create_environment_scripts_only(turtlebot3_gazebo)
[54.418s] Level 1:colcon.colcon_core.environment:checking '/home/badri/ros2_ws/src/install/turtlebot3_gazebo' for CMake module files
[54.419s] Level 1:colcon.colcon_core.environment:checking '/home/badri/ros2_ws/src/install/turtlebot3_gazebo' for CMake config files
[54.422s] Level 1:colcon.colcon_core.environment:checking '/home/badri/ros2_ws/src/install/turtlebot3_gazebo/bin'
[54.422s] Level 1:colcon.colcon_core.environment:checking '/home/badri/ros2_ws/src/install/turtlebot3_gazebo/lib/pkgconfig/turtlebot3_gazebo.pc'
[54.423s] Level 1:colcon.colcon_core.environment:checking '/home/badri/ros2_ws/src/install/turtlebot3_gazebo/lib/python3.10/site-packages'
[54.423s] Level 1:colcon.colcon_core.environment:checking '/home/badri/ros2_ws/src/install/turtlebot3_gazebo/bin'
[54.424s] INFO:colcon.colcon_core.shell:Creating package script '/home/badri/ros2_ws/src/install/turtlebot3_gazebo/share/turtlebot3_gazebo/package.ps1'
[54.425s] INFO:colcon.colcon_core.shell:Creating package descriptor '/home/badri/ros2_ws/src/install/turtlebot3_gazebo/share/turtlebot3_gazebo/package.dsv'
[54.427s] INFO:colcon.colcon_core.shell:Creating package script '/home/badri/ros2_ws/src/install/turtlebot3_gazebo/share/turtlebot3_gazebo/package.sh'
[54.428s] INFO:colcon.colcon_core.shell:Creating package script '/home/badri/ros2_ws/src/install/turtlebot3_gazebo/share/turtlebot3_gazebo/package.bash'
[54.430s] INFO:colcon.colcon_core.shell:Creating package script '/home/badri/ros2_ws/src/install/turtlebot3_gazebo/share/turtlebot3_gazebo/package.zsh'
[54.431s] Level 1:colcon.colcon_core.environment:create_file_with_runtime_dependencies(/home/badri/ros2_ws/src/install/turtlebot3_gazebo/share/colcon-core/packages/turtlebot3_gazebo)
[62.684s] DEBUG:colcon.colcon_core.event_handler.log_command:Invoked command in '/home/badri/ros2_ws/src/build/tb3_robot' returned '0': CMAKE_PREFIX_PATH=${CMAKE_PREFIX_PATH}:/home/badri/ros2_ws/install/casadi_mpc:/opt/ros/humble /usr/bin/cmake --build /home/badri/ros2_ws/src/build/tb3_robot -- -j8 -l8
[63.055s] DEBUG:colcon.colcon_core.event_handler.log_command:Invoking command in '/home/badri/ros2_ws/src/build/tb3_robot': CMAKE_PREFIX_PATH=${CMAKE_PREFIX_PATH}:/home/badri/ros2_ws/install/casadi_mpc:/opt/ros/humble /usr/bin/cmake --install /home/badri/ros2_ws/src/build/tb3_robot
[63.243s] DEBUG:colcon.colcon_core.event_handler.log_command:Invoked command in '/home/badri/ros2_ws/src/build/tb3_robot' returned '0': CMAKE_PREFIX_PATH=${CMAKE_PREFIX_PATH}:/home/badri/ros2_ws/install/casadi_mpc:/opt/ros/humble /usr/bin/cmake --install /home/badri/ros2_ws/src/build/tb3_robot
[69.924s] DEBUG:colcon.colcon_core.event_handler.log_command:Invoked command in '/home/badri/ros2_ws/src/build/gain_sch' returned '0': CMAKE_PREFIX_PATH=${CMAKE_PREFIX_PATH}:/home/badri/ros2_ws/install/casadi_mpc:/opt/ros/humble /usr/bin/cmake --build /home/badri/ros2_ws/src/build/gain_sch -- -j8 -l8
[69.957s] DEBUG:colcon.colcon_core.event_handler.log_command:Invoking command in '/home/badri/ros2_ws/src/build/gain_sch': CMAKE_PREFIX_PATH=${CMAKE_PREFIX_PATH}:/home/badri/ros2_ws/install/casadi_mpc:/opt/ros/humble /usr/bin/cmake --install /home/badri/ros2_ws/src/build/gain_sch
[69.960s] DEBUG:colcon.colcon_core.event_handler.log_command:Invoked command in '/home/badri/ros2_ws/src/build/gain_sch' returned '0': CMAKE_PREFIX_PATH=${CMAKE_PREFIX_PATH}:/home/badri/ros2_ws/install/casadi_mpc:/opt/ros/humble /usr/bin/cmake --install /home/badri/ros2_ws/src/build/gain_sch
[71.661s] DEBUG:colcon.colcon_core.event_handler.log_command:Invoked command in '/home/badri/ros2_ws/src/build/turtlebot3_fake_node' returned '0': CMAKE_PREFIX_PATH=${CMAKE_PREFIX_PATH}:/home/badri/ros2_ws/install/casadi_mpc:/opt/ros/humble /usr/bin/cmake --build /home/badri/ros2_ws/src/build/turtlebot3_fake_node -- -j8 -l8
[71.701s] DEBUG:colcon.colcon_core.event_handler.log_command:Invoking command in '/home/badri/ros2_ws/src/build/turtlebot3_fake_node': CMAKE_PREFIX_PATH=${CMAKE_PREFIX_PATH}:/home/badri/ros2_ws/install/casadi_mpc:/opt/ros/humble /usr/bin/cmake --install /home/badri/ros2_ws/src/build/turtlebot3_fake_node
[71.773s] DEBUG:colcon.colcon_core.event_handler.log_command:Invoked command in '/home/badri/ros2_ws/src/build/turtlebot3_fake_node' returned '0': CMAKE_PREFIX_PATH=${CMAKE_PREFIX_PATH}:/home/badri/ros2_ws/install/casadi_mpc:/opt/ros/humble /usr/bin/cmake --install /home/badri/ros2_ws/src/build/turtlebot3_fake_node
[72.782s] DEBUG:colcon.colcon_core.event_handler.log_command:Invoked command in '/home/badri/ros2_ws/src/build/turtlebot3_gazebo' returned '2': CMAKE_PREFIX_PATH=${CMAKE_PREFIX_PATH}:/home/badri/ros2_ws/install/casadi_mpc:/opt/ros/humble /usr/bin/cmake --build /home/badri/ros2_ws/src/build/turtlebot3_gazebo -- -j8 -l8
[72.782s] DEBUG:colcon.colcon_parallel_executor.executor.parallel:closing loop
[72.803s] DEBUG:colcon.colcon_parallel_executor.executor.parallel:loop closed
[72.804s] DEBUG:colcon.colcon_parallel_executor.executor.parallel:run_until_complete finished with '2'
[72.804s] DEBUG:colcon.colcon_core.event_reactor:joining thread
[78.212s] INFO:colcon.colcon_core.plugin_system:Skipping extension 'colcon_notification.desktop_notification.terminal_notifier': Not used on non-Darwin systems
[78.212s] INFO:colcon.colcon_core.plugin_system:Skipping extension 'colcon_notification.desktop_notification.win32': Not used on non-Windows systems
[78.213s] INFO:colcon.colcon_notification.desktop_notification:Sending desktop notification using 'notify2'
[78.257s] DEBUG:colcon.colcon_core.event_reactor:joined thread
[78.258s] INFO:colcon.colcon_core.shell:Creating prefix script '/home/badri/ros2_ws/src/install/local_setup.ps1'
[78.262s] INFO:colcon.colcon_core.shell:Creating prefix util module '/home/badri/ros2_ws/src/install/_local_setup_util_ps1.py'
[78.270s] INFO:colcon.colcon_core.shell:Creating prefix chain script '/home/badri/ros2_ws/src/install/setup.ps1'
[78.278s] INFO:colcon.colcon_core.shell:Creating prefix script '/home/badri/ros2_ws/src/install/local_setup.sh'
[78.280s] INFO:colcon.colcon_core.shell:Creating prefix util module '/home/badri/ros2_ws/src/install/_local_setup_util_sh.py'
[78.282s] INFO:colcon.colcon_core.shell:Creating prefix chain script '/home/badri/ros2_ws/src/install/setup.sh'
[78.289s] INFO:colcon.colcon_core.shell:Creating prefix script '/home/badri/ros2_ws/src/install/local_setup.bash'
[78.291s] INFO:colcon.colcon_core.shell:Creating prefix chain script '/home/badri/ros2_ws/src/install/setup.bash'
[78.299s] INFO:colcon.colcon_core.shell:Creating prefix script '/home/badri/ros2_ws/src/install/local_setup.zsh'
[78.301s] INFO:colcon.colcon_core.shell:Creating prefix chain script '/home/badri/ros2_ws/src/install/setup.zsh'
