[0.649s] Invoking command in '/home/badri/ros2_ws/build/tb3_robot_bringup': CMAKE_PREFIX_PATH=${CMAKE_PREFIX_PATH}:/home/badri/ros2_ws/install/casadi_mpc:/opt/ros/humble /usr/bin/cmake --build /home/badri/ros2_ws/build/tb3_robot_bringup -- -j8 -l8
[0.718s] Invoked command in '/home/badri/ros2_ws/build/tb3_robot_bringup' returned '0': CMAKE_PREFIX_PATH=${CMAKE_PREFIX_PATH}:/home/badri/ros2_ws/install/casadi_mpc:/opt/ros/humble /usr/bin/cmake --build /home/badri/ros2_ws/build/tb3_robot_bringup -- -j8 -l8
[0.771s] Invoking command in '/home/badri/ros2_ws/build/tb3_robot_bringup': CMAKE_PREFIX_PATH=${CMAKE_PREFIX_PATH}:/home/badri/ros2_ws/install/casadi_mpc:/opt/ros/humble /usr/bin/cmake --install /home/badri/ros2_ws/build/tb3_robot_bringup
[0.784s] -- Install configuration: ""
[0.784s] -- Up-to-date: /home/badri/ros2_ws/install/tb3_robot_bringup/share/tb3_robot_bringup/launch
[0.784s] -- Up-to-date: /home/badri/ros2_ws/install/tb3_robot_bringup/share/tb3_robot_bringup/launch/tb3_mapping.launch.py
[0.784s] -- Up-to-date: /home/badri/ros2_ws/install/tb3_robot_bringup/share/tb3_robot_bringup/launch/provide_map.launch.py
[0.785s] -- Up-to-date: /home/badri/ros2_ws/install/tb3_robot_bringup/share/tb3_robot_bringup/launch/tb3_run.launch.py
[0.785s] -- Up-to-date: /home/badri/ros2_ws/install/tb3_robot_bringup/share/ament_index/resource_index/package_run_dependencies/tb3_robot_bringup
[0.785s] -- Up-to-date: /home/badri/ros2_ws/install/tb3_robot_bringup/share/ament_index/resource_index/parent_prefix_path/tb3_robot_bringup
[0.785s] -- Up-to-date: /home/badri/ros2_ws/install/tb3_robot_bringup/share/tb3_robot_bringup/environment/ament_prefix_path.sh
[0.786s] -- Up-to-date: /home/badri/ros2_ws/install/tb3_robot_bringup/share/tb3_robot_bringup/environment/ament_prefix_path.dsv
[0.786s] -- Up-to-date: /home/badri/ros2_ws/install/tb3_robot_bringup/share/tb3_robot_bringup/environment/path.sh
[0.786s] -- Up-to-date: /home/badri/ros2_ws/install/tb3_robot_bringup/share/tb3_robot_bringup/environment/path.dsv
[0.786s] -- Up-to-date: /home/badri/ros2_ws/install/tb3_robot_bringup/share/tb3_robot_bringup/local_setup.bash
[0.786s] -- Up-to-date: /home/badri/ros2_ws/install/tb3_robot_bringup/share/tb3_robot_bringup/local_setup.sh
[0.787s] -- Up-to-date: /home/badri/ros2_ws/install/tb3_robot_bringup/share/tb3_robot_bringup/local_setup.zsh
[0.787s] -- Up-to-date: /home/badri/ros2_ws/install/tb3_robot_bringup/share/tb3_robot_bringup/local_setup.dsv
[0.787s] -- Installing: /home/badri/ros2_ws/install/tb3_robot_bringup/share/tb3_robot_bringup/package.dsv
[0.787s] -- Up-to-date: /home/badri/ros2_ws/install/tb3_robot_bringup/share/ament_index/resource_index/packages/tb3_robot_bringup
[0.787s] -- Up-to-date: /home/badri/ros2_ws/install/tb3_robot_bringup/share/tb3_robot_bringup/cmake/tb3_robot_bringupConfig.cmake
[0.788s] -- Up-to-date: /home/badri/ros2_ws/install/tb3_robot_bringup/share/tb3_robot_bringup/cmake/tb3_robot_bringupConfig-version.cmake
[0.788s] -- Up-to-date: /home/badri/ros2_ws/install/tb3_robot_bringup/share/tb3_robot_bringup/package.xml
[0.790s] Invoked command in '/home/badri/ros2_ws/build/tb3_robot_bringup' returned '0': CMAKE_PREFIX_PATH=${CMAKE_PREFIX_PATH}:/home/badri/ros2_ws/install/casadi_mpc:/opt/ros/humble /usr/bin/cmake --install /home/badri/ros2_ws/build/tb3_robot_bringup
