running egg_info
creating ../build/casadi_mpc/casadi_mpc.egg-info
writing ../build/casadi_mpc/casadi_mpc.egg-info/PKG-INFO
writing dependency_links to ../build/casadi_mpc/casadi_mpc.egg-info/dependency_links.txt
writing entry points to ../build/casadi_mpc/casadi_mpc.egg-info/entry_points.txt
writing requirements to ../build/casadi_mpc/casadi_mpc.egg-info/requires.txt
writing top-level names to ../build/casadi_mpc/casadi_mpc.egg-info/top_level.txt
writing manifest file '../build/casadi_mpc/casadi_mpc.egg-info/SOURCES.txt'
reading manifest file '../build/casadi_mpc/casadi_mpc.egg-info/SOURCES.txt'
adding license file 'LICENSE'
writing manifest file '../build/casadi_mpc/casadi_mpc.egg-info/SOURCES.txt'
running build
running build_py
creating /home/badri/ros2_ws/src/build/casadi_mpc/build
creating /home/badri/ros2_ws/src/build/casadi_mpc/build/lib
creating /home/badri/ros2_ws/src/build/casadi_mpc/build/lib/casadi_mpc
copying casadi_mpc/__init__.py -> /home/badri/ros2_ws/src/build/casadi_mpc/build/lib/casadi_mpc
copying casadi_mpc/casadi_mpc.py -> /home/badri/ros2_ws/src/build/casadi_mpc/build/lib/casadi_mpc
running install
running install_lib
creating /home/badri/ros2_ws/src/install/casadi_mpc/lib/python3.10/site-packages/casadi_mpc
copying /home/badri/ros2_ws/src/build/casadi_mpc/build/lib/casadi_mpc/__init__.py -> /home/badri/ros2_ws/src/install/casadi_mpc/lib/python3.10/site-packages/casadi_mpc
copying /home/badri/ros2_ws/src/build/casadi_mpc/build/lib/casadi_mpc/casadi_mpc.py -> /home/badri/ros2_ws/src/install/casadi_mpc/lib/python3.10/site-packages/casadi_mpc
byte-compiling /home/badri/ros2_ws/src/install/casadi_mpc/lib/python3.10/site-packages/casadi_mpc/__init__.py to __init__.cpython-310.pyc
byte-compiling /home/badri/ros2_ws/src/install/casadi_mpc/lib/python3.10/site-packages/casadi_mpc/casadi_mpc.py to casadi_mpc.cpython-310.pyc
running install_data
creating /home/badri/ros2_ws/src/install/casadi_mpc/share/ament_index
creating /home/badri/ros2_ws/src/install/casadi_mpc/share/ament_index/resource_index
creating /home/badri/ros2_ws/src/install/casadi_mpc/share/ament_index/resource_index/packages
copying resource/casadi_mpc -> /home/badri/ros2_ws/src/install/casadi_mpc/share/ament_index/resource_index/packages
copying package.xml -> /home/badri/ros2_ws/src/install/casadi_mpc/share/casadi_mpc
running install_egg_info
Copying ../build/casadi_mpc/casadi_mpc.egg-info to /home/badri/ros2_ws/src/install/casadi_mpc/lib/python3.10/site-packages/casadi_mpc-0.0.0-py3.10.egg-info
running install_scripts
Installing casadi_mpc script to /home/badri/ros2_ws/src/install/casadi_mpc/lib/casadi_mpc
writing list of installed files to '/home/badri/ros2_ws/src/build/casadi_mpc/install.log'
