[1.457s] Invoking command in '/home/badri/ros2_ws/src/casadi_mpc': PYTHONPATH=/home/badri/ros2_ws/src/build/casadi_mpc/prefix_override:/usr/lib/python3/dist-packages/colcon_core/task/python/colcon_distutils_commands:/home/badri/ros2_ws/src/install/casadi_mpc/lib/python3.10/site-packages:${PYTHONPATH} /usr/bin/python3 -W ignore:setup.py install is deprecated setup.py egg_info --egg-base ../build/casadi_mpc build --build-base /home/badri/ros2_ws/src/build/casadi_mpc/build install --record /home/badri/ros2_ws/src/build/casadi_mpc/install.log --single-version-externally-managed install_data
[2.536s] running egg_info
[2.554s] creating ../build/casadi_mpc/casadi_mpc.egg-info
[2.554s] writing ../build/casadi_mpc/casadi_mpc.egg-info/PKG-INFO
[2.555s] writing dependency_links to ../build/casadi_mpc/casadi_mpc.egg-info/dependency_links.txt
[2.555s] writing entry points to ../build/casadi_mpc/casadi_mpc.egg-info/entry_points.txt
[2.555s] writing requirements to ../build/casadi_mpc/casadi_mpc.egg-info/requires.txt
[2.555s] writing top-level names to ../build/casadi_mpc/casadi_mpc.egg-info/top_level.txt
[2.573s] writing manifest file '../build/casadi_mpc/casadi_mpc.egg-info/SOURCES.txt'
[2.573s] reading manifest file '../build/casadi_mpc/casadi_mpc.egg-info/SOURCES.txt'
[2.574s] adding license file 'LICENSE'
[2.574s] writing manifest file '../build/casadi_mpc/casadi_mpc.egg-info/SOURCES.txt'
[2.574s] running build
[2.574s] running build_py
[2.574s] creating /home/badri/ros2_ws/src/build/casadi_mpc/build
[2.574s] creating /home/badri/ros2_ws/src/build/casadi_mpc/build/lib
[2.574s] creating /home/badri/ros2_ws/src/build/casadi_mpc/build/lib/casadi_mpc
[2.574s] copying casadi_mpc/__init__.py -> /home/badri/ros2_ws/src/build/casadi_mpc/build/lib/casadi_mpc
[2.575s] copying casadi_mpc/casadi_mpc.py -> /home/badri/ros2_ws/src/build/casadi_mpc/build/lib/casadi_mpc
[2.576s] running install
[2.576s] running install_lib
[2.592s] creating /home/badri/ros2_ws/src/install/casadi_mpc/lib/python3.10/site-packages/casadi_mpc
[2.592s] copying /home/badri/ros2_ws/src/build/casadi_mpc/build/lib/casadi_mpc/__init__.py -> /home/badri/ros2_ws/src/install/casadi_mpc/lib/python3.10/site-packages/casadi_mpc
[2.592s] copying /home/badri/ros2_ws/src/build/casadi_mpc/build/lib/casadi_mpc/casadi_mpc.py -> /home/badri/ros2_ws/src/install/casadi_mpc/lib/python3.10/site-packages/casadi_mpc
[2.611s] byte-compiling /home/badri/ros2_ws/src/install/casadi_mpc/lib/python3.10/site-packages/casadi_mpc/__init__.py to __init__.cpython-310.pyc
[2.611s] byte-compiling /home/badri/ros2_ws/src/install/casadi_mpc/lib/python3.10/site-packages/casadi_mpc/casadi_mpc.py to casadi_mpc.cpython-310.pyc
[2.611s] running install_data
[2.623s] creating /home/badri/ros2_ws/src/install/casadi_mpc/share/ament_index
[2.623s] creating /home/badri/ros2_ws/src/install/casadi_mpc/share/ament_index/resource_index
[2.624s] creating /home/badri/ros2_ws/src/install/casadi_mpc/share/ament_index/resource_index/packages
[2.624s] copying resource/casadi_mpc -> /home/badri/ros2_ws/src/install/casadi_mpc/share/ament_index/resource_index/packages
[2.624s] copying package.xml -> /home/badri/ros2_ws/src/install/casadi_mpc/share/casadi_mpc
[2.625s] running install_egg_info
[2.637s] Copying ../build/casadi_mpc/casadi_mpc.egg-info to /home/badri/ros2_ws/src/install/casadi_mpc/lib/python3.10/site-packages/casadi_mpc-0.0.0-py3.10.egg-info
[2.640s] running install_scripts
[2.701s] Installing casadi_mpc script to /home/badri/ros2_ws/src/install/casadi_mpc/lib/casadi_mpc
[2.702s] writing list of installed files to '/home/badri/ros2_ws/src/build/casadi_mpc/install.log'
[2.742s] Invoked command in '/home/badri/ros2_ws/src/casadi_mpc' returned '0': PYTHONPATH=/home/badri/ros2_ws/src/build/casadi_mpc/prefix_override:/usr/lib/python3/dist-packages/colcon_core/task/python/colcon_distutils_commands:/home/badri/ros2_ws/src/install/casadi_mpc/lib/python3.10/site-packages:${PYTHONPATH} /usr/bin/python3 -W ignore:setup.py install is deprecated setup.py egg_info --egg-base ../build/casadi_mpc build --build-base /home/badri/ros2_ws/src/build/casadi_mpc/build install --record /home/badri/ros2_ws/src/build/casadi_mpc/install.log --single-version-externally-managed install_data
