[0.688s] Invoking command in '/home/badri/ros2_ws/build/gain_sch': CMAKE_PREFIX_PATH=${CMAKE_PREFIX_PATH}:/home/badri/ros2_ws/install/casadi_mpc:/opt/ros/humble /usr/bin/cmake --build /home/badri/ros2_ws/build/gain_sch -- -j8 -l8
[0.763s] [35m[1mConsolidate compiler generated dependencies of target gain_schedulling[0m
[0.795s] [ 50%] [32mBuilding CXX object CMakeFiles/gain_schedulling.dir/src/gain_schedulling.cpp.o[0m
[15.069s] [100%] [32m[1mLinking CXX executable gain_schedulling[0m
[15.905s] [100%] Built target gain_schedulling
[15.925s] Invoked command in '/home/badri/ros2_ws/build/gain_sch' returned '0': CMAKE_PREFIX_PATH=${CMAKE_PREFIX_PATH}:/home/badri/ros2_ws/install/casadi_mpc:/opt/ros/humble /usr/bin/cmake --build /home/badri/ros2_ws/build/gain_sch -- -j8 -l8
[16.034s] Invoking command in '/home/badri/ros2_ws/build/gain_sch': CMAKE_PREFIX_PATH=${CMAKE_PREFIX_PATH}:/home/badri/ros2_ws/install/casadi_mpc:/opt/ros/humble /usr/bin/cmake --install /home/badri/ros2_ws/build/gain_sch
[16.072s] -- Install configuration: ""
[16.074s] -- Installing: /home/badri/ros2_ws/install/gain_sch/lib/gain_sch/gain_schedulling
[16.103s] -- Set runtime path of "/home/badri/ros2_ws/install/gain_sch/lib/gain_sch/gain_schedulling" to ""
[16.104s] -- Up-to-date: /home/badri/ros2_ws/install/gain_sch/share/ament_index/resource_index/package_run_dependencies/gain_sch
[16.105s] -- Up-to-date: /home/badri/ros2_ws/install/gain_sch/share/ament_index/resource_index/parent_prefix_path/gain_sch
[16.106s] -- Up-to-date: /home/badri/ros2_ws/install/gain_sch/share/gain_sch/environment/ament_prefix_path.sh
[16.107s] -- Up-to-date: /home/badri/ros2_ws/install/gain_sch/share/gain_sch/environment/ament_prefix_path.dsv
[16.108s] -- Up-to-date: /home/badri/ros2_ws/install/gain_sch/share/gain_sch/environment/path.sh
[16.112s] -- Up-to-date: /home/badri/ros2_ws/install/gain_sch/share/gain_sch/environment/path.dsv
[16.113s] -- Up-to-date: /home/badri/ros2_ws/install/gain_sch/share/gain_sch/local_setup.bash
[16.117s] -- Up-to-date: /home/badri/ros2_ws/install/gain_sch/share/gain_sch/local_setup.sh
[16.119s] -- Up-to-date: /home/badri/ros2_ws/install/gain_sch/share/gain_sch/local_setup.zsh
[16.121s] -- Up-to-date: /home/badri/ros2_ws/install/gain_sch/share/gain_sch/local_setup.dsv
[16.123s] -- Installing: /home/badri/ros2_ws/install/gain_sch/share/gain_sch/package.dsv
[16.125s] -- Up-to-date: /home/badri/ros2_ws/install/gain_sch/share/ament_index/resource_index/packages/gain_sch
[16.126s] -- Up-to-date: /home/badri/ros2_ws/install/gain_sch/share/gain_sch/cmake/gain_schConfig.cmake
[16.126s] -- Up-to-date: /home/badri/ros2_ws/install/gain_sch/share/gain_sch/cmake/gain_schConfig-version.cmake
[16.127s] -- Up-to-date: /home/badri/ros2_ws/install/gain_sch/share/gain_sch/package.xml
[16.128s] Invoked command in '/home/badri/ros2_ws/build/gain_sch' returned '0': CMAKE_PREFIX_PATH=${CMAKE_PREFIX_PATH}:/home/badri/ros2_ws/install/casadi_mpc:/opt/ros/humble /usr/bin/cmake --install /home/badri/ros2_ws/build/gain_sch
