[0.017s] Invoking command in '/home/badri/ros2_ws/build/mpc_package': CMAKE_PREFIX_PATH=${CMAKE_PREFIX_PATH}:/opt/ros/humble /usr/bin/cmake --build /home/badri/ros2_ws/build/mpc_package -- -j8 -l8
[0.070s] Invoked command in '/home/badri/ros2_ws/build/mpc_package' returned '0': CMAKE_PREFIX_PATH=${CMAKE_PREFIX_PATH}:/opt/ros/humble /usr/bin/cmake --build /home/badri/ros2_ws/build/mpc_package -- -j8 -l8
[0.124s] Invoking command in '/home/badri/ros2_ws/build/mpc_package': CMAKE_PREFIX_PATH=${CMAKE_PREFIX_PATH}:/opt/ros/humble /usr/bin/cmake --install /home/badri/ros2_ws/build/mpc_package
[0.140s] -- Install configuration: ""
[0.140s] -- Up-to-date: /home/badri/ros2_ws/install/mpc_package/share/ament_index/resource_index/package_run_dependencies/mpc_package
[0.141s] -- Up-to-date: /home/badri/ros2_ws/install/mpc_package/share/ament_index/resource_index/parent_prefix_path/mpc_package
[0.141s] -- Up-to-date: /home/badri/ros2_ws/install/mpc_package/share/mpc_package/environment/ament_prefix_path.sh
[0.141s] -- Up-to-date: /home/badri/ros2_ws/install/mpc_package/share/mpc_package/environment/ament_prefix_path.dsv
[0.141s] -- Up-to-date: /home/badri/ros2_ws/install/mpc_package/share/mpc_package/environment/path.sh
[0.142s] -- Up-to-date: /home/badri/ros2_ws/install/mpc_package/share/mpc_package/environment/path.dsv
[0.142s] -- Up-to-date: /home/badri/ros2_ws/install/mpc_package/share/mpc_package/local_setup.bash
[0.142s] -- Up-to-date: /home/badri/ros2_ws/install/mpc_package/share/mpc_package/local_setup.sh
[0.142s] -- Up-to-date: /home/badri/ros2_ws/install/mpc_package/share/mpc_package/local_setup.zsh
[0.142s] -- Up-to-date: /home/badri/ros2_ws/install/mpc_package/share/mpc_package/local_setup.dsv
[0.142s] -- Up-to-date: /home/badri/ros2_ws/install/mpc_package/share/mpc_package/package.dsv
[0.142s] -- Up-to-date: /home/badri/ros2_ws/install/mpc_package/share/ament_index/resource_index/packages/mpc_package
[0.142s] -- Up-to-date: /home/badri/ros2_ws/install/mpc_package/share/mpc_package/cmake/mpc_packageConfig.cmake
[0.143s] -- Up-to-date: /home/badri/ros2_ws/install/mpc_package/share/mpc_package/cmake/mpc_packageConfig-version.cmake
[0.143s] -- Up-to-date: /home/badri/ros2_ws/install/mpc_package/share/mpc_package/package.xml
[0.147s] Invoked command in '/home/badri/ros2_ws/build/mpc_package' returned '0': CMAKE_PREFIX_PATH=${CMAKE_PREFIX_PATH}:/opt/ros/humble /usr/bin/cmake --install /home/badri/ros2_ws/build/mpc_package
