[0.458s] Invoking command in '/home/badri/ros2_ws/build/gain_sch': CMAKE_PREFIX_PATH=${CMAKE_PREFIX_PATH}:/home/badri/ros2_ws/install/casadi_mpc:/opt/ros/humble /usr/bin/cmake /home/badri/ros2_ws/src/gain_sch -DCMAKE_INSTALL_PREFIX=/home/badri/ros2_ws/install/gain_sch
[0.586s] -- The C compiler identification is GNU 11.4.0
[0.716s] -- The CXX compiler identification is GNU 11.4.0
[0.731s] -- Detecting C compiler ABI info
[0.833s] -- Detecting C compiler ABI info - done
[0.851s] -- Check for working C compiler: /usr/bin/cc - skipped
[0.851s] -- Detecting C compile features
[0.852s] -- Detecting C compile features - done
[0.857s] -- Detecting CXX compiler ABI info
[0.985s] -- Detecting CXX compiler ABI info - done
[1.003s] -- Check for working CXX compiler: /usr/bin/c++ - skipped
[1.004s] -- Detecting CXX compile features
[1.006s] -- Detecting CXX compile features - done
[1.019s] -- Found ament_cmake: 1.3.10 (/opt/ros/humble/share/ament_cmake/cmake)
[1.541s] -- Found Python3: /usr/bin/python3 (found version "3.10.12") found components: Interpreter 
[1.694s] -- Found rclcpp: 16.0.10 (/opt/ros/humble/share/rclcpp/cmake)
[1.791s] -- Found rosidl_generator_c: 3.1.5 (/opt/ros/humble/share/rosidl_generator_c/cmake)
[1.806s] -- Found rosidl_adapter: 3.1.5 (/opt/ros/humble/share/rosidl_adapter/cmake)
[1.826s] -- Found rosidl_generator_cpp: 3.1.5 (/opt/ros/humble/share/rosidl_generator_cpp/cmake)
[1.860s] -- Using all available rosidl_typesupport_c: rosidl_typesupport_fastrtps_c;rosidl_typesupport_introspection_c
[1.906s] -- Using all available rosidl_typesupport_cpp: rosidl_typesupport_fastrtps_cpp;rosidl_typesupport_introspection_cpp
[2.018s] -- Found rmw_implementation_cmake: 6.1.2 (/opt/ros/humble/share/rmw_implementation_cmake/cmake)
[2.026s] -- Found rmw_fastrtps_cpp: 6.2.7 (/opt/ros/humble/share/rmw_fastrtps_cpp/cmake)
[2.184s] -- Found OpenSSL: /usr/lib/x86_64-linux-gnu/libcrypto.so (found version "3.0.2")  
[2.219s] -- Found FastRTPS: /opt/ros/humble/include  
[2.257s] -- Using RMW implementation 'rmw_fastrtps_cpp' as default
[2.276s] -- Looking for pthread.h
[2.403s] -- Looking for pthread.h - found
[2.403s] -- Performing Test CMAKE_HAVE_LIBC_PTHREAD
[2.530s] -- Performing Test CMAKE_HAVE_LIBC_PTHREAD - Success
[2.532s] -- Found Threads: TRUE  
[2.640s] -- Found geometry_msgs: 4.2.4 (/opt/ros/humble/share/geometry_msgs/cmake)
[2.668s] -- Found nav_msgs: 4.2.4 (/opt/ros/humble/share/nav_msgs/cmake)
[2.703s] -- Found sensor_msgs: 4.2.4 (/opt/ros/humble/share/sensor_msgs/cmake)
[2.735s] -- Found tf2: 0.25.8 (/opt/ros/humble/share/tf2/cmake)
[2.755s] -- Found tf2_geometry_msgs: 0.25.8 (/opt/ros/humble/share/tf2_geometry_msgs/cmake)
[2.779s] -- Found eigen3_cmake_module: 0.1.1 (/opt/ros/humble/share/eigen3_cmake_module/cmake)
[2.781s] -- Found Eigen3: TRUE (found version "3.4.0") 
[2.781s] -- Ensuring Eigen3 include directory is part of orocos-kdl CMake target
[3.122s] -- Configuring done
[3.142s] -- Generating done
[3.145s] -- Build files have been written to: /home/badri/ros2_ws/build/gain_sch
[3.163s] Invoked command in '/home/badri/ros2_ws/build/gain_sch' returned '0': CMAKE_PREFIX_PATH=${CMAKE_PREFIX_PATH}:/home/badri/ros2_ws/install/casadi_mpc:/opt/ros/humble /usr/bin/cmake /home/badri/ros2_ws/src/gain_sch -DCMAKE_INSTALL_PREFIX=/home/badri/ros2_ws/install/gain_sch
[3.165s] Invoking command in '/home/badri/ros2_ws/build/gain_sch': CMAKE_PREFIX_PATH=${CMAKE_PREFIX_PATH}:/home/badri/ros2_ws/install/casadi_mpc:/opt/ros/humble /usr/bin/cmake --build /home/badri/ros2_ws/build/gain_sch -- -j8 -l8
[3.251s] [ 50%] [32mBuilding CXX object CMakeFiles/gain_schedulling.dir/src/gain_schedulling.cpp.o[0m
[14.227s] [100%] [32m[1mLinking CXX executable gain_schedulling[0m
[14.871s] [100%] Built target gain_schedulling
[14.888s] Invoked command in '/home/badri/ros2_ws/build/gain_sch' returned '0': CMAKE_PREFIX_PATH=${CMAKE_PREFIX_PATH}:/home/badri/ros2_ws/install/casadi_mpc:/opt/ros/humble /usr/bin/cmake --build /home/badri/ros2_ws/build/gain_sch -- -j8 -l8
[14.963s] Invoking command in '/home/badri/ros2_ws/build/gain_sch': CMAKE_PREFIX_PATH=${CMAKE_PREFIX_PATH}:/home/badri/ros2_ws/install/casadi_mpc:/opt/ros/humble /usr/bin/cmake --install /home/badri/ros2_ws/build/gain_sch
[14.994s] -- Install configuration: ""
[14.995s] -- Installing: /home/badri/ros2_ws/install/gain_sch/lib/gain_sch/gain_schedulling
[15.007s] -- Set runtime path of "/home/badri/ros2_ws/install/gain_sch/lib/gain_sch/gain_schedulling" to ""
[15.008s] -- Installing: /home/badri/ros2_ws/install/gain_sch/share/ament_index/resource_index/package_run_dependencies/gain_sch
[15.008s] -- Installing: /home/badri/ros2_ws/install/gain_sch/share/ament_index/resource_index/parent_prefix_path/gain_sch
[15.009s] -- Installing: /home/badri/ros2_ws/install/gain_sch/share/gain_sch/environment/ament_prefix_path.sh
[15.010s] -- Installing: /home/badri/ros2_ws/install/gain_sch/share/gain_sch/environment/ament_prefix_path.dsv
[15.011s] -- Installing: /home/badri/ros2_ws/install/gain_sch/share/gain_sch/environment/path.sh
[15.012s] -- Installing: /home/badri/ros2_ws/install/gain_sch/share/gain_sch/environment/path.dsv
[15.013s] -- Installing: /home/badri/ros2_ws/install/gain_sch/share/gain_sch/local_setup.bash
[15.014s] -- Installing: /home/badri/ros2_ws/install/gain_sch/share/gain_sch/local_setup.sh
[15.014s] -- Installing: /home/badri/ros2_ws/install/gain_sch/share/gain_sch/local_setup.zsh
[15.015s] -- Installing: /home/badri/ros2_ws/install/gain_sch/share/gain_sch/local_setup.dsv
[15.016s] -- Installing: /home/badri/ros2_ws/install/gain_sch/share/gain_sch/package.dsv
[15.017s] -- Installing: /home/badri/ros2_ws/install/gain_sch/share/ament_index/resource_index/packages/gain_sch
[15.018s] -- Installing: /home/badri/ros2_ws/install/gain_sch/share/gain_sch/cmake/gain_schConfig.cmake
[15.018s] -- Installing: /home/badri/ros2_ws/install/gain_sch/share/gain_sch/cmake/gain_schConfig-version.cmake
[15.019s] -- Installing: /home/badri/ros2_ws/install/gain_sch/share/gain_sch/package.xml
[15.029s] Invoked command in '/home/badri/ros2_ws/build/gain_sch' returned '0': CMAKE_PREFIX_PATH=${CMAKE_PREFIX_PATH}:/home/badri/ros2_ws/install/casadi_mpc:/opt/ros/humble /usr/bin/cmake --install /home/badri/ros2_ws/build/gain_sch
