-- The C compiler identification is GNU 11.4.0
-- The CXX compiler identification is GNU 11.4.0
-- Detecting C compiler ABI info
-- Detecting C compiler ABI info - done
-- Check for working C compiler: /usr/bin/cc - skipped
-- Detecting C compile features
-- Detecting C compile features - done
-- Detecting CXX compiler ABI info
-- Detecting CXX compiler ABI info - done
-- Check for working CXX compiler: /usr/bin/c++ - skipped
-- Detecting CXX compile features
-- Detecting CXX compile features - done
-- Found ament_cmake: 1.3.10 (/opt/ros/humble/share/ament_cmake/cmake)
-- Found Python3: /usr/bin/python3 (found version "3.10.12") found components: Interpreter 
-- Found rclcpp: 16.0.10 (/opt/ros/humble/share/rclcpp/cmake)
-- Found rosidl_generator_c: 3.1.5 (/opt/ros/humble/share/rosidl_generator_c/cmake)
-- Found rosidl_adapter: 3.1.5 (/opt/ros/humble/share/rosidl_adapter/cmake)
-- Found rosidl_generator_cpp: 3.1.5 (/opt/ros/humble/share/rosidl_generator_cpp/cmake)
-- Using all available rosidl_typesupport_c: rosidl_typesupport_fastrtps_c;rosidl_typesupport_introspection_c
-- Using all available rosidl_typesupport_cpp: rosidl_typesupport_fastrtps_cpp;rosidl_typesupport_introspection_cpp
-- Found rmw_implementation_cmake: 6.1.2 (/opt/ros/humble/share/rmw_implementation_cmake/cmake)
-- Found rmw_fastrtps_cpp: 6.2.7 (/opt/ros/humble/share/rmw_fastrtps_cpp/cmake)
-- Found OpenSSL: /usr/lib/x86_64-linux-gnu/libcrypto.so (found version "3.0.2")  
-- Found FastRTPS: /opt/ros/humble/include  
-- Using RMW implementation 'rmw_fastrtps_cpp' as default
-- Looking for pthread.h
-- Looking for pthread.h - found
-- Performing Test CMAKE_HAVE_LIBC_PTHREAD
-- Performing Test CMAKE_HAVE_LIBC_PTHREAD - Success
-- Found Threads: TRUE  
-- Found sensor_msgs: 4.2.4 (/opt/ros/humble/share/sensor_msgs/cmake)
-- Found nav_msgs: 4.2.4 (/opt/ros/humble/share/nav_msgs/cmake)
-- Found tf2: 0.25.8 (/opt/ros/humble/share/tf2/cmake)
-- Found tf2_ros: 0.25.8 (/opt/ros/humble/share/tf2_ros/cmake)
-- Found tf2_geometry_msgs: 0.25.8 (/opt/ros/humble/share/tf2_geometry_msgs/cmake)
-- Found eigen3_cmake_module: 0.1.1 (/opt/ros/humble/share/eigen3_cmake_module/cmake)
-- Found Eigen3: TRUE (found version "3.4.0") 
-- Ensuring Eigen3 include directory is part of orocos-kdl CMake target
-- Found Protobuf: /usr/local/lib/libprotobuf.a (found version "3.21.12") 
-- Found PkgConfig: /usr/bin/pkg-config (found version "0.29.2") 
-- Checking for module 'libzmq'
--   Found libzmq, version 4.3.4
-- Found OpenCV: /usr (found version "4.5.4") 
-- Configuring done
-- Generating done
-- Build files have been written to: /home/badri/ros2_ws/src/build/tb3_robot
[ 20%] [32mBuilding CXX object CMakeFiles/tb3_robot.dir/tb3_robot.cpp.o[0m
[ 40%] [32mBuilding CXX object CMakeFiles/tb3_robot.dir/library/Agent_Subscriber.cpp.o[0m
[ 60%] [32mBuilding CXX object CMakeFiles/tb3_robot.dir/library/Robo_Publisher.cpp.o[0m
[ 80%] [32mBuilding CXX object CMakeFiles/tb3_robot.dir/library/message_vec.pb.cc.o[0m
[100%] [32m[1mLinking CXX executable tb3_robot[0m
[100%] Built target tb3_robot
-- Install configuration: ""
-- Installing: /home/badri/ros2_ws/src/install/tb3_robot/lib/tb3_robot/tb3_robot
-- Set runtime path of "/home/badri/ros2_ws/src/install/tb3_robot/lib/tb3_robot/tb3_robot" to ""
-- Installing: /home/badri/ros2_ws/src/install/tb3_robot/share/tb3_robot/config
-- Installing: /home/badri/ros2_ws/src/install/tb3_robot/share/tb3_robot/config/provide_map.rviz
-- Installing: /home/badri/ros2_ws/src/install/tb3_robot/share/tb3_robot/config/default_rviz.rviz
-- Installing: /home/badri/ros2_ws/src/install/tb3_robot/share/tb3_robot/config/slam_config.yaml
-- Installing: /home/badri/ros2_ws/src/install/tb3_robot/share/tb3_robot/config/my_map.yaml
-- Installing: /home/badri/ros2_ws/src/install/tb3_robot/share/tb3_robot/config/my_map.pgm
-- Installing: /home/badri/ros2_ws/src/install/tb3_robot/share/ament_index/resource_index/package_run_dependencies/tb3_robot
-- Installing: /home/badri/ros2_ws/src/install/tb3_robot/share/ament_index/resource_index/parent_prefix_path/tb3_robot
-- Installing: /home/badri/ros2_ws/src/install/tb3_robot/share/tb3_robot/environment/ament_prefix_path.sh
-- Installing: /home/badri/ros2_ws/src/install/tb3_robot/share/tb3_robot/environment/ament_prefix_path.dsv
-- Installing: /home/badri/ros2_ws/src/install/tb3_robot/share/tb3_robot/environment/path.sh
-- Installing: /home/badri/ros2_ws/src/install/tb3_robot/share/tb3_robot/environment/path.dsv
-- Installing: /home/badri/ros2_ws/src/install/tb3_robot/share/tb3_robot/local_setup.bash
-- Installing: /home/badri/ros2_ws/src/install/tb3_robot/share/tb3_robot/local_setup.sh
-- Installing: /home/badri/ros2_ws/src/install/tb3_robot/share/tb3_robot/local_setup.zsh
-- Installing: /home/badri/ros2_ws/src/install/tb3_robot/share/tb3_robot/local_setup.dsv
-- Installing: /home/badri/ros2_ws/src/install/tb3_robot/share/tb3_robot/package.dsv
-- Installing: /home/badri/ros2_ws/src/install/tb3_robot/share/ament_index/resource_index/packages/tb3_robot
-- Installing: /home/badri/ros2_ws/src/install/tb3_robot/share/tb3_robot/cmake/tb3_robotConfig.cmake
-- Installing: /home/badri/ros2_ws/src/install/tb3_robot/share/tb3_robot/cmake/tb3_robotConfig-version.cmake
-- Installing: /home/badri/ros2_ws/src/install/tb3_robot/share/tb3_robot/package.xml
