[0.537s] Invoking command in '/home/badri/ros2_ws/src/build/tb3_robot': CMAKE_PREFIX_PATH=${CMAKE_PREFIX_PATH}:/home/badri/ros2_ws/install/casadi_mpc:/opt/ros/humble /usr/bin/cmake /home/badri/ros2_ws/src/tb3_robot -DCMAKE_INSTALL_PREFIX=/home/badri/ros2_ws/src/install/tb3_robot
[0.711s] -- The C compiler identification is GNU 11.4.0
[0.894s] -- The CXX compiler identification is GNU 11.4.0
[0.910s] -- Detecting C compiler ABI info
[1.091s] -- Detecting C compiler ABI info - done
[1.115s] -- Check for working C compiler: /usr/bin/cc - skipped
[1.117s] -- Detecting C compile features
[1.119s] -- Detecting C compile features - done
[1.126s] -- Detecting CXX compiler ABI info
[1.334s] -- Detecting CXX compiler ABI info - done
[1.362s] -- Check for working CXX compiler: /usr/bin/c++ - skipped
[1.363s] -- Detecting CXX compile features
[1.366s] -- Detecting CXX compile features - done
[1.375s] -- Found ament_cmake: 1.3.10 (/opt/ros/humble/share/ament_cmake/cmake)
[1.933s] -- Found Python3: /usr/bin/python3 (found version "3.10.12") found components: Interpreter 
[2.274s] -- Found rclcpp: 16.0.10 (/opt/ros/humble/share/rclcpp/cmake)
[2.480s] -- Found rosidl_generator_c: 3.1.5 (/opt/ros/humble/share/rosidl_generator_c/cmake)
[2.553s] -- Found rosidl_adapter: 3.1.5 (/opt/ros/humble/share/rosidl_adapter/cmake)
[2.610s] -- Found rosidl_generator_cpp: 3.1.5 (/opt/ros/humble/share/rosidl_generator_cpp/cmake)
[2.680s] -- Using all available rosidl_typesupport_c: rosidl_typesupport_fastrtps_c;rosidl_typesupport_introspection_c
[2.719s] -- Using all available rosidl_typesupport_cpp: rosidl_typesupport_fastrtps_cpp;rosidl_typesupport_introspection_cpp
[2.837s] -- Found rmw_implementation_cmake: 6.1.2 (/opt/ros/humble/share/rmw_implementation_cmake/cmake)
[2.851s] -- Found rmw_fastrtps_cpp: 6.2.7 (/opt/ros/humble/share/rmw_fastrtps_cpp/cmake)
[3.053s] -- Found OpenSSL: /usr/lib/x86_64-linux-gnu/libcrypto.so (found version "3.0.2")  
[3.133s] -- Found FastRTPS: /opt/ros/humble/include  
[3.216s] -- Using RMW implementation 'rmw_fastrtps_cpp' as default
[3.235s] -- Looking for pthread.h
[3.368s] -- Looking for pthread.h - found
[3.368s] -- Performing Test CMAKE_HAVE_LIBC_PTHREAD
[3.474s] -- Performing Test CMAKE_HAVE_LIBC_PTHREAD - Success
[3.475s] -- Found Threads: TRUE  
[3.633s] -- Found sensor_msgs: 4.2.4 (/opt/ros/humble/share/sensor_msgs/cmake)
[3.709s] -- Found nav_msgs: 4.2.4 (/opt/ros/humble/share/nav_msgs/cmake)
[3.755s] -- Found tf2: 0.25.8 (/opt/ros/humble/share/tf2/cmake)
[3.785s] -- Found tf2_ros: 0.25.8 (/opt/ros/humble/share/tf2_ros/cmake)
[4.025s] -- Found tf2_geometry_msgs: 0.25.8 (/opt/ros/humble/share/tf2_geometry_msgs/cmake)
[4.067s] -- Found eigen3_cmake_module: 0.1.1 (/opt/ros/humble/share/eigen3_cmake_module/cmake)
[4.069s] -- Found Eigen3: TRUE (found version "3.4.0") 
[4.069s] -- Ensuring Eigen3 include directory is part of orocos-kdl CMake target
[4.098s] -- Found Protobuf: /usr/local/lib/libprotobuf.a (found version "3.21.12") 
[4.122s] -- Found PkgConfig: /usr/bin/pkg-config (found version "0.29.2") 
[4.124s] -- Checking for module 'libzmq'
[4.154s] --   Found libzmq, version 4.3.4
[4.255s] -- Found OpenCV: /usr (found version "4.5.4") 
[4.426s] -- Configuring done
[4.475s] -- Generating done
[4.479s] -- Build files have been written to: /home/badri/ros2_ws/src/build/tb3_robot
[4.515s] Invoked command in '/home/badri/ros2_ws/src/build/tb3_robot' returned '0': CMAKE_PREFIX_PATH=${CMAKE_PREFIX_PATH}:/home/badri/ros2_ws/install/casadi_mpc:/opt/ros/humble /usr/bin/cmake /home/badri/ros2_ws/src/tb3_robot -DCMAKE_INSTALL_PREFIX=/home/badri/ros2_ws/src/install/tb3_robot
[4.516s] Invoking command in '/home/badri/ros2_ws/src/build/tb3_robot': CMAKE_PREFIX_PATH=${CMAKE_PREFIX_PATH}:/home/badri/ros2_ws/install/casadi_mpc:/opt/ros/humble /usr/bin/cmake --build /home/badri/ros2_ws/src/build/tb3_robot -- -j8 -l8
[4.689s] [ 20%] [32mBuilding CXX object CMakeFiles/tb3_robot.dir/tb3_robot.cpp.o[0m
[4.701s] [ 40%] [32mBuilding CXX object CMakeFiles/tb3_robot.dir/library/Agent_Subscriber.cpp.o[0m
[4.707s] [ 60%] [32mBuilding CXX object CMakeFiles/tb3_robot.dir/library/Robo_Publisher.cpp.o[0m
[4.714s] [ 80%] [32mBuilding CXX object CMakeFiles/tb3_robot.dir/library/message_vec.pb.cc.o[0m
[56.827s] [100%] [32m[1mLinking CXX executable tb3_robot[0m
[62.026s] [100%] Built target tb3_robot
[62.115s] Invoked command in '/home/badri/ros2_ws/src/build/tb3_robot' returned '0': CMAKE_PREFIX_PATH=${CMAKE_PREFIX_PATH}:/home/badri/ros2_ws/install/casadi_mpc:/opt/ros/humble /usr/bin/cmake --build /home/badri/ros2_ws/src/build/tb3_robot -- -j8 -l8
[62.485s] Invoking command in '/home/badri/ros2_ws/src/build/tb3_robot': CMAKE_PREFIX_PATH=${CMAKE_PREFIX_PATH}:/home/badri/ros2_ws/install/casadi_mpc:/opt/ros/humble /usr/bin/cmake --install /home/badri/ros2_ws/src/build/tb3_robot
[62.582s] -- Install configuration: ""
[62.582s] -- Installing: /home/badri/ros2_ws/src/install/tb3_robot/lib/tb3_robot/tb3_robot
[62.603s] -- Set runtime path of "/home/badri/ros2_ws/src/install/tb3_robot/lib/tb3_robot/tb3_robot" to ""
[62.603s] -- Installing: /home/badri/ros2_ws/src/install/tb3_robot/share/tb3_robot/config
[62.603s] -- Installing: /home/badri/ros2_ws/src/install/tb3_robot/share/tb3_robot/config/provide_map.rviz
[62.603s] -- Installing: /home/badri/ros2_ws/src/install/tb3_robot/share/tb3_robot/config/default_rviz.rviz
[62.603s] -- Installing: /home/badri/ros2_ws/src/install/tb3_robot/share/tb3_robot/config/slam_config.yaml
[62.605s] -- Installing: /home/badri/ros2_ws/src/install/tb3_robot/share/tb3_robot/config/my_map.yaml
[62.607s] -- Installing: /home/badri/ros2_ws/src/install/tb3_robot/share/tb3_robot/config/my_map.pgm
[62.611s] -- Installing: /home/badri/ros2_ws/src/install/tb3_robot/share/ament_index/resource_index/package_run_dependencies/tb3_robot
[62.611s] -- Installing: /home/badri/ros2_ws/src/install/tb3_robot/share/ament_index/resource_index/parent_prefix_path/tb3_robot
[62.611s] -- Installing: /home/badri/ros2_ws/src/install/tb3_robot/share/tb3_robot/environment/ament_prefix_path.sh
[62.611s] -- Installing: /home/badri/ros2_ws/src/install/tb3_robot/share/tb3_robot/environment/ament_prefix_path.dsv
[62.613s] -- Installing: /home/badri/ros2_ws/src/install/tb3_robot/share/tb3_robot/environment/path.sh
[62.613s] -- Installing: /home/badri/ros2_ws/src/install/tb3_robot/share/tb3_robot/environment/path.dsv
[62.621s] -- Installing: /home/badri/ros2_ws/src/install/tb3_robot/share/tb3_robot/local_setup.bash
[62.621s] -- Installing: /home/badri/ros2_ws/src/install/tb3_robot/share/tb3_robot/local_setup.sh
[62.621s] -- Installing: /home/badri/ros2_ws/src/install/tb3_robot/share/tb3_robot/local_setup.zsh
[62.629s] -- Installing: /home/badri/ros2_ws/src/install/tb3_robot/share/tb3_robot/local_setup.dsv
[62.637s] -- Installing: /home/badri/ros2_ws/src/install/tb3_robot/share/tb3_robot/package.dsv
[62.640s] -- Installing: /home/badri/ros2_ws/src/install/tb3_robot/share/ament_index/resource_index/packages/tb3_robot
[62.640s] -- Installing: /home/badri/ros2_ws/src/install/tb3_robot/share/tb3_robot/cmake/tb3_robotConfig.cmake
[62.640s] -- Installing: /home/badri/ros2_ws/src/install/tb3_robot/share/tb3_robot/cmake/tb3_robotConfig-version.cmake
[62.640s] -- Installing: /home/badri/ros2_ws/src/install/tb3_robot/share/tb3_robot/package.xml
[62.673s] Invoked command in '/home/badri/ros2_ws/src/build/tb3_robot' returned '0': CMAKE_PREFIX_PATH=${CMAKE_PREFIX_PATH}:/home/badri/ros2_ws/install/casadi_mpc:/opt/ros/humble /usr/bin/cmake --install /home/badri/ros2_ws/src/build/tb3_robot
