[0.541s] Invoking command in '/home/badri/ros2_ws/src/build/gain_sch': CMAKE_PREFIX_PATH=${CMAKE_PREFIX_PATH}:/home/badri/ros2_ws/install/casadi_mpc:/opt/ros/humble /usr/bin/cmake /home/badri/ros2_ws/src/gain_sch -DCMAKE_INSTALL_PREFIX=/home/badri/ros2_ws/src/install/gain_sch
[0.700s] -- The C compiler identification is GNU 11.4.0
[0.853s] -- The CXX compiler identification is GNU 11.4.0
[0.870s] -- Detecting C compiler ABI info
[1.120s] -- Detecting C compiler ABI info - done
[1.167s] -- Check for working C compiler: /usr/bin/cc - skipped
[1.167s] -- Detecting C compile features
[1.167s] -- Detecting C compile features - done
[1.176s] -- Detecting CXX compiler ABI info
[1.393s] -- Detecting CXX compiler ABI info - done
[1.439s] -- Check for working CXX compiler: /usr/bin/c++ - skipped
[1.450s] -- Detecting CXX compile features
[1.451s] -- Detecting CXX compile features - done
[1.465s] -- Found ament_cmake: 1.3.10 (/opt/ros/humble/share/ament_cmake/cmake)
[1.959s] -- Found Python3: /usr/bin/python3 (found version "3.10.12") found components: Interpreter 
[2.256s] -- Found rclcpp: 16.0.10 (/opt/ros/humble/share/rclcpp/cmake)
[2.618s] -- Found rosidl_generator_c: 3.1.5 (/opt/ros/humble/share/rosidl_generator_c/cmake)
[2.655s] -- Found rosidl_adapter: 3.1.5 (/opt/ros/humble/share/rosidl_adapter/cmake)
[2.697s] -- Found rosidl_generator_cpp: 3.1.5 (/opt/ros/humble/share/rosidl_generator_cpp/cmake)
[2.724s] -- Using all available rosidl_typesupport_c: rosidl_typesupport_fastrtps_c;rosidl_typesupport_introspection_c
[2.758s] -- Using all available rosidl_typesupport_cpp: rosidl_typesupport_fastrtps_cpp;rosidl_typesupport_introspection_cpp
[2.873s] -- Found rmw_implementation_cmake: 6.1.2 (/opt/ros/humble/share/rmw_implementation_cmake/cmake)
[2.881s] -- Found rmw_fastrtps_cpp: 6.2.7 (/opt/ros/humble/share/rmw_fastrtps_cpp/cmake)
[3.105s] -- Found OpenSSL: /usr/lib/x86_64-linux-gnu/libcrypto.so (found version "3.0.2")  
[3.195s] -- Found FastRTPS: /opt/ros/humble/include  
[3.257s] -- Using RMW implementation 'rmw_fastrtps_cpp' as default
[3.303s] -- Looking for pthread.h
[3.426s] -- Looking for pthread.h - found
[3.426s] -- Performing Test CMAKE_HAVE_LIBC_PTHREAD
[3.564s] -- Performing Test CMAKE_HAVE_LIBC_PTHREAD - Success
[3.565s] -- Found Threads: TRUE  
[3.734s] -- Found geometry_msgs: 4.2.4 (/opt/ros/humble/share/geometry_msgs/cmake)
[3.782s] -- Found nav_msgs: 4.2.4 (/opt/ros/humble/share/nav_msgs/cmake)
[3.825s] -- Found sensor_msgs: 4.2.4 (/opt/ros/humble/share/sensor_msgs/cmake)
[3.854s] -- Found tf2: 0.25.8 (/opt/ros/humble/share/tf2/cmake)
[3.875s] -- Found tf2_geometry_msgs: 0.25.8 (/opt/ros/humble/share/tf2_geometry_msgs/cmake)
[3.906s] -- Found eigen3_cmake_module: 0.1.1 (/opt/ros/humble/share/eigen3_cmake_module/cmake)
[3.908s] -- Found Eigen3: TRUE (found version "3.4.0") 
[3.908s] -- Ensuring Eigen3 include directory is part of orocos-kdl CMake target
[4.191s] -- Configuring done
[4.216s] -- Generating done
[4.218s] -- Build files have been written to: /home/badri/ros2_ws/src/build/gain_sch
[4.238s] Invoked command in '/home/badri/ros2_ws/src/build/gain_sch' returned '0': CMAKE_PREFIX_PATH=${CMAKE_PREFIX_PATH}:/home/badri/ros2_ws/install/casadi_mpc:/opt/ros/humble /usr/bin/cmake /home/badri/ros2_ws/src/gain_sch -DCMAKE_INSTALL_PREFIX=/home/badri/ros2_ws/src/install/gain_sch
[4.241s] Invoking command in '/home/badri/ros2_ws/src/build/gain_sch': CMAKE_PREFIX_PATH=${CMAKE_PREFIX_PATH}:/home/badri/ros2_ws/install/casadi_mpc:/opt/ros/humble /usr/bin/cmake --build /home/badri/ros2_ws/src/build/gain_sch -- -j8 -l8
[4.334s] [ 25%] [32mBuilding CXX object CMakeFiles/gain_schedulling.dir/src/gain_schedulling.cpp.o[0m
[4.339s] [ 50%] [32mBuilding CXX object CMakeFiles/binary_search.dir/src/binary_search.cpp.o[0m
[64.719s] [ 75%] [32m[1mLinking CXX executable binary_search[0m
[66.041s] [100%] [32m[1mLinking CXX executable gain_schedulling[0m
[67.160s] [100%] Built target binary_search
[69.362s] [100%] Built target gain_schedulling
[69.362s] Invoked command in '/home/badri/ros2_ws/src/build/gain_sch' returned '0': CMAKE_PREFIX_PATH=${CMAKE_PREFIX_PATH}:/home/badri/ros2_ws/install/casadi_mpc:/opt/ros/humble /usr/bin/cmake --build /home/badri/ros2_ws/src/build/gain_sch -- -j8 -l8
[69.395s] Invoking command in '/home/badri/ros2_ws/src/build/gain_sch': CMAKE_PREFIX_PATH=${CMAKE_PREFIX_PATH}:/home/badri/ros2_ws/install/casadi_mpc:/opt/ros/humble /usr/bin/cmake --install /home/badri/ros2_ws/src/build/gain_sch
[69.396s] -- Install configuration: ""
[69.396s] -- Installing: /home/badri/ros2_ws/src/install/gain_sch/lib/gain_sch/gain_schedulling
[69.396s] -- Set runtime path of "/home/badri/ros2_ws/src/install/gain_sch/lib/gain_sch/gain_schedulling" to ""
[69.396s] -- Installing: /home/badri/ros2_ws/src/install/gain_sch/lib/gain_sch/binary_search
[69.396s] -- Set runtime path of "/home/badri/ros2_ws/src/install/gain_sch/lib/gain_sch/binary_search" to ""
[69.396s] -- Installing: /home/badri/ros2_ws/src/install/gain_sch/share/ament_index/resource_index/package_run_dependencies/gain_sch
[69.396s] -- Installing: /home/badri/ros2_ws/src/install/gain_sch/share/ament_index/resource_index/parent_prefix_path/gain_sch
[69.396s] -- Installing: /home/badri/ros2_ws/src/install/gain_sch/share/gain_sch/environment/ament_prefix_path.sh
[69.397s] -- Installing: /home/badri/ros2_ws/src/install/gain_sch/share/gain_sch/environment/ament_prefix_path.dsv
[69.397s] -- Installing: /home/badri/ros2_ws/src/install/gain_sch/share/gain_sch/environment/path.sh
[69.397s] -- Installing: /home/badri/ros2_ws/src/install/gain_sch/share/gain_sch/environment/path.dsv
[69.397s] -- Installing: /home/badri/ros2_ws/src/install/gain_sch/share/gain_sch/local_setup.bash
[69.397s] -- Installing: /home/badri/ros2_ws/src/install/gain_sch/share/gain_sch/local_setup.sh
[69.397s] -- Installing: /home/badri/ros2_ws/src/install/gain_sch/share/gain_sch/local_setup.zsh
[69.397s] -- Installing: /home/badri/ros2_ws/src/install/gain_sch/share/gain_sch/local_setup.dsv
[69.397s] -- Installing: /home/badri/ros2_ws/src/install/gain_sch/share/gain_sch/package.dsv
[69.397s] -- Installing: /home/badri/ros2_ws/src/install/gain_sch/share/ament_index/resource_index/packages/gain_sch
[69.397s] -- Installing: /home/badri/ros2_ws/src/install/gain_sch/share/gain_sch/cmake/gain_schConfig.cmake
[69.398s] -- Installing: /home/badri/ros2_ws/src/install/gain_sch/share/gain_sch/cmake/gain_schConfig-version.cmake
[69.398s] -- Installing: /home/badri/ros2_ws/src/install/gain_sch/share/gain_sch/package.xml
[69.398s] Invoked command in '/home/badri/ros2_ws/src/build/gain_sch' returned '0': CMAKE_PREFIX_PATH=${CMAKE_PREFIX_PATH}:/home/badri/ros2_ws/install/casadi_mpc:/opt/ros/humble /usr/bin/cmake --install /home/badri/ros2_ws/src/build/gain_sch
