[0.544s] Invoking command in '/home/badri/ros2_ws/src/build/tb3_robot_bringup': CMAKE_PREFIX_PATH=${CMAKE_PREFIX_PATH}:/home/badri/ros2_ws/install/casadi_mpc:/opt/ros/humble /usr/bin/cmake /home/badri/ros2_ws/src/tb3_robot_bringup -DCMAKE_INSTALL_PREFIX=/home/badri/ros2_ws/src/install/tb3_robot_bringup
[0.703s] -- The C compiler identification is GNU 11.4.0
[0.857s] -- The CXX compiler identification is GNU 11.4.0
[0.880s] -- Detecting C compiler ABI info
[1.064s] -- Detecting C compiler ABI info - done
[1.100s] -- Check for working C compiler: /usr/bin/cc - skipped
[1.101s] -- Detecting C compile features
[1.102s] -- Detecting C compile features - done
[1.108s] -- Detecting CXX compiler ABI info
[1.340s] -- Detecting CXX compiler ABI info - done
[1.403s] -- Check for working CXX compiler: /usr/bin/c++ - skipped
[1.403s] -- Detecting CXX compile features
[1.403s] -- Detecting CXX compile features - done
[1.423s] -- Found ament_cmake: 1.3.10 (/opt/ros/humble/share/ament_cmake/cmake)
[1.742s] -- Found Python3: /usr/bin/python3 (found version "3.10.12") found components: Interpreter 
[2.189s] -- Configuring done
[2.200s] -- Generating done
[2.201s] -- Build files have been written to: /home/badri/ros2_ws/src/build/tb3_robot_bringup
[2.212s] Invoked command in '/home/badri/ros2_ws/src/build/tb3_robot_bringup' returned '0': CMAKE_PREFIX_PATH=${CMAKE_PREFIX_PATH}:/home/badri/ros2_ws/install/casadi_mpc:/opt/ros/humble /usr/bin/cmake /home/badri/ros2_ws/src/tb3_robot_bringup -DCMAKE_INSTALL_PREFIX=/home/badri/ros2_ws/src/install/tb3_robot_bringup
[2.219s] Invoking command in '/home/badri/ros2_ws/src/build/tb3_robot_bringup': CMAKE_PREFIX_PATH=${CMAKE_PREFIX_PATH}:/home/badri/ros2_ws/install/casadi_mpc:/opt/ros/humble /usr/bin/cmake --build /home/badri/ros2_ws/src/build/tb3_robot_bringup -- -j8 -l8
[2.381s] Invoked command in '/home/badri/ros2_ws/src/build/tb3_robot_bringup' returned '0': CMAKE_PREFIX_PATH=${CMAKE_PREFIX_PATH}:/home/badri/ros2_ws/install/casadi_mpc:/opt/ros/humble /usr/bin/cmake --build /home/badri/ros2_ws/src/build/tb3_robot_bringup -- -j8 -l8
[2.603s] Invoking command in '/home/badri/ros2_ws/src/build/tb3_robot_bringup': CMAKE_PREFIX_PATH=${CMAKE_PREFIX_PATH}:/home/badri/ros2_ws/install/casadi_mpc:/opt/ros/humble /usr/bin/cmake --install /home/badri/ros2_ws/src/build/tb3_robot_bringup
[2.638s] -- Install configuration: ""
[2.638s] -- Installing: /home/badri/ros2_ws/src/install/tb3_robot_bringup/share/tb3_robot_bringup/launch
[2.638s] -- Installing: /home/badri/ros2_ws/src/install/tb3_robot_bringup/share/tb3_robot_bringup/launch/tb3_mapping.launch.py
[2.638s] -- Installing: /home/badri/ros2_ws/src/install/tb3_robot_bringup/share/tb3_robot_bringup/launch/provide_map.launch.py
[2.638s] -- Installing: /home/badri/ros2_ws/src/install/tb3_robot_bringup/share/tb3_robot_bringup/launch/tb3_run.launch.py
[2.639s] -- Installing: /home/badri/ros2_ws/src/install/tb3_robot_bringup/share/ament_index/resource_index/package_run_dependencies/tb3_robot_bringup
[2.639s] -- Installing: /home/badri/ros2_ws/src/install/tb3_robot_bringup/share/ament_index/resource_index/parent_prefix_path/tb3_robot_bringup
[2.639s] -- Installing: /home/badri/ros2_ws/src/install/tb3_robot_bringup/share/tb3_robot_bringup/environment/ament_prefix_path.sh
[2.639s] -- Installing: /home/badri/ros2_ws/src/install/tb3_robot_bringup/share/tb3_robot_bringup/environment/ament_prefix_path.dsv
[2.639s] -- Installing: /home/badri/ros2_ws/src/install/tb3_robot_bringup/share/tb3_robot_bringup/environment/path.sh
[2.639s] -- Installing: /home/badri/ros2_ws/src/install/tb3_robot_bringup/share/tb3_robot_bringup/environment/path.dsv
[2.639s] -- Installing: /home/badri/ros2_ws/src/install/tb3_robot_bringup/share/tb3_robot_bringup/local_setup.bash
[2.640s] -- Installing: /home/badri/ros2_ws/src/install/tb3_robot_bringup/share/tb3_robot_bringup/local_setup.sh
[2.640s] -- Installing: /home/badri/ros2_ws/src/install/tb3_robot_bringup/share/tb3_robot_bringup/local_setup.zsh
[2.640s] -- Installing: /home/badri/ros2_ws/src/install/tb3_robot_bringup/share/tb3_robot_bringup/local_setup.dsv
[2.640s] -- Installing: /home/badri/ros2_ws/src/install/tb3_robot_bringup/share/tb3_robot_bringup/package.dsv
[2.640s] -- Installing: /home/badri/ros2_ws/src/install/tb3_robot_bringup/share/ament_index/resource_index/packages/tb3_robot_bringup
[2.641s] -- Installing: /home/badri/ros2_ws/src/install/tb3_robot_bringup/share/tb3_robot_bringup/cmake/tb3_robot_bringupConfig.cmake
[2.641s] -- Installing: /home/badri/ros2_ws/src/install/tb3_robot_bringup/share/tb3_robot_bringup/cmake/tb3_robot_bringupConfig-version.cmake
[2.642s] -- Installing: /home/badri/ros2_ws/src/install/tb3_robot_bringup/share/tb3_robot_bringup/package.xml
[2.642s] Invoked command in '/home/badri/ros2_ws/src/build/tb3_robot_bringup' returned '0': CMAKE_PREFIX_PATH=${CMAKE_PREFIX_PATH}:/home/badri/ros2_ws/install/casadi_mpc:/opt/ros/humble /usr/bin/cmake --install /home/badri/ros2_ws/src/build/tb3_robot_bringup
