[0.013s] Invoking command in '/home/badri/ros2_ws/build/mpc_package': CMAKE_PREFIX_PATH=${CMAKE_PREFIX_PATH}:/opt/ros/humble /usr/bin/cmake /home/badri/ros2_ws/src/mpc_package -DCMAKE_INSTALL_PREFIX=/home/badri/ros2_ws/install/mpc_package
[0.094s] -- The C compiler identification is GNU 11.4.0
[0.335s] -- The CXX compiler identification is GNU 11.4.0
[0.366s] -- Detecting C compiler ABI info
[0.659s] -- Detecting C compiler ABI info - done
[0.692s] -- Check for working C compiler: /usr/bin/cc - skipped
[0.693s] -- Detecting C compile features
[0.695s] -- Detecting C compile features - done
[0.711s] -- Detecting CXX compiler ABI info
[1.040s] -- Detecting CXX compiler ABI info - done
[1.072s] -- Check for working CXX compiler: /usr/bin/c++ - skipped
[1.073s] -- Detecting CXX compile features
[1.075s] -- Detecting CXX compile features - done
[1.086s] -- Found ament_cmake: 1.3.10 (/opt/ros/humble/share/ament_cmake/cmake)
[1.597s] -- Found Python3: /usr/bin/python3 (found version "3.10.12") found components: Interpreter 
[1.843s] -- Found ament_lint_auto: 0.12.11 (/opt/ros/humble/share/ament_lint_auto/cmake)
[2.106s] -- Added test 'lint_cmake' to check CMake code style
[2.111s] -- Added test 'xmllint' to check XML markup files
[2.115s] -- Configuring done
[2.126s] -- Generating done
[2.129s] -- Build files have been written to: /home/badri/ros2_ws/build/mpc_package
[2.143s] Invoked command in '/home/badri/ros2_ws/build/mpc_package' returned '0': CMAKE_PREFIX_PATH=${CMAKE_PREFIX_PATH}:/opt/ros/humble /usr/bin/cmake /home/badri/ros2_ws/src/mpc_package -DCMAKE_INSTALL_PREFIX=/home/badri/ros2_ws/install/mpc_package
[2.150s] Invoking command in '/home/badri/ros2_ws/build/mpc_package': CMAKE_PREFIX_PATH=${CMAKE_PREFIX_PATH}:/opt/ros/humble /usr/bin/cmake --build /home/badri/ros2_ws/build/mpc_package -- -j8 -l8
[2.290s] Invoked command in '/home/badri/ros2_ws/build/mpc_package' returned '0': CMAKE_PREFIX_PATH=${CMAKE_PREFIX_PATH}:/opt/ros/humble /usr/bin/cmake --build /home/badri/ros2_ws/build/mpc_package -- -j8 -l8
[2.421s] Invoking command in '/home/badri/ros2_ws/build/mpc_package': CMAKE_PREFIX_PATH=${CMAKE_PREFIX_PATH}:/opt/ros/humble /usr/bin/cmake --install /home/badri/ros2_ws/build/mpc_package
[2.450s] -- Install configuration: ""
[2.451s] -- Installing: /home/badri/ros2_ws/install/mpc_package/share/ament_index/resource_index/package_run_dependencies/mpc_package
[2.453s] -- Installing: /home/badri/ros2_ws/install/mpc_package/share/ament_index/resource_index/parent_prefix_path/mpc_package
[2.454s] -- Installing: /home/badri/ros2_ws/install/mpc_package/share/mpc_package/environment/ament_prefix_path.sh
[2.455s] -- Installing: /home/badri/ros2_ws/install/mpc_package/share/mpc_package/environment/ament_prefix_path.dsv
[2.455s] -- Installing: /home/badri/ros2_ws/install/mpc_package/share/mpc_package/environment/path.sh
[2.456s] -- Installing: /home/badri/ros2_ws/install/mpc_package/share/mpc_package/environment/path.dsv
[2.457s] -- Installing: /home/badri/ros2_ws/install/mpc_package/share/mpc_package/local_setup.bash
[2.457s] -- Installing: /home/badri/ros2_ws/install/mpc_package/share/mpc_package/local_setup.sh
[2.458s] -- Installing: /home/badri/ros2_ws/install/mpc_package/share/mpc_package/local_setup.zsh
[2.459s] -- Installing: /home/badri/ros2_ws/install/mpc_package/share/mpc_package/local_setup.dsv
[2.460s] -- Installing: /home/badri/ros2_ws/install/mpc_package/share/mpc_package/package.dsv
[2.461s] -- Installing: /home/badri/ros2_ws/install/mpc_package/share/ament_index/resource_index/packages/mpc_package
[2.462s] -- Installing: /home/badri/ros2_ws/install/mpc_package/share/mpc_package/cmake/mpc_packageConfig.cmake
[2.462s] -- Installing: /home/badri/ros2_ws/install/mpc_package/share/mpc_package/cmake/mpc_packageConfig-version.cmake
[2.463s] -- Installing: /home/badri/ros2_ws/install/mpc_package/share/mpc_package/package.xml
[2.472s] Invoked command in '/home/badri/ros2_ws/build/mpc_package' returned '0': CMAKE_PREFIX_PATH=${CMAKE_PREFIX_PATH}:/opt/ros/humble /usr/bin/cmake --install /home/badri/ros2_ws/build/mpc_package
