[0.659s] Invoking command in '/home/badri/ros2_ws/build/gain_sch': CMAKE_PREFIX_PATH=${CMAKE_PREFIX_PATH}:/home/badri/ros2_ws/install/casadi_mpc:/opt/ros/humble /usr/bin/cmake --build /home/badri/ros2_ws/build/gain_sch -- -j8 -l8
[0.737s] [35m[1mConsolidate compiler generated dependencies of target gain_schedulling[0m
[0.767s] [ 50%] [32mBuilding CXX object CMakeFiles/gain_schedulling.dir/src/gain_schedulling.cpp.o[0m
[14.428s] [100%] [32m[1mLinking CXX executable gain_schedulling[0m
[15.312s] [100%] Built target gain_schedulling
[15.335s] Invoked command in '/home/badri/ros2_ws/build/gain_sch' returned '0': CMAKE_PREFIX_PATH=${CMAKE_PREFIX_PATH}:/home/badri/ros2_ws/install/casadi_mpc:/opt/ros/humble /usr/bin/cmake --build /home/badri/ros2_ws/build/gain_sch -- -j8 -l8
[15.442s] Invoking command in '/home/badri/ros2_ws/build/gain_sch': CMAKE_PREFIX_PATH=${CMAKE_PREFIX_PATH}:/home/badri/ros2_ws/install/casadi_mpc:/opt/ros/humble /usr/bin/cmake --install /home/badri/ros2_ws/build/gain_sch
[15.474s] -- Install configuration: ""
[15.475s] -- Installing: /home/badri/ros2_ws/install/gain_sch/lib/gain_sch/gain_schedulling
[15.499s] -- Set runtime path of "/home/badri/ros2_ws/install/gain_sch/lib/gain_sch/gain_schedulling" to ""
[15.500s] -- Up-to-date: /home/badri/ros2_ws/install/gain_sch/share/ament_index/resource_index/package_run_dependencies/gain_sch
[15.501s] -- Up-to-date: /home/badri/ros2_ws/install/gain_sch/share/ament_index/resource_index/parent_prefix_path/gain_sch
[15.502s] -- Up-to-date: /home/badri/ros2_ws/install/gain_sch/share/gain_sch/environment/ament_prefix_path.sh
[15.503s] -- Up-to-date: /home/badri/ros2_ws/install/gain_sch/share/gain_sch/environment/ament_prefix_path.dsv
[15.503s] -- Up-to-date: /home/badri/ros2_ws/install/gain_sch/share/gain_sch/environment/path.sh
[15.504s] -- Up-to-date: /home/badri/ros2_ws/install/gain_sch/share/gain_sch/environment/path.dsv
[15.504s] -- Up-to-date: /home/badri/ros2_ws/install/gain_sch/share/gain_sch/local_setup.bash
[15.504s] -- Up-to-date: /home/badri/ros2_ws/install/gain_sch/share/gain_sch/local_setup.sh
[15.505s] -- Up-to-date: /home/badri/ros2_ws/install/gain_sch/share/gain_sch/local_setup.zsh
[15.507s] -- Up-to-date: /home/badri/ros2_ws/install/gain_sch/share/gain_sch/local_setup.dsv
[15.508s] -- Installing: /home/badri/ros2_ws/install/gain_sch/share/gain_sch/package.dsv
[15.510s] -- Up-to-date: /home/badri/ros2_ws/install/gain_sch/share/ament_index/resource_index/packages/gain_sch
[15.513s] -- Up-to-date: /home/badri/ros2_ws/install/gain_sch/share/gain_sch/cmake/gain_schConfig.cmake
[15.516s] -- Up-to-date: /home/badri/ros2_ws/install/gain_sch/share/gain_sch/cmake/gain_schConfig-version.cmake
[15.517s] -- Up-to-date: /home/badri/ros2_ws/install/gain_sch/share/gain_sch/package.xml
[15.519s] Invoked command in '/home/badri/ros2_ws/build/gain_sch' returned '0': CMAKE_PREFIX_PATH=${CMAKE_PREFIX_PATH}:/home/badri/ros2_ws/install/casadi_mpc:/opt/ros/humble /usr/bin/cmake --install /home/badri/ros2_ws/build/gain_sch
