[0.508s] Invoking command in '/home/badri/ros2_ws/build/gain_sch': CMAKE_PREFIX_PATH=${CMAKE_PREFIX_PATH}:/home/badri/ros2_ws/install/casadi_mpc:/opt/ros/humble /usr/bin/cmake --build /home/badri/ros2_ws/build/gain_sch -- -j8 -l8
[0.581s] [35m[1mConsolidate compiler generated dependencies of target gain_schedulling[0m
[0.612s] [ 50%] [32mBuilding CXX object CMakeFiles/gain_schedulling.dir/src/gain_schedulling.cpp.o[0m
[13.591s] [100%] [32m[1mLinking CXX executable gain_schedulling[0m
[14.394s] [100%] Built target gain_schedulling
[14.410s] Invoked command in '/home/badri/ros2_ws/build/gain_sch' returned '0': CMAKE_PREFIX_PATH=${CMAKE_PREFIX_PATH}:/home/badri/ros2_ws/install/casadi_mpc:/opt/ros/humble /usr/bin/cmake --build /home/badri/ros2_ws/build/gain_sch -- -j8 -l8
[14.487s] Invoking command in '/home/badri/ros2_ws/build/gain_sch': CMAKE_PREFIX_PATH=${CMAKE_PREFIX_PATH}:/home/badri/ros2_ws/install/casadi_mpc:/opt/ros/humble /usr/bin/cmake --install /home/badri/ros2_ws/build/gain_sch
[14.527s] -- Install configuration: ""
[14.528s] -- Installing: /home/badri/ros2_ws/install/gain_sch/lib/gain_sch/gain_schedulling
[14.556s] -- Set runtime path of "/home/badri/ros2_ws/install/gain_sch/lib/gain_sch/gain_schedulling" to ""
[14.557s] -- Up-to-date: /home/badri/ros2_ws/install/gain_sch/share/ament_index/resource_index/package_run_dependencies/gain_sch
[14.558s] -- Up-to-date: /home/badri/ros2_ws/install/gain_sch/share/ament_index/resource_index/parent_prefix_path/gain_sch
[14.559s] -- Up-to-date: /home/badri/ros2_ws/install/gain_sch/share/gain_sch/environment/ament_prefix_path.sh
[14.560s] -- Up-to-date: /home/badri/ros2_ws/install/gain_sch/share/gain_sch/environment/ament_prefix_path.dsv
[14.561s] -- Up-to-date: /home/badri/ros2_ws/install/gain_sch/share/gain_sch/environment/path.sh
[14.561s] -- Up-to-date: /home/badri/ros2_ws/install/gain_sch/share/gain_sch/environment/path.dsv
[14.562s] -- Up-to-date: /home/badri/ros2_ws/install/gain_sch/share/gain_sch/local_setup.bash
[14.563s] -- Up-to-date: /home/badri/ros2_ws/install/gain_sch/share/gain_sch/local_setup.sh
[14.563s] -- Up-to-date: /home/badri/ros2_ws/install/gain_sch/share/gain_sch/local_setup.zsh
[14.564s] -- Up-to-date: /home/badri/ros2_ws/install/gain_sch/share/gain_sch/local_setup.dsv
[14.564s] -- Installing: /home/badri/ros2_ws/install/gain_sch/share/gain_sch/package.dsv
[14.565s] -- Up-to-date: /home/badri/ros2_ws/install/gain_sch/share/ament_index/resource_index/packages/gain_sch
[14.566s] -- Up-to-date: /home/badri/ros2_ws/install/gain_sch/share/gain_sch/cmake/gain_schConfig.cmake
[14.567s] -- Up-to-date: /home/badri/ros2_ws/install/gain_sch/share/gain_sch/cmake/gain_schConfig-version.cmake
[14.570s] -- Up-to-date: /home/badri/ros2_ws/install/gain_sch/share/gain_sch/package.xml
[14.574s] Invoked command in '/home/badri/ros2_ws/build/gain_sch' returned '0': CMAKE_PREFIX_PATH=${CMAKE_PREFIX_PATH}:/home/badri/ros2_ws/install/casadi_mpc:/opt/ros/humble /usr/bin/cmake --install /home/badri/ros2_ws/build/gain_sch
