[0.167s] DEBUG:colcon:Command line arguments: ['/usr/bin/colcon', 'build']
[0.167s] DEBUG:colcon:Parsed command line arguments: Namespace(log_base=None, log_level=None, verb_name='build', build_base='build', install_base='install', merge_install=False, symlink_install=False, test_result_base=None, continue_on_error=False, executor='parallel', parallel_workers=8, event_handlers=None, ignore_user_meta=False, metas=['./colcon.meta'], base_paths=['.'], packages_ignore=None, packages_ignore_regex=None, paths=None, packages_up_to=None, packages_up_to_regex=None, packages_above=None, packages_above_and_dependencies=None, packages_above_depth=None, packages_select_by_dep=None, packages_skip_by_dep=None, packages_skip_up_to=None, packages_select_build_failed=False, packages_skip_build_finished=False, packages_select_test_failures=False, packages_skip_test_passed=False, packages_select=None, packages_skip=None, packages_select_regex=None, packages_skip_regex=None, packages_start=None, packages_end=None, allow_overriding=[], cmake_args=None, cmake_target=None, cmake_target_skip_unavailable=False, cmake_clean_cache=False, cmake_clean_first=False, cmake_force_configure=False, ament_cmake_args=None, catkin_cmake_args=None, catkin_skip_building_tests=False, mixin_files=None, mixin=None, verb_parser=<colcon_mixin.mixin.mixin_argument.MixinArgumentDecorator object at 0x7b4c0f1435b0>, verb_extension=<colcon_core.verb.build.BuildVerb object at 0x7b4c0f142fe0>, main=<bound method BuildVerb.main of <colcon_core.verb.build.BuildVerb object at 0x7b4c0f142fe0>>, mixin_verb=('build',))
[0.461s] Level 1:colcon.colcon_core.package_discovery:discover_packages(colcon_meta) check parameters
[0.461s] Level 1:colcon.colcon_core.package_discovery:discover_packages(recursive) check parameters
[0.461s] Level 1:colcon.colcon_core.package_discovery:discover_packages(ignore) check parameters
[0.461s] Level 1:colcon.colcon_core.package_discovery:discover_packages(path) check parameters
[0.461s] Level 1:colcon.colcon_core.package_discovery:discover_packages(colcon_meta) discover
[0.461s] Level 1:colcon.colcon_core.package_discovery:discover_packages(recursive) discover
[0.461s] INFO:colcon.colcon_core.package_discovery:Crawling recursively for packages in '/home/badri/ros2_ws'
[0.461s] Level 1:colcon.colcon_core.package_identification:_identify(.) by extensions ['ignore', 'ignore_ament_install']
[0.461s] Level 1:colcon.colcon_core.package_identification:_identify(.) by extension 'ignore'
[0.461s] Level 1:colcon.colcon_core.package_identification:_identify(.) by extension 'ignore_ament_install'
[0.461s] Level 1:colcon.colcon_core.package_identification:_identify(.) by extensions ['colcon_pkg']
[0.461s] Level 1:colcon.colcon_core.package_identification:_identify(.) by extension 'colcon_pkg'
[0.462s] Level 1:colcon.colcon_core.package_identification:_identify(.) by extensions ['colcon_meta']
[0.462s] Level 1:colcon.colcon_core.package_identification:_identify(.) by extension 'colcon_meta'
[0.462s] Level 1:colcon.colcon_core.package_identification:_identify(.) by extensions ['ros']
[0.462s] Level 1:colcon.colcon_core.package_identification:_identify(.) by extension 'ros'
[0.476s] Level 1:colcon.colcon_core.package_identification:_identify(.) by extensions ['cmake', 'python']
[0.476s] Level 1:colcon.colcon_core.package_identification:_identify(.) by extension 'cmake'
[0.476s] Level 1:colcon.colcon_core.package_identification:_identify(.) by extension 'python'
[0.476s] Level 1:colcon.colcon_core.package_identification:_identify(.) by extensions ['python_setup_py']
[0.476s] Level 1:colcon.colcon_core.package_identification:_identify(.) by extension 'python_setup_py'
[0.477s] Level 1:colcon.colcon_core.package_identification:_identify(build) by extensions ['ignore', 'ignore_ament_install']
[0.477s] Level 1:colcon.colcon_core.package_identification:_identify(build) by extension 'ignore'
[0.477s] Level 1:colcon.colcon_core.package_identification:_identify(build) ignored
[0.477s] Level 1:colcon.colcon_core.package_identification:_identify(install) by extensions ['ignore', 'ignore_ament_install']
[0.477s] Level 1:colcon.colcon_core.package_identification:_identify(install) by extension 'ignore'
[0.477s] Level 1:colcon.colcon_core.package_identification:_identify(install) ignored
[0.477s] Level 1:colcon.colcon_core.package_identification:_identify(log) by extensions ['ignore', 'ignore_ament_install']
[0.477s] Level 1:colcon.colcon_core.package_identification:_identify(log) by extension 'ignore'
[0.477s] Level 1:colcon.colcon_core.package_identification:_identify(log) ignored
[0.478s] Level 1:colcon.colcon_core.package_identification:_identify(src) by extensions ['ignore', 'ignore_ament_install']
[0.478s] Level 1:colcon.colcon_core.package_identification:_identify(src) by extension 'ignore'
[0.478s] Level 1:colcon.colcon_core.package_identification:_identify(src) by extension 'ignore_ament_install'
[0.478s] Level 1:colcon.colcon_core.package_identification:_identify(src) by extensions ['colcon_pkg']
[0.478s] Level 1:colcon.colcon_core.package_identification:_identify(src) by extension 'colcon_pkg'
[0.478s] Level 1:colcon.colcon_core.package_identification:_identify(src) by extensions ['colcon_meta']
[0.478s] Level 1:colcon.colcon_core.package_identification:_identify(src) by extension 'colcon_meta'
[0.478s] Level 1:colcon.colcon_core.package_identification:_identify(src) by extensions ['ros']
[0.478s] Level 1:colcon.colcon_core.package_identification:_identify(src) by extension 'ros'
[0.478s] Level 1:colcon.colcon_core.package_identification:_identify(src) by extensions ['cmake', 'python']
[0.478s] Level 1:colcon.colcon_core.package_identification:_identify(src) by extension 'cmake'
[0.478s] Level 1:colcon.colcon_core.package_identification:_identify(src) by extension 'python'
[0.478s] Level 1:colcon.colcon_core.package_identification:_identify(src) by extensions ['python_setup_py']
[0.478s] Level 1:colcon.colcon_core.package_identification:_identify(src) by extension 'python_setup_py'
[0.479s] Level 1:colcon.colcon_core.package_identification:_identify(src/casadi_mpc) by extensions ['ignore', 'ignore_ament_install']
[0.479s] Level 1:colcon.colcon_core.package_identification:_identify(src/casadi_mpc) by extension 'ignore'
[0.479s] Level 1:colcon.colcon_core.package_identification:_identify(src/casadi_mpc) by extension 'ignore_ament_install'
[0.479s] Level 1:colcon.colcon_core.package_identification:_identify(src/casadi_mpc) by extensions ['colcon_pkg']
[0.479s] Level 1:colcon.colcon_core.package_identification:_identify(src/casadi_mpc) by extension 'colcon_pkg'
[0.479s] Level 1:colcon.colcon_core.package_identification:_identify(src/casadi_mpc) by extensions ['colcon_meta']
[0.479s] Level 1:colcon.colcon_core.package_identification:_identify(src/casadi_mpc) by extension 'colcon_meta'
[0.479s] Level 1:colcon.colcon_core.package_identification:_identify(src/casadi_mpc) by extensions ['ros']
[0.479s] Level 1:colcon.colcon_core.package_identification:_identify(src/casadi_mpc) by extension 'ros'
[0.483s] DEBUG:colcon.colcon_core.package_identification:Package 'src/casadi_mpc' with type 'ros.ament_python' and name 'casadi_mpc'
[0.483s] Level 1:colcon.colcon_core.package_identification:_identify(src/gain_sch) by extensions ['ignore', 'ignore_ament_install']
[0.483s] Level 1:colcon.colcon_core.package_identification:_identify(src/gain_sch) by extension 'ignore'
[0.483s] Level 1:colcon.colcon_core.package_identification:_identify(src/gain_sch) by extension 'ignore_ament_install'
[0.484s] Level 1:colcon.colcon_core.package_identification:_identify(src/gain_sch) by extensions ['colcon_pkg']
[0.484s] Level 1:colcon.colcon_core.package_identification:_identify(src/gain_sch) by extension 'colcon_pkg'
[0.484s] Level 1:colcon.colcon_core.package_identification:_identify(src/gain_sch) by extensions ['colcon_meta']
[0.484s] Level 1:colcon.colcon_core.package_identification:_identify(src/gain_sch) by extension 'colcon_meta'
[0.484s] Level 1:colcon.colcon_core.package_identification:_identify(src/gain_sch) by extensions ['ros']
[0.484s] Level 1:colcon.colcon_core.package_identification:_identify(src/gain_sch) by extension 'ros'
[0.485s] DEBUG:colcon.colcon_core.package_identification:Package 'src/gain_sch' with type 'ros.ament_cmake' and name 'gain_sch'
[0.485s] Level 1:colcon.colcon_core.package_identification:_identify(src/tb3_robot) by extensions ['ignore', 'ignore_ament_install']
[0.485s] Level 1:colcon.colcon_core.package_identification:_identify(src/tb3_robot) by extension 'ignore'
[0.485s] Level 1:colcon.colcon_core.package_identification:_identify(src/tb3_robot) by extension 'ignore_ament_install'
[0.485s] Level 1:colcon.colcon_core.package_identification:_identify(src/tb3_robot) by extensions ['colcon_pkg']
[0.485s] Level 1:colcon.colcon_core.package_identification:_identify(src/tb3_robot) by extension 'colcon_pkg'
[0.485s] Level 1:colcon.colcon_core.package_identification:_identify(src/tb3_robot) by extensions ['colcon_meta']
[0.485s] Level 1:colcon.colcon_core.package_identification:_identify(src/tb3_robot) by extension 'colcon_meta'
[0.485s] Level 1:colcon.colcon_core.package_identification:_identify(src/tb3_robot) by extensions ['ros']
[0.485s] Level 1:colcon.colcon_core.package_identification:_identify(src/tb3_robot) by extension 'ros'
[0.487s] DEBUG:colcon.colcon_core.package_identification:Package 'src/tb3_robot' with type 'ros.ament_cmake' and name 'tb3_robot'
[0.487s] Level 1:colcon.colcon_core.package_identification:_identify(src/tb3_robot_bringup) by extensions ['ignore', 'ignore_ament_install']
[0.487s] Level 1:colcon.colcon_core.package_identification:_identify(src/tb3_robot_bringup) by extension 'ignore'
[0.487s] Level 1:colcon.colcon_core.package_identification:_identify(src/tb3_robot_bringup) by extension 'ignore_ament_install'
[0.488s] Level 1:colcon.colcon_core.package_identification:_identify(src/tb3_robot_bringup) by extensions ['colcon_pkg']
[0.488s] Level 1:colcon.colcon_core.package_identification:_identify(src/tb3_robot_bringup) by extension 'colcon_pkg'
[0.488s] Level 1:colcon.colcon_core.package_identification:_identify(src/tb3_robot_bringup) by extensions ['colcon_meta']
[0.488s] Level 1:colcon.colcon_core.package_identification:_identify(src/tb3_robot_bringup) by extension 'colcon_meta'
[0.488s] Level 1:colcon.colcon_core.package_identification:_identify(src/tb3_robot_bringup) by extensions ['ros']
[0.488s] Level 1:colcon.colcon_core.package_identification:_identify(src/tb3_robot_bringup) by extension 'ros'
[0.489s] DEBUG:colcon.colcon_core.package_identification:Package 'src/tb3_robot_bringup' with type 'ros.ament_cmake' and name 'tb3_robot_bringup'
[0.489s] Level 1:colcon.colcon_core.package_discovery:discover_packages(recursive) using defaults
[0.489s] Level 1:colcon.colcon_core.package_discovery:discover_packages(ignore) discover
[0.489s] Level 1:colcon.colcon_core.package_discovery:discover_packages(ignore) using defaults
[0.489s] Level 1:colcon.colcon_core.package_discovery:discover_packages(path) discover
[0.489s] Level 1:colcon.colcon_core.package_discovery:discover_packages(path) using defaults
[0.536s] Level 1:colcon.colcon_core.package_discovery:discover_packages(prefix_path) check parameters
[0.536s] Level 1:colcon.colcon_core.package_discovery:discover_packages(prefix_path) discover
[0.540s] DEBUG:colcon.colcon_installed_package_information.package_discovery:Found 5 installed packages in /home/badri/ros2_ws/install
[0.543s] DEBUG:colcon.colcon_installed_package_information.package_discovery:Found 395 installed packages in /opt/ros/humble
[0.547s] Level 1:colcon.colcon_core.package_discovery:discover_packages(prefix_path) using defaults
[0.648s] Level 5:colcon.colcon_core.verb:set package 'casadi_mpc' build argument 'cmake_args' from command line to 'None'
[0.648s] Level 5:colcon.colcon_core.verb:set package 'casadi_mpc' build argument 'cmake_target' from command line to 'None'
[0.648s] Level 5:colcon.colcon_core.verb:set package 'casadi_mpc' build argument 'cmake_target_skip_unavailable' from command line to 'False'
[0.648s] Level 5:colcon.colcon_core.verb:set package 'casadi_mpc' build argument 'cmake_clean_cache' from command line to 'False'
[0.648s] Level 5:colcon.colcon_core.verb:set package 'casadi_mpc' build argument 'cmake_clean_first' from command line to 'False'
[0.649s] Level 5:colcon.colcon_core.verb:set package 'casadi_mpc' build argument 'cmake_force_configure' from command line to 'False'
[0.649s] Level 5:colcon.colcon_core.verb:set package 'casadi_mpc' build argument 'ament_cmake_args' from command line to 'None'
[0.649s] Level 5:colcon.colcon_core.verb:set package 'casadi_mpc' build argument 'catkin_cmake_args' from command line to 'None'
[0.649s] Level 5:colcon.colcon_core.verb:set package 'casadi_mpc' build argument 'catkin_skip_building_tests' from command line to 'False'
[0.649s] DEBUG:colcon.colcon_core.verb:Building package 'casadi_mpc' with the following arguments: {'ament_cmake_args': None, 'build_base': '/home/badri/ros2_ws/build/casadi_mpc', 'catkin_cmake_args': None, 'catkin_skip_building_tests': False, 'cmake_args': None, 'cmake_clean_cache': False, 'cmake_clean_first': False, 'cmake_force_configure': False, 'cmake_target': None, 'cmake_target_skip_unavailable': False, 'install_base': '/home/badri/ros2_ws/install/casadi_mpc', 'merge_install': False, 'path': '/home/badri/ros2_ws/src/casadi_mpc', 'symlink_install': False, 'test_result_base': None}
[0.650s] Level 5:colcon.colcon_core.verb:set package 'gain_sch' build argument 'cmake_args' from command line to 'None'
[0.650s] Level 5:colcon.colcon_core.verb:set package 'gain_sch' build argument 'cmake_target' from command line to 'None'
[0.650s] Level 5:colcon.colcon_core.verb:set package 'gain_sch' build argument 'cmake_target_skip_unavailable' from command line to 'False'
[0.650s] Level 5:colcon.colcon_core.verb:set package 'gain_sch' build argument 'cmake_clean_cache' from command line to 'False'
[0.650s] Level 5:colcon.colcon_core.verb:set package 'gain_sch' build argument 'cmake_clean_first' from command line to 'False'
[0.650s] Level 5:colcon.colcon_core.verb:set package 'gain_sch' build argument 'cmake_force_configure' from command line to 'False'
[0.650s] Level 5:colcon.colcon_core.verb:set package 'gain_sch' build argument 'ament_cmake_args' from command line to 'None'
[0.650s] Level 5:colcon.colcon_core.verb:set package 'gain_sch' build argument 'catkin_cmake_args' from command line to 'None'
[0.650s] Level 5:colcon.colcon_core.verb:set package 'gain_sch' build argument 'catkin_skip_building_tests' from command line to 'False'
[0.650s] DEBUG:colcon.colcon_core.verb:Building package 'gain_sch' with the following arguments: {'ament_cmake_args': None, 'build_base': '/home/badri/ros2_ws/build/gain_sch', 'catkin_cmake_args': None, 'catkin_skip_building_tests': False, 'cmake_args': None, 'cmake_clean_cache': False, 'cmake_clean_first': False, 'cmake_force_configure': False, 'cmake_target': None, 'cmake_target_skip_unavailable': False, 'install_base': '/home/badri/ros2_ws/install/gain_sch', 'merge_install': False, 'path': '/home/badri/ros2_ws/src/gain_sch', 'symlink_install': False, 'test_result_base': None}
[0.651s] Level 5:colcon.colcon_core.verb:set package 'tb3_robot' build argument 'cmake_args' from command line to 'None'
[0.651s] Level 5:colcon.colcon_core.verb:set package 'tb3_robot' build argument 'cmake_target' from command line to 'None'
[0.651s] Level 5:colcon.colcon_core.verb:set package 'tb3_robot' build argument 'cmake_target_skip_unavailable' from command line to 'False'
[0.651s] Level 5:colcon.colcon_core.verb:set package 'tb3_robot' build argument 'cmake_clean_cache' from command line to 'False'
[0.651s] Level 5:colcon.colcon_core.verb:set package 'tb3_robot' build argument 'cmake_clean_first' from command line to 'False'
[0.651s] Level 5:colcon.colcon_core.verb:set package 'tb3_robot' build argument 'cmake_force_configure' from command line to 'False'
[0.651s] Level 5:colcon.colcon_core.verb:set package 'tb3_robot' build argument 'ament_cmake_args' from command line to 'None'
[0.651s] Level 5:colcon.colcon_core.verb:set package 'tb3_robot' build argument 'catkin_cmake_args' from command line to 'None'
[0.652s] Level 5:colcon.colcon_core.verb:set package 'tb3_robot' build argument 'catkin_skip_building_tests' from command line to 'False'
[0.652s] DEBUG:colcon.colcon_core.verb:Building package 'tb3_robot' with the following arguments: {'ament_cmake_args': None, 'build_base': '/home/badri/ros2_ws/build/tb3_robot', 'catkin_cmake_args': None, 'catkin_skip_building_tests': False, 'cmake_args': None, 'cmake_clean_cache': False, 'cmake_clean_first': False, 'cmake_force_configure': False, 'cmake_target': None, 'cmake_target_skip_unavailable': False, 'install_base': '/home/badri/ros2_ws/install/tb3_robot', 'merge_install': False, 'path': '/home/badri/ros2_ws/src/tb3_robot', 'symlink_install': False, 'test_result_base': None}
[0.653s] Level 5:colcon.colcon_core.verb:set package 'tb3_robot_bringup' build argument 'cmake_args' from command line to 'None'
[0.653s] Level 5:colcon.colcon_core.verb:set package 'tb3_robot_bringup' build argument 'cmake_target' from command line to 'None'
[0.653s] Level 5:colcon.colcon_core.verb:set package 'tb3_robot_bringup' build argument 'cmake_target_skip_unavailable' from command line to 'False'
[0.653s] Level 5:colcon.colcon_core.verb:set package 'tb3_robot_bringup' build argument 'cmake_clean_cache' from command line to 'False'
[0.653s] Level 5:colcon.colcon_core.verb:set package 'tb3_robot_bringup' build argument 'cmake_clean_first' from command line to 'False'
[0.653s] Level 5:colcon.colcon_core.verb:set package 'tb3_robot_bringup' build argument 'cmake_force_configure' from command line to 'False'
[0.653s] Level 5:colcon.colcon_core.verb:set package 'tb3_robot_bringup' build argument 'ament_cmake_args' from command line to 'None'
[0.653s] Level 5:colcon.colcon_core.verb:set package 'tb3_robot_bringup' build argument 'catkin_cmake_args' from command line to 'None'
[0.653s] Level 5:colcon.colcon_core.verb:set package 'tb3_robot_bringup' build argument 'catkin_skip_building_tests' from command line to 'False'
[0.653s] DEBUG:colcon.colcon_core.verb:Building package 'tb3_robot_bringup' with the following arguments: {'ament_cmake_args': None, 'build_base': '/home/badri/ros2_ws/build/tb3_robot_bringup', 'catkin_cmake_args': None, 'catkin_skip_building_tests': False, 'cmake_args': None, 'cmake_clean_cache': False, 'cmake_clean_first': False, 'cmake_force_configure': False, 'cmake_target': None, 'cmake_target_skip_unavailable': False, 'install_base': '/home/badri/ros2_ws/install/tb3_robot_bringup', 'merge_install': False, 'path': '/home/badri/ros2_ws/src/tb3_robot_bringup', 'symlink_install': False, 'test_result_base': None}
[0.654s] INFO:colcon.colcon_core.executor:Executing jobs using 'parallel' executor
[0.655s] DEBUG:colcon.colcon_parallel_executor.executor.parallel:run_until_complete
[0.656s] INFO:colcon.colcon_ros.task.ament_python.build:Building ROS package in '/home/badri/ros2_ws/src/casadi_mpc' with build type 'ament_python'
[0.656s] Level 1:colcon.colcon_core.shell:create_environment_hook('casadi_mpc', 'ament_prefix_path')
[0.659s] INFO:colcon.colcon_core.plugin_system:Skipping extension 'colcon_core.shell.bat': Not used on non-Windows systems
[0.660s] INFO:colcon.colcon_core.shell:Creating environment hook '/home/badri/ros2_ws/install/casadi_mpc/share/casadi_mpc/hook/ament_prefix_path.ps1'
[0.661s] INFO:colcon.colcon_core.shell:Creating environment descriptor '/home/badri/ros2_ws/install/casadi_mpc/share/casadi_mpc/hook/ament_prefix_path.dsv'
[0.661s] INFO:colcon.colcon_core.shell:Creating environment hook '/home/badri/ros2_ws/install/casadi_mpc/share/casadi_mpc/hook/ament_prefix_path.sh'
[0.663s] INFO:colcon.colcon_core.shell:Skip shell extension 'powershell' for command environment: Not usable outside of PowerShell
[0.663s] DEBUG:colcon.colcon_core.shell:Skip shell extension 'dsv' for command environment
[0.671s] INFO:colcon.colcon_ros.task.ament_cmake.build:Building ROS package in '/home/badri/ros2_ws/src/gain_sch' with build type 'ament_cmake'
[0.671s] INFO:colcon.colcon_cmake.task.cmake.build:Building CMake package in '/home/badri/ros2_ws/src/gain_sch'
[0.672s] INFO:colcon.colcon_core.shell:Skip shell extension 'powershell' for command environment: Not usable outside of PowerShell
[0.672s] DEBUG:colcon.colcon_core.shell:Skip shell extension 'dsv' for command environment
[0.678s] INFO:colcon.colcon_ros.task.ament_cmake.build:Building ROS package in '/home/badri/ros2_ws/src/tb3_robot' with build type 'ament_cmake'
[0.679s] INFO:colcon.colcon_cmake.task.cmake.build:Building CMake package in '/home/badri/ros2_ws/src/tb3_robot'
[0.679s] INFO:colcon.colcon_core.shell:Skip shell extension 'powershell' for command environment: Not usable outside of PowerShell
[0.679s] DEBUG:colcon.colcon_core.shell:Skip shell extension 'dsv' for command environment
[0.687s] INFO:colcon.colcon_ros.task.ament_cmake.build:Building ROS package in '/home/badri/ros2_ws/src/tb3_robot_bringup' with build type 'ament_cmake'
[0.688s] INFO:colcon.colcon_cmake.task.cmake.build:Building CMake package in '/home/badri/ros2_ws/src/tb3_robot_bringup'
[0.688s] INFO:colcon.colcon_core.shell:Skip shell extension 'powershell' for command environment: Not usable outside of PowerShell
[0.689s] DEBUG:colcon.colcon_core.shell:Skip shell extension 'dsv' for command environment
[1.229s] INFO:colcon.colcon_core.task.python.build:Building Python package in '/home/badri/ros2_ws/src/casadi_mpc'
[1.229s] INFO:colcon.colcon_core.shell:Skip shell extension 'powershell' for command environment: Not usable outside of PowerShell
[1.230s] DEBUG:colcon.colcon_core.shell:Skip shell extension 'dsv' for command environment
[1.242s] DEBUG:colcon.colcon_core.event_handler.log_command:Invoking command in '/home/badri/ros2_ws/build/gain_sch': CMAKE_PREFIX_PATH=${CMAKE_PREFIX_PATH}:/home/badri/ros2_ws/install/casadi_mpc:/opt/ros/humble /usr/bin/cmake --build /home/badri/ros2_ws/build/gain_sch -- -j8 -l8
[1.249s] DEBUG:colcon.colcon_core.event_handler.log_command:Invoking command in '/home/badri/ros2_ws/build/tb3_robot': CMAKE_PREFIX_PATH=${CMAKE_PREFIX_PATH}:/home/badri/ros2_ws/install/casadi_mpc:/opt/ros/humble /usr/bin/cmake --build /home/badri/ros2_ws/build/tb3_robot -- -j8 -l8
[1.257s] DEBUG:colcon.colcon_core.event_handler.log_command:Invoking command in '/home/badri/ros2_ws/build/tb3_robot_bringup': CMAKE_PREFIX_PATH=${CMAKE_PREFIX_PATH}:/home/badri/ros2_ws/install/casadi_mpc:/opt/ros/humble /usr/bin/cmake --build /home/badri/ros2_ws/build/tb3_robot_bringup -- -j8 -l8
[1.322s] DEBUG:colcon.colcon_core.event_handler.log_command:Invoked command in '/home/badri/ros2_ws/build/tb3_robot_bringup' returned '0': CMAKE_PREFIX_PATH=${CMAKE_PREFIX_PATH}:/home/badri/ros2_ws/install/casadi_mpc:/opt/ros/humble /usr/bin/cmake --build /home/badri/ros2_ws/build/tb3_robot_bringup -- -j8 -l8
[1.380s] DEBUG:colcon.colcon_core.event_handler.log_command:Invoking command in '/home/badri/ros2_ws/build/tb3_robot_bringup': CMAKE_PREFIX_PATH=${CMAKE_PREFIX_PATH}:/home/badri/ros2_ws/install/casadi_mpc:/opt/ros/humble /usr/bin/cmake --install /home/badri/ros2_ws/build/tb3_robot_bringup
[1.388s] DEBUG:colcon.colcon_core.event_handler.log_command:Invoked command in '/home/badri/ros2_ws/build/tb3_robot' returned '0': CMAKE_PREFIX_PATH=${CMAKE_PREFIX_PATH}:/home/badri/ros2_ws/install/casadi_mpc:/opt/ros/humble /usr/bin/cmake --build /home/badri/ros2_ws/build/tb3_robot -- -j8 -l8
[1.398s] Level 1:colcon.colcon_core.environment:create_environment_scripts_only(tb3_robot_bringup)
[1.399s] DEBUG:colcon.colcon_core.event_handler.log_command:Invoked command in '/home/badri/ros2_ws/build/tb3_robot_bringup' returned '0': CMAKE_PREFIX_PATH=${CMAKE_PREFIX_PATH}:/home/badri/ros2_ws/install/casadi_mpc:/opt/ros/humble /usr/bin/cmake --install /home/badri/ros2_ws/build/tb3_robot_bringup
[1.403s] Level 1:colcon.colcon_core.environment:checking '/home/badri/ros2_ws/install/tb3_robot_bringup' for CMake module files
[1.404s] Level 1:colcon.colcon_core.environment:checking '/home/badri/ros2_ws/install/tb3_robot_bringup' for CMake config files
[1.404s] Level 1:colcon.colcon_core.shell:create_environment_hook('tb3_robot_bringup', 'cmake_prefix_path')
[1.405s] INFO:colcon.colcon_core.shell:Creating environment hook '/home/badri/ros2_ws/install/tb3_robot_bringup/share/tb3_robot_bringup/hook/cmake_prefix_path.ps1'
[1.406s] INFO:colcon.colcon_core.shell:Creating environment descriptor '/home/badri/ros2_ws/install/tb3_robot_bringup/share/tb3_robot_bringup/hook/cmake_prefix_path.dsv'
[1.407s] INFO:colcon.colcon_core.shell:Creating environment hook '/home/badri/ros2_ws/install/tb3_robot_bringup/share/tb3_robot_bringup/hook/cmake_prefix_path.sh'
[1.408s] Level 1:colcon.colcon_core.environment:checking '/home/badri/ros2_ws/install/tb3_robot_bringup/bin'
[1.409s] Level 1:colcon.colcon_core.environment:checking '/home/badri/ros2_ws/install/tb3_robot_bringup/lib/pkgconfig/tb3_robot_bringup.pc'
[1.409s] Level 1:colcon.colcon_core.environment:checking '/home/badri/ros2_ws/install/tb3_robot_bringup/lib/python3.10/site-packages'
[1.410s] Level 1:colcon.colcon_core.environment:checking '/home/badri/ros2_ws/install/tb3_robot_bringup/bin'
[1.410s] INFO:colcon.colcon_core.shell:Creating package script '/home/badri/ros2_ws/install/tb3_robot_bringup/share/tb3_robot_bringup/package.ps1'
[1.412s] INFO:colcon.colcon_core.shell:Creating package descriptor '/home/badri/ros2_ws/install/tb3_robot_bringup/share/tb3_robot_bringup/package.dsv'
[1.413s] INFO:colcon.colcon_core.shell:Creating package script '/home/badri/ros2_ws/install/tb3_robot_bringup/share/tb3_robot_bringup/package.sh'
[1.415s] INFO:colcon.colcon_core.shell:Creating package script '/home/badri/ros2_ws/install/tb3_robot_bringup/share/tb3_robot_bringup/package.bash'
[1.417s] INFO:colcon.colcon_core.shell:Creating package script '/home/badri/ros2_ws/install/tb3_robot_bringup/share/tb3_robot_bringup/package.zsh'
[1.418s] Level 1:colcon.colcon_core.environment:create_file_with_runtime_dependencies(/home/badri/ros2_ws/install/tb3_robot_bringup/share/colcon-core/packages/tb3_robot_bringup)
[1.456s] DEBUG:colcon.colcon_core.event_handler.log_command:Invoking command in '/home/badri/ros2_ws/build/tb3_robot': CMAKE_PREFIX_PATH=${CMAKE_PREFIX_PATH}:/home/badri/ros2_ws/install/casadi_mpc:/opt/ros/humble /usr/bin/cmake --install /home/badri/ros2_ws/build/tb3_robot
[1.459s] Level 1:colcon.colcon_core.environment:create_environment_scripts_only(tb3_robot_bringup)
[1.460s] Level 1:colcon.colcon_core.environment:checking '/home/badri/ros2_ws/install/tb3_robot_bringup' for CMake module files
[1.461s] Level 1:colcon.colcon_core.environment:checking '/home/badri/ros2_ws/install/tb3_robot_bringup' for CMake config files
[1.462s] Level 1:colcon.colcon_core.shell:create_environment_hook('tb3_robot_bringup', 'cmake_prefix_path')
[1.462s] INFO:colcon.colcon_core.shell:Creating environment hook '/home/badri/ros2_ws/install/tb3_robot_bringup/share/tb3_robot_bringup/hook/cmake_prefix_path.ps1'
[1.463s] INFO:colcon.colcon_core.shell:Creating environment descriptor '/home/badri/ros2_ws/install/tb3_robot_bringup/share/tb3_robot_bringup/hook/cmake_prefix_path.dsv'
[1.464s] INFO:colcon.colcon_core.shell:Creating environment hook '/home/badri/ros2_ws/install/tb3_robot_bringup/share/tb3_robot_bringup/hook/cmake_prefix_path.sh'
[1.465s] Level 1:colcon.colcon_core.environment:checking '/home/badri/ros2_ws/install/tb3_robot_bringup/bin'
[1.465s] Level 1:colcon.colcon_core.environment:checking '/home/badri/ros2_ws/install/tb3_robot_bringup/lib/pkgconfig/tb3_robot_bringup.pc'
[1.466s] Level 1:colcon.colcon_core.environment:checking '/home/badri/ros2_ws/install/tb3_robot_bringup/lib/python3.10/site-packages'
[1.466s] Level 1:colcon.colcon_core.environment:checking '/home/badri/ros2_ws/install/tb3_robot_bringup/bin'
[1.467s] INFO:colcon.colcon_core.shell:Creating package script '/home/badri/ros2_ws/install/tb3_robot_bringup/share/tb3_robot_bringup/package.ps1'
[1.468s] INFO:colcon.colcon_core.shell:Creating package descriptor '/home/badri/ros2_ws/install/tb3_robot_bringup/share/tb3_robot_bringup/package.dsv'
[1.469s] INFO:colcon.colcon_core.shell:Creating package script '/home/badri/ros2_ws/install/tb3_robot_bringup/share/tb3_robot_bringup/package.sh'
[1.472s] INFO:colcon.colcon_core.shell:Creating package script '/home/badri/ros2_ws/install/tb3_robot_bringup/share/tb3_robot_bringup/package.bash'
[1.474s] INFO:colcon.colcon_core.shell:Creating package script '/home/badri/ros2_ws/install/tb3_robot_bringup/share/tb3_robot_bringup/package.zsh'
[1.476s] Level 1:colcon.colcon_core.environment:create_file_with_runtime_dependencies(/home/badri/ros2_ws/install/tb3_robot_bringup/share/colcon-core/packages/tb3_robot_bringup)
[1.478s] Level 1:colcon.colcon_core.environment:create_environment_scripts_only(tb3_robot)
[1.479s] Level 1:colcon.colcon_core.environment:checking '/home/badri/ros2_ws/install/tb3_robot' for CMake module files
[1.481s] DEBUG:colcon.colcon_core.event_handler.log_command:Invoked command in '/home/badri/ros2_ws/build/tb3_robot' returned '0': CMAKE_PREFIX_PATH=${CMAKE_PREFIX_PATH}:/home/badri/ros2_ws/install/casadi_mpc:/opt/ros/humble /usr/bin/cmake --install /home/badri/ros2_ws/build/tb3_robot
[1.481s] Level 1:colcon.colcon_core.environment:checking '/home/badri/ros2_ws/install/tb3_robot' for CMake config files
[1.482s] Level 1:colcon.colcon_core.shell:create_environment_hook('tb3_robot', 'cmake_prefix_path')
[1.482s] INFO:colcon.colcon_core.shell:Creating environment hook '/home/badri/ros2_ws/install/tb3_robot/share/tb3_robot/hook/cmake_prefix_path.ps1'
[1.483s] INFO:colcon.colcon_core.shell:Creating environment descriptor '/home/badri/ros2_ws/install/tb3_robot/share/tb3_robot/hook/cmake_prefix_path.dsv'
[1.483s] INFO:colcon.colcon_core.shell:Creating environment hook '/home/badri/ros2_ws/install/tb3_robot/share/tb3_robot/hook/cmake_prefix_path.sh'
[1.485s] Level 1:colcon.colcon_core.environment:checking '/home/badri/ros2_ws/install/tb3_robot/lib'
[1.485s] Level 1:colcon.colcon_core.environment:checking '/home/badri/ros2_ws/install/tb3_robot/bin'
[1.485s] Level 1:colcon.colcon_core.environment:checking '/home/badri/ros2_ws/install/tb3_robot/lib/pkgconfig/tb3_robot.pc'
[1.486s] Level 1:colcon.colcon_core.environment:checking '/home/badri/ros2_ws/install/tb3_robot/lib/python3.10/site-packages'
[1.486s] Level 1:colcon.colcon_core.environment:checking '/home/badri/ros2_ws/install/tb3_robot/bin'
[1.487s] INFO:colcon.colcon_core.shell:Creating package script '/home/badri/ros2_ws/install/tb3_robot/share/tb3_robot/package.ps1'
[1.488s] INFO:colcon.colcon_core.shell:Creating package descriptor '/home/badri/ros2_ws/install/tb3_robot/share/tb3_robot/package.dsv'
[1.489s] INFO:colcon.colcon_core.shell:Creating package script '/home/badri/ros2_ws/install/tb3_robot/share/tb3_robot/package.sh'
[1.489s] INFO:colcon.colcon_core.shell:Creating package script '/home/badri/ros2_ws/install/tb3_robot/share/tb3_robot/package.bash'
[1.490s] INFO:colcon.colcon_core.shell:Creating package script '/home/badri/ros2_ws/install/tb3_robot/share/tb3_robot/package.zsh'
[1.491s] Level 1:colcon.colcon_core.environment:create_file_with_runtime_dependencies(/home/badri/ros2_ws/install/tb3_robot/share/colcon-core/packages/tb3_robot)
[1.545s] Level 1:colcon.colcon_core.environment:create_environment_scripts_only(tb3_robot)
[1.546s] Level 1:colcon.colcon_core.environment:checking '/home/badri/ros2_ws/install/tb3_robot' for CMake module files
[1.547s] Level 1:colcon.colcon_core.environment:checking '/home/badri/ros2_ws/install/tb3_robot' for CMake config files
[1.548s] Level 1:colcon.colcon_core.shell:create_environment_hook('tb3_robot', 'cmake_prefix_path')
[1.548s] INFO:colcon.colcon_core.shell:Creating environment hook '/home/badri/ros2_ws/install/tb3_robot/share/tb3_robot/hook/cmake_prefix_path.ps1'
[1.549s] INFO:colcon.colcon_core.shell:Creating environment descriptor '/home/badri/ros2_ws/install/tb3_robot/share/tb3_robot/hook/cmake_prefix_path.dsv'
[1.549s] INFO:colcon.colcon_core.shell:Creating environment hook '/home/badri/ros2_ws/install/tb3_robot/share/tb3_robot/hook/cmake_prefix_path.sh'
[1.550s] Level 1:colcon.colcon_core.environment:checking '/home/badri/ros2_ws/install/tb3_robot/lib'
[1.551s] Level 1:colcon.colcon_core.environment:checking '/home/badri/ros2_ws/install/tb3_robot/bin'
[1.551s] Level 1:colcon.colcon_core.environment:checking '/home/badri/ros2_ws/install/tb3_robot/lib/pkgconfig/tb3_robot.pc'
[1.551s] Level 1:colcon.colcon_core.environment:checking '/home/badri/ros2_ws/install/tb3_robot/lib/python3.10/site-packages'
[1.552s] Level 1:colcon.colcon_core.environment:checking '/home/badri/ros2_ws/install/tb3_robot/bin'
[1.553s] INFO:colcon.colcon_core.shell:Creating package script '/home/badri/ros2_ws/install/tb3_robot/share/tb3_robot/package.ps1'
[1.554s] INFO:colcon.colcon_core.shell:Creating package descriptor '/home/badri/ros2_ws/install/tb3_robot/share/tb3_robot/package.dsv'
[1.554s] INFO:colcon.colcon_core.shell:Creating package script '/home/badri/ros2_ws/install/tb3_robot/share/tb3_robot/package.sh'
[1.555s] INFO:colcon.colcon_core.shell:Creating package script '/home/badri/ros2_ws/install/tb3_robot/share/tb3_robot/package.bash'
[1.556s] INFO:colcon.colcon_core.shell:Creating package script '/home/badri/ros2_ws/install/tb3_robot/share/tb3_robot/package.zsh'
[1.556s] Level 1:colcon.colcon_core.environment:create_file_with_runtime_dependencies(/home/badri/ros2_ws/install/tb3_robot/share/colcon-core/packages/tb3_robot)
[1.963s] DEBUG:colcon.colcon_core.event_handler.log_command:Invoking command in '/home/badri/ros2_ws/src/casadi_mpc': PYTHONPATH=/home/badri/ros2_ws/build/casadi_mpc/prefix_override:/usr/lib/python3/dist-packages/colcon_core/task/python/colcon_distutils_commands:/home/badri/ros2_ws/install/casadi_mpc/lib/python3.10/site-packages:${PYTHONPATH} /usr/bin/python3 -W ignore:setup.py install is deprecated setup.py egg_info --egg-base ../../build/casadi_mpc build --build-base /home/badri/ros2_ws/build/casadi_mpc/build install --record /home/badri/ros2_ws/build/casadi_mpc/install.log --single-version-externally-managed install_data
[2.498s] Level 1:colcon.colcon_core.environment:checking '/home/badri/ros2_ws/install/casadi_mpc' for CMake module files
[2.499s] DEBUG:colcon.colcon_core.event_handler.log_command:Invoked command in '/home/badri/ros2_ws/src/casadi_mpc' returned '0': PYTHONPATH=/home/badri/ros2_ws/build/casadi_mpc/prefix_override:/usr/lib/python3/dist-packages/colcon_core/task/python/colcon_distutils_commands:/home/badri/ros2_ws/install/casadi_mpc/lib/python3.10/site-packages:${PYTHONPATH} /usr/bin/python3 -W ignore:setup.py install is deprecated setup.py egg_info --egg-base ../../build/casadi_mpc build --build-base /home/badri/ros2_ws/build/casadi_mpc/build install --record /home/badri/ros2_ws/build/casadi_mpc/install.log --single-version-externally-managed install_data
[2.500s] Level 1:colcon.colcon_core.environment:checking '/home/badri/ros2_ws/install/casadi_mpc' for CMake config files
[2.501s] Level 1:colcon.colcon_core.environment:checking '/home/badri/ros2_ws/install/casadi_mpc/lib'
[2.501s] Level 1:colcon.colcon_core.environment:checking '/home/badri/ros2_ws/install/casadi_mpc/bin'
[2.501s] Level 1:colcon.colcon_core.environment:checking '/home/badri/ros2_ws/install/casadi_mpc/lib/pkgconfig/casadi_mpc.pc'
[2.501s] Level 1:colcon.colcon_core.environment:checking '/home/badri/ros2_ws/install/casadi_mpc/lib/python3.10/site-packages'
[2.501s] Level 1:colcon.colcon_core.shell:create_environment_hook('casadi_mpc', 'pythonpath')
[2.502s] INFO:colcon.colcon_core.shell:Creating environment hook '/home/badri/ros2_ws/install/casadi_mpc/share/casadi_mpc/hook/pythonpath.ps1'
[2.503s] INFO:colcon.colcon_core.shell:Creating environment descriptor '/home/badri/ros2_ws/install/casadi_mpc/share/casadi_mpc/hook/pythonpath.dsv'
[2.503s] INFO:colcon.colcon_core.shell:Creating environment hook '/home/badri/ros2_ws/install/casadi_mpc/share/casadi_mpc/hook/pythonpath.sh'
[2.504s] Level 1:colcon.colcon_core.environment:checking '/home/badri/ros2_ws/install/casadi_mpc/bin'
[2.504s] Level 1:colcon.colcon_core.environment:create_environment_scripts_only(casadi_mpc)
[2.505s] INFO:colcon.colcon_core.shell:Creating package script '/home/badri/ros2_ws/install/casadi_mpc/share/casadi_mpc/package.ps1'
[2.506s] INFO:colcon.colcon_core.shell:Creating package descriptor '/home/badri/ros2_ws/install/casadi_mpc/share/casadi_mpc/package.dsv'
[2.506s] INFO:colcon.colcon_core.shell:Creating package script '/home/badri/ros2_ws/install/casadi_mpc/share/casadi_mpc/package.sh'
[2.508s] INFO:colcon.colcon_core.shell:Creating package script '/home/badri/ros2_ws/install/casadi_mpc/share/casadi_mpc/package.bash'
[2.508s] INFO:colcon.colcon_core.shell:Creating package script '/home/badri/ros2_ws/install/casadi_mpc/share/casadi_mpc/package.zsh'
[2.509s] Level 1:colcon.colcon_core.environment:create_file_with_runtime_dependencies(/home/badri/ros2_ws/install/casadi_mpc/share/colcon-core/packages/casadi_mpc)
[14.636s] DEBUG:colcon.colcon_core.event_handler.log_command:Invoked command in '/home/badri/ros2_ws/build/gain_sch' returned '0': CMAKE_PREFIX_PATH=${CMAKE_PREFIX_PATH}:/home/badri/ros2_ws/install/casadi_mpc:/opt/ros/humble /usr/bin/cmake --build /home/badri/ros2_ws/build/gain_sch -- -j8 -l8
[14.739s] DEBUG:colcon.colcon_core.event_handler.log_command:Invoking command in '/home/badri/ros2_ws/build/gain_sch': CMAKE_PREFIX_PATH=${CMAKE_PREFIX_PATH}:/home/badri/ros2_ws/install/casadi_mpc:/opt/ros/humble /usr/bin/cmake --install /home/badri/ros2_ws/build/gain_sch
[14.812s] Level 1:colcon.colcon_core.environment:create_environment_scripts_only(gain_sch)
[14.815s] Level 1:colcon.colcon_core.environment:checking '/home/badri/ros2_ws/install/gain_sch' for CMake module files
[14.818s] DEBUG:colcon.colcon_core.event_handler.log_command:Invoked command in '/home/badri/ros2_ws/build/gain_sch' returned '0': CMAKE_PREFIX_PATH=${CMAKE_PREFIX_PATH}:/home/badri/ros2_ws/install/casadi_mpc:/opt/ros/humble /usr/bin/cmake --install /home/badri/ros2_ws/build/gain_sch
[14.820s] Level 1:colcon.colcon_core.environment:checking '/home/badri/ros2_ws/install/gain_sch' for CMake config files
[14.820s] Level 1:colcon.colcon_core.shell:create_environment_hook('gain_sch', 'cmake_prefix_path')
[14.821s] INFO:colcon.colcon_core.shell:Creating environment hook '/home/badri/ros2_ws/install/gain_sch/share/gain_sch/hook/cmake_prefix_path.ps1'
[14.823s] INFO:colcon.colcon_core.shell:Creating environment descriptor '/home/badri/ros2_ws/install/gain_sch/share/gain_sch/hook/cmake_prefix_path.dsv'
[14.824s] INFO:colcon.colcon_core.shell:Creating environment hook '/home/badri/ros2_ws/install/gain_sch/share/gain_sch/hook/cmake_prefix_path.sh'
[14.827s] Level 1:colcon.colcon_core.environment:checking '/home/badri/ros2_ws/install/gain_sch/lib'
[14.827s] Level 1:colcon.colcon_core.environment:checking '/home/badri/ros2_ws/install/gain_sch/bin'
[14.827s] Level 1:colcon.colcon_core.environment:checking '/home/badri/ros2_ws/install/gain_sch/lib/pkgconfig/gain_sch.pc'
[14.828s] Level 1:colcon.colcon_core.environment:checking '/home/badri/ros2_ws/install/gain_sch/lib/python3.10/site-packages'
[14.829s] Level 1:colcon.colcon_core.environment:checking '/home/badri/ros2_ws/install/gain_sch/bin'
[14.832s] INFO:colcon.colcon_core.shell:Creating package script '/home/badri/ros2_ws/install/gain_sch/share/gain_sch/package.ps1'
[14.834s] INFO:colcon.colcon_core.shell:Creating package descriptor '/home/badri/ros2_ws/install/gain_sch/share/gain_sch/package.dsv'
[14.837s] INFO:colcon.colcon_core.shell:Creating package script '/home/badri/ros2_ws/install/gain_sch/share/gain_sch/package.sh'
[14.839s] INFO:colcon.colcon_core.shell:Creating package script '/home/badri/ros2_ws/install/gain_sch/share/gain_sch/package.bash'
[14.841s] INFO:colcon.colcon_core.shell:Creating package script '/home/badri/ros2_ws/install/gain_sch/share/gain_sch/package.zsh'
[14.843s] Level 1:colcon.colcon_core.environment:create_file_with_runtime_dependencies(/home/badri/ros2_ws/install/gain_sch/share/colcon-core/packages/gain_sch)
[14.981s] Level 1:colcon.colcon_core.environment:create_environment_scripts_only(gain_sch)
[14.982s] Level 1:colcon.colcon_core.environment:checking '/home/badri/ros2_ws/install/gain_sch' for CMake module files
[14.985s] Level 1:colcon.colcon_core.environment:checking '/home/badri/ros2_ws/install/gain_sch' for CMake config files
[14.986s] Level 1:colcon.colcon_core.shell:create_environment_hook('gain_sch', 'cmake_prefix_path')
[14.988s] INFO:colcon.colcon_core.shell:Creating environment hook '/home/badri/ros2_ws/install/gain_sch/share/gain_sch/hook/cmake_prefix_path.ps1'
[14.991s] INFO:colcon.colcon_core.shell:Creating environment descriptor '/home/badri/ros2_ws/install/gain_sch/share/gain_sch/hook/cmake_prefix_path.dsv'
[14.995s] INFO:colcon.colcon_core.shell:Creating environment hook '/home/badri/ros2_ws/install/gain_sch/share/gain_sch/hook/cmake_prefix_path.sh'
[14.998s] Level 1:colcon.colcon_core.environment:checking '/home/badri/ros2_ws/install/gain_sch/lib'
[14.999s] Level 1:colcon.colcon_core.environment:checking '/home/badri/ros2_ws/install/gain_sch/bin'
[14.999s] Level 1:colcon.colcon_core.environment:checking '/home/badri/ros2_ws/install/gain_sch/lib/pkgconfig/gain_sch.pc'
[15.001s] Level 1:colcon.colcon_core.environment:checking '/home/badri/ros2_ws/install/gain_sch/lib/python3.10/site-packages'
[15.002s] Level 1:colcon.colcon_core.environment:checking '/home/badri/ros2_ws/install/gain_sch/bin'
[15.004s] INFO:colcon.colcon_core.shell:Creating package script '/home/badri/ros2_ws/install/gain_sch/share/gain_sch/package.ps1'
[15.007s] INFO:colcon.colcon_core.shell:Creating package descriptor '/home/badri/ros2_ws/install/gain_sch/share/gain_sch/package.dsv'
[15.010s] INFO:colcon.colcon_core.shell:Creating package script '/home/badri/ros2_ws/install/gain_sch/share/gain_sch/package.sh'
[15.013s] INFO:colcon.colcon_core.shell:Creating package script '/home/badri/ros2_ws/install/gain_sch/share/gain_sch/package.bash'
[15.016s] INFO:colcon.colcon_core.shell:Creating package script '/home/badri/ros2_ws/install/gain_sch/share/gain_sch/package.zsh'
[15.019s] Level 1:colcon.colcon_core.environment:create_file_with_runtime_dependencies(/home/badri/ros2_ws/install/gain_sch/share/colcon-core/packages/gain_sch)
[15.020s] DEBUG:colcon.colcon_parallel_executor.executor.parallel:closing loop
[15.022s] DEBUG:colcon.colcon_parallel_executor.executor.parallel:loop closed
[15.022s] DEBUG:colcon.colcon_parallel_executor.executor.parallel:run_until_complete finished with '0'
[15.023s] DEBUG:colcon.colcon_core.event_reactor:joining thread
[15.051s] INFO:colcon.colcon_core.plugin_system:Skipping extension 'colcon_notification.desktop_notification.terminal_notifier': Not used on non-Darwin systems
[15.051s] INFO:colcon.colcon_core.plugin_system:Skipping extension 'colcon_notification.desktop_notification.win32': Not used on non-Windows systems
[15.052s] INFO:colcon.colcon_notification.desktop_notification:Sending desktop notification using 'notify2'
[15.098s] DEBUG:colcon.colcon_core.event_reactor:joined thread
[15.099s] INFO:colcon.colcon_core.shell:Creating prefix script '/home/badri/ros2_ws/install/local_setup.ps1'
[15.101s] INFO:colcon.colcon_core.shell:Creating prefix util module '/home/badri/ros2_ws/install/_local_setup_util_ps1.py'
[15.104s] INFO:colcon.colcon_core.shell:Creating prefix chain script '/home/badri/ros2_ws/install/setup.ps1'
[15.108s] INFO:colcon.colcon_core.shell:Creating prefix script '/home/badri/ros2_ws/install/local_setup.sh'
[15.109s] INFO:colcon.colcon_core.shell:Creating prefix util module '/home/badri/ros2_ws/install/_local_setup_util_sh.py'
[15.110s] INFO:colcon.colcon_core.shell:Creating prefix chain script '/home/badri/ros2_ws/install/setup.sh'
[15.113s] INFO:colcon.colcon_core.shell:Creating prefix script '/home/badri/ros2_ws/install/local_setup.bash'
[15.114s] INFO:colcon.colcon_core.shell:Creating prefix chain script '/home/badri/ros2_ws/install/setup.bash'
[15.117s] INFO:colcon.colcon_core.shell:Creating prefix script '/home/badri/ros2_ws/install/local_setup.zsh'
[15.118s] INFO:colcon.colcon_core.shell:Creating prefix chain script '/home/badri/ros2_ws/install/setup.zsh'
