[0.570s] Invoking command in '/home/badri/ros2_ws/build/tb3_robot_bringup': CMAKE_PREFIX_PATH=${CMAKE_PREFIX_PATH}:/home/badri/ros2_ws/install/casadi_mpc:/opt/ros/humble /usr/bin/cmake /home/badri/ros2_ws/src/tb3_robot_bringup -DCMAKE_INSTALL_PREFIX=/home/badri/ros2_ws/install/tb3_robot_bringup
[0.657s] -- The C compiler identification is GNU 11.4.0
[0.749s] -- The CXX compiler identification is GNU 11.4.0
[0.765s] -- Detecting C compiler ABI info
[0.884s] -- Detecting C compiler ABI info - done
[0.896s] -- Check for working C compiler: /usr/bin/cc - skipped
[0.897s] -- Detecting C compile features
[0.898s] -- Detecting C compile features - done
[0.902s] -- Detecting CXX compiler ABI info
[1.039s] -- Detecting CXX compiler ABI info - done
[1.056s] -- Check for working CXX compiler: /usr/bin/c++ - skipped
[1.057s] -- Detecting CXX compile features
[1.058s] -- Detecting CXX compile features - done
[1.065s] -- Found ament_cmake: 1.3.10 (/opt/ros/humble/share/ament_cmake/cmake)
[1.296s] -- Found Python3: /usr/bin/python3 (found version "3.10.12") found components: Interpreter 
[1.567s] -- Configuring done
[1.571s] -- Generating done
[1.572s] -- Build files have been written to: /home/badri/ros2_ws/build/tb3_robot_bringup
[1.577s] Invoked command in '/home/badri/ros2_ws/build/tb3_robot_bringup' returned '0': CMAKE_PREFIX_PATH=${CMAKE_PREFIX_PATH}:/home/badri/ros2_ws/install/casadi_mpc:/opt/ros/humble /usr/bin/cmake /home/badri/ros2_ws/src/tb3_robot_bringup -DCMAKE_INSTALL_PREFIX=/home/badri/ros2_ws/install/tb3_robot_bringup
[1.580s] Invoking command in '/home/badri/ros2_ws/build/tb3_robot_bringup': CMAKE_PREFIX_PATH=${CMAKE_PREFIX_PATH}:/home/badri/ros2_ws/install/casadi_mpc:/opt/ros/humble /usr/bin/cmake --build /home/badri/ros2_ws/build/tb3_robot_bringup -- -j8 -l8
[1.637s] Invoked command in '/home/badri/ros2_ws/build/tb3_robot_bringup' returned '0': CMAKE_PREFIX_PATH=${CMAKE_PREFIX_PATH}:/home/badri/ros2_ws/install/casadi_mpc:/opt/ros/humble /usr/bin/cmake --build /home/badri/ros2_ws/build/tb3_robot_bringup -- -j8 -l8
[1.687s] Invoking command in '/home/badri/ros2_ws/build/tb3_robot_bringup': CMAKE_PREFIX_PATH=${CMAKE_PREFIX_PATH}:/home/badri/ros2_ws/install/casadi_mpc:/opt/ros/humble /usr/bin/cmake --install /home/badri/ros2_ws/build/tb3_robot_bringup
[1.699s] -- Install configuration: ""
[1.699s] -- Installing: /home/badri/ros2_ws/install/tb3_robot_bringup/share/tb3_robot_bringup/launch
[1.699s] -- Installing: /home/badri/ros2_ws/install/tb3_robot_bringup/share/tb3_robot_bringup/launch/tb3_mapping.launch.py
[1.699s] -- Installing: /home/badri/ros2_ws/install/tb3_robot_bringup/share/tb3_robot_bringup/launch/provide_map.launch.py
[1.699s] -- Installing: /home/badri/ros2_ws/install/tb3_robot_bringup/share/tb3_robot_bringup/launch/tb3_run.launch.py
[1.700s] -- Installing: /home/badri/ros2_ws/install/tb3_robot_bringup/share/ament_index/resource_index/package_run_dependencies/tb3_robot_bringup
[1.700s] -- Installing: /home/badri/ros2_ws/install/tb3_robot_bringup/share/ament_index/resource_index/parent_prefix_path/tb3_robot_bringup
[1.701s] -- Installing: /home/badri/ros2_ws/install/tb3_robot_bringup/share/tb3_robot_bringup/environment/ament_prefix_path.sh
[1.701s] -- Installing: /home/badri/ros2_ws/install/tb3_robot_bringup/share/tb3_robot_bringup/environment/ament_prefix_path.dsv
[1.701s] -- Installing: /home/badri/ros2_ws/install/tb3_robot_bringup/share/tb3_robot_bringup/environment/path.sh
[1.701s] -- Installing: /home/badri/ros2_ws/install/tb3_robot_bringup/share/tb3_robot_bringup/environment/path.dsv
[1.702s] -- Installing: /home/badri/ros2_ws/install/tb3_robot_bringup/share/tb3_robot_bringup/local_setup.bash
[1.702s] -- Installing: /home/badri/ros2_ws/install/tb3_robot_bringup/share/tb3_robot_bringup/local_setup.sh
[1.702s] -- Installing: /home/badri/ros2_ws/install/tb3_robot_bringup/share/tb3_robot_bringup/local_setup.zsh
[1.702s] -- Installing: /home/badri/ros2_ws/install/tb3_robot_bringup/share/tb3_robot_bringup/local_setup.dsv
[1.703s] -- Installing: /home/badri/ros2_ws/install/tb3_robot_bringup/share/tb3_robot_bringup/package.dsv
[1.703s] -- Installing: /home/badri/ros2_ws/install/tb3_robot_bringup/share/ament_index/resource_index/packages/tb3_robot_bringup
[1.703s] -- Installing: /home/badri/ros2_ws/install/tb3_robot_bringup/share/tb3_robot_bringup/cmake/tb3_robot_bringupConfig.cmake
[1.703s] -- Installing: /home/badri/ros2_ws/install/tb3_robot_bringup/share/tb3_robot_bringup/cmake/tb3_robot_bringupConfig-version.cmake
[1.703s] -- Installing: /home/badri/ros2_ws/install/tb3_robot_bringup/share/tb3_robot_bringup/package.xml
[1.707s] Invoked command in '/home/badri/ros2_ws/build/tb3_robot_bringup' returned '0': CMAKE_PREFIX_PATH=${CMAKE_PREFIX_PATH}:/home/badri/ros2_ws/install/casadi_mpc:/opt/ros/humble /usr/bin/cmake --install /home/badri/ros2_ws/build/tb3_robot_bringup
