[0.588s] Invoking command in '/home/badri/ros2_ws/build/tb3_robot': CMAKE_PREFIX_PATH=${CMAKE_PREFIX_PATH}:/home/badri/ros2_ws/install/casadi_mpc:/opt/ros/humble /usr/bin/cmake /home/badri/ros2_ws/src/tb3_robot -DCMAKE_INSTALL_PREFIX=/home/badri/ros2_ws/install/tb3_robot
[0.672s] -- The C compiler identification is GNU 11.4.0
[0.763s] -- The CXX compiler identification is GNU 11.4.0
[0.774s] -- Detecting C compiler ABI info
[0.902s] -- Detecting C compiler ABI info - done
[0.918s] -- Check for working C compiler: /usr/bin/cc - skipped
[0.918s] -- Detecting C compile features
[0.921s] -- Detecting C compile features - done
[0.925s] -- Detecting CXX compiler ABI info
[1.075s] -- Detecting CXX compiler ABI info - done
[1.088s] -- Check for working CXX compiler: /usr/bin/c++ - skipped
[1.089s] -- Detecting CXX compile features
[1.090s] -- Detecting CXX compile features - done
[1.096s] -- Found ament_cmake: 1.3.10 (/opt/ros/humble/share/ament_cmake/cmake)
[1.336s] -- Found Python3: /usr/bin/python3 (found version "3.10.12") found components: Interpreter 
[1.509s] -- Found rclcpp: 16.0.10 (/opt/ros/humble/share/rclcpp/cmake)
[1.644s] -- Found rosidl_generator_c: 3.1.5 (/opt/ros/humble/share/rosidl_generator_c/cmake)
[1.662s] -- Found rosidl_adapter: 3.1.5 (/opt/ros/humble/share/rosidl_adapter/cmake)
[1.688s] -- Found rosidl_generator_cpp: 3.1.5 (/opt/ros/humble/share/rosidl_generator_cpp/cmake)
[1.725s] -- Using all available rosidl_typesupport_c: rosidl_typesupport_fastrtps_c;rosidl_typesupport_introspection_c
[1.778s] -- Using all available rosidl_typesupport_cpp: rosidl_typesupport_fastrtps_cpp;rosidl_typesupport_introspection_cpp
[1.918s] -- Found rmw_implementation_cmake: 6.1.2 (/opt/ros/humble/share/rmw_implementation_cmake/cmake)
[1.926s] -- Found rmw_fastrtps_cpp: 6.2.7 (/opt/ros/humble/share/rmw_fastrtps_cpp/cmake)
[2.057s] -- Found OpenSSL: /usr/lib/x86_64-linux-gnu/libcrypto.so (found version "3.0.2")  
[2.105s] -- Found FastRTPS: /opt/ros/humble/include  
[2.163s] -- Using RMW implementation 'rmw_fastrtps_cpp' as default
[2.202s] -- Looking for pthread.h
[2.449s] -- Looking for pthread.h - found
[2.451s] -- Performing Test CMAKE_HAVE_LIBC_PTHREAD
[2.745s] -- Performing Test CMAKE_HAVE_LIBC_PTHREAD - Success
[2.747s] -- Found Threads: TRUE  
[2.844s] -- Found sensor_msgs: 4.2.4 (/opt/ros/humble/share/sensor_msgs/cmake)
[2.900s] -- Found nav_msgs: 4.2.4 (/opt/ros/humble/share/nav_msgs/cmake)
[2.931s] -- Found tf2: 0.25.8 (/opt/ros/humble/share/tf2/cmake)
[2.950s] -- Found tf2_ros: 0.25.8 (/opt/ros/humble/share/tf2_ros/cmake)
[3.106s] -- Found tf2_geometry_msgs: 0.25.8 (/opt/ros/humble/share/tf2_geometry_msgs/cmake)
[3.135s] -- Found eigen3_cmake_module: 0.1.1 (/opt/ros/humble/share/eigen3_cmake_module/cmake)
[3.137s] -- Found Eigen3: TRUE (found version "3.4.0") 
[3.137s] -- Ensuring Eigen3 include directory is part of orocos-kdl CMake target
[3.158s] -- Found Protobuf: /usr/local/lib/libprotobuf.a (found version "3.21.12") 
[3.175s] -- Found PkgConfig: /usr/bin/pkg-config (found version "0.29.2") 
[3.177s] -- Checking for module 'libzmq'
[3.200s] --   Found libzmq, version 4.3.4
[3.277s] -- Found OpenCV: /usr (found version "4.5.4") 
[3.384s] -- Configuring done
[3.427s] -- Generating done
[3.431s] -- Build files have been written to: /home/badri/ros2_ws/build/tb3_robot
[3.456s] Invoked command in '/home/badri/ros2_ws/build/tb3_robot' returned '0': CMAKE_PREFIX_PATH=${CMAKE_PREFIX_PATH}:/home/badri/ros2_ws/install/casadi_mpc:/opt/ros/humble /usr/bin/cmake /home/badri/ros2_ws/src/tb3_robot -DCMAKE_INSTALL_PREFIX=/home/badri/ros2_ws/install/tb3_robot
[3.459s] Invoking command in '/home/badri/ros2_ws/build/tb3_robot': CMAKE_PREFIX_PATH=${CMAKE_PREFIX_PATH}:/home/badri/ros2_ws/install/casadi_mpc:/opt/ros/humble /usr/bin/cmake --build /home/badri/ros2_ws/build/tb3_robot -- -j8 -l8
[3.537s] [ 20%] [32mBuilding CXX object CMakeFiles/tb3_robot.dir/library/message_vec.pb.cc.o[0m
[3.539s] [ 40%] [32mBuilding CXX object CMakeFiles/tb3_robot.dir/library/Robo_Publisher.cpp.o[0m
[3.541s] [ 60%] [32mBuilding CXX object CMakeFiles/tb3_robot.dir/library/Agent_Subscriber.cpp.o[0m
[3.542s] [ 80%] [32mBuilding CXX object CMakeFiles/tb3_robot.dir/tb3_robot.cpp.o[0m
[16.029s] [100%] [32m[1mLinking CXX executable tb3_robot[0m
[17.993s] [100%] Built target tb3_robot
[18.018s] Invoked command in '/home/badri/ros2_ws/build/tb3_robot' returned '0': CMAKE_PREFIX_PATH=${CMAKE_PREFIX_PATH}:/home/badri/ros2_ws/install/casadi_mpc:/opt/ros/humble /usr/bin/cmake --build /home/badri/ros2_ws/build/tb3_robot -- -j8 -l8
[18.091s] Invoking command in '/home/badri/ros2_ws/build/tb3_robot': CMAKE_PREFIX_PATH=${CMAKE_PREFIX_PATH}:/home/badri/ros2_ws/install/casadi_mpc:/opt/ros/humble /usr/bin/cmake --install /home/badri/ros2_ws/build/tb3_robot
[18.109s] -- Install configuration: ""
[18.109s] -- Installing: /home/badri/ros2_ws/install/tb3_robot/lib/tb3_robot/tb3_robot
[18.121s] -- Set runtime path of "/home/badri/ros2_ws/install/tb3_robot/lib/tb3_robot/tb3_robot" to ""
[18.121s] -- Installing: /home/badri/ros2_ws/install/tb3_robot/share/tb3_robot/config
[18.122s] -- Installing: /home/badri/ros2_ws/install/tb3_robot/share/tb3_robot/config/provide_map.rviz
[18.122s] -- Installing: /home/badri/ros2_ws/install/tb3_robot/share/tb3_robot/config/default_rviz.rviz
[18.122s] -- Installing: /home/badri/ros2_ws/install/tb3_robot/share/tb3_robot/config/slam_config.yaml
[18.122s] -- Installing: /home/badri/ros2_ws/install/tb3_robot/share/tb3_robot/config/my_map.yaml
[18.123s] -- Installing: /home/badri/ros2_ws/install/tb3_robot/share/tb3_robot/config/my_map.pgm
[18.123s] -- Installing: /home/badri/ros2_ws/install/tb3_robot/share/ament_index/resource_index/package_run_dependencies/tb3_robot
[18.123s] -- Installing: /home/badri/ros2_ws/install/tb3_robot/share/ament_index/resource_index/parent_prefix_path/tb3_robot
[18.124s] -- Installing: /home/badri/ros2_ws/install/tb3_robot/share/tb3_robot/environment/ament_prefix_path.sh
[18.124s] -- Installing: /home/badri/ros2_ws/install/tb3_robot/share/tb3_robot/environment/ament_prefix_path.dsv
[18.124s] -- Installing: /home/badri/ros2_ws/install/tb3_robot/share/tb3_robot/environment/path.sh
[18.125s] -- Installing: /home/badri/ros2_ws/install/tb3_robot/share/tb3_robot/environment/path.dsv
[18.125s] -- Installing: /home/badri/ros2_ws/install/tb3_robot/share/tb3_robot/local_setup.bash
[18.125s] -- Installing: /home/badri/ros2_ws/install/tb3_robot/share/tb3_robot/local_setup.sh
[18.126s] -- Installing: /home/badri/ros2_ws/install/tb3_robot/share/tb3_robot/local_setup.zsh
[18.126s] -- Installing: /home/badri/ros2_ws/install/tb3_robot/share/tb3_robot/local_setup.dsv
[18.126s] -- Installing: /home/badri/ros2_ws/install/tb3_robot/share/tb3_robot/package.dsv
[18.127s] -- Installing: /home/badri/ros2_ws/install/tb3_robot/share/ament_index/resource_index/packages/tb3_robot
[18.127s] -- Installing: /home/badri/ros2_ws/install/tb3_robot/share/tb3_robot/cmake/tb3_robotConfig.cmake
[18.127s] -- Installing: /home/badri/ros2_ws/install/tb3_robot/share/tb3_robot/cmake/tb3_robotConfig-version.cmake
[18.127s] -- Installing: /home/badri/ros2_ws/install/tb3_robot/share/tb3_robot/package.xml
[18.132s] Invoked command in '/home/badri/ros2_ws/build/tb3_robot' returned '0': CMAKE_PREFIX_PATH=${CMAKE_PREFIX_PATH}:/home/badri/ros2_ws/install/casadi_mpc:/opt/ros/humble /usr/bin/cmake --install /home/badri/ros2_ws/build/tb3_robot
