[0.014s] Invoking command in '/home/badri/ros2_ws/build/mpc_package': CMAKE_PREFIX_PATH=${CMAKE_PREFIX_PATH}:/opt/ros/humble /usr/bin/cmake --build /home/badri/ros2_ws/build/mpc_package -- -j8 -l8
[0.084s] Invoked command in '/home/badri/ros2_ws/build/mpc_package' returned '0': CMAKE_PREFIX_PATH=${CMAKE_PREFIX_PATH}:/opt/ros/humble /usr/bin/cmake --build /home/badri/ros2_ws/build/mpc_package -- -j8 -l8
[0.237s] Invoking command in '/home/badri/ros2_ws/build/mpc_package': CMAKE_PREFIX_PATH=${CMAKE_PREFIX_PATH}:/opt/ros/humble /usr/bin/cmake --install /home/badri/ros2_ws/build/mpc_package
[0.275s] -- Install configuration: ""
[0.277s] -- Up-to-date: /home/badri/ros2_ws/install/mpc_package/share/ament_index/resource_index/package_run_dependencies/mpc_package
[0.277s] -- Up-to-date: /home/badri/ros2_ws/install/mpc_package/share/ament_index/resource_index/parent_prefix_path/mpc_package
[0.278s] -- Up-to-date: /home/badri/ros2_ws/install/mpc_package/share/mpc_package/environment/ament_prefix_path.sh
[0.279s] -- Up-to-date: /home/badri/ros2_ws/install/mpc_package/share/mpc_package/environment/ament_prefix_path.dsv
[0.280s] -- Up-to-date: /home/badri/ros2_ws/install/mpc_package/share/mpc_package/environment/path.sh
[0.280s] -- Up-to-date: /home/badri/ros2_ws/install/mpc_package/share/mpc_package/environment/path.dsv
[0.281s] -- Up-to-date: /home/badri/ros2_ws/install/mpc_package/share/mpc_package/local_setup.bash
[0.281s] -- Up-to-date: /home/badri/ros2_ws/install/mpc_package/share/mpc_package/local_setup.sh
[0.282s] -- Up-to-date: /home/badri/ros2_ws/install/mpc_package/share/mpc_package/local_setup.zsh
[0.283s] -- Up-to-date: /home/badri/ros2_ws/install/mpc_package/share/mpc_package/local_setup.dsv
[0.283s] -- Installing: /home/badri/ros2_ws/install/mpc_package/share/mpc_package/package.dsv
[0.284s] -- Up-to-date: /home/badri/ros2_ws/install/mpc_package/share/ament_index/resource_index/packages/mpc_package
[0.285s] -- Up-to-date: /home/badri/ros2_ws/install/mpc_package/share/mpc_package/cmake/mpc_packageConfig.cmake
[0.285s] -- Up-to-date: /home/badri/ros2_ws/install/mpc_package/share/mpc_package/cmake/mpc_packageConfig-version.cmake
[0.286s] -- Up-to-date: /home/badri/ros2_ws/install/mpc_package/share/mpc_package/package.xml
[0.293s] Invoked command in '/home/badri/ros2_ws/build/mpc_package' returned '0': CMAKE_PREFIX_PATH=${CMAKE_PREFIX_PATH}:/opt/ros/humble /usr/bin/cmake --install /home/badri/ros2_ws/build/mpc_package
