[0.014s] Invoking command in '/home/badri/ros2_ws/build/mpc_package': CMAKE_PREFIX_PATH=${CMAKE_PREFIX_PATH}:/opt/ros/humble /usr/bin/cmake --build /home/badri/ros2_ws/build/mpc_package -- -j8 -l8
[0.047s] -- Found ament_cmake: 1.3.10 (/opt/ros/humble/share/ament_cmake/cmake)
[0.400s] -- Found rclcpp: 16.0.10 (/opt/ros/humble/share/rclcpp/cmake)
[0.499s] -- Found rosidl_generator_c: 3.1.5 (/opt/ros/humble/share/rosidl_generator_c/cmake)
[0.510s] -- Found rosidl_adapter: 3.1.5 (/opt/ros/humble/share/rosidl_adapter/cmake)
[0.537s] -- Found rosidl_generator_cpp: 3.1.5 (/opt/ros/humble/share/rosidl_generator_cpp/cmake)
[0.577s] -- Using all available rosidl_typesupport_c: rosidl_typesupport_fastrtps_c;rosidl_typesupport_introspection_c
[0.630s] -- Using all available rosidl_typesupport_cpp: rosidl_typesupport_fastrtps_cpp;rosidl_typesupport_introspection_cpp
[0.682s] -- Found rmw_implementation_cmake: 6.1.2 (/opt/ros/humble/share/rmw_implementation_cmake/cmake)
[0.683s] -- Found rmw_fastrtps_cpp: 6.2.7 (/opt/ros/humble/share/rmw_fastrtps_cpp/cmake)
[0.762s] -- Using RMW implementation 'rmw_fastrtps_cpp' as default
[0.824s] -- Found geometry_msgs: 4.2.4 (/opt/ros/humble/share/geometry_msgs/cmake)
[0.841s] -- Found nav_msgs: 4.2.4 (/opt/ros/humble/share/nav_msgs/cmake)
[0.862s] -- Found tf2: 0.25.8 (/opt/ros/humble/share/tf2/cmake)
[0.866s] -- Found tf2_geometry_msgs: 0.25.8 (/opt/ros/humble/share/tf2_geometry_msgs/cmake)
[0.870s] -- Found eigen3_cmake_module: 0.1.1 (/opt/ros/humble/share/eigen3_cmake_module/cmake)
[0.871s] -- Ensuring Eigen3 include directory is part of orocos-kdl CMake target
[1.131s] -- Configuring done
[1.179s] -- Generating done
[1.187s] -- Build files have been written to: /home/badri/ros2_ws/build/mpc_package
[1.298s] [35m[1mConsolidate compiler generated dependencies of target mpc_node[0m
[1.384s] [ 50%] [32mBuilding CXX object CMakeFiles/mpc_node.dir/src/mpc_node.cpp.o[0m
[1.894s] In file included from [01m[K/home/badri/ros2_ws/src/mpc_package/src/mpc_node.cpp:5[m[K:
[1.894s] [01m[K/opt/ros/humble/include/tf2_geometry_msgs/tf2_geometry_msgs/tf2_geometry_msgs.h:35:2:[m[K [01;35m[Kwarning: [m[K#warning This header is obsolete, please include tf2_geometry_msgs/tf2_geometry_msgs.hpp instead [[01;35m[K]8;;https://gcc.gnu.org/onlinedocs/gcc/Warning-Options.html#index-Wcpp-Wcpp]8;;[m[K]
[1.894s]    35 | #[01;35m[Kwarning[m[K This header is obsolete, please include tf2_geometry_msgs/tf2_geometry_msgs.hpp instead
[1.894s]       |  [01;35m[K^~~~~~~[m[K
[5.093s] [01m[K/home/badri/ros2_ws/src/mpc_package/src/mpc_node.cpp:[m[K In member function ‘[01m[Kvoid MPCControllerNode::odomCallback(nav_msgs::msg::Odometry_<std::allocator<void> >::SharedPtr)[m[K’:
[5.093s] [01m[K/home/badri/ros2_ws/src/mpc_package/src/mpc_node.cpp:66:31:[m[K [01;31m[Kerror: [m[K‘[01m[KgetYaw[m[K’ is not a member of ‘[01m[Ktf2[m[K’
[5.094s]    66 |         theta_current_ = tf2::[01;31m[KgetYaw[m[K(msg->pose.pose.orientation);
[5.094s]       |                               [01;31m[K^~~~~~[m[K
[8.006s] gmake[2]: *** [CMakeFiles/mpc_node.dir/build.make:76: CMakeFiles/mpc_node.dir/src/mpc_node.cpp.o] Error 1
[8.007s] gmake[1]: *** [CMakeFiles/Makefile2:137: CMakeFiles/mpc_node.dir/all] Error 2
[8.007s] gmake: *** [Makefile:146: all] Error 2
[8.010s] Invoked command in '/home/badri/ros2_ws/build/mpc_package' returned '2': CMAKE_PREFIX_PATH=${CMAKE_PREFIX_PATH}:/opt/ros/humble /usr/bin/cmake --build /home/badri/ros2_ws/build/mpc_package -- -j8 -l8
