[0.150s] DEBUG:colcon:Command line arguments: ['/usr/bin/colcon', 'build']
[0.150s] DEBUG:colcon:Parsed command line arguments: Namespace(log_base=None, log_level=None, verb_name='build', build_base='build', install_base='install', merge_install=False, symlink_install=False, test_result_base=None, continue_on_error=False, executor='parallel', parallel_workers=8, event_handlers=None, ignore_user_meta=False, metas=['./colcon.meta'], base_paths=['.'], packages_ignore=None, packages_ignore_regex=None, paths=None, packages_up_to=None, packages_up_to_regex=None, packages_above=None, packages_above_and_dependencies=None, packages_above_depth=None, packages_select_by_dep=None, packages_skip_by_dep=None, packages_skip_up_to=None, packages_select_build_failed=False, packages_skip_build_finished=False, packages_select_test_failures=False, packages_skip_test_passed=False, packages_select=None, packages_skip=None, packages_select_regex=None, packages_skip_regex=None, packages_start=None, packages_end=None, allow_overriding=[], cmake_args=None, cmake_target=None, cmake_target_skip_unavailable=False, cmake_clean_cache=False, cmake_clean_first=False, cmake_force_configure=False, ament_cmake_args=None, catkin_cmake_args=None, catkin_skip_building_tests=False, mixin_files=None, mixin=None, verb_parser=<colcon_mixin.mixin.mixin_argument.MixinArgumentDecorator object at 0x7a161ae535b0>, verb_extension=<colcon_core.verb.build.BuildVerb object at 0x7a161ae52fe0>, main=<bound method BuildVerb.main of <colcon_core.verb.build.BuildVerb object at 0x7a161ae52fe0>>, mixin_verb=('build',))
[0.384s] Level 1:colcon.colcon_core.package_discovery:discover_packages(colcon_meta) check parameters
[0.384s] Level 1:colcon.colcon_core.package_discovery:discover_packages(recursive) check parameters
[0.384s] Level 1:colcon.colcon_core.package_discovery:discover_packages(ignore) check parameters
[0.384s] Level 1:colcon.colcon_core.package_discovery:discover_packages(path) check parameters
[0.384s] Level 1:colcon.colcon_core.package_discovery:discover_packages(colcon_meta) discover
[0.384s] Level 1:colcon.colcon_core.package_discovery:discover_packages(recursive) discover
[0.384s] INFO:colcon.colcon_core.package_discovery:Crawling recursively for packages in '/home/badri/ros2_ws'
[0.384s] Level 1:colcon.colcon_core.package_identification:_identify(.) by extensions ['ignore', 'ignore_ament_install']
[0.385s] Level 1:colcon.colcon_core.package_identification:_identify(.) by extension 'ignore'
[0.385s] Level 1:colcon.colcon_core.package_identification:_identify(.) by extension 'ignore_ament_install'
[0.385s] Level 1:colcon.colcon_core.package_identification:_identify(.) by extensions ['colcon_pkg']
[0.385s] Level 1:colcon.colcon_core.package_identification:_identify(.) by extension 'colcon_pkg'
[0.385s] Level 1:colcon.colcon_core.package_identification:_identify(.) by extensions ['colcon_meta']
[0.385s] Level 1:colcon.colcon_core.package_identification:_identify(.) by extension 'colcon_meta'
[0.385s] Level 1:colcon.colcon_core.package_identification:_identify(.) by extensions ['ros']
[0.385s] Level 1:colcon.colcon_core.package_identification:_identify(.) by extension 'ros'
[0.399s] Level 1:colcon.colcon_core.package_identification:_identify(.) by extensions ['cmake', 'python']
[0.399s] Level 1:colcon.colcon_core.package_identification:_identify(.) by extension 'cmake'
[0.399s] Level 1:colcon.colcon_core.package_identification:_identify(.) by extension 'python'
[0.399s] Level 1:colcon.colcon_core.package_identification:_identify(.) by extensions ['python_setup_py']
[0.399s] Level 1:colcon.colcon_core.package_identification:_identify(.) by extension 'python_setup_py'
[0.399s] Level 1:colcon.colcon_core.package_identification:_identify(build) by extensions ['ignore', 'ignore_ament_install']
[0.399s] Level 1:colcon.colcon_core.package_identification:_identify(build) by extension 'ignore'
[0.400s] Level 1:colcon.colcon_core.package_identification:_identify(build) ignored
[0.400s] Level 1:colcon.colcon_core.package_identification:_identify(install) by extensions ['ignore', 'ignore_ament_install']
[0.400s] Level 1:colcon.colcon_core.package_identification:_identify(install) by extension 'ignore'
[0.400s] Level 1:colcon.colcon_core.package_identification:_identify(install) ignored
[0.400s] Level 1:colcon.colcon_core.package_identification:_identify(log) by extensions ['ignore', 'ignore_ament_install']
[0.400s] Level 1:colcon.colcon_core.package_identification:_identify(log) by extension 'ignore'
[0.400s] Level 1:colcon.colcon_core.package_identification:_identify(log) ignored
[0.400s] Level 1:colcon.colcon_core.package_identification:_identify(src) by extensions ['ignore', 'ignore_ament_install']
[0.400s] Level 1:colcon.colcon_core.package_identification:_identify(src) by extension 'ignore'
[0.400s] Level 1:colcon.colcon_core.package_identification:_identify(src) by extension 'ignore_ament_install'
[0.401s] Level 1:colcon.colcon_core.package_identification:_identify(src) by extensions ['colcon_pkg']
[0.401s] Level 1:colcon.colcon_core.package_identification:_identify(src) by extension 'colcon_pkg'
[0.401s] Level 1:colcon.colcon_core.package_identification:_identify(src) by extensions ['colcon_meta']
[0.401s] Level 1:colcon.colcon_core.package_identification:_identify(src) by extension 'colcon_meta'
[0.401s] Level 1:colcon.colcon_core.package_identification:_identify(src) by extensions ['ros']
[0.401s] Level 1:colcon.colcon_core.package_identification:_identify(src) by extension 'ros'
[0.401s] Level 1:colcon.colcon_core.package_identification:_identify(src) by extensions ['cmake', 'python']
[0.401s] Level 1:colcon.colcon_core.package_identification:_identify(src) by extension 'cmake'
[0.401s] Level 1:colcon.colcon_core.package_identification:_identify(src) by extension 'python'
[0.401s] Level 1:colcon.colcon_core.package_identification:_identify(src) by extensions ['python_setup_py']
[0.401s] Level 1:colcon.colcon_core.package_identification:_identify(src) by extension 'python_setup_py'
[0.401s] Level 1:colcon.colcon_core.package_identification:_identify(src/casadi_mpc) by extensions ['ignore', 'ignore_ament_install']
[0.401s] Level 1:colcon.colcon_core.package_identification:_identify(src/casadi_mpc) by extension 'ignore'
[0.401s] Level 1:colcon.colcon_core.package_identification:_identify(src/casadi_mpc) by extension 'ignore_ament_install'
[0.402s] Level 1:colcon.colcon_core.package_identification:_identify(src/casadi_mpc) by extensions ['colcon_pkg']
[0.402s] Level 1:colcon.colcon_core.package_identification:_identify(src/casadi_mpc) by extension 'colcon_pkg'
[0.402s] Level 1:colcon.colcon_core.package_identification:_identify(src/casadi_mpc) by extensions ['colcon_meta']
[0.402s] Level 1:colcon.colcon_core.package_identification:_identify(src/casadi_mpc) by extension 'colcon_meta'
[0.402s] Level 1:colcon.colcon_core.package_identification:_identify(src/casadi_mpc) by extensions ['ros']
[0.402s] Level 1:colcon.colcon_core.package_identification:_identify(src/casadi_mpc) by extension 'ros'
[0.405s] DEBUG:colcon.colcon_core.package_identification:Package 'src/casadi_mpc' with type 'ros.ament_python' and name 'casadi_mpc'
[0.405s] Level 1:colcon.colcon_core.package_identification:_identify(src/gain_sch) by extensions ['ignore', 'ignore_ament_install']
[0.406s] Level 1:colcon.colcon_core.package_identification:_identify(src/gain_sch) by extension 'ignore'
[0.406s] Level 1:colcon.colcon_core.package_identification:_identify(src/gain_sch) by extension 'ignore_ament_install'
[0.406s] Level 1:colcon.colcon_core.package_identification:_identify(src/gain_sch) by extensions ['colcon_pkg']
[0.406s] Level 1:colcon.colcon_core.package_identification:_identify(src/gain_sch) by extension 'colcon_pkg'
[0.406s] Level 1:colcon.colcon_core.package_identification:_identify(src/gain_sch) by extensions ['colcon_meta']
[0.406s] Level 1:colcon.colcon_core.package_identification:_identify(src/gain_sch) by extension 'colcon_meta'
[0.406s] Level 1:colcon.colcon_core.package_identification:_identify(src/gain_sch) by extensions ['ros']
[0.406s] Level 1:colcon.colcon_core.package_identification:_identify(src/gain_sch) by extension 'ros'
[0.406s] DEBUG:colcon.colcon_core.package_identification:Package 'src/gain_sch' with type 'ros.ament_cmake' and name 'gain_sch'
[0.407s] Level 1:colcon.colcon_core.package_identification:_identify(src/tb3_robot) by extensions ['ignore', 'ignore_ament_install']
[0.407s] Level 1:colcon.colcon_core.package_identification:_identify(src/tb3_robot) by extension 'ignore'
[0.407s] Level 1:colcon.colcon_core.package_identification:_identify(src/tb3_robot) by extension 'ignore_ament_install'
[0.407s] Level 1:colcon.colcon_core.package_identification:_identify(src/tb3_robot) by extensions ['colcon_pkg']
[0.407s] Level 1:colcon.colcon_core.package_identification:_identify(src/tb3_robot) by extension 'colcon_pkg'
[0.407s] Level 1:colcon.colcon_core.package_identification:_identify(src/tb3_robot) by extensions ['colcon_meta']
[0.407s] Level 1:colcon.colcon_core.package_identification:_identify(src/tb3_robot) by extension 'colcon_meta'
[0.407s] Level 1:colcon.colcon_core.package_identification:_identify(src/tb3_robot) by extensions ['ros']
[0.407s] Level 1:colcon.colcon_core.package_identification:_identify(src/tb3_robot) by extension 'ros'
[0.408s] DEBUG:colcon.colcon_core.package_identification:Package 'src/tb3_robot' with type 'ros.ament_cmake' and name 'tb3_robot'
[0.408s] Level 1:colcon.colcon_core.package_identification:_identify(src/tb3_robot_bringup) by extensions ['ignore', 'ignore_ament_install']
[0.408s] Level 1:colcon.colcon_core.package_identification:_identify(src/tb3_robot_bringup) by extension 'ignore'
[0.409s] Level 1:colcon.colcon_core.package_identification:_identify(src/tb3_robot_bringup) by extension 'ignore_ament_install'
[0.409s] Level 1:colcon.colcon_core.package_identification:_identify(src/tb3_robot_bringup) by extensions ['colcon_pkg']
[0.409s] Level 1:colcon.colcon_core.package_identification:_identify(src/tb3_robot_bringup) by extension 'colcon_pkg'
[0.409s] Level 1:colcon.colcon_core.package_identification:_identify(src/tb3_robot_bringup) by extensions ['colcon_meta']
[0.409s] Level 1:colcon.colcon_core.package_identification:_identify(src/tb3_robot_bringup) by extension 'colcon_meta'
[0.409s] Level 1:colcon.colcon_core.package_identification:_identify(src/tb3_robot_bringup) by extensions ['ros']
[0.409s] Level 1:colcon.colcon_core.package_identification:_identify(src/tb3_robot_bringup) by extension 'ros'
[0.410s] DEBUG:colcon.colcon_core.package_identification:Package 'src/tb3_robot_bringup' with type 'ros.ament_cmake' and name 'tb3_robot_bringup'
[0.410s] Level 1:colcon.colcon_core.package_discovery:discover_packages(recursive) using defaults
[0.410s] Level 1:colcon.colcon_core.package_discovery:discover_packages(ignore) discover
[0.410s] Level 1:colcon.colcon_core.package_discovery:discover_packages(ignore) using defaults
[0.410s] Level 1:colcon.colcon_core.package_discovery:discover_packages(path) discover
[0.410s] Level 1:colcon.colcon_core.package_discovery:discover_packages(path) using defaults
[0.459s] Level 1:colcon.colcon_core.package_discovery:discover_packages(prefix_path) check parameters
[0.459s] Level 1:colcon.colcon_core.package_discovery:discover_packages(prefix_path) discover
[0.462s] DEBUG:colcon.colcon_installed_package_information.package_discovery:Found 4 installed packages in /home/badri/ros2_ws/install
[0.464s] DEBUG:colcon.colcon_installed_package_information.package_discovery:Found 395 installed packages in /opt/ros/humble
[0.467s] Level 1:colcon.colcon_core.package_discovery:discover_packages(prefix_path) using defaults
[0.574s] Level 5:colcon.colcon_core.verb:set package 'casadi_mpc' build argument 'cmake_args' from command line to 'None'
[0.574s] Level 5:colcon.colcon_core.verb:set package 'casadi_mpc' build argument 'cmake_target' from command line to 'None'
[0.574s] Level 5:colcon.colcon_core.verb:set package 'casadi_mpc' build argument 'cmake_target_skip_unavailable' from command line to 'False'
[0.574s] Level 5:colcon.colcon_core.verb:set package 'casadi_mpc' build argument 'cmake_clean_cache' from command line to 'False'
[0.574s] Level 5:colcon.colcon_core.verb:set package 'casadi_mpc' build argument 'cmake_clean_first' from command line to 'False'
[0.574s] Level 5:colcon.colcon_core.verb:set package 'casadi_mpc' build argument 'cmake_force_configure' from command line to 'False'
[0.574s] Level 5:colcon.colcon_core.verb:set package 'casadi_mpc' build argument 'ament_cmake_args' from command line to 'None'
[0.574s] Level 5:colcon.colcon_core.verb:set package 'casadi_mpc' build argument 'catkin_cmake_args' from command line to 'None'
[0.575s] Level 5:colcon.colcon_core.verb:set package 'casadi_mpc' build argument 'catkin_skip_building_tests' from command line to 'False'
[0.575s] DEBUG:colcon.colcon_core.verb:Building package 'casadi_mpc' with the following arguments: {'ament_cmake_args': None, 'build_base': '/home/badri/ros2_ws/build/casadi_mpc', 'catkin_cmake_args': None, 'catkin_skip_building_tests': False, 'cmake_args': None, 'cmake_clean_cache': False, 'cmake_clean_first': False, 'cmake_force_configure': False, 'cmake_target': None, 'cmake_target_skip_unavailable': False, 'install_base': '/home/badri/ros2_ws/install/casadi_mpc', 'merge_install': False, 'path': '/home/badri/ros2_ws/src/casadi_mpc', 'symlink_install': False, 'test_result_base': None}
[0.576s] Level 5:colcon.colcon_core.verb:set package 'gain_sch' build argument 'cmake_args' from command line to 'None'
[0.576s] Level 5:colcon.colcon_core.verb:set package 'gain_sch' build argument 'cmake_target' from command line to 'None'
[0.576s] Level 5:colcon.colcon_core.verb:set package 'gain_sch' build argument 'cmake_target_skip_unavailable' from command line to 'False'
[0.576s] Level 5:colcon.colcon_core.verb:set package 'gain_sch' build argument 'cmake_clean_cache' from command line to 'False'
[0.576s] Level 5:colcon.colcon_core.verb:set package 'gain_sch' build argument 'cmake_clean_first' from command line to 'False'
[0.576s] Level 5:colcon.colcon_core.verb:set package 'gain_sch' build argument 'cmake_force_configure' from command line to 'False'
[0.576s] Level 5:colcon.colcon_core.verb:set package 'gain_sch' build argument 'ament_cmake_args' from command line to 'None'
[0.576s] Level 5:colcon.colcon_core.verb:set package 'gain_sch' build argument 'catkin_cmake_args' from command line to 'None'
[0.576s] Level 5:colcon.colcon_core.verb:set package 'gain_sch' build argument 'catkin_skip_building_tests' from command line to 'False'
[0.576s] DEBUG:colcon.colcon_core.verb:Building package 'gain_sch' with the following arguments: {'ament_cmake_args': None, 'build_base': '/home/badri/ros2_ws/build/gain_sch', 'catkin_cmake_args': None, 'catkin_skip_building_tests': False, 'cmake_args': None, 'cmake_clean_cache': False, 'cmake_clean_first': False, 'cmake_force_configure': False, 'cmake_target': None, 'cmake_target_skip_unavailable': False, 'install_base': '/home/badri/ros2_ws/install/gain_sch', 'merge_install': False, 'path': '/home/badri/ros2_ws/src/gain_sch', 'symlink_install': False, 'test_result_base': None}
[0.577s] Level 5:colcon.colcon_core.verb:set package 'tb3_robot' build argument 'cmake_args' from command line to 'None'
[0.577s] Level 5:colcon.colcon_core.verb:set package 'tb3_robot' build argument 'cmake_target' from command line to 'None'
[0.577s] Level 5:colcon.colcon_core.verb:set package 'tb3_robot' build argument 'cmake_target_skip_unavailable' from command line to 'False'
[0.577s] Level 5:colcon.colcon_core.verb:set package 'tb3_robot' build argument 'cmake_clean_cache' from command line to 'False'
[0.578s] Level 5:colcon.colcon_core.verb:set package 'tb3_robot' build argument 'cmake_clean_first' from command line to 'False'
[0.578s] Level 5:colcon.colcon_core.verb:set package 'tb3_robot' build argument 'cmake_force_configure' from command line to 'False'
[0.578s] Level 5:colcon.colcon_core.verb:set package 'tb3_robot' build argument 'ament_cmake_args' from command line to 'None'
[0.578s] Level 5:colcon.colcon_core.verb:set package 'tb3_robot' build argument 'catkin_cmake_args' from command line to 'None'
[0.578s] Level 5:colcon.colcon_core.verb:set package 'tb3_robot' build argument 'catkin_skip_building_tests' from command line to 'False'
[0.579s] DEBUG:colcon.colcon_core.verb:Building package 'tb3_robot' with the following arguments: {'ament_cmake_args': None, 'build_base': '/home/badri/ros2_ws/build/tb3_robot', 'catkin_cmake_args': None, 'catkin_skip_building_tests': False, 'cmake_args': None, 'cmake_clean_cache': False, 'cmake_clean_first': False, 'cmake_force_configure': False, 'cmake_target': None, 'cmake_target_skip_unavailable': False, 'install_base': '/home/badri/ros2_ws/install/tb3_robot', 'merge_install': False, 'path': '/home/badri/ros2_ws/src/tb3_robot', 'symlink_install': False, 'test_result_base': None}
[0.579s] Level 5:colcon.colcon_core.verb:set package 'tb3_robot_bringup' build argument 'cmake_args' from command line to 'None'
[0.580s] Level 5:colcon.colcon_core.verb:set package 'tb3_robot_bringup' build argument 'cmake_target' from command line to 'None'
[0.580s] Level 5:colcon.colcon_core.verb:set package 'tb3_robot_bringup' build argument 'cmake_target_skip_unavailable' from command line to 'False'
[0.580s] Level 5:colcon.colcon_core.verb:set package 'tb3_robot_bringup' build argument 'cmake_clean_cache' from command line to 'False'
[0.580s] Level 5:colcon.colcon_core.verb:set package 'tb3_robot_bringup' build argument 'cmake_clean_first' from command line to 'False'
[0.580s] Level 5:colcon.colcon_core.verb:set package 'tb3_robot_bringup' build argument 'cmake_force_configure' from command line to 'False'
[0.580s] Level 5:colcon.colcon_core.verb:set package 'tb3_robot_bringup' build argument 'ament_cmake_args' from command line to 'None'
[0.580s] Level 5:colcon.colcon_core.verb:set package 'tb3_robot_bringup' build argument 'catkin_cmake_args' from command line to 'None'
[0.580s] Level 5:colcon.colcon_core.verb:set package 'tb3_robot_bringup' build argument 'catkin_skip_building_tests' from command line to 'False'
[0.580s] DEBUG:colcon.colcon_core.verb:Building package 'tb3_robot_bringup' with the following arguments: {'ament_cmake_args': None, 'build_base': '/home/badri/ros2_ws/build/tb3_robot_bringup', 'catkin_cmake_args': None, 'catkin_skip_building_tests': False, 'cmake_args': None, 'cmake_clean_cache': False, 'cmake_clean_first': False, 'cmake_force_configure': False, 'cmake_target': None, 'cmake_target_skip_unavailable': False, 'install_base': '/home/badri/ros2_ws/install/tb3_robot_bringup', 'merge_install': False, 'path': '/home/badri/ros2_ws/src/tb3_robot_bringup', 'symlink_install': False, 'test_result_base': None}
[0.580s] INFO:colcon.colcon_core.executor:Executing jobs using 'parallel' executor
[0.582s] DEBUG:colcon.colcon_parallel_executor.executor.parallel:run_until_complete
[0.583s] INFO:colcon.colcon_ros.task.ament_python.build:Building ROS package in '/home/badri/ros2_ws/src/casadi_mpc' with build type 'ament_python'
[0.583s] Level 1:colcon.colcon_core.shell:create_environment_hook('casadi_mpc', 'ament_prefix_path')
[0.589s] INFO:colcon.colcon_core.plugin_system:Skipping extension 'colcon_core.shell.bat': Not used on non-Windows systems
[0.589s] INFO:colcon.colcon_core.shell:Creating environment hook '/home/badri/ros2_ws/install/casadi_mpc/share/casadi_mpc/hook/ament_prefix_path.ps1'
[0.591s] INFO:colcon.colcon_core.shell:Creating environment descriptor '/home/badri/ros2_ws/install/casadi_mpc/share/casadi_mpc/hook/ament_prefix_path.dsv'
[0.592s] INFO:colcon.colcon_core.shell:Creating environment hook '/home/badri/ros2_ws/install/casadi_mpc/share/casadi_mpc/hook/ament_prefix_path.sh'
[0.593s] INFO:colcon.colcon_core.shell:Skip shell extension 'powershell' for command environment: Not usable outside of PowerShell
[0.594s] DEBUG:colcon.colcon_core.shell:Skip shell extension 'dsv' for command environment
[0.600s] INFO:colcon.colcon_ros.task.ament_cmake.build:Building ROS package in '/home/badri/ros2_ws/src/gain_sch' with build type 'ament_cmake'
[0.600s] INFO:colcon.colcon_cmake.task.cmake.build:Building CMake package in '/home/badri/ros2_ws/src/gain_sch'
[0.601s] INFO:colcon.colcon_core.shell:Skip shell extension 'powershell' for command environment: Not usable outside of PowerShell
[0.601s] DEBUG:colcon.colcon_core.shell:Skip shell extension 'dsv' for command environment
[0.611s] INFO:colcon.colcon_ros.task.ament_cmake.build:Building ROS package in '/home/badri/ros2_ws/src/tb3_robot' with build type 'ament_cmake'
[0.611s] INFO:colcon.colcon_cmake.task.cmake.build:Building CMake package in '/home/badri/ros2_ws/src/tb3_robot'
[0.612s] INFO:colcon.colcon_core.shell:Skip shell extension 'powershell' for command environment: Not usable outside of PowerShell
[0.612s] DEBUG:colcon.colcon_core.shell:Skip shell extension 'dsv' for command environment
[0.619s] INFO:colcon.colcon_ros.task.ament_cmake.build:Building ROS package in '/home/badri/ros2_ws/src/tb3_robot_bringup' with build type 'ament_cmake'
[0.620s] INFO:colcon.colcon_cmake.task.cmake.build:Building CMake package in '/home/badri/ros2_ws/src/tb3_robot_bringup'
[0.620s] INFO:colcon.colcon_core.shell:Skip shell extension 'powershell' for command environment: Not usable outside of PowerShell
[0.620s] DEBUG:colcon.colcon_core.shell:Skip shell extension 'dsv' for command environment
[1.049s] INFO:colcon.colcon_core.task.python.build:Building Python package in '/home/badri/ros2_ws/src/casadi_mpc'
[1.049s] INFO:colcon.colcon_core.shell:Skip shell extension 'powershell' for command environment: Not usable outside of PowerShell
[1.049s] DEBUG:colcon.colcon_core.shell:Skip shell extension 'dsv' for command environment
[1.059s] DEBUG:colcon.colcon_core.event_handler.log_command:Invoking command in '/home/badri/ros2_ws/build/gain_sch': CMAKE_PREFIX_PATH=${CMAKE_PREFIX_PATH}:/home/badri/ros2_ws/install/casadi_mpc:/opt/ros/humble /usr/bin/cmake /home/badri/ros2_ws/src/gain_sch -DCMAKE_INSTALL_PREFIX=/home/badri/ros2_ws/install/gain_sch
[1.070s] DEBUG:colcon.colcon_core.event_handler.log_command:Invoking command in '/home/badri/ros2_ws/build/tb3_robot': CMAKE_PREFIX_PATH=${CMAKE_PREFIX_PATH}:/home/badri/ros2_ws/install/casadi_mpc:/opt/ros/humble /usr/bin/cmake --build /home/badri/ros2_ws/build/tb3_robot -- -j8 -l8
[1.078s] DEBUG:colcon.colcon_core.event_handler.log_command:Invoking command in '/home/badri/ros2_ws/build/tb3_robot_bringup': CMAKE_PREFIX_PATH=${CMAKE_PREFIX_PATH}:/home/badri/ros2_ws/install/casadi_mpc:/opt/ros/humble /usr/bin/cmake --build /home/badri/ros2_ws/build/tb3_robot_bringup -- -j8 -l8
[1.142s] DEBUG:colcon.colcon_core.event_handler.log_command:Invoked command in '/home/badri/ros2_ws/build/tb3_robot_bringup' returned '0': CMAKE_PREFIX_PATH=${CMAKE_PREFIX_PATH}:/home/badri/ros2_ws/install/casadi_mpc:/opt/ros/humble /usr/bin/cmake --build /home/badri/ros2_ws/build/tb3_robot_bringup -- -j8 -l8
[1.192s] DEBUG:colcon.colcon_core.event_handler.log_command:Invoking command in '/home/badri/ros2_ws/build/tb3_robot_bringup': CMAKE_PREFIX_PATH=${CMAKE_PREFIX_PATH}:/home/badri/ros2_ws/install/casadi_mpc:/opt/ros/humble /usr/bin/cmake --install /home/badri/ros2_ws/build/tb3_robot_bringup
[1.211s] DEBUG:colcon.colcon_core.event_handler.log_command:Invoked command in '/home/badri/ros2_ws/build/tb3_robot' returned '0': CMAKE_PREFIX_PATH=${CMAKE_PREFIX_PATH}:/home/badri/ros2_ws/install/casadi_mpc:/opt/ros/humble /usr/bin/cmake --build /home/badri/ros2_ws/build/tb3_robot -- -j8 -l8
[1.212s] Level 1:colcon.colcon_core.environment:create_environment_scripts_only(tb3_robot_bringup)
[1.214s] DEBUG:colcon.colcon_core.event_handler.log_command:Invoked command in '/home/badri/ros2_ws/build/tb3_robot_bringup' returned '0': CMAKE_PREFIX_PATH=${CMAKE_PREFIX_PATH}:/home/badri/ros2_ws/install/casadi_mpc:/opt/ros/humble /usr/bin/cmake --install /home/badri/ros2_ws/build/tb3_robot_bringup
[1.220s] Level 1:colcon.colcon_core.environment:checking '/home/badri/ros2_ws/install/tb3_robot_bringup' for CMake module files
[1.222s] Level 1:colcon.colcon_core.environment:checking '/home/badri/ros2_ws/install/tb3_robot_bringup' for CMake config files
[1.222s] Level 1:colcon.colcon_core.shell:create_environment_hook('tb3_robot_bringup', 'cmake_prefix_path')
[1.223s] INFO:colcon.colcon_core.shell:Creating environment hook '/home/badri/ros2_ws/install/tb3_robot_bringup/share/tb3_robot_bringup/hook/cmake_prefix_path.ps1'
[1.224s] INFO:colcon.colcon_core.shell:Creating environment descriptor '/home/badri/ros2_ws/install/tb3_robot_bringup/share/tb3_robot_bringup/hook/cmake_prefix_path.dsv'
[1.224s] INFO:colcon.colcon_core.shell:Creating environment hook '/home/badri/ros2_ws/install/tb3_robot_bringup/share/tb3_robot_bringup/hook/cmake_prefix_path.sh'
[1.226s] Level 1:colcon.colcon_core.environment:checking '/home/badri/ros2_ws/install/tb3_robot_bringup/bin'
[1.226s] Level 1:colcon.colcon_core.environment:checking '/home/badri/ros2_ws/install/tb3_robot_bringup/lib/pkgconfig/tb3_robot_bringup.pc'
[1.226s] Level 1:colcon.colcon_core.environment:checking '/home/badri/ros2_ws/install/tb3_robot_bringup/lib/python3.10/site-packages'
[1.227s] Level 1:colcon.colcon_core.environment:checking '/home/badri/ros2_ws/install/tb3_robot_bringup/bin'
[1.228s] INFO:colcon.colcon_core.shell:Creating package script '/home/badri/ros2_ws/install/tb3_robot_bringup/share/tb3_robot_bringup/package.ps1'
[1.229s] INFO:colcon.colcon_core.shell:Creating package descriptor '/home/badri/ros2_ws/install/tb3_robot_bringup/share/tb3_robot_bringup/package.dsv'
[1.231s] INFO:colcon.colcon_core.shell:Creating package script '/home/badri/ros2_ws/install/tb3_robot_bringup/share/tb3_robot_bringup/package.sh'
[1.233s] INFO:colcon.colcon_core.shell:Creating package script '/home/badri/ros2_ws/install/tb3_robot_bringup/share/tb3_robot_bringup/package.bash'
[1.235s] INFO:colcon.colcon_core.shell:Creating package script '/home/badri/ros2_ws/install/tb3_robot_bringup/share/tb3_robot_bringup/package.zsh'
[1.237s] Level 1:colcon.colcon_core.environment:create_file_with_runtime_dependencies(/home/badri/ros2_ws/install/tb3_robot_bringup/share/colcon-core/packages/tb3_robot_bringup)
[1.268s] DEBUG:colcon.colcon_core.event_handler.log_command:Invoking command in '/home/badri/ros2_ws/build/tb3_robot': CMAKE_PREFIX_PATH=${CMAKE_PREFIX_PATH}:/home/badri/ros2_ws/install/casadi_mpc:/opt/ros/humble /usr/bin/cmake --install /home/badri/ros2_ws/build/tb3_robot
[1.273s] Level 1:colcon.colcon_core.environment:create_environment_scripts_only(tb3_robot_bringup)
[1.274s] Level 1:colcon.colcon_core.environment:checking '/home/badri/ros2_ws/install/tb3_robot_bringup' for CMake module files
[1.275s] Level 1:colcon.colcon_core.environment:checking '/home/badri/ros2_ws/install/tb3_robot_bringup' for CMake config files
[1.275s] Level 1:colcon.colcon_core.shell:create_environment_hook('tb3_robot_bringup', 'cmake_prefix_path')
[1.276s] INFO:colcon.colcon_core.shell:Creating environment hook '/home/badri/ros2_ws/install/tb3_robot_bringup/share/tb3_robot_bringup/hook/cmake_prefix_path.ps1'
[1.277s] INFO:colcon.colcon_core.shell:Creating environment descriptor '/home/badri/ros2_ws/install/tb3_robot_bringup/share/tb3_robot_bringup/hook/cmake_prefix_path.dsv'
[1.278s] INFO:colcon.colcon_core.shell:Creating environment hook '/home/badri/ros2_ws/install/tb3_robot_bringup/share/tb3_robot_bringup/hook/cmake_prefix_path.sh'
[1.279s] Level 1:colcon.colcon_core.environment:checking '/home/badri/ros2_ws/install/tb3_robot_bringup/bin'
[1.279s] Level 1:colcon.colcon_core.environment:checking '/home/badri/ros2_ws/install/tb3_robot_bringup/lib/pkgconfig/tb3_robot_bringup.pc'
[1.279s] Level 1:colcon.colcon_core.environment:checking '/home/badri/ros2_ws/install/tb3_robot_bringup/lib/python3.10/site-packages'
[1.280s] Level 1:colcon.colcon_core.environment:checking '/home/badri/ros2_ws/install/tb3_robot_bringup/bin'
[1.280s] INFO:colcon.colcon_core.shell:Creating package script '/home/badri/ros2_ws/install/tb3_robot_bringup/share/tb3_robot_bringup/package.ps1'
[1.282s] INFO:colcon.colcon_core.shell:Creating package descriptor '/home/badri/ros2_ws/install/tb3_robot_bringup/share/tb3_robot_bringup/package.dsv'
[1.284s] INFO:colcon.colcon_core.shell:Creating package script '/home/badri/ros2_ws/install/tb3_robot_bringup/share/tb3_robot_bringup/package.sh'
[1.287s] INFO:colcon.colcon_core.shell:Creating package script '/home/badri/ros2_ws/install/tb3_robot_bringup/share/tb3_robot_bringup/package.bash'
[1.289s] INFO:colcon.colcon_core.shell:Creating package script '/home/badri/ros2_ws/install/tb3_robot_bringup/share/tb3_robot_bringup/package.zsh'
[1.289s] Level 1:colcon.colcon_core.environment:create_file_with_runtime_dependencies(/home/badri/ros2_ws/install/tb3_robot_bringup/share/colcon-core/packages/tb3_robot_bringup)
[1.291s] Level 1:colcon.colcon_core.environment:create_environment_scripts_only(tb3_robot)
[1.292s] Level 1:colcon.colcon_core.environment:checking '/home/badri/ros2_ws/install/tb3_robot' for CMake module files
[1.293s] DEBUG:colcon.colcon_core.event_handler.log_command:Invoked command in '/home/badri/ros2_ws/build/tb3_robot' returned '0': CMAKE_PREFIX_PATH=${CMAKE_PREFIX_PATH}:/home/badri/ros2_ws/install/casadi_mpc:/opt/ros/humble /usr/bin/cmake --install /home/badri/ros2_ws/build/tb3_robot
[1.294s] Level 1:colcon.colcon_core.environment:checking '/home/badri/ros2_ws/install/tb3_robot' for CMake config files
[1.294s] Level 1:colcon.colcon_core.shell:create_environment_hook('tb3_robot', 'cmake_prefix_path')
[1.295s] INFO:colcon.colcon_core.shell:Creating environment hook '/home/badri/ros2_ws/install/tb3_robot/share/tb3_robot/hook/cmake_prefix_path.ps1'
[1.296s] INFO:colcon.colcon_core.shell:Creating environment descriptor '/home/badri/ros2_ws/install/tb3_robot/share/tb3_robot/hook/cmake_prefix_path.dsv'
[1.296s] INFO:colcon.colcon_core.shell:Creating environment hook '/home/badri/ros2_ws/install/tb3_robot/share/tb3_robot/hook/cmake_prefix_path.sh'
[1.297s] Level 1:colcon.colcon_core.environment:checking '/home/badri/ros2_ws/install/tb3_robot/lib'
[1.298s] Level 1:colcon.colcon_core.environment:checking '/home/badri/ros2_ws/install/tb3_robot/bin'
[1.298s] Level 1:colcon.colcon_core.environment:checking '/home/badri/ros2_ws/install/tb3_robot/lib/pkgconfig/tb3_robot.pc'
[1.299s] Level 1:colcon.colcon_core.environment:checking '/home/badri/ros2_ws/install/tb3_robot/lib/python3.10/site-packages'
[1.299s] Level 1:colcon.colcon_core.environment:checking '/home/badri/ros2_ws/install/tb3_robot/bin'
[1.300s] INFO:colcon.colcon_core.shell:Creating package script '/home/badri/ros2_ws/install/tb3_robot/share/tb3_robot/package.ps1'
[1.301s] INFO:colcon.colcon_core.shell:Creating package descriptor '/home/badri/ros2_ws/install/tb3_robot/share/tb3_robot/package.dsv'
[1.302s] INFO:colcon.colcon_core.shell:Creating package script '/home/badri/ros2_ws/install/tb3_robot/share/tb3_robot/package.sh'
[1.303s] INFO:colcon.colcon_core.shell:Creating package script '/home/badri/ros2_ws/install/tb3_robot/share/tb3_robot/package.bash'
[1.303s] INFO:colcon.colcon_core.shell:Creating package script '/home/badri/ros2_ws/install/tb3_robot/share/tb3_robot/package.zsh'
[1.304s] Level 1:colcon.colcon_core.environment:create_file_with_runtime_dependencies(/home/badri/ros2_ws/install/tb3_robot/share/colcon-core/packages/tb3_robot)
[1.352s] Level 1:colcon.colcon_core.environment:create_environment_scripts_only(tb3_robot)
[1.352s] Level 1:colcon.colcon_core.environment:checking '/home/badri/ros2_ws/install/tb3_robot' for CMake module files
[1.353s] Level 1:colcon.colcon_core.environment:checking '/home/badri/ros2_ws/install/tb3_robot' for CMake config files
[1.353s] Level 1:colcon.colcon_core.shell:create_environment_hook('tb3_robot', 'cmake_prefix_path')
[1.354s] INFO:colcon.colcon_core.shell:Creating environment hook '/home/badri/ros2_ws/install/tb3_robot/share/tb3_robot/hook/cmake_prefix_path.ps1'
[1.354s] INFO:colcon.colcon_core.shell:Creating environment descriptor '/home/badri/ros2_ws/install/tb3_robot/share/tb3_robot/hook/cmake_prefix_path.dsv'
[1.355s] INFO:colcon.colcon_core.shell:Creating environment hook '/home/badri/ros2_ws/install/tb3_robot/share/tb3_robot/hook/cmake_prefix_path.sh'
[1.356s] Level 1:colcon.colcon_core.environment:checking '/home/badri/ros2_ws/install/tb3_robot/lib'
[1.356s] Level 1:colcon.colcon_core.environment:checking '/home/badri/ros2_ws/install/tb3_robot/bin'
[1.356s] Level 1:colcon.colcon_core.environment:checking '/home/badri/ros2_ws/install/tb3_robot/lib/pkgconfig/tb3_robot.pc'
[1.356s] Level 1:colcon.colcon_core.environment:checking '/home/badri/ros2_ws/install/tb3_robot/lib/python3.10/site-packages'
[1.357s] Level 1:colcon.colcon_core.environment:checking '/home/badri/ros2_ws/install/tb3_robot/bin'
[1.357s] INFO:colcon.colcon_core.shell:Creating package script '/home/badri/ros2_ws/install/tb3_robot/share/tb3_robot/package.ps1'
[1.358s] INFO:colcon.colcon_core.shell:Creating package descriptor '/home/badri/ros2_ws/install/tb3_robot/share/tb3_robot/package.dsv'
[1.359s] INFO:colcon.colcon_core.shell:Creating package script '/home/badri/ros2_ws/install/tb3_robot/share/tb3_robot/package.sh'
[1.359s] INFO:colcon.colcon_core.shell:Creating package script '/home/badri/ros2_ws/install/tb3_robot/share/tb3_robot/package.bash'
[1.360s] INFO:colcon.colcon_core.shell:Creating package script '/home/badri/ros2_ws/install/tb3_robot/share/tb3_robot/package.zsh'
[1.360s] Level 1:colcon.colcon_core.environment:create_file_with_runtime_dependencies(/home/badri/ros2_ws/install/tb3_robot/share/colcon-core/packages/tb3_robot)
[1.991s] DEBUG:colcon.colcon_core.event_handler.log_command:Invoking command in '/home/badri/ros2_ws/src/casadi_mpc': PYTHONPATH=/home/badri/ros2_ws/build/casadi_mpc/prefix_override:/usr/lib/python3/dist-packages/colcon_core/task/python/colcon_distutils_commands:/home/badri/ros2_ws/install/casadi_mpc/lib/python3.10/site-packages:${PYTHONPATH} /usr/bin/python3 -W ignore:setup.py install is deprecated setup.py egg_info --egg-base ../../build/casadi_mpc build --build-base /home/badri/ros2_ws/build/casadi_mpc/build install --record /home/badri/ros2_ws/build/casadi_mpc/install.log --single-version-externally-managed install_data
[2.617s] Level 1:colcon.colcon_core.environment:checking '/home/badri/ros2_ws/install/casadi_mpc' for CMake module files
[2.618s] DEBUG:colcon.colcon_core.event_handler.log_command:Invoked command in '/home/badri/ros2_ws/src/casadi_mpc' returned '0': PYTHONPATH=/home/badri/ros2_ws/build/casadi_mpc/prefix_override:/usr/lib/python3/dist-packages/colcon_core/task/python/colcon_distutils_commands:/home/badri/ros2_ws/install/casadi_mpc/lib/python3.10/site-packages:${PYTHONPATH} /usr/bin/python3 -W ignore:setup.py install is deprecated setup.py egg_info --egg-base ../../build/casadi_mpc build --build-base /home/badri/ros2_ws/build/casadi_mpc/build install --record /home/badri/ros2_ws/build/casadi_mpc/install.log --single-version-externally-managed install_data
[2.619s] Level 1:colcon.colcon_core.environment:checking '/home/badri/ros2_ws/install/casadi_mpc' for CMake config files
[2.620s] Level 1:colcon.colcon_core.environment:checking '/home/badri/ros2_ws/install/casadi_mpc/lib'
[2.620s] Level 1:colcon.colcon_core.environment:checking '/home/badri/ros2_ws/install/casadi_mpc/bin'
[2.620s] Level 1:colcon.colcon_core.environment:checking '/home/badri/ros2_ws/install/casadi_mpc/lib/pkgconfig/casadi_mpc.pc'
[2.621s] Level 1:colcon.colcon_core.environment:checking '/home/badri/ros2_ws/install/casadi_mpc/lib/python3.10/site-packages'
[2.621s] Level 1:colcon.colcon_core.shell:create_environment_hook('casadi_mpc', 'pythonpath')
[2.621s] INFO:colcon.colcon_core.shell:Creating environment hook '/home/badri/ros2_ws/install/casadi_mpc/share/casadi_mpc/hook/pythonpath.ps1'
[2.622s] INFO:colcon.colcon_core.shell:Creating environment descriptor '/home/badri/ros2_ws/install/casadi_mpc/share/casadi_mpc/hook/pythonpath.dsv'
[2.623s] INFO:colcon.colcon_core.shell:Creating environment hook '/home/badri/ros2_ws/install/casadi_mpc/share/casadi_mpc/hook/pythonpath.sh'
[2.624s] Level 1:colcon.colcon_core.environment:checking '/home/badri/ros2_ws/install/casadi_mpc/bin'
[2.624s] Level 1:colcon.colcon_core.environment:create_environment_scripts_only(casadi_mpc)
[2.625s] INFO:colcon.colcon_core.shell:Creating package script '/home/badri/ros2_ws/install/casadi_mpc/share/casadi_mpc/package.ps1'
[2.627s] INFO:colcon.colcon_core.shell:Creating package descriptor '/home/badri/ros2_ws/install/casadi_mpc/share/casadi_mpc/package.dsv'
[2.629s] INFO:colcon.colcon_core.shell:Creating package script '/home/badri/ros2_ws/install/casadi_mpc/share/casadi_mpc/package.sh'
[2.630s] INFO:colcon.colcon_core.shell:Creating package script '/home/badri/ros2_ws/install/casadi_mpc/share/casadi_mpc/package.bash'
[2.630s] INFO:colcon.colcon_core.shell:Creating package script '/home/badri/ros2_ws/install/casadi_mpc/share/casadi_mpc/package.zsh'
[2.631s] Level 1:colcon.colcon_core.environment:create_file_with_runtime_dependencies(/home/badri/ros2_ws/install/casadi_mpc/share/colcon-core/packages/casadi_mpc)
[3.764s] DEBUG:colcon.colcon_core.event_handler.log_command:Invoked command in '/home/badri/ros2_ws/build/gain_sch' returned '0': CMAKE_PREFIX_PATH=${CMAKE_PREFIX_PATH}:/home/badri/ros2_ws/install/casadi_mpc:/opt/ros/humble /usr/bin/cmake /home/badri/ros2_ws/src/gain_sch -DCMAKE_INSTALL_PREFIX=/home/badri/ros2_ws/install/gain_sch
[3.766s] DEBUG:colcon.colcon_core.event_handler.log_command:Invoking command in '/home/badri/ros2_ws/build/gain_sch': CMAKE_PREFIX_PATH=${CMAKE_PREFIX_PATH}:/home/badri/ros2_ws/install/casadi_mpc:/opt/ros/humble /usr/bin/cmake --build /home/badri/ros2_ws/build/gain_sch -- -j8 -l8
[15.489s] DEBUG:colcon.colcon_core.event_handler.log_command:Invoked command in '/home/badri/ros2_ws/build/gain_sch' returned '0': CMAKE_PREFIX_PATH=${CMAKE_PREFIX_PATH}:/home/badri/ros2_ws/install/casadi_mpc:/opt/ros/humble /usr/bin/cmake --build /home/badri/ros2_ws/build/gain_sch -- -j8 -l8
[15.564s] DEBUG:colcon.colcon_core.event_handler.log_command:Invoking command in '/home/badri/ros2_ws/build/gain_sch': CMAKE_PREFIX_PATH=${CMAKE_PREFIX_PATH}:/home/badri/ros2_ws/install/casadi_mpc:/opt/ros/humble /usr/bin/cmake --install /home/badri/ros2_ws/build/gain_sch
[15.627s] Level 1:colcon.colcon_core.environment:create_environment_scripts_only(gain_sch)
[15.629s] Level 1:colcon.colcon_core.environment:checking '/home/badri/ros2_ws/install/gain_sch' for CMake module files
[15.630s] DEBUG:colcon.colcon_core.event_handler.log_command:Invoked command in '/home/badri/ros2_ws/build/gain_sch' returned '0': CMAKE_PREFIX_PATH=${CMAKE_PREFIX_PATH}:/home/badri/ros2_ws/install/casadi_mpc:/opt/ros/humble /usr/bin/cmake --install /home/badri/ros2_ws/build/gain_sch
[15.632s] Level 1:colcon.colcon_core.environment:checking '/home/badri/ros2_ws/install/gain_sch' for CMake config files
[15.633s] Level 1:colcon.colcon_core.shell:create_environment_hook('gain_sch', 'cmake_prefix_path')
[15.634s] INFO:colcon.colcon_core.shell:Creating environment hook '/home/badri/ros2_ws/install/gain_sch/share/gain_sch/hook/cmake_prefix_path.ps1'
[15.635s] INFO:colcon.colcon_core.shell:Creating environment descriptor '/home/badri/ros2_ws/install/gain_sch/share/gain_sch/hook/cmake_prefix_path.dsv'
[15.637s] INFO:colcon.colcon_core.shell:Creating environment hook '/home/badri/ros2_ws/install/gain_sch/share/gain_sch/hook/cmake_prefix_path.sh'
[15.639s] Level 1:colcon.colcon_core.environment:checking '/home/badri/ros2_ws/install/gain_sch/lib'
[15.640s] Level 1:colcon.colcon_core.environment:checking '/home/badri/ros2_ws/install/gain_sch/bin'
[15.640s] Level 1:colcon.colcon_core.environment:checking '/home/badri/ros2_ws/install/gain_sch/lib/pkgconfig/gain_sch.pc'
[15.641s] Level 1:colcon.colcon_core.environment:checking '/home/badri/ros2_ws/install/gain_sch/lib/python3.10/site-packages'
[15.643s] Level 1:colcon.colcon_core.environment:checking '/home/badri/ros2_ws/install/gain_sch/bin'
[15.644s] INFO:colcon.colcon_core.shell:Creating package script '/home/badri/ros2_ws/install/gain_sch/share/gain_sch/package.ps1'
[15.646s] INFO:colcon.colcon_core.shell:Creating package descriptor '/home/badri/ros2_ws/install/gain_sch/share/gain_sch/package.dsv'
[15.648s] INFO:colcon.colcon_core.shell:Creating package script '/home/badri/ros2_ws/install/gain_sch/share/gain_sch/package.sh'
[15.650s] INFO:colcon.colcon_core.shell:Creating package script '/home/badri/ros2_ws/install/gain_sch/share/gain_sch/package.bash'
[15.651s] INFO:colcon.colcon_core.shell:Creating package script '/home/badri/ros2_ws/install/gain_sch/share/gain_sch/package.zsh'
[15.653s] Level 1:colcon.colcon_core.environment:create_file_with_runtime_dependencies(/home/badri/ros2_ws/install/gain_sch/share/colcon-core/packages/gain_sch)
[15.769s] Level 1:colcon.colcon_core.environment:create_environment_scripts_only(gain_sch)
[15.770s] Level 1:colcon.colcon_core.environment:checking '/home/badri/ros2_ws/install/gain_sch' for CMake module files
[15.772s] Level 1:colcon.colcon_core.environment:checking '/home/badri/ros2_ws/install/gain_sch' for CMake config files
[15.773s] Level 1:colcon.colcon_core.shell:create_environment_hook('gain_sch', 'cmake_prefix_path')
[15.774s] INFO:colcon.colcon_core.shell:Creating environment hook '/home/badri/ros2_ws/install/gain_sch/share/gain_sch/hook/cmake_prefix_path.ps1'
[15.776s] INFO:colcon.colcon_core.shell:Creating environment descriptor '/home/badri/ros2_ws/install/gain_sch/share/gain_sch/hook/cmake_prefix_path.dsv'
[15.777s] INFO:colcon.colcon_core.shell:Creating environment hook '/home/badri/ros2_ws/install/gain_sch/share/gain_sch/hook/cmake_prefix_path.sh'
[15.780s] Level 1:colcon.colcon_core.environment:checking '/home/badri/ros2_ws/install/gain_sch/lib'
[15.780s] Level 1:colcon.colcon_core.environment:checking '/home/badri/ros2_ws/install/gain_sch/bin'
[15.781s] Level 1:colcon.colcon_core.environment:checking '/home/badri/ros2_ws/install/gain_sch/lib/pkgconfig/gain_sch.pc'
[15.782s] Level 1:colcon.colcon_core.environment:checking '/home/badri/ros2_ws/install/gain_sch/lib/python3.10/site-packages'
[15.784s] Level 1:colcon.colcon_core.environment:checking '/home/badri/ros2_ws/install/gain_sch/bin'
[15.785s] INFO:colcon.colcon_core.shell:Creating package script '/home/badri/ros2_ws/install/gain_sch/share/gain_sch/package.ps1'
[15.789s] INFO:colcon.colcon_core.shell:Creating package descriptor '/home/badri/ros2_ws/install/gain_sch/share/gain_sch/package.dsv'
[15.792s] INFO:colcon.colcon_core.shell:Creating package script '/home/badri/ros2_ws/install/gain_sch/share/gain_sch/package.sh'
[15.796s] INFO:colcon.colcon_core.shell:Creating package script '/home/badri/ros2_ws/install/gain_sch/share/gain_sch/package.bash'
[15.799s] INFO:colcon.colcon_core.shell:Creating package script '/home/badri/ros2_ws/install/gain_sch/share/gain_sch/package.zsh'
[15.802s] Level 1:colcon.colcon_core.environment:create_file_with_runtime_dependencies(/home/badri/ros2_ws/install/gain_sch/share/colcon-core/packages/gain_sch)
[15.803s] DEBUG:colcon.colcon_parallel_executor.executor.parallel:closing loop
[15.805s] DEBUG:colcon.colcon_parallel_executor.executor.parallel:loop closed
[15.807s] DEBUG:colcon.colcon_parallel_executor.executor.parallel:run_until_complete finished with '0'
[15.807s] DEBUG:colcon.colcon_core.event_reactor:joining thread
[15.835s] INFO:colcon.colcon_core.plugin_system:Skipping extension 'colcon_notification.desktop_notification.terminal_notifier': Not used on non-Darwin systems
[15.836s] INFO:colcon.colcon_core.plugin_system:Skipping extension 'colcon_notification.desktop_notification.win32': Not used on non-Windows systems
[15.836s] INFO:colcon.colcon_notification.desktop_notification:Sending desktop notification using 'notify2'
[15.920s] DEBUG:colcon.colcon_core.event_reactor:joined thread
[15.922s] INFO:colcon.colcon_core.shell:Creating prefix script '/home/badri/ros2_ws/install/local_setup.ps1'
[15.926s] INFO:colcon.colcon_core.shell:Creating prefix util module '/home/badri/ros2_ws/install/_local_setup_util_ps1.py'
[15.933s] INFO:colcon.colcon_core.shell:Creating prefix chain script '/home/badri/ros2_ws/install/setup.ps1'
[15.939s] INFO:colcon.colcon_core.shell:Creating prefix script '/home/badri/ros2_ws/install/local_setup.sh'
[15.942s] INFO:colcon.colcon_core.shell:Creating prefix util module '/home/badri/ros2_ws/install/_local_setup_util_sh.py'
[15.945s] INFO:colcon.colcon_core.shell:Creating prefix chain script '/home/badri/ros2_ws/install/setup.sh'
[15.951s] INFO:colcon.colcon_core.shell:Creating prefix script '/home/badri/ros2_ws/install/local_setup.bash'
[15.954s] INFO:colcon.colcon_core.shell:Creating prefix chain script '/home/badri/ros2_ws/install/setup.bash'
[15.961s] INFO:colcon.colcon_core.shell:Creating prefix script '/home/badri/ros2_ws/install/local_setup.zsh'
[15.963s] INFO:colcon.colcon_core.shell:Creating prefix chain script '/home/badri/ros2_ws/install/setup.zsh'
