-- Install configuration: ""
-- Up-to-date: /home/badri/ros2_ws/install/tb3_robot_bringup/share/tb3_robot_bringup/launch
-- Up-to-date: /home/badri/ros2_ws/install/tb3_robot_bringup/share/tb3_robot_bringup/launch/tb3_mapping.launch.py
-- Up-to-date: /home/badri/ros2_ws/install/tb3_robot_bringup/share/tb3_robot_bringup/launch/provide_map.launch.py
-- Up-to-date: /home/badri/ros2_ws/install/tb3_robot_bringup/share/tb3_robot_bringup/launch/tb3_run.launch.py
-- Up-to-date: /home/badri/ros2_ws/install/tb3_robot_bringup/share/ament_index/resource_index/package_run_dependencies/tb3_robot_bringup
-- Up-to-date: /home/badri/ros2_ws/install/tb3_robot_bringup/share/ament_index/resource_index/parent_prefix_path/tb3_robot_bringup
-- Up-to-date: /home/badri/ros2_ws/install/tb3_robot_bringup/share/tb3_robot_bringup/environment/ament_prefix_path.sh
-- Up-to-date: /home/badri/ros2_ws/install/tb3_robot_bringup/share/tb3_robot_bringup/environment/ament_prefix_path.dsv
-- Up-to-date: /home/badri/ros2_ws/install/tb3_robot_bringup/share/tb3_robot_bringup/environment/path.sh
-- Up-to-date: /home/badri/ros2_ws/install/tb3_robot_bringup/share/tb3_robot_bringup/environment/path.dsv
-- Up-to-date: /home/badri/ros2_ws/install/tb3_robot_bringup/share/tb3_robot_bringup/local_setup.bash
-- Up-to-date: /home/badri/ros2_ws/install/tb3_robot_bringup/share/tb3_robot_bringup/local_setup.sh
-- Up-to-date: /home/badri/ros2_ws/install/tb3_robot_bringup/share/tb3_robot_bringup/local_setup.zsh
-- Up-to-date: /home/badri/ros2_ws/install/tb3_robot_bringup/share/tb3_robot_bringup/local_setup.dsv
-- Up-to-date: /home/badri/ros2_ws/install/tb3_robot_bringup/share/tb3_robot_bringup/package.dsv
-- Up-to-date: /home/badri/ros2_ws/install/tb3_robot_bringup/share/ament_index/resource_index/packages/tb3_robot_bringup
-- Up-to-date: /home/badri/ros2_ws/install/tb3_robot_bringup/share/tb3_robot_bringup/cmake/tb3_robot_bringupConfig.cmake
-- Up-to-date: /home/badri/ros2_ws/install/tb3_robot_bringup/share/tb3_robot_bringup/cmake/tb3_robot_bringupConfig-version.cmake
-- Up-to-date: /home/badri/ros2_ws/install/tb3_robot_bringup/share/tb3_robot_bringup/package.xml
