[0.026s] Invoking command in '/home/badri/ros2_ws/build/mpc_package': CMAKE_PREFIX_PATH=${CMAKE_PREFIX_PATH}:/opt/ros/humble /usr/bin/cmake --build /home/badri/ros2_ws/build/mpc_package -- -j8 -l8
[0.060s] -- Found ament_cmake: 1.3.10 (/opt/ros/humble/share/ament_cmake/cmake)
[0.249s] -- Found rclcpp: 16.0.10 (/opt/ros/humble/share/rclcpp/cmake)
[0.344s] -- Found rosidl_generator_c: 3.1.5 (/opt/ros/humble/share/rosidl_generator_c/cmake)
[0.356s] -- Found rosidl_adapter: 3.1.5 (/opt/ros/humble/share/rosidl_adapter/cmake)
[0.376s] -- Found rosidl_generator_cpp: 3.1.5 (/opt/ros/humble/share/rosidl_generator_cpp/cmake)
[0.404s] -- Using all available rosidl_typesupport_c: rosidl_typesupport_fastrtps_c;rosidl_typesupport_introspection_c
[0.443s] -- Using all available rosidl_typesupport_cpp: rosidl_typesupport_fastrtps_cpp;rosidl_typesupport_introspection_cpp
[0.512s] -- Found rmw_implementation_cmake: 6.1.2 (/opt/ros/humble/share/rmw_implementation_cmake/cmake)
[0.515s] -- Found rmw_fastrtps_cpp: 6.2.7 (/opt/ros/humble/share/rmw_fastrtps_cpp/cmake)
[0.615s] -- Found OpenSSL: /usr/lib/x86_64-linux-gnu/libcrypto.so (found version "3.0.2")  
[0.707s] -- Found FastRTPS: /opt/ros/humble/include  
[0.841s] -- Using RMW implementation 'rmw_fastrtps_cpp' as default
[0.872s] -- Looking for pthread.h
[1.001s] -- Looking for pthread.h - found
[1.001s] -- Performing Test CMAKE_HAVE_LIBC_PTHREAD
[1.088s] -- Performing Test CMAKE_HAVE_LIBC_PTHREAD - Success
[1.089s] -- Found Threads: TRUE  
[1.244s] -- Found geometry_msgs: 4.2.4 (/opt/ros/humble/share/geometry_msgs/cmake)
[1.295s] -- Found nav_msgs: 4.2.4 (/opt/ros/humble/share/nav_msgs/cmake)
[1.372s] [31mCMake Error at CMakeLists.txt:15 (find_package):
[1.372s]   By not providing "Findcasadi.cmake" in CMAKE_MODULE_PATH this project has
[1.372s]   asked CMake to find a package configuration file provided by "casadi", but
[1.372s]   CMake did not find one.
[1.373s] 
[1.373s]   Could not find a package configuration file provided by "casadi" with any
[1.373s]   of the following names:
[1.373s] 
[1.373s]     casadiConfig.cmake
[1.373s]     casadi-config.cmake
[1.373s] 
[1.374s]   Add the installation prefix of "casadi" to CMAKE_PREFIX_PATH or set
[1.374s]   "casadi_DIR" to a directory containing one of the above files.  If "casadi"
[1.374s]   provides a separate development package or SDK, be sure it has been
[1.374s]   installed.
[1.374s] 
[1.374s] [0m
[1.374s] -- Configuring incomplete, errors occurred!
[1.374s] See also "/home/badri/ros2_ws/build/mpc_package/CMakeFiles/CMakeOutput.log".
[1.381s] gmake: *** [Makefile:226: cmake_check_build_system] Error 1
[1.383s] Invoked command in '/home/badri/ros2_ws/build/mpc_package' returned '2': CMAKE_PREFIX_PATH=${CMAKE_PREFIX_PATH}:/opt/ros/humble /usr/bin/cmake --build /home/badri/ros2_ws/build/mpc_package -- -j8 -l8
