[ 50%] [32mBuilding CXX object CMakeFiles/mpc_node.dir/src/mpc_node.cpp.o[0m
[100%] [32m[1mLinking CXX executable mpc_node[0m
[100%] Built target mpc_node
-- Install configuration: ""
-- Installing: /home/badri/ros2_ws/install/mpc_package/lib/mpc_package/mpc_node
-- Set runtime path of "/home/badri/ros2_ws/install/mpc_package/lib/mpc_package/mpc_node" to ""
-- Up-to-date: /home/badri/ros2_ws/install/mpc_package/share/ament_index/resource_index/package_run_dependencies/mpc_package
-- Up-to-date: /home/badri/ros2_ws/install/mpc_package/share/ament_index/resource_index/parent_prefix_path/mpc_package
-- Up-to-date: /home/badri/ros2_ws/install/mpc_package/share/mpc_package/environment/ament_prefix_path.sh
-- Up-to-date: /home/badri/ros2_ws/install/mpc_package/share/mpc_package/environment/ament_prefix_path.dsv
-- Up-to-date: /home/badri/ros2_ws/install/mpc_package/share/mpc_package/environment/path.sh
-- Up-to-date: /home/badri/ros2_ws/install/mpc_package/share/mpc_package/environment/path.dsv
-- Up-to-date: /home/badri/ros2_ws/install/mpc_package/share/mpc_package/local_setup.bash
-- Up-to-date: /home/badri/ros2_ws/install/mpc_package/share/mpc_package/local_setup.sh
-- Up-to-date: /home/badri/ros2_ws/install/mpc_package/share/mpc_package/local_setup.zsh
-- Up-to-date: /home/badri/ros2_ws/install/mpc_package/share/mpc_package/local_setup.dsv
-- Installing: /home/badri/ros2_ws/install/mpc_package/share/mpc_package/package.dsv
-- Up-to-date: /home/badri/ros2_ws/install/mpc_package/share/ament_index/resource_index/packages/mpc_package
-- Up-to-date: /home/badri/ros2_ws/install/mpc_package/share/mpc_package/cmake/mpc_packageConfig.cmake
-- Up-to-date: /home/badri/ros2_ws/install/mpc_package/share/mpc_package/cmake/mpc_packageConfig-version.cmake
-- Up-to-date: /home/badri/ros2_ws/install/mpc_package/share/mpc_package/package.xml
