[0.018s] Invoking command in '/home/badri/ros2_ws/build/mpc_package': CMAKE_PREFIX_PATH=${CMAKE_PREFIX_PATH}:/opt/ros/humble /usr/bin/cmake --build /home/badri/ros2_ws/build/mpc_package -- -j8 -l8
[0.101s] [ 50%] [32mBuilding CXX object CMakeFiles/mpc_node.dir/src/mpc_node.cpp.o[0m
[11.432s] [100%] [32m[1mLinking CXX executable mpc_node[0m
[12.295s] [100%] Built target mpc_node
[12.313s] Invoked command in '/home/badri/ros2_ws/build/mpc_package' returned '0': CMAKE_PREFIX_PATH=${CMAKE_PREFIX_PATH}:/opt/ros/humble /usr/bin/cmake --build /home/badri/ros2_ws/build/mpc_package -- -j8 -l8
[12.423s] Invoking command in '/home/badri/ros2_ws/build/mpc_package': CMAKE_PREFIX_PATH=${CMAKE_PREFIX_PATH}:/opt/ros/humble /usr/bin/cmake --install /home/badri/ros2_ws/build/mpc_package
[12.455s] -- Install configuration: ""
[12.456s] -- Installing: /home/badri/ros2_ws/install/mpc_package/lib/mpc_package/mpc_node
[12.472s] -- Set runtime path of "/home/badri/ros2_ws/install/mpc_package/lib/mpc_package/mpc_node" to ""
[12.473s] -- Up-to-date: /home/badri/ros2_ws/install/mpc_package/share/ament_index/resource_index/package_run_dependencies/mpc_package
[12.474s] -- Up-to-date: /home/badri/ros2_ws/install/mpc_package/share/ament_index/resource_index/parent_prefix_path/mpc_package
[12.475s] -- Up-to-date: /home/badri/ros2_ws/install/mpc_package/share/mpc_package/environment/ament_prefix_path.sh
[12.475s] -- Up-to-date: /home/badri/ros2_ws/install/mpc_package/share/mpc_package/environment/ament_prefix_path.dsv
[12.476s] -- Up-to-date: /home/badri/ros2_ws/install/mpc_package/share/mpc_package/environment/path.sh
[12.476s] -- Up-to-date: /home/badri/ros2_ws/install/mpc_package/share/mpc_package/environment/path.dsv
[12.477s] -- Up-to-date: /home/badri/ros2_ws/install/mpc_package/share/mpc_package/local_setup.bash
[12.477s] -- Up-to-date: /home/badri/ros2_ws/install/mpc_package/share/mpc_package/local_setup.sh
[12.478s] -- Up-to-date: /home/badri/ros2_ws/install/mpc_package/share/mpc_package/local_setup.zsh
[12.478s] -- Up-to-date: /home/badri/ros2_ws/install/mpc_package/share/mpc_package/local_setup.dsv
[12.479s] -- Installing: /home/badri/ros2_ws/install/mpc_package/share/mpc_package/package.dsv
[12.479s] -- Up-to-date: /home/badri/ros2_ws/install/mpc_package/share/ament_index/resource_index/packages/mpc_package
[12.480s] -- Up-to-date: /home/badri/ros2_ws/install/mpc_package/share/mpc_package/cmake/mpc_packageConfig.cmake
[12.481s] -- Up-to-date: /home/badri/ros2_ws/install/mpc_package/share/mpc_package/cmake/mpc_packageConfig-version.cmake
[12.483s] -- Up-to-date: /home/badri/ros2_ws/install/mpc_package/share/mpc_package/package.xml
[12.486s] Invoked command in '/home/badri/ros2_ws/build/mpc_package' returned '0': CMAKE_PREFIX_PATH=${CMAKE_PREFIX_PATH}:/opt/ros/humble /usr/bin/cmake --install /home/badri/ros2_ws/build/mpc_package
