[0.506s] Invoking command in '/home/badri/ros2_ws/build/tb3_robot': CMAKE_PREFIX_PATH=${CMAKE_PREFIX_PATH}:/home/badri/ros2_ws/install/casadi_mpc:/opt/ros/humble /usr/bin/cmake --build /home/badri/ros2_ws/build/tb3_robot -- -j8 -l8
[0.609s] [100%] Built target tb3_robot
[0.630s] Invoked command in '/home/badri/ros2_ws/build/tb3_robot' returned '0': CMAKE_PREFIX_PATH=${CMAKE_PREFIX_PATH}:/home/badri/ros2_ws/install/casadi_mpc:/opt/ros/humble /usr/bin/cmake --build /home/badri/ros2_ws/build/tb3_robot -- -j8 -l8
[0.689s] Invoking command in '/home/badri/ros2_ws/build/tb3_robot': CMAKE_PREFIX_PATH=${CMAKE_PREFIX_PATH}:/home/badri/ros2_ws/install/casadi_mpc:/opt/ros/humble /usr/bin/cmake --install /home/badri/ros2_ws/build/tb3_robot
[0.701s] -- Install configuration: ""
[0.702s] -- Up-to-date: /home/badri/ros2_ws/install/tb3_robot/lib/tb3_robot/tb3_robot
[0.702s] -- Up-to-date: /home/badri/ros2_ws/install/tb3_robot/share/tb3_robot/config
[0.703s] -- Up-to-date: /home/badri/ros2_ws/install/tb3_robot/share/tb3_robot/config/provide_map.rviz
[0.703s] -- Up-to-date: /home/badri/ros2_ws/install/tb3_robot/share/tb3_robot/config/default_rviz.rviz
[0.703s] -- Up-to-date: /home/badri/ros2_ws/install/tb3_robot/share/tb3_robot/config/slam_config.yaml
[0.703s] -- Up-to-date: /home/badri/ros2_ws/install/tb3_robot/share/tb3_robot/config/my_map.yaml
[0.703s] -- Up-to-date: /home/badri/ros2_ws/install/tb3_robot/share/tb3_robot/config/my_map.pgm
[0.703s] -- Up-to-date: /home/badri/ros2_ws/install/tb3_robot/share/ament_index/resource_index/package_run_dependencies/tb3_robot
[0.704s] -- Up-to-date: /home/badri/ros2_ws/install/tb3_robot/share/ament_index/resource_index/parent_prefix_path/tb3_robot
[0.704s] -- Up-to-date: /home/badri/ros2_ws/install/tb3_robot/share/tb3_robot/environment/ament_prefix_path.sh
[0.705s] -- Up-to-date: /home/badri/ros2_ws/install/tb3_robot/share/tb3_robot/environment/ament_prefix_path.dsv
[0.708s] -- Up-to-date: /home/badri/ros2_ws/install/tb3_robot/share/tb3_robot/environment/path.sh
[0.708s] -- Up-to-date: /home/badri/ros2_ws/install/tb3_robot/share/tb3_robot/environment/path.dsv
[0.709s] -- Up-to-date: /home/badri/ros2_ws/install/tb3_robot/share/tb3_robot/local_setup.bash
[0.709s] -- Up-to-date: /home/badri/ros2_ws/install/tb3_robot/share/tb3_robot/local_setup.sh
[0.709s] -- Up-to-date: /home/badri/ros2_ws/install/tb3_robot/share/tb3_robot/local_setup.zsh
[0.710s] -- Up-to-date: /home/badri/ros2_ws/install/tb3_robot/share/tb3_robot/local_setup.dsv
[0.710s] -- Installing: /home/badri/ros2_ws/install/tb3_robot/share/tb3_robot/package.dsv
[0.710s] -- Up-to-date: /home/badri/ros2_ws/install/tb3_robot/share/ament_index/resource_index/packages/tb3_robot
[0.711s] -- Up-to-date: /home/badri/ros2_ws/install/tb3_robot/share/tb3_robot/cmake/tb3_robotConfig.cmake
[0.712s] -- Up-to-date: /home/badri/ros2_ws/install/tb3_robot/share/tb3_robot/cmake/tb3_robotConfig-version.cmake
[0.712s] -- Up-to-date: /home/badri/ros2_ws/install/tb3_robot/share/tb3_robot/package.xml
[0.724s] Invoked command in '/home/badri/ros2_ws/build/tb3_robot' returned '0': CMAKE_PREFIX_PATH=${CMAKE_PREFIX_PATH}:/home/badri/ros2_ws/install/casadi_mpc:/opt/ros/humble /usr/bin/cmake --install /home/badri/ros2_ws/build/tb3_robot
