[1.274s] Invoking command in '/home/badri/ros2_ws/src/casadi_mpc': PYTHONPATH=/home/badri/ros2_ws/build/casadi_mpc/prefix_override:/usr/lib/python3/dist-packages/colcon_core/task/python/colcon_distutils_commands:/home/badri/ros2_ws/install/casadi_mpc/lib/python3.10/site-packages:${PYTHONPATH} /usr/bin/python3 -W ignore:setup.py install is deprecated setup.py egg_info --egg-base ../../build/casadi_mpc build --build-base /home/badri/ros2_ws/build/casadi_mpc/build install --record /home/badri/ros2_ws/build/casadi_mpc/install.log --single-version-externally-managed install_data
[1.777s] running egg_info
[1.778s] writing ../../build/casadi_mpc/casadi_mpc.egg-info/PKG-INFO
[1.778s] writing dependency_links to ../../build/casadi_mpc/casadi_mpc.egg-info/dependency_links.txt
[1.778s] writing entry points to ../../build/casadi_mpc/casadi_mpc.egg-info/entry_points.txt
[1.779s] writing requirements to ../../build/casadi_mpc/casadi_mpc.egg-info/requires.txt
[1.779s] writing top-level names to ../../build/casadi_mpc/casadi_mpc.egg-info/top_level.txt
[1.781s] reading manifest file '../../build/casadi_mpc/casadi_mpc.egg-info/SOURCES.txt'
[1.782s] adding license file 'LICENSE'
[1.783s] writing manifest file '../../build/casadi_mpc/casadi_mpc.egg-info/SOURCES.txt'
[1.783s] running build
[1.783s] running build_py
[1.783s] copying casadi_mpc/casadi_mpc.py -> /home/badri/ros2_ws/build/casadi_mpc/build/lib/casadi_mpc
[1.783s] running install
[1.784s] running install_lib
[1.785s] copying /home/badri/ros2_ws/build/casadi_mpc/build/lib/casadi_mpc/casadi_mpc.py -> /home/badri/ros2_ws/install/casadi_mpc/lib/python3.10/site-packages/casadi_mpc
[1.786s] byte-compiling /home/badri/ros2_ws/install/casadi_mpc/lib/python3.10/site-packages/casadi_mpc/casadi_mpc.py to casadi_mpc.cpython-310.pyc
[1.788s] running install_data
[1.789s] running install_egg_info
[1.792s] removing '/home/badri/ros2_ws/install/casadi_mpc/lib/python3.10/site-packages/casadi_mpc-0.0.0-py3.10.egg-info' (and everything under it)
[1.793s] Copying ../../build/casadi_mpc/casadi_mpc.egg-info to /home/badri/ros2_ws/install/casadi_mpc/lib/python3.10/site-packages/casadi_mpc-0.0.0-py3.10.egg-info
[1.794s] running install_scripts
[1.822s] Installing casadi_mpc script to /home/badri/ros2_ws/install/casadi_mpc/lib/casadi_mpc
[1.822s] writing list of installed files to '/home/badri/ros2_ws/build/casadi_mpc/install.log'
[1.853s] Invoked command in '/home/badri/ros2_ws/src/casadi_mpc' returned '0': PYTHONPATH=/home/badri/ros2_ws/build/casadi_mpc/prefix_override:/usr/lib/python3/dist-packages/colcon_core/task/python/colcon_distutils_commands:/home/badri/ros2_ws/install/casadi_mpc/lib/python3.10/site-packages:${PYTHONPATH} /usr/bin/python3 -W ignore:setup.py install is deprecated setup.py egg_info --egg-base ../../build/casadi_mpc build --build-base /home/badri/ros2_ws/build/casadi_mpc/build install --record /home/badri/ros2_ws/build/casadi_mpc/install.log --single-version-externally-managed install_data
