[0.014s] Invoking command in '/home/badri/ros2_ws/build/tb3_robot_bringup': CMAKE_PREFIX_PATH=/opt/ros/humble /usr/bin/cmake /home/badri/ros2_ws/src/tb3_robot_bringup -DCMAKE_INSTALL_PREFIX=/home/badri/ros2_ws/install/tb3_robot_bringup
[0.081s] -- The C compiler identification is GNU 11.4.0
[0.154s] -- The CXX compiler identification is GNU 11.4.0
[0.163s] -- Detecting C compiler ABI info
[0.249s] -- Detecting C compiler ABI info - done
[0.258s] -- Check for working C compiler: /usr/bin/cc - skipped
[0.259s] -- Detecting C compile features
[0.260s] -- Detecting C compile features - done
[0.263s] -- Detecting CXX compiler ABI info
[0.361s] -- Detecting CXX compiler ABI info - done
[0.370s] -- Check for working CXX compiler: /usr/bin/c++ - skipped
[0.371s] -- Detecting CXX compile features
[0.372s] -- Detecting CXX compile features - done
[0.376s] -- Found ament_cmake: 1.3.10 (/opt/ros/humble/share/ament_cmake/cmake)
[0.558s] -- Found Python3: /usr/bin/python3 (found version "3.10.12") found components: Interpreter 
[0.754s] -- Configuring done
[0.758s] -- Generating done
[0.759s] -- Build files have been written to: /home/badri/ros2_ws/build/tb3_robot_bringup
[0.764s] Invoked command in '/home/badri/ros2_ws/build/tb3_robot_bringup' returned '0': CMAKE_PREFIX_PATH=/opt/ros/humble /usr/bin/cmake /home/badri/ros2_ws/src/tb3_robot_bringup -DCMAKE_INSTALL_PREFIX=/home/badri/ros2_ws/install/tb3_robot_bringup
[0.767s] Invoking command in '/home/badri/ros2_ws/build/tb3_robot_bringup': CMAKE_PREFIX_PATH=/opt/ros/humble /usr/bin/cmake --build /home/badri/ros2_ws/build/tb3_robot_bringup -- -j8 -l8
[0.811s] Invoked command in '/home/badri/ros2_ws/build/tb3_robot_bringup' returned '0': CMAKE_PREFIX_PATH=/opt/ros/humble /usr/bin/cmake --build /home/badri/ros2_ws/build/tb3_robot_bringup -- -j8 -l8
[0.851s] Invoking command in '/home/badri/ros2_ws/build/tb3_robot_bringup': CMAKE_PREFIX_PATH=/opt/ros/humble /usr/bin/cmake --install /home/badri/ros2_ws/build/tb3_robot_bringup
[0.860s] -- Install configuration: ""
[0.861s] -- Installing: /home/badri/ros2_ws/install/tb3_robot_bringup/share/tb3_robot_bringup/launch
[0.861s] -- Installing: /home/badri/ros2_ws/install/tb3_robot_bringup/share/tb3_robot_bringup/launch/tb3_mapping.launch.py
[0.861s] -- Installing: /home/badri/ros2_ws/install/tb3_robot_bringup/share/tb3_robot_bringup/launch/provide_map.launch.py
[0.862s] -- Installing: /home/badri/ros2_ws/install/tb3_robot_bringup/share/tb3_robot_bringup/launch/tb3_run.launch.py
[0.862s] -- Installing: /home/badri/ros2_ws/install/tb3_robot_bringup/share/ament_index/resource_index/package_run_dependencies/tb3_robot_bringup
[0.862s] -- Installing: /home/badri/ros2_ws/install/tb3_robot_bringup/share/ament_index/resource_index/parent_prefix_path/tb3_robot_bringup
[0.862s] -- Installing: /home/badri/ros2_ws/install/tb3_robot_bringup/share/tb3_robot_bringup/environment/ament_prefix_path.sh
[0.863s] -- Installing: /home/badri/ros2_ws/install/tb3_robot_bringup/share/tb3_robot_bringup/environment/ament_prefix_path.dsv
[0.863s] -- Installing: /home/badri/ros2_ws/install/tb3_robot_bringup/share/tb3_robot_bringup/environment/path.sh
[0.863s] -- Installing: /home/badri/ros2_ws/install/tb3_robot_bringup/share/tb3_robot_bringup/environment/path.dsv
[0.864s] -- Installing: /home/badri/ros2_ws/install/tb3_robot_bringup/share/tb3_robot_bringup/local_setup.bash
[0.864s] -- Installing: /home/badri/ros2_ws/install/tb3_robot_bringup/share/tb3_robot_bringup/local_setup.sh
[0.864s] -- Installing: /home/badri/ros2_ws/install/tb3_robot_bringup/share/tb3_robot_bringup/local_setup.zsh
[0.864s] -- Installing: /home/badri/ros2_ws/install/tb3_robot_bringup/share/tb3_robot_bringup/local_setup.dsv
[0.865s] -- Installing: /home/badri/ros2_ws/install/tb3_robot_bringup/share/tb3_robot_bringup/package.dsv
[0.865s] -- Installing: /home/badri/ros2_ws/install/tb3_robot_bringup/share/ament_index/resource_index/packages/tb3_robot_bringup
[0.866s] -- Installing: /home/badri/ros2_ws/install/tb3_robot_bringup/share/tb3_robot_bringup/cmake/tb3_robot_bringupConfig.cmake
[0.866s] -- Installing: /home/badri/ros2_ws/install/tb3_robot_bringup/share/tb3_robot_bringup/cmake/tb3_robot_bringupConfig-version.cmake
[0.866s] -- Installing: /home/badri/ros2_ws/install/tb3_robot_bringup/share/tb3_robot_bringup/package.xml
[0.870s] Invoked command in '/home/badri/ros2_ws/build/tb3_robot_bringup' returned '0': CMAKE_PREFIX_PATH=/opt/ros/humble /usr/bin/cmake --install /home/badri/ros2_ws/build/tb3_robot_bringup
